[2025-07-06T06:13:34.498+0000] {local_task_job_runner.py:123} INFO - ::group::Pre task execution logs
[2025-07-06T06:13:34.537+0000] {taskinstance.py:2614} INFO - Dependencies all met for dep_context=non-requeueable deps ti=<TaskInstance: fraud_detection_training.execute_training scheduled__2025-07-05T03:00:00+00:00 [queued]>
[2025-07-06T06:13:34.555+0000] {taskinstance.py:2614} INFO - Dependencies all met for dep_context=requeueable deps ti=<TaskInstance: fraud_detection_training.execute_training scheduled__2025-07-05T03:00:00+00:00 [queued]>
[2025-07-06T06:13:34.556+0000] {taskinstance.py:2867} INFO - Starting attempt 1 of 1
[2025-07-06T06:13:34.606+0000] {taskinstance.py:2890} INFO - Executing <Task(PythonOperator): execute_training> on 2025-07-05 03:00:00+00:00
[2025-07-06T06:13:34.640+0000] {warnings.py:112} WARNING - /home/***/.local/lib/python3.12/site-packages/***/task/task_runner/standard_task_runner.py:70: DeprecationWarning: This process (pid=12720) is multi-threaded, use of fork() may lead to deadlocks in the child.
  pid = os.fork()

[2025-07-06T06:13:34.657+0000] {standard_task_runner.py:72} INFO - Started process 12721 to run task
[2025-07-06T06:13:34.645+0000] {standard_task_runner.py:104} INFO - Running: ['***', 'tasks', 'run', 'fraud_detection_training', 'execute_training', 'scheduled__2025-07-05T03:00:00+00:00', '--job-id', '31', '--raw', '--subdir', 'DAGS_FOLDER/fraud_detection_training_dag.py', '--cfg-path', '/tmp/tmpzimsawtm']
[2025-07-06T06:13:34.660+0000] {standard_task_runner.py:105} INFO - Job 31: Subtask execute_training
[2025-07-06T06:13:34.744+0000] {task_command.py:467} INFO - Running <TaskInstance: fraud_detection_training.execute_training scheduled__2025-07-05T03:00:00+00:00 [running]> on host 8862b69bc4b5
[2025-07-06T06:13:34.930+0000] {taskinstance.py:3134} INFO - Exporting env vars: AIRFLOW_CTX_DAG_OWNER='Jasjot Parmar' AIRFLOW_CTX_DAG_ID='fraud_detection_training' AIRFLOW_CTX_TASK_ID='execute_training' AIRFLOW_CTX_EXECUTION_DATE='2025-07-05T03:00:00+00:00' AIRFLOW_CTX_TRY_NUMBER='1' AIRFLOW_CTX_DAG_RUN_ID='scheduled__2025-07-05T03:00:00+00:00'
[2025-07-06T06:13:34.931+0000] {taskinstance.py:732} INFO - ::endgroup::
[2025-07-06T06:13:34.975+0000] {fraud_detection_training_dag.py:23} INFO - Initializing fraud detection training...
[2025-07-06T06:13:49.293+0000] {fraud_detection_training_dag.py:26} INFO - Imported FraudDetectionTraining successfully.
[2025-07-06T06:13:49.366+0000] {fraud_detection_training.py:75} INFO - Configuration loaded successfully
[2025-07-06T06:13:50.966+0000] {fraud_detection_training.py:106} INFO - Minio connection verified. Buckets: ['mlflow']
[2025-07-06T06:13:52.078+0000] {fraud_detection_training_dag.py:29} INFO - Trainer initialized successfully.
[2025-07-06T06:13:52.079+0000] {fraud_detection_training.py:434} INFO - Starting model training process...
[2025-07-06T06:13:52.079+0000] {fraud_detection_training.py:122} INFO - Connecting to Kafka Topic: transactions
[2025-07-06T06:13:52.211+0000] {conn.py:396} INFO - <BrokerConnection client_id=kafka-python-2.2.15, node_id=bootstrap-0 host=pkc-ld537.ca-central-1.aws.confluent.cloud:9092 <connecting> [IPv4 ('15.157.158.196', 9092)]>: connecting to pkc-ld537.ca-central-1.aws.confluent.cloud:9092 [('15.157.158.196', 9092) IPv4]
[2025-07-06T06:13:52.293+0000] {conn.py:497} INFO - <BrokerConnection client_id=kafka-python-2.2.15, node_id=bootstrap-0 host=pkc-ld537.ca-central-1.aws.confluent.cloud:9092 <handshake> [IPv4 ('15.157.158.196', 9092)]>: Loading system default SSL CAs from ('/usr/lib/ssl/cert.pem', '/usr/lib/ssl/certs', 'SSL_CERT_FILE', '/usr/lib/ssl/cert.pem', 'SSL_CERT_DIR', '/usr/lib/ssl/certs')
[2025-07-06T06:13:52.614+0000] {conn.py:618} INFO - <BrokerConnection client_id=kafka-python-2.2.15, node_id=bootstrap-0 host=pkc-ld537.ca-central-1.aws.confluent.cloud:9092 <checking_api_versions_recv> [IPv4 ('15.157.158.196', 9092)]>: Broker version identified as 2.6
[2025-07-06T06:13:52.858+0000] {conn.py:822} INFO - <BrokerConnection client_id=kafka-python-2.2.15, node_id=bootstrap-0 host=pkc-ld537.ca-central-1.aws.confluent.cloud:9092 <authenticating> [IPv4 ('15.157.158.196', 9092)]>: Authenticated as VAWD3ORVNJTGIOBA via SASL / Plain
[2025-07-06T06:13:52.859+0000] {conn.py:467} INFO - <BrokerConnection client_id=kafka-python-2.2.15, node_id=bootstrap-0 host=pkc-ld537.ca-central-1.aws.confluent.cloud:9092 <connected> [IPv4 ('15.157.158.196', 9092)]>: Connection complete.
[2025-07-06T06:13:52.862+0000] {consumer.py:120} WARNING - group_id is None: disabling auto-commit.
[2025-07-06T06:13:52.863+0000] {subscription_state.py:181} INFO - Updating subscribed topics to: ('transactions',)
[2025-07-06T06:13:52.938+0000] {subscription_state.py:254} INFO - Updated partition assignment: [('transactions', 0), ('transactions', 1), ('transactions', 2), ('transactions', 3), ('transactions', 4), ('transactions', 5)]
[2025-07-06T06:13:52.995+0000] {conn.py:396} INFO - <BrokerConnection client_id=kafka-python-2.2.15, node_id=1 host=b1-pkc-ld537.ca-central-1.aws.confluent.cloud:9092 <connecting> [IPv4 ('35.182.170.137', 9092)]>: connecting to b1-pkc-ld537.ca-central-1.aws.confluent.cloud:9092 [('35.182.170.137', 9092) IPv4]
[2025-07-06T06:13:53.038+0000] {conn.py:396} INFO - <BrokerConnection client_id=kafka-python-2.2.15, node_id=2 host=b2-pkc-ld537.ca-central-1.aws.confluent.cloud:9092 <connecting> [IPv4 ('15.157.158.196', 9092)]>: connecting to b2-pkc-ld537.ca-central-1.aws.confluent.cloud:9092 [('15.157.158.196', 9092) IPv4]
[2025-07-06T06:13:53.082+0000] {conn.py:396} INFO - <BrokerConnection client_id=kafka-python-2.2.15, node_id=3 host=b3-pkc-ld537.ca-central-1.aws.confluent.cloud:9092 <connecting> [IPv4 ('15.223.160.19', 9092)]>: connecting to b3-pkc-ld537.ca-central-1.aws.confluent.cloud:9092 [('15.223.160.19', 9092) IPv4]
[2025-07-06T06:13:53.123+0000] {conn.py:396} INFO - <BrokerConnection client_id=kafka-python-2.2.15, node_id=5 host=b5-pkc-ld537.ca-central-1.aws.confluent.cloud:9092 <connecting> [IPv4 ('15.157.158.196', 9092)]>: connecting to b5-pkc-ld537.ca-central-1.aws.confluent.cloud:9092 [('15.157.158.196', 9092) IPv4]
[2025-07-06T06:13:53.161+0000] {conn.py:396} INFO - <BrokerConnection client_id=kafka-python-2.2.15, node_id=6 host=b6-pkc-ld537.ca-central-1.aws.confluent.cloud:9092 <connecting> [IPv4 ('15.223.160.19', 9092)]>: connecting to b6-pkc-ld537.ca-central-1.aws.confluent.cloud:9092 [('15.223.160.19', 9092) IPv4]
[2025-07-06T06:13:53.197+0000] {conn.py:396} INFO - <BrokerConnection client_id=kafka-python-2.2.15, node_id=7 host=b7-pkc-ld537.ca-central-1.aws.confluent.cloud:9092 <connecting> [IPv4 ('35.182.170.137', 9092)]>: connecting to b7-pkc-ld537.ca-central-1.aws.confluent.cloud:9092 [('35.182.170.137', 9092) IPv4]
[2025-07-06T06:13:53.199+0000] {conn.py:497} INFO - <BrokerConnection client_id=kafka-python-2.2.15, node_id=1 host=b1-pkc-ld537.ca-central-1.aws.confluent.cloud:9092 <handshake> [IPv4 ('35.182.170.137', 9092)]>: Loading system default SSL CAs from ('/usr/lib/ssl/cert.pem', '/usr/lib/ssl/certs', 'SSL_CERT_FILE', '/usr/lib/ssl/cert.pem', 'SSL_CERT_DIR', '/usr/lib/ssl/certs')
[2025-07-06T06:13:53.236+0000] {conn.py:497} INFO - <BrokerConnection client_id=kafka-python-2.2.15, node_id=2 host=b2-pkc-ld537.ca-central-1.aws.confluent.cloud:9092 <handshake> [IPv4 ('15.157.158.196', 9092)]>: Loading system default SSL CAs from ('/usr/lib/ssl/cert.pem', '/usr/lib/ssl/certs', 'SSL_CERT_FILE', '/usr/lib/ssl/cert.pem', 'SSL_CERT_DIR', '/usr/lib/ssl/certs')
[2025-07-06T06:13:53.271+0000] {conn.py:497} INFO - <BrokerConnection client_id=kafka-python-2.2.15, node_id=3 host=b3-pkc-ld537.ca-central-1.aws.confluent.cloud:9092 <handshake> [IPv4 ('15.223.160.19', 9092)]>: Loading system default SSL CAs from ('/usr/lib/ssl/cert.pem', '/usr/lib/ssl/certs', 'SSL_CERT_FILE', '/usr/lib/ssl/cert.pem', 'SSL_CERT_DIR', '/usr/lib/ssl/certs')
[2025-07-06T06:13:53.309+0000] {conn.py:497} INFO - <BrokerConnection client_id=kafka-python-2.2.15, node_id=5 host=b5-pkc-ld537.ca-central-1.aws.confluent.cloud:9092 <handshake> [IPv4 ('15.157.158.196', 9092)]>: Loading system default SSL CAs from ('/usr/lib/ssl/cert.pem', '/usr/lib/ssl/certs', 'SSL_CERT_FILE', '/usr/lib/ssl/cert.pem', 'SSL_CERT_DIR', '/usr/lib/ssl/certs')
[2025-07-06T06:13:53.355+0000] {conn.py:497} INFO - <BrokerConnection client_id=kafka-python-2.2.15, node_id=6 host=b6-pkc-ld537.ca-central-1.aws.confluent.cloud:9092 <handshake> [IPv4 ('15.223.160.19', 9092)]>: Loading system default SSL CAs from ('/usr/lib/ssl/cert.pem', '/usr/lib/ssl/certs', 'SSL_CERT_FILE', '/usr/lib/ssl/cert.pem', 'SSL_CERT_DIR', '/usr/lib/ssl/certs')
[2025-07-06T06:13:53.394+0000] {conn.py:497} INFO - <BrokerConnection client_id=kafka-python-2.2.15, node_id=7 host=b7-pkc-ld537.ca-central-1.aws.confluent.cloud:9092 <handshake> [IPv4 ('35.182.170.137', 9092)]>: Loading system default SSL CAs from ('/usr/lib/ssl/cert.pem', '/usr/lib/ssl/certs', 'SSL_CERT_FILE', '/usr/lib/ssl/cert.pem', 'SSL_CERT_DIR', '/usr/lib/ssl/certs')
[2025-07-06T06:13:53.670+0000] {conn.py:822} INFO - <BrokerConnection client_id=kafka-python-2.2.15, node_id=1 host=b1-pkc-ld537.ca-central-1.aws.confluent.cloud:9092 <authenticating> [IPv4 ('35.182.170.137', 9092)]>: Authenticated as VAWD3ORVNJTGIOBA via SASL / Plain
[2025-07-06T06:13:53.671+0000] {conn.py:467} INFO - <BrokerConnection client_id=kafka-python-2.2.15, node_id=1 host=b1-pkc-ld537.ca-central-1.aws.confluent.cloud:9092 <connected> [IPv4 ('35.182.170.137', 9092)]>: Connection complete.
[2025-07-06T06:13:53.672+0000] {conn.py:945} INFO - <BrokerConnection client_id=kafka-python-2.2.15, node_id=bootstrap-0 host=pkc-ld537.ca-central-1.aws.confluent.cloud:9092 <connected> [IPv4 ('15.157.158.196', 9092)]>: Closing connection. 
[2025-07-06T06:13:53.754+0000] {conn.py:822} INFO - <BrokerConnection client_id=kafka-python-2.2.15, node_id=2 host=b2-pkc-ld537.ca-central-1.aws.confluent.cloud:9092 <authenticating> [IPv4 ('15.157.158.196', 9092)]>: Authenticated as VAWD3ORVNJTGIOBA via SASL / Plain
[2025-07-06T06:13:53.756+0000] {conn.py:467} INFO - <BrokerConnection client_id=kafka-python-2.2.15, node_id=2 host=b2-pkc-ld537.ca-central-1.aws.confluent.cloud:9092 <connected> [IPv4 ('15.157.158.196', 9092)]>: Connection complete.
[2025-07-06T06:13:53.937+0000] {conn.py:822} INFO - <BrokerConnection client_id=kafka-python-2.2.15, node_id=3 host=b3-pkc-ld537.ca-central-1.aws.confluent.cloud:9092 <authenticating> [IPv4 ('15.223.160.19', 9092)]>: Authenticated as VAWD3ORVNJTGIOBA via SASL / Plain
[2025-07-06T06:13:53.939+0000] {conn.py:467} INFO - <BrokerConnection client_id=kafka-python-2.2.15, node_id=3 host=b3-pkc-ld537.ca-central-1.aws.confluent.cloud:9092 <connected> [IPv4 ('15.223.160.19', 9092)]>: Connection complete.
[2025-07-06T06:13:54.112+0000] {conn.py:822} INFO - <BrokerConnection client_id=kafka-python-2.2.15, node_id=5 host=b5-pkc-ld537.ca-central-1.aws.confluent.cloud:9092 <authenticating> [IPv4 ('15.157.158.196', 9092)]>: Authenticated as VAWD3ORVNJTGIOBA via SASL / Plain
[2025-07-06T06:13:54.113+0000] {conn.py:467} INFO - <BrokerConnection client_id=kafka-python-2.2.15, node_id=5 host=b5-pkc-ld537.ca-central-1.aws.confluent.cloud:9092 <connected> [IPv4 ('15.157.158.196', 9092)]>: Connection complete.
[2025-07-06T06:13:54.285+0000] {conn.py:822} INFO - <BrokerConnection client_id=kafka-python-2.2.15, node_id=6 host=b6-pkc-ld537.ca-central-1.aws.confluent.cloud:9092 <authenticating> [IPv4 ('15.223.160.19', 9092)]>: Authenticated as VAWD3ORVNJTGIOBA via SASL / Plain
[2025-07-06T06:13:54.286+0000] {conn.py:467} INFO - <BrokerConnection client_id=kafka-python-2.2.15, node_id=6 host=b6-pkc-ld537.ca-central-1.aws.confluent.cloud:9092 <connected> [IPv4 ('15.223.160.19', 9092)]>: Connection complete.
[2025-07-06T06:13:54.287+0000] {fetcher.py:418} INFO - Resetting offset for partition ('transactions', 1) to offset 37515.
[2025-07-06T06:13:54.468+0000] {conn.py:822} INFO - <BrokerConnection client_id=kafka-python-2.2.15, node_id=7 host=b7-pkc-ld537.ca-central-1.aws.confluent.cloud:9092 <authenticating> [IPv4 ('35.182.170.137', 9092)]>: Authenticated as VAWD3ORVNJTGIOBA via SASL / Plain
[2025-07-06T06:13:54.470+0000] {conn.py:467} INFO - <BrokerConnection client_id=kafka-python-2.2.15, node_id=7 host=b7-pkc-ld537.ca-central-1.aws.confluent.cloud:9092 <connected> [IPv4 ('35.182.170.137', 9092)]>: Connection complete.
[2025-07-06T06:13:54.472+0000] {fetcher.py:418} INFO - Resetting offset for partition ('transactions', 5) to offset 37400.
[2025-07-06T06:13:54.477+0000] {fetcher.py:418} INFO - Resetting offset for partition ('transactions', 3) to offset 37244.
[2025-07-06T06:13:54.479+0000] {fetcher.py:418} INFO - Resetting offset for partition ('transactions', 2) to offset 37774.
[2025-07-06T06:13:54.482+0000] {fetcher.py:418} INFO - Resetting offset for partition ('transactions', 0) to offset 37509.
[2025-07-06T06:13:54.570+0000] {fetcher.py:418} INFO - Resetting offset for partition ('transactions', 4) to offset 37225.
[2025-07-06T06:23:53.144+0000] {conn.py:396} INFO - <BrokerConnection client_id=kafka-python-2.2.15, node_id=4 host=b4-pkc-ld537.ca-central-1.aws.confluent.cloud:9092 <connecting> [IPv4 ('35.182.170.137', 9092)]>: connecting to b4-pkc-ld537.ca-central-1.aws.confluent.cloud:9092 [('35.182.170.137', 9092) IPv4]
[2025-07-06T06:23:53.318+0000] {conn.py:497} INFO - <BrokerConnection client_id=kafka-python-2.2.15, node_id=4 host=b4-pkc-ld537.ca-central-1.aws.confluent.cloud:9092 <handshake> [IPv4 ('35.182.170.137', 9092)]>: Loading system default SSL CAs from ('/usr/lib/ssl/cert.pem', '/usr/lib/ssl/certs', 'SSL_CERT_FILE', '/usr/lib/ssl/cert.pem', 'SSL_CERT_DIR', '/usr/lib/ssl/certs')
[2025-07-06T06:23:53.846+0000] {conn.py:822} INFO - <BrokerConnection client_id=kafka-python-2.2.15, node_id=4 host=b4-pkc-ld537.ca-central-1.aws.confluent.cloud:9092 <authenticating> [IPv4 ('35.182.170.137', 9092)]>: Authenticated as VAWD3ORVNJTGIOBA via SASL / Plain
[2025-07-06T06:23:53.848+0000] {conn.py:467} INFO - <BrokerConnection client_id=kafka-python-2.2.15, node_id=4 host=b4-pkc-ld537.ca-central-1.aws.confluent.cloud:9092 <connected> [IPv4 ('35.182.170.137', 9092)]>: Connection complete.
[2025-07-06T06:24:05.498+0000] {conn.py:945} INFO - <BrokerConnection client_id=kafka-python-2.2.15, node_id=1 host=b1-pkc-ld537.ca-central-1.aws.confluent.cloud:9092 <connected> [IPv4 ('35.182.170.137', 9092)]>: Closing connection. 
[2025-07-06T06:24:05.526+0000] {fetcher.py:786} INFO - Fetch to node 1 failed: Cancelled: <BrokerConnection client_id=kafka-python-2.2.15, node_id=1 host=b1-pkc-ld537.ca-central-1.aws.confluent.cloud:9092 <connected> [IPv4 ('35.182.170.137', 9092)]>
[2025-07-06T06:24:05.529+0000] {conn.py:945} INFO - <BrokerConnection client_id=kafka-python-2.2.15, node_id=2 host=b2-pkc-ld537.ca-central-1.aws.confluent.cloud:9092 <connected> [IPv4 ('15.157.158.196', 9092)]>: Closing connection. 
[2025-07-06T06:24:05.538+0000] {fetcher.py:786} INFO - Fetch to node 2 failed: Cancelled: <BrokerConnection client_id=kafka-python-2.2.15, node_id=2 host=b2-pkc-ld537.ca-central-1.aws.confluent.cloud:9092 <connected> [IPv4 ('15.157.158.196', 9092)]>
[2025-07-06T06:24:05.541+0000] {conn.py:945} INFO - <BrokerConnection client_id=kafka-python-2.2.15, node_id=3 host=b3-pkc-ld537.ca-central-1.aws.confluent.cloud:9092 <connected> [IPv4 ('15.223.160.19', 9092)]>: Closing connection. 
[2025-07-06T06:24:05.549+0000] {fetcher.py:786} INFO - Fetch to node 3 failed: Cancelled: <BrokerConnection client_id=kafka-python-2.2.15, node_id=3 host=b3-pkc-ld537.ca-central-1.aws.confluent.cloud:9092 <connected> [IPv4 ('15.223.160.19', 9092)]>
[2025-07-06T06:24:05.550+0000] {conn.py:945} INFO - <BrokerConnection client_id=kafka-python-2.2.15, node_id=5 host=b5-pkc-ld537.ca-central-1.aws.confluent.cloud:9092 <connected> [IPv4 ('15.157.158.196', 9092)]>: Closing connection. 
[2025-07-06T06:24:05.558+0000] {fetcher.py:786} INFO - Fetch to node 5 failed: Cancelled: <BrokerConnection client_id=kafka-python-2.2.15, node_id=5 host=b5-pkc-ld537.ca-central-1.aws.confluent.cloud:9092 <connected> [IPv4 ('15.157.158.196', 9092)]>
[2025-07-06T06:24:05.560+0000] {conn.py:945} INFO - <BrokerConnection client_id=kafka-python-2.2.15, node_id=6 host=b6-pkc-ld537.ca-central-1.aws.confluent.cloud:9092 <connected> [IPv4 ('15.223.160.19', 9092)]>: Closing connection. 
[2025-07-06T06:24:05.564+0000] {fetcher.py:786} INFO - Fetch to node 6 failed: Cancelled: <BrokerConnection client_id=kafka-python-2.2.15, node_id=6 host=b6-pkc-ld537.ca-central-1.aws.confluent.cloud:9092 <connected> [IPv4 ('15.223.160.19', 9092)]>
[2025-07-06T06:24:05.566+0000] {conn.py:945} INFO - <BrokerConnection client_id=kafka-python-2.2.15, node_id=7 host=b7-pkc-ld537.ca-central-1.aws.confluent.cloud:9092 <connected> [IPv4 ('35.182.170.137', 9092)]>: Closing connection. 
[2025-07-06T06:24:05.574+0000] {fetcher.py:786} INFO - Fetch to node 7 failed: Cancelled: <BrokerConnection client_id=kafka-python-2.2.15, node_id=7 host=b7-pkc-ld537.ca-central-1.aws.confluent.cloud:9092 <connected> [IPv4 ('35.182.170.137', 9092)]>
[2025-07-06T06:24:05.577+0000] {conn.py:945} INFO - <BrokerConnection client_id=kafka-python-2.2.15, node_id=4 host=b4-pkc-ld537.ca-central-1.aws.confluent.cloud:9092 <connected> [IPv4 ('35.182.170.137', 9092)]>: Closing connection. 
[2025-07-06T06:24:07.818+0000] {fraud_detection_training.py:155} INFO - Kafka data read successfully with fraud rate: 0.42
[2025-07-06T06:25:13.862+0000] {logging_mixin.py:190} INFO - 0 rows have NaNs
[2025-07-06T06:25:13.887+0000] {logging_mixin.py:190} INFO - Empty DataFrame
Columns: [amount, is_night, is_weekend, transaction_day, user_activity_24h, amount_to_avg_ratio, merchant_risk, merchant, transaction_hour, transaction_hour_sin, transaction_hour_cos, transaction_dayOfWeek, user_transactions_per_minute, is_high_velocity, days_since_last_transaction, is_unusual_hour_for_user, time_diff, user_avg_transaction_interval, zscore_amount_per_user, burst_small_txn_count_last_min, txn_count_last_5min, user_transaction_amount_std, amount_7d_avg, amount_to_avg_ratio_7d, amount_vs_median, user_total_spend_todate, amount_spent_last24h, user_spending_ratio_last24h, prev_amount, amount_change_ratio, user_merchant_transaction_count, num_distinct_merchants_24h, merchant_avg_fraud_rate, is_location_anomalous, is_location_mismatch]
Index: []
[2025-07-06T06:25:13.901+0000] {fraud_detection_training.py:454} INFO - Columns with NaNs: []
[2025-07-06T06:25:15.741+0000] {logging_mixin.py:190} WARNING - [I 2025-07-06 06:25:15,740] A new study created in memory with name: no-name-21e534ee-31e2-4cec-ad3f-e7744c9fdbb3
[2025-07-06T06:25:15.742+0000] {fraud_detection_training.py:596} INFO - Starting Optuna hyperparameter optimization...
[2025-07-06T06:25:15.747+0000] {logging_mixin.py:190} WARNING -   0%|          | 0/20 [00:00<?, ?it/s]
[2025-07-06T06:25:15.789+0000] {warnings.py:112} WARNING - /home/***/.local/lib/python3.12/site-packages/joblib/parallel.py:1379: UserWarning: Loky-backed parallel loops cannot be called in a multiprocessing, setting n_jobs=1
  n_jobs = self._backend.configure(

[2025-07-06T06:25:26.210+0000] {logging_mixin.py:190} WARNING -                                       
[2025-07-06T06:25:26.210+0000] {logging_mixin.py:190} WARNING - 
[2025-07-06T06:25:26.211+0000] {logging_mixin.py:190} INFO - [I 2025-07-06 06:25:26,209] Trial 0 finished with value: 0.40074787709470394 and parameters: {'use_amount': False, 'use_is_night': True, 'use_is_weekend': False, 'use_transaction_day': True, 'use_amount_spent_last24h': False, 'use_prev_amount': True, 'use_user_activity_24h': False, 'use_user_transactions_per_minute': True, 'use_is_high_velocity': False, 'use_txn_count_last_5min': True, 'use_amount_to_avg_ratio': False, 'use_amount_to_avg_ratio_7d': True, 'use_amount_vs_median': False, 'use_amount_change_ratio': False, 'use_user_spending_ratio_last24h': False, 'use_transaction_hour': False, 'use_transaction_hour_sin': False, 'use_transaction_hour_cos': True, 'use_transaction_dayOfWeek': True, 'use_days_since_last_transaction': False, 'use_is_unusual_hour_for_user': False, 'use_time_diff': False, 'use_user_avg_transaction_interval': False, 'use_zscore_amount_per_user': False, 'use_burst_small_txn_count_last_min': False, 'use_user_transaction_amount_std': False, 'use_amount_7d_avg': False, 'use_user_total_spend_todate': False, 'use_merchant_risk': True, 'use_merchant': False, 'use_merchant_avg_fraud_rate': True, 'use_user_merchant_transaction_count': True, 'use_num_distinct_merchants_24h': False, 'use_is_location_anomalous': True, 'use_is_location_mismatch': False, 'max_depth': 7, 'learning_rate': 0.015549836995680837, 'subsample': 0.7095816425974208, 'colsample_bytree': 0.7775849250288984, 'gamma': 0.15876630497838798, 'reg_alpha': 0.16716691461941297}. Best is trial 0 with value: 0.40074787709470394.
[2025-07-06T06:25:26.211+0000] {logging_mixin.py:190} WARNING -   0%|          | 0/20 [00:10<?, ?it/s]
[2025-07-06T06:25:26.216+0000] {logging_mixin.py:190} WARNING - Best trial: 0. Best value: 0.400748:   0%|          | 0/20 [00:10<?, ?it/s]
[2025-07-06T06:25:26.217+0000] {logging_mixin.py:190} WARNING - Best trial: 0. Best value: 0.400748:   5%|5         | 1/20 [00:10<03:18, 10.47s/it]
[2025-07-06T06:25:26.231+0000] {warnings.py:112} WARNING - /home/***/.local/lib/python3.12/site-packages/joblib/parallel.py:1379: UserWarning: Loky-backed parallel loops cannot be called in a multiprocessing, setting n_jobs=1
  n_jobs = self._backend.configure(

[2025-07-06T06:25:32.944+0000] {logging_mixin.py:190} WARNING -                                                                                    
[2025-07-06T06:25:32.945+0000] {logging_mixin.py:190} WARNING - 
