[2025-07-06T06:26:43.413+0000] {logging_mixin.py:190} INFO - [I 2025-07-06 06:26:43,412] Trial 9 finished with value: 0.44096744185102565 and parameters: {'use_amount': True, 'use_is_night': True, 'use_is_weekend': False, 'use_transaction_day': False, 'use_amount_spent_last24h': False, 'use_prev_amount': True, 'use_user_activity_24h': True, 'use_user_transactions_per_minute': True, 'use_is_high_velocity': False, 'use_txn_count_last_5min': False, 'use_amount_to_avg_ratio': False, 'use_amount_to_avg_ratio_7d': False, 'use_amount_vs_median': False, 'use_amount_change_ratio': True, 'use_user_spending_ratio_last24h': True, 'use_transaction_hour': False, 'use_transaction_hour_sin': False, 'use_transaction_hour_cos': True, 'use_transaction_dayOfWeek': True, 'use_days_since_last_transaction': True, 'use_is_unusual_hour_for_user': True, 'use_time_diff': True, 'use_user_avg_transaction_interval': False, 'use_zscore_amount_per_user': True, 'use_burst_small_txn_count_last_min': False, 'use_user_transaction_amount_std': True, 'use_amount_7d_avg': True, 'use_user_total_spend_todate': False, 'use_merchant_risk': False, 'use_merchant': False, 'use_merchant_avg_fraud_rate': True, 'use_user_merchant_transaction_count': False, 'use_num_distinct_merchants_24h': False, 'use_is_location_anomalous': True, 'use_is_location_mismatch': True, 'max_depth': 5, 'learning_rate': 0.05002154195395384, 'subsample': 0.7710317371421046, 'colsample_bytree': 0.8414821187655671, 'gamma': 0.28673110469935026, 'reg_alpha': 0.3917812078139394}. Best is trial 8 with value: 0.4584060118411264.
[2025-07-06T06:26:43.414+0000] {logging_mixin.py:190} WARNING - Best trial: 8. Best value: 0.458406:  45%|####5     | 9/20 [01:27<01:53, 10.31s/it]
[2025-07-06T06:26:43.419+0000] {logging_mixin.py:190} WARNING - Best trial: 8. Best value: 0.458406:  45%|####5     | 9/20 [01:27<01:53, 10.31s/it]
[2025-07-06T06:26:43.419+0000] {logging_mixin.py:190} WARNING - Best trial: 8. Best value: 0.458406:  50%|#####     | 10/20 [01:27<01:30,  9.05s/it]
[2025-07-06T06:26:43.504+0000] {warnings.py:112} WARNING - /home/***/.local/lib/python3.12/site-packages/joblib/parallel.py:1379: UserWarning: Loky-backed parallel loops cannot be called in a multiprocessing, setting n_jobs=1
  n_jobs = self._backend.configure(

[2025-07-06T06:26:50.942+0000] {logging_mixin.py:190} WARNING -                                                                                     
[2025-07-06T06:26:50.943+0000] {logging_mixin.py:190} WARNING - 
[2025-07-06T06:26:50.943+0000] {logging_mixin.py:190} INFO - [I 2025-07-06 06:26:50,941] Trial 10 finished with value: 0.4561473182650843 and parameters: {'use_amount': True, 'use_is_night': False, 'use_is_weekend': True, 'use_transaction_day': False, 'use_amount_spent_last24h': False, 'use_prev_amount': False, 'use_user_activity_24h': False, 'use_user_transactions_per_minute': False, 'use_is_high_velocity': True, 'use_txn_count_last_5min': True, 'use_amount_to_avg_ratio': True, 'use_amount_to_avg_ratio_7d': False, 'use_amount_vs_median': True, 'use_amount_change_ratio': False, 'use_user_spending_ratio_last24h': True, 'use_transaction_hour': False, 'use_transaction_hour_sin': True, 'use_transaction_hour_cos': True, 'use_transaction_dayOfWeek': False, 'use_days_since_last_transaction': False, 'use_is_unusual_hour_for_user': True, 'use_time_diff': False, 'use_user_avg_transaction_interval': True, 'use_zscore_amount_per_user': True, 'use_burst_small_txn_count_last_min': False, 'use_user_transaction_amount_std': True, 'use_amount_7d_avg': False, 'use_user_total_spend_todate': True, 'use_merchant_risk': False, 'use_merchant': True, 'use_merchant_avg_fraud_rate': True, 'use_user_merchant_transaction_count': False, 'use_num_distinct_merchants_24h': True, 'use_is_location_anomalous': False, 'use_is_location_mismatch': True, 'max_depth': 7, 'learning_rate': 0.02724587852979818, 'subsample': 0.6133876994029455, 'colsample_bytree': 0.9957855235506395, 'gamma': 0.09104343173886024, 'reg_alpha': 0.009981238754876054}. Best is trial 8 with value: 0.4584060118411264.
[2025-07-06T06:26:50.944+0000] {logging_mixin.py:190} WARNING - Best trial: 8. Best value: 0.458406:  50%|#####     | 10/20 [01:35<01:30,  9.05s/it]
[2025-07-06T06:26:50.949+0000] {logging_mixin.py:190} WARNING - Best trial: 8. Best value: 0.458406:  50%|#####     | 10/20 [01:35<01:30,  9.05s/it]
[2025-07-06T06:26:50.950+0000] {logging_mixin.py:190} WARNING - Best trial: 8. Best value: 0.458406:  55%|#####5    | 11/20 [01:35<01:17,  8.58s/it]
[2025-07-06T06:26:51.021+0000] {warnings.py:112} WARNING - /home/***/.local/lib/python3.12/site-packages/joblib/parallel.py:1379: UserWarning: Loky-backed parallel loops cannot be called in a multiprocessing, setting n_jobs=1
  n_jobs = self._backend.configure(

[2025-07-06T06:26:57.519+0000] {logging_mixin.py:190} WARNING -                                                                                     
[2025-07-06T06:26:57.520+0000] {logging_mixin.py:190} WARNING - 
[2025-07-06T06:26:57.520+0000] {logging_mixin.py:190} INFO - [I 2025-07-06 06:26:57,519] Trial 11 finished with value: 0.4576369335187445 and parameters: {'use_amount': True, 'use_is_night': False, 'use_is_weekend': True, 'use_transaction_day': False, 'use_amount_spent_last24h': False, 'use_prev_amount': False, 'use_user_activity_24h': False, 'use_user_transactions_per_minute': False, 'use_is_high_velocity': True, 'use_txn_count_last_5min': True, 'use_amount_to_avg_ratio': True, 'use_amount_to_avg_ratio_7d': False, 'use_amount_vs_median': True, 'use_amount_change_ratio': False, 'use_user_spending_ratio_last24h': True, 'use_transaction_hour': False, 'use_transaction_hour_sin': True, 'use_transaction_hour_cos': True, 'use_transaction_dayOfWeek': False, 'use_days_since_last_transaction': False, 'use_is_unusual_hour_for_user': True, 'use_time_diff': False, 'use_user_avg_transaction_interval': True, 'use_zscore_amount_per_user': True, 'use_burst_small_txn_count_last_min': False, 'use_user_transaction_amount_std': True, 'use_amount_7d_avg': False, 'use_user_total_spend_todate': True, 'use_merchant_risk': False, 'use_merchant': True, 'use_merchant_avg_fraud_rate': True, 'use_user_merchant_transaction_count': False, 'use_num_distinct_merchants_24h': True, 'use_is_location_anomalous': False, 'use_is_location_mismatch': True, 'max_depth': 7, 'learning_rate': 0.02837962231379207, 'subsample': 0.611288101025659, 'colsample_bytree': 0.9998615710596283, 'gamma': 0.10589910337382483, 'reg_alpha': 0.04450057763190901}. Best is trial 8 with value: 0.4584060118411264.
[2025-07-06T06:26:57.521+0000] {logging_mixin.py:190} WARNING - Best trial: 8. Best value: 0.458406:  55%|#####5    | 11/20 [01:41<01:17,  8.58s/it]
[2025-07-06T06:26:57.526+0000] {logging_mixin.py:190} WARNING - Best trial: 8. Best value: 0.458406:  55%|#####5    | 11/20 [01:41<01:17,  8.58s/it]
[2025-07-06T06:26:57.527+0000] {logging_mixin.py:190} WARNING - Best trial: 8. Best value: 0.458406:  60%|######    | 12/20 [01:41<01:03,  7.97s/it]
[2025-07-06T06:26:57.603+0000] {warnings.py:112} WARNING - /home/***/.local/lib/python3.12/site-packages/joblib/parallel.py:1379: UserWarning: Loky-backed parallel loops cannot be called in a multiprocessing, setting n_jobs=1
  n_jobs = self._backend.configure(

[2025-07-06T06:27:13.406+0000] {logging_mixin.py:190} WARNING -                                                                                     
[2025-07-06T06:27:13.407+0000] {logging_mixin.py:190} WARNING - 
[2025-07-06T06:27:13.407+0000] {logging_mixin.py:190} INFO - [I 2025-07-06 06:27:13,405] Trial 12 finished with value: 0.45650295261414375 and parameters: {'use_amount': True, 'use_is_night': False, 'use_is_weekend': True, 'use_transaction_day': False, 'use_amount_spent_last24h': False, 'use_prev_amount': False, 'use_user_activity_24h': False, 'use_user_transactions_per_minute': False, 'use_is_high_velocity': True, 'use_txn_count_last_5min': True, 'use_amount_to_avg_ratio': True, 'use_amount_to_avg_ratio_7d': False, 'use_amount_vs_median': True, 'use_amount_change_ratio': False, 'use_user_spending_ratio_last24h': True, 'use_transaction_hour': False, 'use_transaction_hour_sin': True, 'use_transaction_hour_cos': True, 'use_transaction_dayOfWeek': False, 'use_days_since_last_transaction': False, 'use_is_unusual_hour_for_user': True, 'use_time_diff': False, 'use_user_avg_transaction_interval': True, 'use_zscore_amount_per_user': True, 'use_burst_small_txn_count_last_min': False, 'use_user_transaction_amount_std': True, 'use_amount_7d_avg': False, 'use_user_total_spend_todate': True, 'use_merchant_risk': False, 'use_merchant': True, 'use_merchant_avg_fraud_rate': True, 'use_user_merchant_transaction_count': False, 'use_num_distinct_merchants_24h': True, 'use_is_location_anomalous': False, 'use_is_location_mismatch': True, 'max_depth': 6, 'learning_rate': 0.031550692917615225, 'subsample': 0.6058113216362234, 'colsample_bytree': 0.9943056179682463, 'gamma': 0.09789285286493059, 'reg_alpha': 0.008173377754380151}. Best is trial 8 with value: 0.4584060118411264.
[2025-07-06T06:27:13.408+0000] {logging_mixin.py:190} WARNING - Best trial: 8. Best value: 0.458406:  60%|######    | 12/20 [01:57<01:03,  7.97s/it]
[2025-07-06T06:27:13.413+0000] {logging_mixin.py:190} WARNING - Best trial: 8. Best value: 0.458406:  60%|######    | 12/20 [01:57<01:03,  7.97s/it]
[2025-07-06T06:27:13.413+0000] {logging_mixin.py:190} WARNING - Best trial: 8. Best value: 0.458406:  65%|######5   | 13/20 [01:57<01:12, 10.37s/it]
[2025-07-06T06:27:13.491+0000] {warnings.py:112} WARNING - /home/***/.local/lib/python3.12/site-packages/joblib/parallel.py:1379: UserWarning: Loky-backed parallel loops cannot be called in a multiprocessing, setting n_jobs=1
  n_jobs = self._backend.configure(

[2025-07-06T06:27:19.795+0000] {logging_mixin.py:190} WARNING -                                                                                     
[2025-07-06T06:27:19.796+0000] {logging_mixin.py:190} WARNING - 
[2025-07-06T06:27:19.796+0000] {logging_mixin.py:190} INFO - [I 2025-07-06 06:27:19,795] Trial 13 finished with value: 0.45260813337395245 and parameters: {'use_amount': True, 'use_is_night': False, 'use_is_weekend': True, 'use_transaction_day': False, 'use_amount_spent_last24h': False, 'use_prev_amount': False, 'use_user_activity_24h': False, 'use_user_transactions_per_minute': False, 'use_is_high_velocity': True, 'use_txn_count_last_5min': True, 'use_amount_to_avg_ratio': True, 'use_amount_to_avg_ratio_7d': False, 'use_amount_vs_median': True, 'use_amount_change_ratio': False, 'use_user_spending_ratio_last24h': True, 'use_transaction_hour': False, 'use_transaction_hour_sin': True, 'use_transaction_hour_cos': True, 'use_transaction_dayOfWeek': False, 'use_days_since_last_transaction': False, 'use_is_unusual_hour_for_user': True, 'use_time_diff': False, 'use_user_avg_transaction_interval': True, 'use_zscore_amount_per_user': True, 'use_burst_small_txn_count_last_min': False, 'use_user_transaction_amount_std': True, 'use_amount_7d_avg': False, 'use_user_total_spend_todate': True, 'use_merchant_risk': False, 'use_merchant': True, 'use_merchant_avg_fraud_rate': True, 'use_user_merchant_transaction_count': False, 'use_num_distinct_merchants_24h': True, 'use_is_location_anomalous': False, 'use_is_location_mismatch': True, 'max_depth': 6, 'learning_rate': 0.019981095961683903, 'subsample': 0.8347561992628157, 'colsample_bytree': 0.9254380264867552, 'gamma': 0.08524181270383413, 'reg_alpha': 0.09828671086384014}. Best is trial 8 with value: 0.4584060118411264.
[2025-07-06T06:27:19.797+0000] {logging_mixin.py:190} WARNING - Best trial: 8. Best value: 0.458406:  65%|######5   | 13/20 [02:04<01:12, 10.37s/it]
[2025-07-06T06:27:19.802+0000] {logging_mixin.py:190} WARNING - Best trial: 8. Best value: 0.458406:  65%|######5   | 13/20 [02:04<01:12, 10.37s/it]
[2025-07-06T06:27:19.803+0000] {logging_mixin.py:190} WARNING - Best trial: 8. Best value: 0.458406:  70%|#######   | 14/20 [02:04<00:55,  9.17s/it]
[2025-07-06T06:27:19.878+0000] {warnings.py:112} WARNING - /home/***/.local/lib/python3.12/site-packages/joblib/parallel.py:1379: UserWarning: Loky-backed parallel loops cannot be called in a multiprocessing, setting n_jobs=1
  n_jobs = self._backend.configure(

[2025-07-06T06:27:26.453+0000] {logging_mixin.py:190} WARNING -                                                                                     
[2025-07-06T06:27:26.453+0000] {logging_mixin.py:190} WARNING - 
[2025-07-06T06:27:26.454+0000] {logging_mixin.py:190} INFO - [I 2025-07-06 06:27:26,452] Trial 14 finished with value: 0.46011540215881586 and parameters: {'use_amount': False, 'use_is_night': False, 'use_is_weekend': True, 'use_transaction_day': False, 'use_amount_spent_last24h': False, 'use_prev_amount': False, 'use_user_activity_24h': False, 'use_user_transactions_per_minute': False, 'use_is_high_velocity': False, 'use_txn_count_last_5min': True, 'use_amount_to_avg_ratio': True, 'use_amount_to_avg_ratio_7d': False, 'use_amount_vs_median': True, 'use_amount_change_ratio': True, 'use_user_spending_ratio_last24h': True, 'use_transaction_hour': False, 'use_transaction_hour_sin': True, 'use_transaction_hour_cos': True, 'use_transaction_dayOfWeek': False, 'use_days_since_last_transaction': False, 'use_is_unusual_hour_for_user': True, 'use_time_diff': False, 'use_user_avg_transaction_interval': True, 'use_zscore_amount_per_user': False, 'use_burst_small_txn_count_last_min': False, 'use_user_transaction_amount_std': True, 'use_amount_7d_avg': False, 'use_user_total_spend_todate': True, 'use_merchant_risk': False, 'use_merchant': True, 'use_merchant_avg_fraud_rate': True, 'use_user_merchant_transaction_count': False, 'use_num_distinct_merchants_24h': True, 'use_is_location_anomalous': False, 'use_is_location_mismatch': True, 'max_depth': 6, 'learning_rate': 0.04051461214471688, 'subsample': 0.6633374345234747, 'colsample_bytree': 0.9271323753553635, 'gamma': 0.01151963458811095, 'reg_alpha': 0.0881520361398939}. Best is trial 14 with value: 0.46011540215881586.
[2025-07-06T06:27:26.455+0000] {logging_mixin.py:190} WARNING - Best trial: 8. Best value: 0.458406:  70%|#######   | 14/20 [02:10<00:55,  9.17s/it]
[2025-07-06T06:27:26.459+0000] {logging_mixin.py:190} WARNING - Best trial: 14. Best value: 0.460115:  70%|#######   | 14/20 [02:10<00:55,  9.17s/it]
[2025-07-06T06:27:26.459+0000] {logging_mixin.py:190} WARNING - Best trial: 14. Best value: 0.460115:  75%|#######5  | 15/20 [02:10<00:42,  8.41s/it]
[2025-07-06T06:27:26.527+0000] {warnings.py:112} WARNING - /home/***/.local/lib/python3.12/site-packages/joblib/parallel.py:1379: UserWarning: Loky-backed parallel loops cannot be called in a multiprocessing, setting n_jobs=1
  n_jobs = self._backend.configure(

[2025-07-06T06:27:32.251+0000] {logging_mixin.py:190} WARNING -                                                                                      
[2025-07-06T06:27:32.252+0000] {logging_mixin.py:190} WARNING - 
[2025-07-06T06:27:32.253+0000] {logging_mixin.py:190} INFO - [I 2025-07-06 06:27:32,251] Trial 15 finished with value: 0.46288082441919026 and parameters: {'use_amount': False, 'use_is_night': False, 'use_is_weekend': True, 'use_transaction_day': False, 'use_amount_spent_last24h': False, 'use_prev_amount': False, 'use_user_activity_24h': False, 'use_user_transactions_per_minute': False, 'use_is_high_velocity': False, 'use_txn_count_last_5min': True, 'use_amount_to_avg_ratio': True, 'use_amount_to_avg_ratio_7d': False, 'use_amount_vs_median': True, 'use_amount_change_ratio': True, 'use_user_spending_ratio_last24h': True, 'use_transaction_hour': False, 'use_transaction_hour_sin': True, 'use_transaction_hour_cos': True, 'use_transaction_dayOfWeek': False, 'use_days_since_last_transaction': False, 'use_is_unusual_hour_for_user': True, 'use_time_diff': False, 'use_user_avg_transaction_interval': True, 'use_zscore_amount_per_user': False, 'use_burst_small_txn_count_last_min': False, 'use_user_transaction_amount_std': True, 'use_amount_7d_avg': False, 'use_user_total_spend_todate': True, 'use_merchant_risk': False, 'use_merchant': True, 'use_merchant_avg_fraud_rate': True, 'use_user_merchant_transaction_count': False, 'use_num_distinct_merchants_24h': True, 'use_is_location_anomalous': False, 'use_is_location_mismatch': True, 'max_depth': 6, 'learning_rate': 0.09805659713304285, 'subsample': 0.8189487700241976, 'colsample_bytree': 0.9195632802477405, 'gamma': 4.80419872911364e-06, 'reg_alpha': 0.09510860365717146}. Best is trial 15 with value: 0.46288082441919026.
[2025-07-06T06:27:32.253+0000] {logging_mixin.py:190} WARNING - Best trial: 14. Best value: 0.460115:  75%|#######5  | 15/20 [02:16<00:42,  8.41s/it]
[2025-07-06T06:27:32.258+0000] {logging_mixin.py:190} WARNING - Best trial: 15. Best value: 0.462881:  75%|#######5  | 15/20 [02:16<00:42,  8.41s/it]
[2025-07-06T06:27:32.259+0000] {logging_mixin.py:190} WARNING - Best trial: 15. Best value: 0.462881:  80%|########  | 16/20 [02:16<00:30,  7.63s/it]
[2025-07-06T06:27:32.334+0000] {warnings.py:112} WARNING - /home/***/.local/lib/python3.12/site-packages/joblib/parallel.py:1379: UserWarning: Loky-backed parallel loops cannot be called in a multiprocessing, setting n_jobs=1
  n_jobs = self._backend.configure(

[2025-07-06T06:27:48.349+0000] {logging_mixin.py:190} WARNING -                                                                                      
[2025-07-06T06:27:48.350+0000] {logging_mixin.py:190} WARNING - 
[2025-07-06T06:27:48.351+0000] {logging_mixin.py:190} INFO - [I 2025-07-06 06:27:48,349] Trial 16 finished with value: 0.46185726851230674 and parameters: {'use_amount': False, 'use_is_night': False, 'use_is_weekend': True, 'use_transaction_day': False, 'use_amount_spent_last24h': False, 'use_prev_amount': False, 'use_user_activity_24h': False, 'use_user_transactions_per_minute': False, 'use_is_high_velocity': False, 'use_txn_count_last_5min': True, 'use_amount_to_avg_ratio': True, 'use_amount_to_avg_ratio_7d': False, 'use_amount_vs_median': True, 'use_amount_change_ratio': True, 'use_user_spending_ratio_last24h': True, 'use_transaction_hour': False, 'use_transaction_hour_sin': True, 'use_transaction_hour_cos': True, 'use_transaction_dayOfWeek': False, 'use_days_since_last_transaction': False, 'use_is_unusual_hour_for_user': True, 'use_time_diff': False, 'use_user_avg_transaction_interval': True, 'use_zscore_amount_per_user': False, 'use_burst_small_txn_count_last_min': False, 'use_user_transaction_amount_std': True, 'use_amount_7d_avg': False, 'use_user_total_spend_todate': True, 'use_merchant_risk': False, 'use_merchant': True, 'use_merchant_avg_fraud_rate': True, 'use_user_merchant_transaction_count': False, 'use_num_distinct_merchants_24h': True, 'use_is_location_anomalous': False, 'use_is_location_mismatch': True, 'max_depth': 6, 'learning_rate': 0.0496539937522931, 'subsample': 0.8341530818354196, 'colsample_bytree': 0.9016277168947452, 'gamma': 2.3244666466876868e-05, 'reg_alpha': 0.12498244549584214}. Best is trial 15 with value: 0.46288082441919026.
[2025-07-06T06:27:48.352+0000] {logging_mixin.py:190} WARNING - Best trial: 15. Best value: 0.462881:  80%|########  | 16/20 [02:32<00:30,  7.63s/it]
[2025-07-06T06:27:48.356+0000] {logging_mixin.py:190} WARNING - Best trial: 15. Best value: 0.462881:  80%|########  | 16/20 [02:32<00:30,  7.63s/it]
[2025-07-06T06:27:48.357+0000] {logging_mixin.py:190} WARNING - Best trial: 15. Best value: 0.462881:  85%|########5 | 17/20 [02:32<00:30, 10.17s/it]
[2025-07-06T06:27:48.426+0000] {warnings.py:112} WARNING - /home/***/.local/lib/python3.12/site-packages/joblib/parallel.py:1379: UserWarning: Loky-backed parallel loops cannot be called in a multiprocessing, setting n_jobs=1
  n_jobs = self._backend.configure(

[2025-07-06T06:27:53.995+0000] {logging_mixin.py:190} WARNING -                                                                                      
[2025-07-06T06:27:53.996+0000] {logging_mixin.py:190} WARNING - 
