[2025-07-06T06:25:32.946+0000] {logging_mixin.py:190} INFO - [I 2025-07-06 06:25:32,944] Trial 1 finished with value: 0.44148194468403196 and parameters: {'use_amount': False, 'use_is_night': False, 'use_is_weekend': False, 'use_transaction_day': False, 'use_amount_spent_last24h': True, 'use_prev_amount': False, 'use_user_activity_24h': True, 'use_user_transactions_per_minute': False, 'use_is_high_velocity': False, 'use_txn_count_last_5min': False, 'use_amount_to_avg_ratio': False, 'use_amount_to_avg_ratio_7d': True, 'use_amount_vs_median': False, 'use_amount_change_ratio': False, 'use_user_spending_ratio_last24h': True, 'use_transaction_hour': False, 'use_transaction_hour_sin': False, 'use_transaction_hour_cos': True, 'use_transaction_dayOfWeek': True, 'use_days_since_last_transaction': True, 'use_is_unusual_hour_for_user': False, 'use_time_diff': True, 'use_user_avg_transaction_interval': True, 'use_zscore_amount_per_user': False, 'use_burst_small_txn_count_last_min': True, 'use_user_transaction_amount_std': False, 'use_amount_7d_avg': True, 'use_user_total_spend_todate': True, 'use_merchant_risk': False, 'use_merchant': False, 'use_merchant_avg_fraud_rate': False, 'use_user_merchant_transaction_count': False, 'use_num_distinct_merchants_24h': True, 'use_is_location_anomalous': True, 'use_is_location_mismatch': False, 'max_depth': 5, 'learning_rate': 0.05823718270350381, 'subsample': 0.9979277661592906, 'colsample_bytree': 0.7832559956094529, 'gamma': 0.1629752435466111, 'reg_alpha': 0.49885048272919846}. Best is trial 1 with value: 0.44148194468403196.
[2025-07-06T06:25:32.946+0000] {logging_mixin.py:190} WARNING - Best trial: 0. Best value: 0.400748:   5%|5         | 1/20 [00:17<03:18, 10.47s/it]
[2025-07-06T06:25:32.951+0000] {logging_mixin.py:190} WARNING - Best trial: 1. Best value: 0.441482:   5%|5         | 1/20 [00:17<03:18, 10.47s/it]
[2025-07-06T06:25:32.952+0000] {logging_mixin.py:190} WARNING - Best trial: 1. Best value: 0.441482:  10%|#         | 2/20 [00:17<02:28,  8.27s/it]
[2025-07-06T06:25:32.980+0000] {warnings.py:112} WARNING - /home/***/.local/lib/python3.12/site-packages/joblib/parallel.py:1379: UserWarning: Loky-backed parallel loops cannot be called in a multiprocessing, setting n_jobs=1
  n_jobs = self._backend.configure(

[2025-07-06T06:25:38.694+0000] {logging_mixin.py:190} WARNING -                                                                                    
[2025-07-06T06:25:38.695+0000] {logging_mixin.py:190} WARNING - 
[2025-07-06T06:25:38.695+0000] {logging_mixin.py:190} INFO - [I 2025-07-06 06:25:38,693] Trial 2 finished with value: 0.15123309125821646 and parameters: {'use_amount': False, 'use_is_night': True, 'use_is_weekend': False, 'use_transaction_day': True, 'use_amount_spent_last24h': True, 'use_prev_amount': False, 'use_user_activity_24h': False, 'use_user_transactions_per_minute': True, 'use_is_high_velocity': True, 'use_txn_count_last_5min': False, 'use_amount_to_avg_ratio': True, 'use_amount_to_avg_ratio_7d': False, 'use_amount_vs_median': True, 'use_amount_change_ratio': True, 'use_user_spending_ratio_last24h': True, 'use_transaction_hour': True, 'use_transaction_hour_sin': False, 'use_transaction_hour_cos': False, 'use_transaction_dayOfWeek': True, 'use_days_since_last_transaction': False, 'use_is_unusual_hour_for_user': True, 'use_time_diff': False, 'use_user_avg_transaction_interval': True, 'use_zscore_amount_per_user': True, 'use_burst_small_txn_count_last_min': False, 'use_user_transaction_amount_std': False, 'use_amount_7d_avg': True, 'use_user_total_spend_todate': True, 'use_merchant_risk': True, 'use_merchant': False, 'use_merchant_avg_fraud_rate': False, 'use_user_merchant_transaction_count': False, 'use_num_distinct_merchants_24h': True, 'use_is_location_anomalous': False, 'use_is_location_mismatch': False, 'max_depth': 3, 'learning_rate': 0.01139788797652391, 'subsample': 0.7275520500542897, 'colsample_bytree': 0.629441741642345, 'gamma': 0.23362978841437804, 'reg_alpha': 0.35843661015854217}. Best is trial 1 with value: 0.44148194468403196.
[2025-07-06T06:25:38.696+0000] {logging_mixin.py:190} WARNING - Best trial: 1. Best value: 0.441482:  10%|#         | 2/20 [00:22<02:28,  8.27s/it]
[2025-07-06T06:25:38.701+0000] {logging_mixin.py:190} WARNING - Best trial: 1. Best value: 0.441482:  10%|#         | 2/20 [00:22<02:28,  8.27s/it]
[2025-07-06T06:25:38.701+0000] {logging_mixin.py:190} WARNING - Best trial: 1. Best value: 0.441482:  15%|#5        | 3/20 [00:22<02:01,  7.12s/it]
[2025-07-06T06:25:38.716+0000] {warnings.py:112} WARNING - /home/***/.local/lib/python3.12/site-packages/joblib/parallel.py:1379: UserWarning: Loky-backed parallel loops cannot be called in a multiprocessing, setting n_jobs=1
  n_jobs = self._backend.configure(

[2025-07-06T06:25:44.869+0000] {logging_mixin.py:190} WARNING -                                                                                    
[2025-07-06T06:25:44.869+0000] {logging_mixin.py:190} WARNING - 
[2025-07-06T06:25:44.870+0000] {logging_mixin.py:190} INFO - [I 2025-07-06 06:25:44,868] Trial 3 finished with value: 0.38150041751158054 and parameters: {'use_amount': False, 'use_is_night': True, 'use_is_weekend': True, 'use_transaction_day': True, 'use_amount_spent_last24h': True, 'use_prev_amount': True, 'use_user_activity_24h': True, 'use_user_transactions_per_minute': True, 'use_is_high_velocity': True, 'use_txn_count_last_5min': True, 'use_amount_to_avg_ratio': True, 'use_amount_to_avg_ratio_7d': True, 'use_amount_vs_median': False, 'use_amount_change_ratio': True, 'use_user_spending_ratio_last24h': False, 'use_transaction_hour': True, 'use_transaction_hour_sin': True, 'use_transaction_hour_cos': False, 'use_transaction_dayOfWeek': True, 'use_days_since_last_transaction': False, 'use_is_unusual_hour_for_user': True, 'use_time_diff': False, 'use_user_avg_transaction_interval': False, 'use_zscore_amount_per_user': False, 'use_burst_small_txn_count_last_min': True, 'use_user_transaction_amount_std': False, 'use_amount_7d_avg': False, 'use_user_total_spend_todate': False, 'use_merchant_risk': False, 'use_merchant': True, 'use_merchant_avg_fraud_rate': False, 'use_user_merchant_transaction_count': False, 'use_num_distinct_merchants_24h': True, 'use_is_location_anomalous': False, 'use_is_location_mismatch': False, 'max_depth': 5, 'learning_rate': 0.02116262861980391, 'subsample': 0.897114862061084, 'colsample_bytree': 0.847154907990806, 'gamma': 0.04574593335344033, 'reg_alpha': 0.18408281388924375}. Best is trial 1 with value: 0.44148194468403196.
[2025-07-06T06:25:44.871+0000] {logging_mixin.py:190} WARNING - Best trial: 1. Best value: 0.441482:  15%|#5        | 3/20 [00:29<02:01,  7.12s/it]
[2025-07-06T06:25:44.875+0000] {logging_mixin.py:190} WARNING - Best trial: 1. Best value: 0.441482:  15%|#5        | 3/20 [00:29<02:01,  7.12s/it]
[2025-07-06T06:25:44.876+0000] {logging_mixin.py:190} WARNING - Best trial: 1. Best value: 0.441482:  20%|##        | 4/20 [00:29<01:47,  6.75s/it]
[2025-07-06T06:25:44.891+0000] {warnings.py:112} WARNING - /home/***/.local/lib/python3.12/site-packages/joblib/parallel.py:1379: UserWarning: Loky-backed parallel loops cannot be called in a multiprocessing, setting n_jobs=1
  n_jobs = self._backend.configure(

[2025-07-06T06:26:00.614+0000] {logging_mixin.py:190} WARNING -                                                                                    
[2025-07-06T06:26:00.614+0000] {logging_mixin.py:190} WARNING - 
[2025-07-06T06:26:00.615+0000] {logging_mixin.py:190} INFO - [I 2025-07-06 06:26:00,613] Trial 4 finished with value: 0.42360556402746513 and parameters: {'use_amount': False, 'use_is_night': True, 'use_is_weekend': True, 'use_transaction_day': True, 'use_amount_spent_last24h': True, 'use_prev_amount': False, 'use_user_activity_24h': True, 'use_user_transactions_per_minute': True, 'use_is_high_velocity': False, 'use_txn_count_last_5min': False, 'use_amount_to_avg_ratio': True, 'use_amount_to_avg_ratio_7d': True, 'use_amount_vs_median': False, 'use_amount_change_ratio': True, 'use_user_spending_ratio_last24h': False, 'use_transaction_hour': False, 'use_transaction_hour_sin': False, 'use_transaction_hour_cos': False, 'use_transaction_dayOfWeek': False, 'use_days_since_last_transaction': False, 'use_is_unusual_hour_for_user': True, 'use_time_diff': True, 'use_user_avg_transaction_interval': False, 'use_zscore_amount_per_user': False, 'use_burst_small_txn_count_last_min': True, 'use_user_transaction_amount_std': False, 'use_amount_7d_avg': False, 'use_user_total_spend_todate': False, 'use_merchant_risk': False, 'use_merchant': False, 'use_merchant_avg_fraud_rate': True, 'use_user_merchant_transaction_count': False, 'use_num_distinct_merchants_24h': False, 'use_is_location_anomalous': True, 'use_is_location_mismatch': True, 'max_depth': 4, 'learning_rate': 0.07274468433681791, 'subsample': 0.9109375287573004, 'colsample_bytree': 0.7369007667779148, 'gamma': 0.20117142225959578, 'reg_alpha': 0.30352664000452023}. Best is trial 1 with value: 0.44148194468403196.
[2025-07-06T06:26:00.615+0000] {logging_mixin.py:190} WARNING - Best trial: 1. Best value: 0.441482:  20%|##        | 4/20 [00:44<01:47,  6.75s/it]
[2025-07-06T06:26:00.620+0000] {logging_mixin.py:190} WARNING - Best trial: 1. Best value: 0.441482:  20%|##        | 4/20 [00:44<01:47,  6.75s/it]
[2025-07-06T06:26:00.621+0000] {logging_mixin.py:190} WARNING - Best trial: 1. Best value: 0.441482:  25%|##5       | 5/20 [00:44<02:29,  9.99s/it]
[2025-07-06T06:26:00.635+0000] {warnings.py:112} WARNING - /home/***/.local/lib/python3.12/site-packages/joblib/parallel.py:1379: UserWarning: Loky-backed parallel loops cannot be called in a multiprocessing, setting n_jobs=1
  n_jobs = self._backend.configure(

[2025-07-06T06:26:09.933+0000] {logging_mixin.py:190} WARNING -                                                                                    
[2025-07-06T06:26:09.934+0000] {logging_mixin.py:190} WARNING - 
[2025-07-06T06:26:09.934+0000] {logging_mixin.py:190} INFO - [I 2025-07-06 06:26:09,933] Trial 5 finished with value: 0.3635147629495383 and parameters: {'use_amount': True, 'use_is_night': False, 'use_is_weekend': True, 'use_transaction_day': True, 'use_amount_spent_last24h': False, 'use_prev_amount': False, 'use_user_activity_24h': True, 'use_user_transactions_per_minute': True, 'use_is_high_velocity': True, 'use_txn_count_last_5min': False, 'use_amount_to_avg_ratio': False, 'use_amount_to_avg_ratio_7d': True, 'use_amount_vs_median': False, 'use_amount_change_ratio': False, 'use_user_spending_ratio_last24h': True, 'use_transaction_hour': True, 'use_transaction_hour_sin': True, 'use_transaction_hour_cos': True, 'use_transaction_dayOfWeek': True, 'use_days_since_last_transaction': True, 'use_is_unusual_hour_for_user': False, 'use_time_diff': True, 'use_user_avg_transaction_interval': True, 'use_zscore_amount_per_user': True, 'use_burst_small_txn_count_last_min': True, 'use_user_transaction_amount_std': True, 'use_amount_7d_avg': True, 'use_user_total_spend_todate': True, 'use_merchant_risk': True, 'use_merchant': True, 'use_merchant_avg_fraud_rate': True, 'use_user_merchant_transaction_count': True, 'use_num_distinct_merchants_24h': False, 'use_is_location_anomalous': False, 'use_is_location_mismatch': False, 'max_depth': 7, 'learning_rate': 0.010105285709373198, 'subsample': 0.6763416111057305, 'colsample_bytree': 0.7634800033584739, 'gamma': 0.03429229609198966, 'reg_alpha': 0.45479973727902223}. Best is trial 1 with value: 0.44148194468403196.
[2025-07-06T06:26:09.935+0000] {logging_mixin.py:190} WARNING - Best trial: 1. Best value: 0.441482:  25%|##5       | 5/20 [00:54<02:29,  9.99s/it]
[2025-07-06T06:26:09.941+0000] {logging_mixin.py:190} WARNING - Best trial: 1. Best value: 0.441482:  25%|##5       | 5/20 [00:54<02:29,  9.99s/it]
[2025-07-06T06:26:09.942+0000] {logging_mixin.py:190} WARNING - Best trial: 1. Best value: 0.441482:  30%|###       | 6/20 [00:54<02:16,  9.76s/it]
[2025-07-06T06:26:09.956+0000] {warnings.py:112} WARNING - /home/***/.local/lib/python3.12/site-packages/joblib/parallel.py:1379: UserWarning: Loky-backed parallel loops cannot be called in a multiprocessing, setting n_jobs=1
  n_jobs = self._backend.configure(

[2025-07-06T06:26:14.622+0000] {logging_mixin.py:190} WARNING -                                                                                    
[2025-07-06T06:26:14.623+0000] {logging_mixin.py:190} WARNING - 
[2025-07-06T06:26:14.624+0000] {logging_mixin.py:190} INFO - [I 2025-07-06 06:26:14,622] Trial 6 finished with value: 0.37019200885184 and parameters: {'use_amount': False, 'use_is_night': False, 'use_is_weekend': False, 'use_transaction_day': False, 'use_amount_spent_last24h': True, 'use_prev_amount': True, 'use_user_activity_24h': False, 'use_user_transactions_per_minute': True, 'use_is_high_velocity': False, 'use_txn_count_last_5min': True, 'use_amount_to_avg_ratio': True, 'use_amount_to_avg_ratio_7d': False, 'use_amount_vs_median': False, 'use_amount_change_ratio': True, 'use_user_spending_ratio_last24h': False, 'use_transaction_hour': False, 'use_transaction_hour_sin': False, 'use_transaction_hour_cos': False, 'use_transaction_dayOfWeek': False, 'use_days_since_last_transaction': True, 'use_is_unusual_hour_for_user': False, 'use_time_diff': True, 'use_user_avg_transaction_interval': False, 'use_zscore_amount_per_user': False, 'use_burst_small_txn_count_last_min': False, 'use_user_transaction_amount_std': True, 'use_amount_7d_avg': True, 'use_user_total_spend_todate': False, 'use_merchant_risk': True, 'use_merchant': False, 'use_merchant_avg_fraud_rate': True, 'use_user_merchant_transaction_count': True, 'use_num_distinct_merchants_24h': True, 'use_is_location_anomalous': False, 'use_is_location_mismatch': False, 'max_depth': 3, 'learning_rate': 0.09459462034378274, 'subsample': 0.9304967377892243, 'colsample_bytree': 0.7803966039276281, 'gamma': 0.13615828863866927, 'reg_alpha': 0.18218241133714486}. Best is trial 1 with value: 0.44148194468403196.
[2025-07-06T06:26:14.624+0000] {logging_mixin.py:190} WARNING - Best trial: 1. Best value: 0.441482:  30%|###       | 6/20 [00:58<02:16,  9.76s/it]
[2025-07-06T06:26:14.629+0000] {logging_mixin.py:190} WARNING - Best trial: 1. Best value: 0.441482:  30%|###       | 6/20 [00:58<02:16,  9.76s/it]
[2025-07-06T06:26:14.630+0000] {logging_mixin.py:190} WARNING - Best trial: 1. Best value: 0.441482:  35%|###5      | 7/20 [00:58<01:45,  8.10s/it]
[2025-07-06T06:26:14.646+0000] {warnings.py:112} WARNING - /home/***/.local/lib/python3.12/site-packages/joblib/parallel.py:1379: UserWarning: Loky-backed parallel loops cannot be called in a multiprocessing, setting n_jobs=1
  n_jobs = self._backend.configure(

[2025-07-06T06:26:20.387+0000] {logging_mixin.py:190} WARNING -                                                                                    
[2025-07-06T06:26:20.388+0000] {logging_mixin.py:190} WARNING - 
[2025-07-06T06:26:20.389+0000] {logging_mixin.py:190} INFO - [I 2025-07-06 06:26:20,387] Trial 7 finished with value: 0.4222047052694337 and parameters: {'use_amount': True, 'use_is_night': False, 'use_is_weekend': False, 'use_transaction_day': False, 'use_amount_spent_last24h': True, 'use_prev_amount': False, 'use_user_activity_24h': False, 'use_user_transactions_per_minute': False, 'use_is_high_velocity': False, 'use_txn_count_last_5min': True, 'use_amount_to_avg_ratio': False, 'use_amount_to_avg_ratio_7d': False, 'use_amount_vs_median': True, 'use_amount_change_ratio': True, 'use_user_spending_ratio_last24h': False, 'use_transaction_hour': True, 'use_transaction_hour_sin': False, 'use_transaction_hour_cos': False, 'use_transaction_dayOfWeek': False, 'use_days_since_last_transaction': True, 'use_is_unusual_hour_for_user': True, 'use_time_diff': True, 'use_user_avg_transaction_interval': True, 'use_zscore_amount_per_user': False, 'use_burst_small_txn_count_last_min': False, 'use_user_transaction_amount_std': False, 'use_amount_7d_avg': False, 'use_user_total_spend_todate': False, 'use_merchant_risk': False, 'use_merchant': True, 'use_merchant_avg_fraud_rate': False, 'use_user_merchant_transaction_count': True, 'use_num_distinct_merchants_24h': True, 'use_is_location_anomalous': False, 'use_is_location_mismatch': False, 'max_depth': 5, 'learning_rate': 0.03928152667442153, 'subsample': 0.9602890887856234, 'colsample_bytree': 0.8516481288078821, 'gamma': 0.17379596473734066, 'reg_alpha': 0.3221808325359823}. Best is trial 1 with value: 0.44148194468403196.
[2025-07-06T06:26:20.389+0000] {logging_mixin.py:190} WARNING - Best trial: 1. Best value: 0.441482:  35%|###5      | 7/20 [01:04<01:45,  8.10s/it]
[2025-07-06T06:26:20.394+0000] {logging_mixin.py:190} WARNING - Best trial: 1. Best value: 0.441482:  35%|###5      | 7/20 [01:04<01:45,  8.10s/it]
[2025-07-06T06:26:20.395+0000] {logging_mixin.py:190} WARNING - Best trial: 1. Best value: 0.441482:  40%|####      | 8/20 [01:04<01:28,  7.36s/it]
[2025-07-06T06:26:20.408+0000] {warnings.py:112} WARNING - /home/***/.local/lib/python3.12/site-packages/joblib/parallel.py:1379: UserWarning: Loky-backed parallel loops cannot be called in a multiprocessing, setting n_jobs=1
  n_jobs = self._backend.configure(

[2025-07-06T06:26:37.179+0000] {logging_mixin.py:190} WARNING -                                                                                    
[2025-07-06T06:26:37.180+0000] {logging_mixin.py:190} WARNING - 
[2025-07-06T06:26:37.181+0000] {logging_mixin.py:190} INFO - [I 2025-07-06 06:26:37,179] Trial 8 finished with value: 0.4584060118411264 and parameters: {'use_amount': False, 'use_is_night': False, 'use_is_weekend': True, 'use_transaction_day': False, 'use_amount_spent_last24h': False, 'use_prev_amount': False, 'use_user_activity_24h': False, 'use_user_transactions_per_minute': True, 'use_is_high_velocity': False, 'use_txn_count_last_5min': True, 'use_amount_to_avg_ratio': True, 'use_amount_to_avg_ratio_7d': False, 'use_amount_vs_median': True, 'use_amount_change_ratio': True, 'use_user_spending_ratio_last24h': True, 'use_transaction_hour': False, 'use_transaction_hour_sin': True, 'use_transaction_hour_cos': True, 'use_transaction_dayOfWeek': False, 'use_days_since_last_transaction': False, 'use_is_unusual_hour_for_user': True, 'use_time_diff': False, 'use_user_avg_transaction_interval': True, 'use_zscore_amount_per_user': False, 'use_burst_small_txn_count_last_min': False, 'use_user_transaction_amount_std': True, 'use_amount_7d_avg': False, 'use_user_total_spend_todate': True, 'use_merchant_risk': False, 'use_merchant': True, 'use_merchant_avg_fraud_rate': True, 'use_user_merchant_transaction_count': False, 'use_num_distinct_merchants_24h': True, 'use_is_location_anomalous': False, 'use_is_location_mismatch': False, 'max_depth': 7, 'learning_rate': 0.08157653338842914, 'subsample': 0.7311119309725783, 'colsample_bytree': 0.9587828389213002, 'gamma': 0.09607415436332485, 'reg_alpha': 0.07799811196157147}. Best is trial 8 with value: 0.4584060118411264.
[2025-07-06T06:26:37.181+0000] {logging_mixin.py:190} WARNING - Best trial: 1. Best value: 0.441482:  40%|####      | 8/20 [01:21<01:28,  7.36s/it]
[2025-07-06T06:26:37.186+0000] {logging_mixin.py:190} WARNING - Best trial: 8. Best value: 0.458406:  40%|####      | 8/20 [01:21<01:28,  7.36s/it]
[2025-07-06T06:26:37.187+0000] {logging_mixin.py:190} WARNING - Best trial: 8. Best value: 0.458406:  45%|####5     | 9/20 [01:21<01:53, 10.31s/it]
[2025-07-06T06:26:37.206+0000] {warnings.py:112} WARNING - /home/***/.local/lib/python3.12/site-packages/joblib/parallel.py:1379: UserWarning: Loky-backed parallel loops cannot be called in a multiprocessing, setting n_jobs=1
  n_jobs = self._backend.configure(

[2025-07-06T06:26:43.412+0000] {logging_mixin.py:190} WARNING -                                                                                    
[2025-07-06T06:26:43.413+0000] {logging_mixin.py:190} WARNING - 
