[2025-07-06T06:27:53.997+0000] {logging_mixin.py:190} INFO - [I 2025-07-06 06:27:53,995] Trial 17 finished with value: 0.46302781768837803 and parameters: {'use_amount': False, 'use_is_night': False, 'use_is_weekend': True, 'use_transaction_day': False, 'use_amount_spent_last24h': False, 'use_prev_amount': False, 'use_user_activity_24h': False, 'use_user_transactions_per_minute': False, 'use_is_high_velocity': False, 'use_txn_count_last_5min': True, 'use_amount_to_avg_ratio': True, 'use_amount_to_avg_ratio_7d': False, 'use_amount_vs_median': True, 'use_amount_change_ratio': True, 'use_user_spending_ratio_last24h': True, 'use_transaction_hour': False, 'use_transaction_hour_sin': True, 'use_transaction_hour_cos': True, 'use_transaction_dayOfWeek': False, 'use_days_since_last_transaction': False, 'use_is_unusual_hour_for_user': True, 'use_time_diff': False, 'use_user_avg_transaction_interval': True, 'use_zscore_amount_per_user': False, 'use_burst_small_txn_count_last_min': False, 'use_user_transaction_amount_std': True, 'use_amount_7d_avg': False, 'use_user_total_spend_todate': True, 'use_merchant_risk': False, 'use_merchant': True, 'use_merchant_avg_fraud_rate': True, 'use_user_merchant_transaction_count': False, 'use_num_distinct_merchants_24h': True, 'use_is_location_anomalous': False, 'use_is_location_mismatch': True, 'max_depth': 6, 'learning_rate': 0.06465157152823582, 'subsample': 0.8393507951066403, 'colsample_bytree': 0.8937630861028474, 'gamma': 0.0028105753598090654, 'reg_alpha': 0.24330218461547376}. Best is trial 17 with value: 0.46302781768837803.
[2025-07-06T06:27:53.997+0000] {logging_mixin.py:190} WARNING - Best trial: 15. Best value: 0.462881:  85%|########5 | 17/20 [02:38<00:30, 10.17s/it]
[2025-07-06T06:27:54.002+0000] {logging_mixin.py:190} WARNING - Best trial: 17. Best value: 0.463028:  85%|########5 | 17/20 [02:38<00:30, 10.17s/it]
[2025-07-06T06:27:54.003+0000] {logging_mixin.py:190} WARNING - Best trial: 17. Best value: 0.463028:  90%|######### | 18/20 [02:38<00:17,  8.81s/it]
[2025-07-06T06:27:54.079+0000] {warnings.py:112} WARNING - /home/***/.local/lib/python3.12/site-packages/joblib/parallel.py:1379: UserWarning: Loky-backed parallel loops cannot be called in a multiprocessing, setting n_jobs=1
  n_jobs = self._backend.configure(

[2025-07-06T06:27:59.710+0000] {logging_mixin.py:190} WARNING -                                                                                      
[2025-07-06T06:27:59.710+0000] {logging_mixin.py:190} WARNING - 
[2025-07-06T06:27:59.711+0000] {logging_mixin.py:190} INFO - [I 2025-07-06 06:27:59,709] Trial 18 finished with value: 0.45496665570978134 and parameters: {'use_amount': False, 'use_is_night': False, 'use_is_weekend': True, 'use_transaction_day': False, 'use_amount_spent_last24h': False, 'use_prev_amount': True, 'use_user_activity_24h': False, 'use_user_transactions_per_minute': False, 'use_is_high_velocity': False, 'use_txn_count_last_5min': True, 'use_amount_to_avg_ratio': True, 'use_amount_to_avg_ratio_7d': False, 'use_amount_vs_median': True, 'use_amount_change_ratio': True, 'use_user_spending_ratio_last24h': True, 'use_transaction_hour': True, 'use_transaction_hour_sin': True, 'use_transaction_hour_cos': True, 'use_transaction_dayOfWeek': False, 'use_days_since_last_transaction': False, 'use_is_unusual_hour_for_user': False, 'use_time_diff': False, 'use_user_avg_transaction_interval': True, 'use_zscore_amount_per_user': False, 'use_burst_small_txn_count_last_min': True, 'use_user_transaction_amount_std': True, 'use_amount_7d_avg': False, 'use_user_total_spend_todate': True, 'use_merchant_risk': True, 'use_merchant': True, 'use_merchant_avg_fraud_rate': False, 'use_user_merchant_transaction_count': True, 'use_num_distinct_merchants_24h': False, 'use_is_location_anomalous': True, 'use_is_location_mismatch': True, 'max_depth': 4, 'learning_rate': 0.06858242308410632, 'subsample': 0.8487477573360825, 'colsample_bytree': 0.8829999883677864, 'gamma': 0.043400281471855436, 'reg_alpha': 0.24729103551170556}. Best is trial 17 with value: 0.46302781768837803.
[2025-07-06T06:27:59.712+0000] {logging_mixin.py:190} WARNING - Best trial: 17. Best value: 0.463028:  90%|######### | 18/20 [02:43<00:17,  8.81s/it]
[2025-07-06T06:27:59.716+0000] {logging_mixin.py:190} WARNING - Best trial: 17. Best value: 0.463028:  90%|######### | 18/20 [02:43<00:17,  8.81s/it]
[2025-07-06T06:27:59.717+0000] {logging_mixin.py:190} WARNING - Best trial: 17. Best value: 0.463028:  95%|#########5| 19/20 [02:43<00:07,  7.88s/it]
[2025-07-06T06:27:59.798+0000] {warnings.py:112} WARNING - /home/***/.local/lib/python3.12/site-packages/joblib/parallel.py:1379: UserWarning: Loky-backed parallel loops cannot be called in a multiprocessing, setting n_jobs=1
  n_jobs = self._backend.configure(

[2025-07-06T06:28:05.493+0000] {logging_mixin.py:190} WARNING -                                                                                      
[2025-07-06T06:28:05.493+0000] {logging_mixin.py:190} WARNING - 
[2025-07-06T06:28:05.494+0000] {logging_mixin.py:190} INFO - [I 2025-07-06 06:28:05,492] Trial 19 finished with value: 0.463495021137625 and parameters: {'use_amount': False, 'use_is_night': False, 'use_is_weekend': True, 'use_transaction_day': False, 'use_amount_spent_last24h': False, 'use_prev_amount': False, 'use_user_activity_24h': False, 'use_user_transactions_per_minute': False, 'use_is_high_velocity': False, 'use_txn_count_last_5min': True, 'use_amount_to_avg_ratio': True, 'use_amount_to_avg_ratio_7d': False, 'use_amount_vs_median': True, 'use_amount_change_ratio': True, 'use_user_spending_ratio_last24h': True, 'use_transaction_hour': False, 'use_transaction_hour_sin': True, 'use_transaction_hour_cos': True, 'use_transaction_dayOfWeek': False, 'use_days_since_last_transaction': False, 'use_is_unusual_hour_for_user': True, 'use_time_diff': False, 'use_user_avg_transaction_interval': True, 'use_zscore_amount_per_user': False, 'use_burst_small_txn_count_last_min': False, 'use_user_transaction_amount_std': True, 'use_amount_7d_avg': False, 'use_user_total_spend_todate': True, 'use_merchant_risk': False, 'use_merchant': True, 'use_merchant_avg_fraud_rate': True, 'use_user_merchant_transaction_count': False, 'use_num_distinct_merchants_24h': True, 'use_is_location_anomalous': False, 'use_is_location_mismatch': True, 'max_depth': 6, 'learning_rate': 0.09433358419832628, 'subsample': 0.7797361114216371, 'colsample_bytree': 0.6853302648738726, 'gamma': 0.05221292350730092, 'reg_alpha': 0.24060187515685094}. Best is trial 19 with value: 0.463495021137625.
[2025-07-06T06:28:05.495+0000] {logging_mixin.py:190} WARNING - Best trial: 17. Best value: 0.463028:  95%|#########5| 19/20 [02:49<00:07,  7.88s/it]
[2025-07-06T06:28:05.500+0000] {logging_mixin.py:190} WARNING - Best trial: 19. Best value: 0.463495:  95%|#########5| 19/20 [02:49<00:07,  7.88s/it]
[2025-07-06T06:28:05.500+0000] {logging_mixin.py:190} WARNING - Best trial: 19. Best value: 0.463495: 100%|##########| 20/20 [02:49<00:00,  7.25s/it]
[2025-07-06T06:28:05.501+0000] {logging_mixin.py:190} WARNING - Best trial: 19. Best value: 0.463495: 100%|##########| 20/20 [02:49<00:00,  8.49s/it]
[2025-07-06T06:28:05.504+0000] {fraud_detection_training.py:599} INFO - Best hyperparameters using Optuna: {'use_amount': False, 'use_is_night': False, 'use_is_weekend': True, 'use_transaction_day': False, 'use_amount_spent_last24h': False, 'use_prev_amount': False, 'use_user_activity_24h': False, 'use_user_transactions_per_minute': False, 'use_is_high_velocity': False, 'use_txn_count_last_5min': True, 'use_amount_to_avg_ratio': True, 'use_amount_to_avg_ratio_7d': False, 'use_amount_vs_median': True, 'use_amount_change_ratio': True, 'use_user_spending_ratio_last24h': True, 'use_transaction_hour': False, 'use_transaction_hour_sin': True, 'use_transaction_hour_cos': True, 'use_transaction_dayOfWeek': False, 'use_days_since_last_transaction': False, 'use_is_unusual_hour_for_user': True, 'use_time_diff': False, 'use_user_avg_transaction_interval': True, 'use_zscore_amount_per_user': False, 'use_burst_small_txn_count_last_min': False, 'use_user_transaction_amount_std': True, 'use_amount_7d_avg': False, 'use_user_total_spend_todate': True, 'use_merchant_risk': False, 'use_merchant': True, 'use_merchant_avg_fraud_rate': True, 'use_user_merchant_transaction_count': False, 'use_num_distinct_merchants_24h': True, 'use_is_location_anomalous': False, 'use_is_location_mismatch': True, 'max_depth': 6, 'learning_rate': 0.09433358419832628, 'subsample': 0.7797361114216371, 'colsample_bytree': 0.6853302648738726, 'gamma': 0.05221292350730092, 'reg_alpha': 0.24060187515685094}
[2025-07-06T06:28:06.622+0000] {warnings.py:112} WARNING - /home/***/.local/lib/python3.12/site-packages/xgboost/training.py:183: UserWarning: [06:28:06] WARNING: /workspace/src/learner.cc:738: 
Parameters: { "use_amount", "use_amount_7d_avg", "use_amount_change_ratio", "use_amount_spent_last24h", "use_amount_to_avg_ratio", "use_amount_to_avg_ratio_7d", "use_amount_vs_median", "use_burst_small_txn_count_last_min", "use_days_since_last_transaction", "use_is_high_velocity", "use_is_location_anomalous", "use_is_location_mismatch", "use_is_night", "use_is_unusual_hour_for_user", "use_is_weekend", "use_merchant", "use_merchant_avg_fraud_rate", "use_merchant_risk", "use_num_distinct_merchants_24h", "use_prev_amount", "use_time_diff", "use_transaction_day", "use_transaction_dayOfWeek", "use_transaction_hour", "use_transaction_hour_cos", "use_transaction_hour_sin", "use_txn_count_last_5min", "use_user_activity_24h", "use_user_avg_transaction_interval", "use_user_merchant_transaction_count", "use_user_spending_ratio_last24h", "use_user_total_spend_todate", "use_user_transaction_amount_std", "use_user_transactions_per_minute", "use_zscore_amount_per_user" } are not used.

  bst.update(dtrain, iteration=i, fobj=obj)

[2025-07-06T06:28:18.494+0000] {credentials.py:1147} INFO - Found credentials in environment variables.
[2025-07-06T06:28:18.898+0000] {fraud_detection_training.py:665} INFO - Optimal threhsold determined: 0.5409
[2025-07-06T06:28:21.843+0000] {warnings.py:112} WARNING - /home/***/.local/lib/python3.12/site-packages/mlflow/types/utils.py:452: UserWarning: Hint: Inferred schema contains integer column(s). Integer columns in Python cannot represent missing values. If your input data contains missing values at inference time, it will be encoded as floats and will cause a schema enforcement error. The best way to avoid this problem is to infer the model schema based on a realistic data sample (training dataset) that includes missing values. Alternatively, you can declare integer columns as doubles (float64) whenever these columns may have missing values. See `Handling Integers With Missing Values <https://www.mlflow.org/docs/latest/models.html#handling-integers-with-missing-values>`_ for more details.
  warnings.warn(

[2025-07-06T06:28:21.854+0000] {logging_mixin.py:190} WARNING - 2025/07/06 06:28:21 WARNING mlflow.models.model: `artifact_path` is deprecated. Please use `name` instead.
[2025-07-06T06:28:34.842+0000] {logging_mixin.py:190} WARNING - Registered model 'fraud_detection_model' already exists. Creating a new version of this model...
[2025-07-06T06:28:35.863+0000] {logging_mixin.py:190} WARNING - 2025/07/06 06:28:35 INFO mlflow.store.model_registry.abstract_store: Waiting up to 300 seconds for model version to finish creation. Model name: fraud_detection_model, version 4
[2025-07-06T06:28:35.865+0000] {logging_mixin.py:190} WARNING - Created version '4' of model 'fraud_detection_model'.
[2025-07-06T06:28:36.275+0000] {fraud_detection_training.py:748} INFO - Training successfully completed with metrics: {'auc_pr': 0.3977174019941397, 'precision': 0.8947368421052632, 'recall': 0.38636363636363635, 'f1': 0.5396825396825397, 'threshold': 0.5408785939216614}
[2025-07-06T06:28:36.418+0000] {logging_mixin.py:190} INFO - 🏃 View run thundering-mole-264 at: http://mlflow-server:5500/#/experiments/1/runs/8fa12a8412c34e7096c85512821106a5
[2025-07-06T06:28:36.419+0000] {logging_mixin.py:190} INFO - 🧪 View experiment at: http://mlflow-server:5500/#/experiments/1
[2025-07-06T06:28:36.510+0000] {python.py:240} INFO - Done. Returned value was: {'status': 'success', 'precision': {'auc_pr': 0.3977174019941397, 'precision': 0.8947368421052632, 'recall': 0.38636363636363635, 'f1': 0.5396825396825397, 'threshold': 0.5408785939216614}}
[2025-07-06T06:28:36.569+0000] {taskinstance.py:341} INFO - ::group::Post task execution logs
[2025-07-06T06:28:36.570+0000] {taskinstance.py:353} INFO - Marking task as SUCCESS. dag_id=fraud_detection_training, task_id=execute_training, run_id=scheduled__2025-07-05T03:00:00+00:00, execution_date=20250705T030000, start_date=20250706T061334, end_date=20250706T062836
[2025-07-06T06:28:36.757+0000] {local_task_job_runner.py:266} INFO - Task exited with return code 0
[2025-07-06T06:28:36.943+0000] {taskinstance.py:3901} INFO - 1 downstream tasks scheduled from follow-on schedule check
[2025-07-06T06:28:36.947+0000] {local_task_job_runner.py:245} INFO - ::endgroup::
