[2025-07-05T05:12:15.947+0000] {logging_mixin.py:190} INFO - [I 2025-07-05 05:12:15,945] Trial 17 finished with value: 0.4122036405731226 and parameters: {'use_amount': False, 'use_is_night': True, 'use_is_weekend': False, 'use_transaction_day': False, 'use_amount_spent_last24h': False, 'use_prev_amount': True, 'use_user_activity_24h': False, 'use_user_transactions_per_minute': False, 'use_is_high_velocity': False, 'use_txn_count_last_5min': True, 'use_amount_to_avg_ratio': True, 'use_amount_to_avg_ratio_7d': False, 'use_amount_vs_median': True, 'use_amount_change_ratio': False, 'use_user_spending_ratio_last24h': True, 'use_transaction_hour': False, 'use_transaction_hour_sin': False, 'use_transaction_hour_cos': True, 'use_transaction_dayOfWeek': True, 'use_days_since_last_transaction': False, 'use_is_unusual_hour_for_user': False, 'use_time_diff': False, 'use_user_avg_transaction_interval': False, 'use_zscore_amount_per_user': False, 'use_burst_small_txn_count_last_min': True, 'use_user_transaction_amount_std': False, 'use_amount_7d_avg': False, 'use_user_total_spend_todate': True, 'use_merchant_risk': True, 'use_merchant': True, 'use_merchant_avg_fraud_rate': False, 'use_user_merchant_transaction_count': True, 'use_num_distinct_merchants_24h': True, 'use_is_location_anomalous': True, 'use_is_location_mismatch': True, 'max_depth': 5, 'learning_rate': 0.0435575551181936, 'subsample': 0.8694855676979313, 'colsample_bytree': 0.9634276167053699, 'gamma': 0.186692709605767, 'reg_alpha': 0.4289713086548968}. Best is trial 12 with value: 0.4226001838361389.
[2025-07-05T05:12:15.948+0000] {logging_mixin.py:190} WARNING - Best trial: 12. Best value: 0.4226:  85%|########5 | 17/20 [02:39<00:19,  6.66s/it]
[2025-07-05T05:12:15.954+0000] {logging_mixin.py:190} WARNING - Best trial: 12. Best value: 0.4226:  85%|########5 | 17/20 [02:39<00:19,  6.66s/it]
[2025-07-05T05:12:15.954+0000] {logging_mixin.py:190} WARNING - Best trial: 12. Best value: 0.4226:  90%|######### | 18/20 [02:39<00:18,  9.20s/it]
[2025-07-05T05:12:16.027+0000] {warnings.py:112} WARNING - /home/***/.local/lib/python3.12/site-packages/joblib/parallel.py:1379: UserWarning: Loky-backed parallel loops cannot be called in a multiprocessing, setting n_jobs=1
  n_jobs = self._backend.configure(

[2025-07-05T05:12:21.897+0000] {logging_mixin.py:190} WARNING -                                                                                    
[2025-07-05T05:12:21.898+0000] {logging_mixin.py:190} WARNING - 
[2025-07-05T05:12:21.899+0000] {logging_mixin.py:190} INFO - [I 2025-07-05 05:12:21,897] Trial 18 finished with value: 0.39328101551264655 and parameters: {'use_amount': True, 'use_is_night': True, 'use_is_weekend': False, 'use_transaction_day': False, 'use_amount_spent_last24h': True, 'use_prev_amount': True, 'use_user_activity_24h': True, 'use_user_transactions_per_minute': False, 'use_is_high_velocity': True, 'use_txn_count_last_5min': False, 'use_amount_to_avg_ratio': True, 'use_amount_to_avg_ratio_7d': False, 'use_amount_vs_median': True, 'use_amount_change_ratio': True, 'use_user_spending_ratio_last24h': True, 'use_transaction_hour': False, 'use_transaction_hour_sin': False, 'use_transaction_hour_cos': True, 'use_transaction_dayOfWeek': False, 'use_days_since_last_transaction': False, 'use_is_unusual_hour_for_user': True, 'use_time_diff': False, 'use_user_avg_transaction_interval': False, 'use_zscore_amount_per_user': True, 'use_burst_small_txn_count_last_min': False, 'use_user_transaction_amount_std': False, 'use_amount_7d_avg': False, 'use_user_total_spend_todate': True, 'use_merchant_risk': True, 'use_merchant': True, 'use_merchant_avg_fraud_rate': False, 'use_user_merchant_transaction_count': False, 'use_num_distinct_merchants_24h': False, 'use_is_location_anomalous': False, 'use_is_location_mismatch': True, 'max_depth': 5, 'learning_rate': 0.03627511217866288, 'subsample': 0.955758669180425, 'colsample_bytree': 0.7006191770523259, 'gamma': 0.2610440166235516, 'reg_alpha': 0.36277814689537013}. Best is trial 12 with value: 0.4226001838361389.
[2025-07-05T05:12:21.900+0000] {logging_mixin.py:190} WARNING - Best trial: 12. Best value: 0.4226:  90%|######### | 18/20 [02:45<00:18,  9.20s/it]
[2025-07-05T05:12:21.906+0000] {logging_mixin.py:190} WARNING - Best trial: 12. Best value: 0.4226:  90%|######### | 18/20 [02:45<00:18,  9.20s/it]
[2025-07-05T05:12:21.907+0000] {logging_mixin.py:190} WARNING - Best trial: 12. Best value: 0.4226:  95%|#########5| 19/20 [02:45<00:08,  8.23s/it]
[2025-07-05T05:12:21.983+0000] {warnings.py:112} WARNING - /home/***/.local/lib/python3.12/site-packages/joblib/parallel.py:1379: UserWarning: Loky-backed parallel loops cannot be called in a multiprocessing, setting n_jobs=1
  n_jobs = self._backend.configure(

[2025-07-05T05:12:27.875+0000] {logging_mixin.py:190} WARNING -                                                                                    
[2025-07-05T05:12:27.875+0000] {logging_mixin.py:190} WARNING - 
[2025-07-05T05:12:27.876+0000] {logging_mixin.py:190} INFO - [I 2025-07-05 05:12:27,874] Trial 19 finished with value: 0.3816888798517702 and parameters: {'use_amount': False, 'use_is_night': True, 'use_is_weekend': False, 'use_transaction_day': False, 'use_amount_spent_last24h': False, 'use_prev_amount': True, 'use_user_activity_24h': False, 'use_user_transactions_per_minute': False, 'use_is_high_velocity': False, 'use_txn_count_last_5min': True, 'use_amount_to_avg_ratio': True, 'use_amount_to_avg_ratio_7d': False, 'use_amount_vs_median': True, 'use_amount_change_ratio': False, 'use_user_spending_ratio_last24h': True, 'use_transaction_hour': False, 'use_transaction_hour_sin': False, 'use_transaction_hour_cos': True, 'use_transaction_dayOfWeek': True, 'use_days_since_last_transaction': False, 'use_is_unusual_hour_for_user': False, 'use_time_diff': False, 'use_user_avg_transaction_interval': False, 'use_zscore_amount_per_user': False, 'use_burst_small_txn_count_last_min': True, 'use_user_transaction_amount_std': False, 'use_amount_7d_avg': False, 'use_user_total_spend_todate': True, 'use_merchant_risk': True, 'use_merchant': True, 'use_merchant_avg_fraud_rate': False, 'use_user_merchant_transaction_count': True, 'use_num_distinct_merchants_24h': True, 'use_is_location_anomalous': True, 'use_is_location_mismatch': True, 'max_depth': 6, 'learning_rate': 0.022334258260915885, 'subsample': 0.898276876392757, 'colsample_bytree': 0.8999943023832702, 'gamma': 0.1891048764688001, 'reg_alpha': 0.22080093537624781}. Best is trial 12 with value: 0.4226001838361389.
[2025-07-05T05:12:27.877+0000] {logging_mixin.py:190} WARNING - Best trial: 12. Best value: 0.4226:  95%|#########5| 19/20 [02:51<00:08,  8.23s/it]
[2025-07-05T05:12:27.881+0000] {logging_mixin.py:190} WARNING - Best trial: 12. Best value: 0.4226:  95%|#########5| 19/20 [02:51<00:08,  8.23s/it]
[2025-07-05T05:12:27.882+0000] {logging_mixin.py:190} WARNING - Best trial: 12. Best value: 0.4226: 100%|##########| 20/20 [02:51<00:00,  7.55s/it]
[2025-07-05T05:12:27.883+0000] {logging_mixin.py:190} WARNING - Best trial: 12. Best value: 0.4226: 100%|##########| 20/20 [02:51<00:00,  8.55s/it]
[2025-07-05T05:12:27.885+0000] {fraud_detection_training.py:599} INFO - Best hyperparameters using Optuna: {'use_amount': False, 'use_is_night': True, 'use_is_weekend': False, 'use_transaction_day': False, 'use_amount_spent_last24h': False, 'use_prev_amount': True, 'use_user_activity_24h': False, 'use_user_transactions_per_minute': False, 'use_is_high_velocity': False, 'use_txn_count_last_5min': True, 'use_amount_to_avg_ratio': True, 'use_amount_to_avg_ratio_7d': False, 'use_amount_vs_median': True, 'use_amount_change_ratio': False, 'use_user_spending_ratio_last24h': True, 'use_transaction_hour': False, 'use_transaction_hour_sin': False, 'use_transaction_hour_cos': True, 'use_transaction_dayOfWeek': True, 'use_days_since_last_transaction': False, 'use_is_unusual_hour_for_user': False, 'use_time_diff': False, 'use_user_avg_transaction_interval': False, 'use_zscore_amount_per_user': False, 'use_burst_small_txn_count_last_min': True, 'use_user_transaction_amount_std': False, 'use_amount_7d_avg': False, 'use_user_total_spend_todate': True, 'use_merchant_risk': True, 'use_merchant': True, 'use_merchant_avg_fraud_rate': False, 'use_user_merchant_transaction_count': True, 'use_num_distinct_merchants_24h': True, 'use_is_location_anomalous': True, 'use_is_location_mismatch': True, 'max_depth': 5, 'learning_rate': 0.09951475561206649, 'subsample': 0.9857592914265577, 'colsample_bytree': 0.985829945419233, 'gamma': 0.2869385909973272, 'reg_alpha': 0.49943463300533364}
[2025-07-05T05:12:28.482+0000] {warnings.py:112} WARNING - /home/***/.local/lib/python3.12/site-packages/xgboost/training.py:183: UserWarning: [05:12:28] WARNING: /workspace/src/learner.cc:738: 
Parameters: { "use_amount", "use_amount_7d_avg", "use_amount_change_ratio", "use_amount_spent_last24h", "use_amount_to_avg_ratio", "use_amount_to_avg_ratio_7d", "use_amount_vs_median", "use_burst_small_txn_count_last_min", "use_days_since_last_transaction", "use_is_high_velocity", "use_is_location_anomalous", "use_is_location_mismatch", "use_is_night", "use_is_unusual_hour_for_user", "use_is_weekend", "use_merchant", "use_merchant_avg_fraud_rate", "use_merchant_risk", "use_num_distinct_merchants_24h", "use_prev_amount", "use_time_diff", "use_transaction_day", "use_transaction_dayOfWeek", "use_transaction_hour", "use_transaction_hour_cos", "use_transaction_hour_sin", "use_txn_count_last_5min", "use_user_activity_24h", "use_user_avg_transaction_interval", "use_user_merchant_transaction_count", "use_user_spending_ratio_last24h", "use_user_total_spend_todate", "use_user_transaction_amount_std", "use_user_transactions_per_minute", "use_zscore_amount_per_user" } are not used.

  bst.update(dtrain, iteration=i, fobj=obj)

[2025-07-05T05:12:29.312+0000] {credentials.py:1147} INFO - Found credentials in environment variables.
[2025-07-05T05:12:29.632+0000] {fraud_detection_training.py:665} INFO - Optimal threhsold determined: 0.7156
[2025-07-05T05:12:32.624+0000] {warnings.py:112} WARNING - /home/***/.local/lib/python3.12/site-packages/mlflow/types/utils.py:452: UserWarning: Hint: Inferred schema contains integer column(s). Integer columns in Python cannot represent missing values. If your input data contains missing values at inference time, it will be encoded as floats and will cause a schema enforcement error. The best way to avoid this problem is to infer the model schema based on a realistic data sample (training dataset) that includes missing values. Alternatively, you can declare integer columns as doubles (float64) whenever these columns may have missing values. See `Handling Integers With Missing Values <https://www.mlflow.org/docs/latest/models.html#handling-integers-with-missing-values>`_ for more details.
  warnings.warn(

[2025-07-05T05:12:32.640+0000] {logging_mixin.py:190} WARNING - 2025/07/05 05:12:32 WARNING mlflow.models.model: `artifact_path` is deprecated. Please use `name` instead.
[2025-07-05T05:12:48.139+0000] {logging_mixin.py:190} WARNING - Registered model 'fraud_detection_model' already exists. Creating a new version of this model...
[2025-07-05T05:12:49.313+0000] {logging_mixin.py:190} WARNING - 2025/07/05 05:12:49 INFO mlflow.store.model_registry.abstract_store: Waiting up to 300 seconds for model version to finish creation. Model name: fraud_detection_model, version 3
[2025-07-05T05:12:49.314+0000] {logging_mixin.py:190} WARNING - Created version '3' of model 'fraud_detection_model'.
[2025-07-05T05:12:49.485+0000] {fraud_detection_training.py:748} INFO - Training successfully completed with metrics: {'auc_pr': 0.5108252210847369, 'precision': 0.9565217391304348, 'recall': 0.4888888888888889, 'f1': 0.6470588235294118, 'threshold': 0.7155615091323853}
[2025-07-05T05:12:49.534+0000] {logging_mixin.py:190} INFO - 🏃 View run invincible-tern-565 at: http://mlflow-server:5500/#/experiments/1/runs/56c8a5b74bde4a74990fc811ff3e4c57
[2025-07-05T05:12:49.534+0000] {logging_mixin.py:190} INFO - 🧪 View experiment at: http://mlflow-server:5500/#/experiments/1
[2025-07-05T05:12:49.604+0000] {python.py:240} INFO - Done. Returned value was: {'status': 'success', 'precision': {'auc_pr': 0.5108252210847369, 'precision': 0.9565217391304348, 'recall': 0.4888888888888889, 'f1': 0.6470588235294118, 'threshold': 0.7155615091323853}}
[2025-07-05T05:12:49.655+0000] {taskinstance.py:341} INFO - ::group::Post task execution logs
[2025-07-05T05:12:49.656+0000] {taskinstance.py:353} INFO - Marking task as SUCCESS. dag_id=fraud_detection_training, task_id=execute_training, run_id=scheduled__2025-07-04T03:00:00+00:00, execution_date=20250704T030000, start_date=20250705T045750, end_date=20250705T051249
[2025-07-05T05:12:49.811+0000] {local_task_job_runner.py:266} INFO - Task exited with return code 0
[2025-07-05T05:12:50.074+0000] {taskinstance.py:3901} INFO - 1 downstream tasks scheduled from follow-on schedule check
[2025-07-05T05:12:50.077+0000] {local_task_job_runner.py:245} INFO - ::endgroup::
