[2025-07-05T05:10:03.123+0000] {logging_mixin.py:190} INFO - [I 2025-07-05 05:10:03,121] Trial 1 finished with value: 0.33471233878266576 and parameters: {'use_amount': False, 'use_is_night': False, 'use_is_weekend': False, 'use_transaction_day': True, 'use_amount_spent_last24h': False, 'use_prev_amount': False, 'use_user_activity_24h': False, 'use_user_transactions_per_minute': True, 'use_is_high_velocity': False, 'use_txn_count_last_5min': True, 'use_amount_to_avg_ratio': True, 'use_amount_to_avg_ratio_7d': False, 'use_amount_vs_median': True, 'use_amount_change_ratio': False, 'use_user_spending_ratio_last24h': True, 'use_transaction_hour': True, 'use_transaction_hour_sin': True, 'use_transaction_hour_cos': True, 'use_transaction_dayOfWeek': True, 'use_days_since_last_transaction': True, 'use_is_unusual_hour_for_user': True, 'use_time_diff': False, 'use_user_avg_transaction_interval': True, 'use_zscore_amount_per_user': False, 'use_burst_small_txn_count_last_min': True, 'use_user_transaction_amount_std': True, 'use_amount_7d_avg': True, 'use_user_total_spend_todate': False, 'use_merchant_risk': False, 'use_merchant': True, 'use_merchant_avg_fraud_rate': False, 'use_user_merchant_transaction_count': True, 'use_num_distinct_merchants_24h': False, 'use_is_location_anomalous': True, 'use_is_location_mismatch': True, 'max_depth': 7, 'learning_rate': 0.011797050136629846, 'subsample': 0.6247293805474105, 'colsample_bytree': 0.7713752350023207, 'gamma': 0.11694007763198111, 'reg_alpha': 0.06561355896143184}. Best is trial 1 with value: 0.33471233878266576.
[2025-07-05T05:10:03.124+0000] {logging_mixin.py:190} WARNING - Best trial: 0. Best value: 0.32056:   5%|5         | 1/20 [00:26<02:12,  6.97s/it]
[2025-07-05T05:10:03.129+0000] {logging_mixin.py:190} WARNING - Best trial: 1. Best value: 0.334712:   5%|5         | 1/20 [00:26<02:12,  6.97s/it]
[2025-07-05T05:10:03.132+0000] {logging_mixin.py:190} WARNING - Best trial: 1. Best value: 0.334712:  10%|#         | 2/20 [00:26<04:15, 14.22s/it]
[2025-07-05T05:10:03.151+0000] {warnings.py:112} WARNING - /home/***/.local/lib/python3.12/site-packages/joblib/parallel.py:1379: UserWarning: Loky-backed parallel loops cannot be called in a multiprocessing, setting n_jobs=1
  n_jobs = self._backend.configure(

[2025-07-05T05:10:07.856+0000] {logging_mixin.py:190} WARNING -                                                                                    
[2025-07-05T05:10:07.857+0000] {logging_mixin.py:190} WARNING - 
[2025-07-05T05:10:07.857+0000] {logging_mixin.py:190} INFO - [I 2025-07-05 05:10:07,855] Trial 2 finished with value: 0.13236562961069953 and parameters: {'use_amount': False, 'use_is_night': True, 'use_is_weekend': True, 'use_transaction_day': True, 'use_amount_spent_last24h': True, 'use_prev_amount': False, 'use_user_activity_24h': True, 'use_user_transactions_per_minute': True, 'use_is_high_velocity': False, 'use_txn_count_last_5min': True, 'use_amount_to_avg_ratio': True, 'use_amount_to_avg_ratio_7d': False, 'use_amount_vs_median': False, 'use_amount_change_ratio': False, 'use_user_spending_ratio_last24h': False, 'use_transaction_hour': False, 'use_transaction_hour_sin': True, 'use_transaction_hour_cos': False, 'use_transaction_dayOfWeek': False, 'use_days_since_last_transaction': True, 'use_is_unusual_hour_for_user': True, 'use_time_diff': False, 'use_user_avg_transaction_interval': True, 'use_zscore_amount_per_user': False, 'use_burst_small_txn_count_last_min': True, 'use_user_transaction_amount_std': False, 'use_amount_7d_avg': False, 'use_user_total_spend_todate': True, 'use_merchant_risk': False, 'use_merchant': False, 'use_merchant_avg_fraud_rate': True, 'use_user_merchant_transaction_count': False, 'use_num_distinct_merchants_24h': False, 'use_is_location_anomalous': True, 'use_is_location_mismatch': False, 'max_depth': 3, 'learning_rate': 0.01763319020057654, 'subsample': 0.8863411202576075, 'colsample_bytree': 0.7390394991445214, 'gamma': 0.1257534930231146, 'reg_alpha': 0.3115652772322538}. Best is trial 1 with value: 0.33471233878266576.
[2025-07-05T05:10:07.858+0000] {logging_mixin.py:190} WARNING - Best trial: 1. Best value: 0.334712:  10%|#         | 2/20 [00:30<04:15, 14.22s/it]
[2025-07-05T05:10:07.863+0000] {logging_mixin.py:190} WARNING - Best trial: 1. Best value: 0.334712:  10%|#         | 2/20 [00:30<04:15, 14.22s/it]
[2025-07-05T05:10:07.863+0000] {logging_mixin.py:190} WARNING - Best trial: 1. Best value: 0.334712:  15%|#5        | 3/20 [00:30<02:48,  9.89s/it]
[2025-07-05T05:10:07.877+0000] {warnings.py:112} WARNING - /home/***/.local/lib/python3.12/site-packages/joblib/parallel.py:1379: UserWarning: Loky-backed parallel loops cannot be called in a multiprocessing, setting n_jobs=1
  n_jobs = self._backend.configure(

[2025-07-05T05:10:16.004+0000] {logging_mixin.py:190} WARNING -                                                                                    
[2025-07-05T05:10:16.004+0000] {logging_mixin.py:190} WARNING - 
[2025-07-05T05:10:16.005+0000] {logging_mixin.py:190} INFO - [I 2025-07-05 05:10:16,003] Trial 3 finished with value: 0.39230516536987303 and parameters: {'use_amount': False, 'use_is_night': False, 'use_is_weekend': True, 'use_transaction_day': True, 'use_amount_spent_last24h': True, 'use_prev_amount': True, 'use_user_activity_24h': False, 'use_user_transactions_per_minute': False, 'use_is_high_velocity': True, 'use_txn_count_last_5min': False, 'use_amount_to_avg_ratio': False, 'use_amount_to_avg_ratio_7d': True, 'use_amount_vs_median': False, 'use_amount_change_ratio': True, 'use_user_spending_ratio_last24h': False, 'use_transaction_hour': True, 'use_transaction_hour_sin': True, 'use_transaction_hour_cos': True, 'use_transaction_dayOfWeek': False, 'use_days_since_last_transaction': True, 'use_is_unusual_hour_for_user': False, 'use_time_diff': True, 'use_user_avg_transaction_interval': True, 'use_zscore_amount_per_user': True, 'use_burst_small_txn_count_last_min': False, 'use_user_transaction_amount_std': True, 'use_amount_7d_avg': False, 'use_user_total_spend_todate': True, 'use_merchant_risk': False, 'use_merchant': False, 'use_merchant_avg_fraud_rate': False, 'use_user_merchant_transaction_count': False, 'use_num_distinct_merchants_24h': True, 'use_is_location_anomalous': True, 'use_is_location_mismatch': False, 'max_depth': 7, 'learning_rate': 0.029055029671974212, 'subsample': 0.7066125724053929, 'colsample_bytree': 0.6494776804927711, 'gamma': 0.053714590394484105, 'reg_alpha': 0.06674382741459173}. Best is trial 3 with value: 0.39230516536987303.
[2025-07-05T05:10:16.006+0000] {logging_mixin.py:190} WARNING - Best trial: 1. Best value: 0.334712:  15%|#5        | 3/20 [00:39<02:48,  9.89s/it]
[2025-07-05T05:10:16.010+0000] {logging_mixin.py:190} WARNING - Best trial: 3. Best value: 0.392305:  15%|#5        | 3/20 [00:39<02:48,  9.89s/it]
[2025-07-05T05:10:16.011+0000] {logging_mixin.py:190} WARNING - Best trial: 3. Best value: 0.392305:  20%|##        | 4/20 [00:39<02:27,  9.20s/it]
[2025-07-05T05:10:16.025+0000] {warnings.py:112} WARNING - /home/***/.local/lib/python3.12/site-packages/joblib/parallel.py:1379: UserWarning: Loky-backed parallel loops cannot be called in a multiprocessing, setting n_jobs=1
  n_jobs = self._backend.configure(

[2025-07-05T05:10:32.618+0000] {logging_mixin.py:190} WARNING -                                                                                    
[2025-07-05T05:10:32.619+0000] {logging_mixin.py:190} WARNING - 
[2025-07-05T05:10:32.619+0000] {logging_mixin.py:190} INFO - [I 2025-07-05 05:10:32,617] Trial 4 finished with value: 0.4131017198167834 and parameters: {'use_amount': False, 'use_is_night': True, 'use_is_weekend': False, 'use_transaction_day': True, 'use_amount_spent_last24h': False, 'use_prev_amount': True, 'use_user_activity_24h': False, 'use_user_transactions_per_minute': True, 'use_is_high_velocity': False, 'use_txn_count_last_5min': True, 'use_amount_to_avg_ratio': True, 'use_amount_to_avg_ratio_7d': False, 'use_amount_vs_median': True, 'use_amount_change_ratio': False, 'use_user_spending_ratio_last24h': True, 'use_transaction_hour': True, 'use_transaction_hour_sin': True, 'use_transaction_hour_cos': True, 'use_transaction_dayOfWeek': True, 'use_days_since_last_transaction': True, 'use_is_unusual_hour_for_user': False, 'use_time_diff': False, 'use_user_avg_transaction_interval': False, 'use_zscore_amount_per_user': False, 'use_burst_small_txn_count_last_min': True, 'use_user_transaction_amount_std': False, 'use_amount_7d_avg': False, 'use_user_total_spend_todate': True, 'use_merchant_risk': True, 'use_merchant': False, 'use_merchant_avg_fraud_rate': False, 'use_user_merchant_transaction_count': True, 'use_num_distinct_merchants_24h': True, 'use_is_location_anomalous': True, 'use_is_location_mismatch': True, 'max_depth': 3, 'learning_rate': 0.09185153152105578, 'subsample': 0.8431994910810536, 'colsample_bytree': 0.8009968081053721, 'gamma': 0.21921643416258038, 'reg_alpha': 0.2844993550604604}. Best is trial 4 with value: 0.4131017198167834.
[2025-07-05T05:10:32.620+0000] {logging_mixin.py:190} WARNING - Best trial: 3. Best value: 0.392305:  20%|##        | 4/20 [00:55<02:27,  9.20s/it]
[2025-07-05T05:10:32.625+0000] {logging_mixin.py:190} WARNING - Best trial: 4. Best value: 0.413102:  20%|##        | 4/20 [00:55<02:27,  9.20s/it]
[2025-07-05T05:10:32.626+0000] {logging_mixin.py:190} WARNING - Best trial: 4. Best value: 0.413102:  25%|##5       | 5/20 [00:55<02:58, 11.87s/it]
[2025-07-05T05:10:32.640+0000] {warnings.py:112} WARNING - /home/***/.local/lib/python3.12/site-packages/joblib/parallel.py:1379: UserWarning: Loky-backed parallel loops cannot be called in a multiprocessing, setting n_jobs=1
  n_jobs = self._backend.configure(

[2025-07-05T05:10:39.077+0000] {logging_mixin.py:190} WARNING -                                                                                    
[2025-07-05T05:10:39.078+0000] {logging_mixin.py:190} WARNING - 
[2025-07-05T05:10:39.078+0000] {logging_mixin.py:190} INFO - [I 2025-07-05 05:10:39,076] Trial 5 finished with value: 0.4101182237755013 and parameters: {'use_amount': False, 'use_is_night': True, 'use_is_weekend': True, 'use_transaction_day': True, 'use_amount_spent_last24h': False, 'use_prev_amount': False, 'use_user_activity_24h': True, 'use_user_transactions_per_minute': False, 'use_is_high_velocity': True, 'use_txn_count_last_5min': True, 'use_amount_to_avg_ratio': False, 'use_amount_to_avg_ratio_7d': True, 'use_amount_vs_median': False, 'use_amount_change_ratio': False, 'use_user_spending_ratio_last24h': False, 'use_transaction_hour': True, 'use_transaction_hour_sin': False, 'use_transaction_hour_cos': True, 'use_transaction_dayOfWeek': True, 'use_days_since_last_transaction': True, 'use_is_unusual_hour_for_user': False, 'use_time_diff': True, 'use_user_avg_transaction_interval': False, 'use_zscore_amount_per_user': True, 'use_burst_small_txn_count_last_min': False, 'use_user_transaction_amount_std': True, 'use_amount_7d_avg': True, 'use_user_total_spend_todate': True, 'use_merchant_risk': True, 'use_merchant': False, 'use_merchant_avg_fraud_rate': False, 'use_user_merchant_transaction_count': False, 'use_num_distinct_merchants_24h': True, 'use_is_location_anomalous': True, 'use_is_location_mismatch': True, 'max_depth': 5, 'learning_rate': 0.05946809582461695, 'subsample': 0.7777033754343817, 'colsample_bytree': 0.6352395765870936, 'gamma': 0.031843340846793466, 'reg_alpha': 0.45728374467382665}. Best is trial 4 with value: 0.4131017198167834.
[2025-07-05T05:10:39.079+0000] {logging_mixin.py:190} WARNING - Best trial: 4. Best value: 0.413102:  25%|##5       | 5/20 [01:02<02:58, 11.87s/it]
[2025-07-05T05:10:39.084+0000] {logging_mixin.py:190} WARNING - Best trial: 4. Best value: 0.413102:  25%|##5       | 5/20 [01:02<02:58, 11.87s/it]
[2025-07-05T05:10:39.084+0000] {logging_mixin.py:190} WARNING - Best trial: 4. Best value: 0.413102:  30%|###       | 6/20 [01:02<02:20, 10.03s/it]
[2025-07-05T05:10:39.100+0000] {warnings.py:112} WARNING - /home/***/.local/lib/python3.12/site-packages/joblib/parallel.py:1379: UserWarning: Loky-backed parallel loops cannot be called in a multiprocessing, setting n_jobs=1
  n_jobs = self._backend.configure(

[2025-07-05T05:10:44.043+0000] {logging_mixin.py:190} WARNING -                                                                                    
[2025-07-05T05:10:44.044+0000] {logging_mixin.py:190} WARNING - 
[2025-07-05T05:10:44.045+0000] {logging_mixin.py:190} INFO - [I 2025-07-05 05:10:44,043] Trial 6 finished with value: 0.3197697716698514 and parameters: {'use_amount': False, 'use_is_night': False, 'use_is_weekend': False, 'use_transaction_day': True, 'use_amount_spent_last24h': False, 'use_prev_amount': True, 'use_user_activity_24h': False, 'use_user_transactions_per_minute': True, 'use_is_high_velocity': False, 'use_txn_count_last_5min': False, 'use_amount_to_avg_ratio': False, 'use_amount_to_avg_ratio_7d': True, 'use_amount_vs_median': False, 'use_amount_change_ratio': False, 'use_user_spending_ratio_last24h': False, 'use_transaction_hour': True, 'use_transaction_hour_sin': False, 'use_transaction_hour_cos': False, 'use_transaction_dayOfWeek': True, 'use_days_since_last_transaction': False, 'use_is_unusual_hour_for_user': False, 'use_time_diff': False, 'use_user_avg_transaction_interval': True, 'use_zscore_amount_per_user': True, 'use_burst_small_txn_count_last_min': False, 'use_user_transaction_amount_std': True, 'use_amount_7d_avg': True, 'use_user_total_spend_todate': True, 'use_merchant_risk': False, 'use_merchant': False, 'use_merchant_avg_fraud_rate': True, 'use_user_merchant_transaction_count': True, 'use_num_distinct_merchants_24h': False, 'use_is_location_anomalous': True, 'use_is_location_mismatch': False, 'max_depth': 3, 'learning_rate': 0.04380652974158596, 'subsample': 0.7366201373513033, 'colsample_bytree': 0.9006796319566317, 'gamma': 0.0015544751798407975, 'reg_alpha': 0.09506519351176262}. Best is trial 4 with value: 0.4131017198167834.
[2025-07-05T05:10:44.045+0000] {logging_mixin.py:190} WARNING - Best trial: 4. Best value: 0.413102:  30%|###       | 6/20 [01:07<02:20, 10.03s/it]
[2025-07-05T05:10:44.050+0000] {logging_mixin.py:190} WARNING - Best trial: 4. Best value: 0.413102:  30%|###       | 6/20 [01:07<02:20, 10.03s/it]
[2025-07-05T05:10:44.050+0000] {logging_mixin.py:190} WARNING - Best trial: 4. Best value: 0.413102:  35%|###5      | 7/20 [01:07<01:48,  8.38s/it]
[2025-07-05T05:10:44.063+0000] {warnings.py:112} WARNING - /home/***/.local/lib/python3.12/site-packages/joblib/parallel.py:1379: UserWarning: Loky-backed parallel loops cannot be called in a multiprocessing, setting n_jobs=1
  n_jobs = self._backend.configure(

[2025-07-05T05:10:49.388+0000] {logging_mixin.py:190} WARNING -                                                                                    
[2025-07-05T05:10:49.389+0000] {logging_mixin.py:190} WARNING - 
[2025-07-05T05:10:49.389+0000] {logging_mixin.py:190} INFO - [I 2025-07-05 05:10:49,387] Trial 7 finished with value: 0.11369369720690468 and parameters: {'use_amount': True, 'use_is_night': False, 'use_is_weekend': True, 'use_transaction_day': True, 'use_amount_spent_last24h': False, 'use_prev_amount': False, 'use_user_activity_24h': False, 'use_user_transactions_per_minute': True, 'use_is_high_velocity': True, 'use_txn_count_last_5min': False, 'use_amount_to_avg_ratio': True, 'use_amount_to_avg_ratio_7d': False, 'use_amount_vs_median': False, 'use_amount_change_ratio': True, 'use_user_spending_ratio_last24h': False, 'use_transaction_hour': True, 'use_transaction_hour_sin': True, 'use_transaction_hour_cos': True, 'use_transaction_dayOfWeek': False, 'use_days_since_last_transaction': True, 'use_is_unusual_hour_for_user': True, 'use_time_diff': False, 'use_user_avg_transaction_interval': False, 'use_zscore_amount_per_user': False, 'use_burst_small_txn_count_last_min': True, 'use_user_transaction_amount_std': True, 'use_amount_7d_avg': False, 'use_user_total_spend_todate': False, 'use_merchant_risk': True, 'use_merchant': False, 'use_merchant_avg_fraud_rate': True, 'use_user_merchant_transaction_count': True, 'use_num_distinct_merchants_24h': True, 'use_is_location_anomalous': False, 'use_is_location_mismatch': False, 'max_depth': 3, 'learning_rate': 0.011852042749524911, 'subsample': 0.7788862152528522, 'colsample_bytree': 0.7775945779913694, 'gamma': 0.09072976774602118, 'reg_alpha': 0.3153270598925115}. Best is trial 4 with value: 0.4131017198167834.
[2025-07-05T05:10:49.390+0000] {logging_mixin.py:190} WARNING - Best trial: 4. Best value: 0.413102:  35%|###5      | 7/20 [01:12<01:48,  8.38s/it]
[2025-07-05T05:10:49.395+0000] {logging_mixin.py:190} WARNING - Best trial: 4. Best value: 0.413102:  35%|###5      | 7/20 [01:12<01:48,  8.38s/it]
[2025-07-05T05:10:49.396+0000] {logging_mixin.py:190} WARNING - Best trial: 4. Best value: 0.413102:  40%|####      | 8/20 [01:12<01:28,  7.41s/it]
[2025-07-05T05:10:49.413+0000] {warnings.py:112} WARNING - /home/***/.local/lib/python3.12/site-packages/joblib/parallel.py:1379: UserWarning: Loky-backed parallel loops cannot be called in a multiprocessing, setting n_jobs=1
  n_jobs = self._backend.configure(

[2025-07-05T05:11:06.892+0000] {logging_mixin.py:190} WARNING -                                                                                    
[2025-07-05T05:11:06.892+0000] {logging_mixin.py:190} WARNING - 
[2025-07-05T05:11:06.893+0000] {logging_mixin.py:190} INFO - [I 2025-07-05 05:11:06,891] Trial 8 finished with value: 0.3072589484601695 and parameters: {'use_amount': True, 'use_is_night': False, 'use_is_weekend': True, 'use_transaction_day': False, 'use_amount_spent_last24h': True, 'use_prev_amount': True, 'use_user_activity_24h': True, 'use_user_transactions_per_minute': True, 'use_is_high_velocity': False, 'use_txn_count_last_5min': False, 'use_amount_to_avg_ratio': False, 'use_amount_to_avg_ratio_7d': False, 'use_amount_vs_median': False, 'use_amount_change_ratio': True, 'use_user_spending_ratio_last24h': False, 'use_transaction_hour': True, 'use_transaction_hour_sin': True, 'use_transaction_hour_cos': False, 'use_transaction_dayOfWeek': False, 'use_days_since_last_transaction': False, 'use_is_unusual_hour_for_user': True, 'use_time_diff': True, 'use_user_avg_transaction_interval': False, 'use_zscore_amount_per_user': False, 'use_burst_small_txn_count_last_min': True, 'use_user_transaction_amount_std': False, 'use_amount_7d_avg': True, 'use_user_total_spend_todate': False, 'use_merchant_risk': False, 'use_merchant': False, 'use_merchant_avg_fraud_rate': True, 'use_user_merchant_transaction_count': True, 'use_num_distinct_merchants_24h': True, 'use_is_location_anomalous': False, 'use_is_location_mismatch': False, 'max_depth': 6, 'learning_rate': 0.015219541739527458, 'subsample': 0.983925377686168, 'colsample_bytree': 0.8466590473938161, 'gamma': 0.10278710785225467, 'reg_alpha': 0.17356029261182732}. Best is trial 4 with value: 0.4131017198167834.
[2025-07-05T05:11:06.894+0000] {logging_mixin.py:190} WARNING - Best trial: 4. Best value: 0.413102:  40%|####      | 8/20 [01:30<01:28,  7.41s/it]
[2025-07-05T05:11:06.899+0000] {logging_mixin.py:190} WARNING - Best trial: 4. Best value: 0.413102:  40%|####      | 8/20 [01:30<01:28,  7.41s/it]
[2025-07-05T05:11:06.900+0000] {logging_mixin.py:190} WARNING - Best trial: 4. Best value: 0.413102:  45%|####5     | 9/20 [01:30<01:56, 10.57s/it]
[2025-07-05T05:11:06.916+0000] {warnings.py:112} WARNING - /home/***/.local/lib/python3.12/site-packages/joblib/parallel.py:1379: UserWarning: Loky-backed parallel loops cannot be called in a multiprocessing, setting n_jobs=1
  n_jobs = self._backend.configure(

[2025-07-05T05:11:12.432+0000] {logging_mixin.py:190} WARNING -                                                                                    
[2025-07-05T05:11:12.433+0000] {logging_mixin.py:190} WARNING - 
