[2025-07-05T05:11:12.433+0000] {logging_mixin.py:190} INFO - [I 2025-07-05 05:11:12,431] Trial 9 finished with value: 0.3874079621621476 and parameters: {'use_amount': True, 'use_is_night': True, 'use_is_weekend': True, 'use_transaction_day': False, 'use_amount_spent_last24h': False, 'use_prev_amount': False, 'use_user_activity_24h': False, 'use_user_transactions_per_minute': True, 'use_is_high_velocity': False, 'use_txn_count_last_5min': True, 'use_amount_to_avg_ratio': True, 'use_amount_to_avg_ratio_7d': True, 'use_amount_vs_median': True, 'use_amount_change_ratio': True, 'use_user_spending_ratio_last24h': True, 'use_transaction_hour': True, 'use_transaction_hour_sin': True, 'use_transaction_hour_cos': False, 'use_transaction_dayOfWeek': True, 'use_days_since_last_transaction': True, 'use_is_unusual_hour_for_user': False, 'use_time_diff': True, 'use_user_avg_transaction_interval': False, 'use_zscore_amount_per_user': True, 'use_burst_small_txn_count_last_min': False, 'use_user_transaction_amount_std': False, 'use_amount_7d_avg': False, 'use_user_total_spend_todate': False, 'use_merchant_risk': True, 'use_merchant': False, 'use_merchant_avg_fraud_rate': True, 'use_user_merchant_transaction_count': False, 'use_num_distinct_merchants_24h': False, 'use_is_location_anomalous': False, 'use_is_location_mismatch': True, 'max_depth': 3, 'learning_rate': 0.08093728941903787, 'subsample': 0.6429249538785754, 'colsample_bytree': 0.8044247438565827, 'gamma': 0.11827727773308996, 'reg_alpha': 0.22005775560198393}. Best is trial 4 with value: 0.4131017198167834.
[2025-07-05T05:11:12.434+0000] {logging_mixin.py:190} WARNING - Best trial: 4. Best value: 0.413102:  45%|####5     | 9/20 [01:35<01:56, 10.57s/it]
[2025-07-05T05:11:12.439+0000] {logging_mixin.py:190} WARNING - Best trial: 4. Best value: 0.413102:  45%|####5     | 9/20 [01:35<01:56, 10.57s/it]
[2025-07-05T05:11:12.440+0000] {logging_mixin.py:190} WARNING - Best trial: 4. Best value: 0.413102:  50%|#####     | 10/20 [01:35<01:30,  9.01s/it]
[2025-07-05T05:11:12.521+0000] {warnings.py:112} WARNING - /home/***/.local/lib/python3.12/site-packages/joblib/parallel.py:1379: UserWarning: Loky-backed parallel loops cannot be called in a multiprocessing, setting n_jobs=1
  n_jobs = self._backend.configure(

[2025-07-05T05:11:18.801+0000] {logging_mixin.py:190} WARNING -                                                                                     
[2025-07-05T05:11:18.802+0000] {logging_mixin.py:190} WARNING - 
[2025-07-05T05:11:18.803+0000] {logging_mixin.py:190} INFO - [I 2025-07-05 05:11:18,801] Trial 10 finished with value: 0.4209660737114627 and parameters: {'use_amount': False, 'use_is_night': True, 'use_is_weekend': False, 'use_transaction_day': False, 'use_amount_spent_last24h': False, 'use_prev_amount': True, 'use_user_activity_24h': False, 'use_user_transactions_per_minute': False, 'use_is_high_velocity': False, 'use_txn_count_last_5min': True, 'use_amount_to_avg_ratio': True, 'use_amount_to_avg_ratio_7d': False, 'use_amount_vs_median': True, 'use_amount_change_ratio': False, 'use_user_spending_ratio_last24h': True, 'use_transaction_hour': False, 'use_transaction_hour_sin': False, 'use_transaction_hour_cos': True, 'use_transaction_dayOfWeek': True, 'use_days_since_last_transaction': False, 'use_is_unusual_hour_for_user': False, 'use_time_diff': False, 'use_user_avg_transaction_interval': False, 'use_zscore_amount_per_user': False, 'use_burst_small_txn_count_last_min': True, 'use_user_transaction_amount_std': False, 'use_amount_7d_avg': False, 'use_user_total_spend_todate': True, 'use_merchant_risk': True, 'use_merchant': True, 'use_merchant_avg_fraud_rate': False, 'use_user_merchant_transaction_count': True, 'use_num_distinct_merchants_24h': True, 'use_is_location_anomalous': True, 'use_is_location_mismatch': True, 'max_depth': 5, 'learning_rate': 0.08896857823093848, 'subsample': 0.942171533852945, 'colsample_bytree': 0.9967551345487742, 'gamma': 0.23619861090391406, 'reg_alpha': 0.4955052596209464}. Best is trial 10 with value: 0.4209660737114627.
[2025-07-05T05:11:18.803+0000] {logging_mixin.py:190} WARNING - Best trial: 4. Best value: 0.413102:  50%|#####     | 10/20 [01:41<01:30,  9.01s/it]
[2025-07-05T05:11:18.809+0000] {logging_mixin.py:190} WARNING - Best trial: 10. Best value: 0.420966:  50%|#####     | 10/20 [01:41<01:30,  9.01s/it]
[2025-07-05T05:11:18.810+0000] {logging_mixin.py:190} WARNING - Best trial: 10. Best value: 0.420966:  55%|#####5    | 11/20 [01:41<01:13,  8.21s/it]
[2025-07-05T05:11:18.879+0000] {warnings.py:112} WARNING - /home/***/.local/lib/python3.12/site-packages/joblib/parallel.py:1379: UserWarning: Loky-backed parallel loops cannot be called in a multiprocessing, setting n_jobs=1
  n_jobs = self._backend.configure(

[2025-07-05T05:11:24.207+0000] {logging_mixin.py:190} WARNING -                                                                                      
[2025-07-05T05:11:24.208+0000] {logging_mixin.py:190} WARNING - 
[2025-07-05T05:11:24.209+0000] {logging_mixin.py:190} INFO - [I 2025-07-05 05:11:24,207] Trial 11 finished with value: 0.42138553988904787 and parameters: {'use_amount': False, 'use_is_night': True, 'use_is_weekend': False, 'use_transaction_day': False, 'use_amount_spent_last24h': False, 'use_prev_amount': True, 'use_user_activity_24h': False, 'use_user_transactions_per_minute': False, 'use_is_high_velocity': False, 'use_txn_count_last_5min': True, 'use_amount_to_avg_ratio': True, 'use_amount_to_avg_ratio_7d': False, 'use_amount_vs_median': True, 'use_amount_change_ratio': False, 'use_user_spending_ratio_last24h': True, 'use_transaction_hour': False, 'use_transaction_hour_sin': False, 'use_transaction_hour_cos': True, 'use_transaction_dayOfWeek': True, 'use_days_since_last_transaction': False, 'use_is_unusual_hour_for_user': False, 'use_time_diff': False, 'use_user_avg_transaction_interval': False, 'use_zscore_amount_per_user': False, 'use_burst_small_txn_count_last_min': True, 'use_user_transaction_amount_std': False, 'use_amount_7d_avg': False, 'use_user_total_spend_todate': True, 'use_merchant_risk': True, 'use_merchant': True, 'use_merchant_avg_fraud_rate': False, 'use_user_merchant_transaction_count': True, 'use_num_distinct_merchants_24h': True, 'use_is_location_anomalous': True, 'use_is_location_mismatch': True, 'max_depth': 5, 'learning_rate': 0.0953172929731094, 'subsample': 0.9398234322473555, 'colsample_bytree': 0.9555482508172692, 'gamma': 0.22884886813515304, 'reg_alpha': 0.46594032157631543}. Best is trial 11 with value: 0.42138553988904787.
[2025-07-05T05:11:24.209+0000] {logging_mixin.py:190} WARNING - Best trial: 10. Best value: 0.420966:  55%|#####5    | 11/20 [01:47<01:13,  8.21s/it]
[2025-07-05T05:11:24.214+0000] {logging_mixin.py:190} WARNING - Best trial: 11. Best value: 0.421386:  55%|#####5    | 11/20 [01:47<01:13,  8.21s/it]
[2025-07-05T05:11:24.214+0000] {logging_mixin.py:190} WARNING - Best trial: 11. Best value: 0.421386:  60%|######    | 12/20 [01:47<00:58,  7.35s/it]
[2025-07-05T05:11:24.288+0000] {warnings.py:112} WARNING - /home/***/.local/lib/python3.12/site-packages/joblib/parallel.py:1379: UserWarning: Loky-backed parallel loops cannot be called in a multiprocessing, setting n_jobs=1
  n_jobs = self._backend.configure(

[2025-07-05T05:11:29.455+0000] {logging_mixin.py:190} WARNING -                                                                                      
[2025-07-05T05:11:29.456+0000] {logging_mixin.py:190} WARNING - 
[2025-07-05T05:11:29.456+0000] {logging_mixin.py:190} INFO - [I 2025-07-05 05:11:29,455] Trial 12 finished with value: 0.4226001838361389 and parameters: {'use_amount': False, 'use_is_night': True, 'use_is_weekend': False, 'use_transaction_day': False, 'use_amount_spent_last24h': False, 'use_prev_amount': True, 'use_user_activity_24h': False, 'use_user_transactions_per_minute': False, 'use_is_high_velocity': False, 'use_txn_count_last_5min': True, 'use_amount_to_avg_ratio': True, 'use_amount_to_avg_ratio_7d': False, 'use_amount_vs_median': True, 'use_amount_change_ratio': False, 'use_user_spending_ratio_last24h': True, 'use_transaction_hour': False, 'use_transaction_hour_sin': False, 'use_transaction_hour_cos': True, 'use_transaction_dayOfWeek': True, 'use_days_since_last_transaction': False, 'use_is_unusual_hour_for_user': False, 'use_time_diff': False, 'use_user_avg_transaction_interval': False, 'use_zscore_amount_per_user': False, 'use_burst_small_txn_count_last_min': True, 'use_user_transaction_amount_std': False, 'use_amount_7d_avg': False, 'use_user_total_spend_todate': True, 'use_merchant_risk': True, 'use_merchant': True, 'use_merchant_avg_fraud_rate': False, 'use_user_merchant_transaction_count': True, 'use_num_distinct_merchants_24h': True, 'use_is_location_anomalous': True, 'use_is_location_mismatch': True, 'max_depth': 5, 'learning_rate': 0.09951475561206649, 'subsample': 0.9857592914265577, 'colsample_bytree': 0.985829945419233, 'gamma': 0.2869385909973272, 'reg_alpha': 0.49943463300533364}. Best is trial 12 with value: 0.4226001838361389.
[2025-07-05T05:11:29.457+0000] {logging_mixin.py:190} WARNING - Best trial: 11. Best value: 0.421386:  60%|######    | 12/20 [01:52<00:58,  7.35s/it]
[2025-07-05T05:11:29.461+0000] {logging_mixin.py:190} WARNING - Best trial: 12. Best value: 0.4226:  60%|######    | 12/20 [01:52<00:58,  7.35s/it]  
[2025-07-05T05:11:29.462+0000] {logging_mixin.py:190} WARNING - Best trial: 12. Best value: 0.4226:  65%|######5   | 13/20 [01:52<00:47,  6.72s/it]
[2025-07-05T05:11:29.536+0000] {warnings.py:112} WARNING - /home/***/.local/lib/python3.12/site-packages/joblib/parallel.py:1379: UserWarning: Loky-backed parallel loops cannot be called in a multiprocessing, setting n_jobs=1
  n_jobs = self._backend.configure(

[2025-07-05T05:11:44.990+0000] {logging_mixin.py:190} WARNING -                                                                                    
[2025-07-05T05:11:44.991+0000] {logging_mixin.py:190} WARNING - 
[2025-07-05T05:11:44.992+0000] {logging_mixin.py:190} INFO - [I 2025-07-05 05:11:44,990] Trial 13 finished with value: 0.4076602966672005 and parameters: {'use_amount': False, 'use_is_night': True, 'use_is_weekend': False, 'use_transaction_day': False, 'use_amount_spent_last24h': False, 'use_prev_amount': True, 'use_user_activity_24h': False, 'use_user_transactions_per_minute': False, 'use_is_high_velocity': False, 'use_txn_count_last_5min': True, 'use_amount_to_avg_ratio': True, 'use_amount_to_avg_ratio_7d': False, 'use_amount_vs_median': True, 'use_amount_change_ratio': False, 'use_user_spending_ratio_last24h': True, 'use_transaction_hour': False, 'use_transaction_hour_sin': False, 'use_transaction_hour_cos': True, 'use_transaction_dayOfWeek': True, 'use_days_since_last_transaction': False, 'use_is_unusual_hour_for_user': False, 'use_time_diff': False, 'use_user_avg_transaction_interval': False, 'use_zscore_amount_per_user': False, 'use_burst_small_txn_count_last_min': True, 'use_user_transaction_amount_std': False, 'use_amount_7d_avg': False, 'use_user_total_spend_todate': True, 'use_merchant_risk': True, 'use_merchant': True, 'use_merchant_avg_fraud_rate': False, 'use_user_merchant_transaction_count': True, 'use_num_distinct_merchants_24h': True, 'use_is_location_anomalous': True, 'use_is_location_mismatch': True, 'max_depth': 6, 'learning_rate': 0.02930241180649921, 'subsample': 0.9855145257350217, 'colsample_bytree': 0.9973607600765187, 'gamma': 0.2880540253730425, 'reg_alpha': 0.4117496494777225}. Best is trial 12 with value: 0.4226001838361389.
[2025-07-05T05:11:44.993+0000] {logging_mixin.py:190} WARNING - Best trial: 12. Best value: 0.4226:  65%|######5   | 13/20 [02:08<00:47,  6.72s/it]
[2025-07-05T05:11:44.998+0000] {logging_mixin.py:190} WARNING - Best trial: 12. Best value: 0.4226:  65%|######5   | 13/20 [02:08<00:47,  6.72s/it]
[2025-07-05T05:11:44.998+0000] {logging_mixin.py:190} WARNING - Best trial: 12. Best value: 0.4226:  70%|#######   | 14/20 [02:08<00:56,  9.38s/it]
[2025-07-05T05:11:45.070+0000] {warnings.py:112} WARNING - /home/***/.local/lib/python3.12/site-packages/joblib/parallel.py:1379: UserWarning: Loky-backed parallel loops cannot be called in a multiprocessing, setting n_jobs=1
  n_jobs = self._backend.configure(

[2025-07-05T05:11:50.208+0000] {logging_mixin.py:190} WARNING -                                                                                    
[2025-07-05T05:11:50.209+0000] {logging_mixin.py:190} WARNING - 
[2025-07-05T05:11:50.210+0000] {logging_mixin.py:190} INFO - [I 2025-07-05 05:11:50,208] Trial 14 finished with value: 0.40919759716752196 and parameters: {'use_amount': False, 'use_is_night': True, 'use_is_weekend': False, 'use_transaction_day': False, 'use_amount_spent_last24h': False, 'use_prev_amount': True, 'use_user_activity_24h': False, 'use_user_transactions_per_minute': False, 'use_is_high_velocity': False, 'use_txn_count_last_5min': True, 'use_amount_to_avg_ratio': True, 'use_amount_to_avg_ratio_7d': False, 'use_amount_vs_median': True, 'use_amount_change_ratio': False, 'use_user_spending_ratio_last24h': True, 'use_transaction_hour': False, 'use_transaction_hour_sin': False, 'use_transaction_hour_cos': True, 'use_transaction_dayOfWeek': True, 'use_days_since_last_transaction': False, 'use_is_unusual_hour_for_user': False, 'use_time_diff': False, 'use_user_avg_transaction_interval': False, 'use_zscore_amount_per_user': False, 'use_burst_small_txn_count_last_min': True, 'use_user_transaction_amount_std': False, 'use_amount_7d_avg': False, 'use_user_total_spend_todate': True, 'use_merchant_risk': True, 'use_merchant': True, 'use_merchant_avg_fraud_rate': False, 'use_user_merchant_transaction_count': True, 'use_num_distinct_merchants_24h': True, 'use_is_location_anomalous': True, 'use_is_location_mismatch': True, 'max_depth': 4, 'learning_rate': 0.061492395929201214, 'subsample': 0.9094167892726112, 'colsample_bytree': 0.9337558705823973, 'gamma': 0.18949209729093375, 'reg_alpha': 0.3997530235048657}. Best is trial 12 with value: 0.4226001838361389.
[2025-07-05T05:11:50.210+0000] {logging_mixin.py:190} WARNING - Best trial: 12. Best value: 0.4226:  70%|#######   | 14/20 [02:13<00:56,  9.38s/it]
[2025-07-05T05:11:50.215+0000] {logging_mixin.py:190} WARNING - Best trial: 12. Best value: 0.4226:  70%|#######   | 14/20 [02:13<00:56,  9.38s/it]
[2025-07-05T05:11:50.216+0000] {logging_mixin.py:190} WARNING - Best trial: 12. Best value: 0.4226:  75%|#######5  | 15/20 [02:13<00:40,  8.13s/it]
[2025-07-05T05:11:50.291+0000] {warnings.py:112} WARNING - /home/***/.local/lib/python3.12/site-packages/joblib/parallel.py:1379: UserWarning: Loky-backed parallel loops cannot be called in a multiprocessing, setting n_jobs=1
  n_jobs = self._backend.configure(

[2025-07-05T05:11:55.830+0000] {logging_mixin.py:190} WARNING -                                                                                    
[2025-07-05T05:11:55.831+0000] {logging_mixin.py:190} WARNING - 
[2025-07-05T05:11:55.832+0000] {logging_mixin.py:190} INFO - [I 2025-07-05 05:11:55,829] Trial 15 finished with value: 0.4203203474955884 and parameters: {'use_amount': False, 'use_is_night': True, 'use_is_weekend': False, 'use_transaction_day': False, 'use_amount_spent_last24h': False, 'use_prev_amount': True, 'use_user_activity_24h': False, 'use_user_transactions_per_minute': False, 'use_is_high_velocity': False, 'use_txn_count_last_5min': True, 'use_amount_to_avg_ratio': True, 'use_amount_to_avg_ratio_7d': False, 'use_amount_vs_median': True, 'use_amount_change_ratio': False, 'use_user_spending_ratio_last24h': True, 'use_transaction_hour': False, 'use_transaction_hour_sin': False, 'use_transaction_hour_cos': True, 'use_transaction_dayOfWeek': True, 'use_days_since_last_transaction': False, 'use_is_unusual_hour_for_user': False, 'use_time_diff': False, 'use_user_avg_transaction_interval': False, 'use_zscore_amount_per_user': False, 'use_burst_small_txn_count_last_min': True, 'use_user_transaction_amount_std': False, 'use_amount_7d_avg': False, 'use_user_total_spend_todate': True, 'use_merchant_risk': True, 'use_merchant': True, 'use_merchant_avg_fraud_rate': False, 'use_user_merchant_transaction_count': True, 'use_num_distinct_merchants_24h': True, 'use_is_location_anomalous': True, 'use_is_location_mismatch': True, 'max_depth': 6, 'learning_rate': 0.06836034828615316, 'subsample': 0.9326087690613887, 'colsample_bytree': 0.9533637553827968, 'gamma': 0.25936382134037683, 'reg_alpha': 0.497848043673734}. Best is trial 12 with value: 0.4226001838361389.
[2025-07-05T05:11:55.832+0000] {logging_mixin.py:190} WARNING - Best trial: 12. Best value: 0.4226:  75%|#######5  | 15/20 [02:18<00:40,  8.13s/it]
[2025-07-05T05:11:55.837+0000] {logging_mixin.py:190} WARNING - Best trial: 12. Best value: 0.4226:  75%|#######5  | 15/20 [02:18<00:40,  8.13s/it]
[2025-07-05T05:11:55.838+0000] {logging_mixin.py:190} WARNING - Best trial: 12. Best value: 0.4226:  80%|########  | 16/20 [02:18<00:29,  7.37s/it]
[2025-07-05T05:11:55.914+0000] {warnings.py:112} WARNING - /home/***/.local/lib/python3.12/site-packages/joblib/parallel.py:1379: UserWarning: Loky-backed parallel loops cannot be called in a multiprocessing, setting n_jobs=1
  n_jobs = self._backend.configure(

[2025-07-05T05:12:00.824+0000] {logging_mixin.py:190} WARNING -                                                                                    
[2025-07-05T05:12:00.825+0000] {logging_mixin.py:190} WARNING - 
[2025-07-05T05:12:00.826+0000] {logging_mixin.py:190} INFO - [I 2025-07-05 05:12:00,824] Trial 16 finished with value: 0.41778451773257036 and parameters: {'use_amount': False, 'use_is_night': True, 'use_is_weekend': False, 'use_transaction_day': False, 'use_amount_spent_last24h': False, 'use_prev_amount': True, 'use_user_activity_24h': False, 'use_user_transactions_per_minute': False, 'use_is_high_velocity': False, 'use_txn_count_last_5min': True, 'use_amount_to_avg_ratio': True, 'use_amount_to_avg_ratio_7d': False, 'use_amount_vs_median': True, 'use_amount_change_ratio': False, 'use_user_spending_ratio_last24h': True, 'use_transaction_hour': False, 'use_transaction_hour_sin': False, 'use_transaction_hour_cos': True, 'use_transaction_dayOfWeek': True, 'use_days_since_last_transaction': False, 'use_is_unusual_hour_for_user': False, 'use_time_diff': False, 'use_user_avg_transaction_interval': False, 'use_zscore_amount_per_user': False, 'use_burst_small_txn_count_last_min': True, 'use_user_transaction_amount_std': False, 'use_amount_7d_avg': False, 'use_user_total_spend_todate': True, 'use_merchant_risk': True, 'use_merchant': True, 'use_merchant_avg_fraud_rate': False, 'use_user_merchant_transaction_count': True, 'use_num_distinct_merchants_24h': True, 'use_is_location_anomalous': True, 'use_is_location_mismatch': True, 'max_depth': 4, 'learning_rate': 0.09998870243008447, 'subsample': 0.9937196629614777, 'colsample_bytree': 0.8745633245475989, 'gamma': 0.29822614318537877, 'reg_alpha': 0.390362581591286}. Best is trial 12 with value: 0.4226001838361389.
[2025-07-05T05:12:00.826+0000] {logging_mixin.py:190} WARNING - Best trial: 12. Best value: 0.4226:  80%|########  | 16/20 [02:23<00:29,  7.37s/it]
[2025-07-05T05:12:00.831+0000] {logging_mixin.py:190} WARNING - Best trial: 12. Best value: 0.4226:  80%|########  | 16/20 [02:23<00:29,  7.37s/it]
[2025-07-05T05:12:00.832+0000] {logging_mixin.py:190} WARNING - Best trial: 12. Best value: 0.4226:  85%|########5 | 17/20 [02:23<00:19,  6.66s/it]
[2025-07-05T05:12:00.910+0000] {warnings.py:112} WARNING - /home/***/.local/lib/python3.12/site-packages/joblib/parallel.py:1379: UserWarning: Loky-backed parallel loops cannot be called in a multiprocessing, setting n_jobs=1
  n_jobs = self._backend.configure(

[2025-07-05T05:12:15.946+0000] {logging_mixin.py:190} WARNING -                                                                                    
[2025-07-05T05:12:15.946+0000] {logging_mixin.py:190} WARNING - 
