[2025-07-07T03:02:24.111+0000] {logging_mixin.py:190} INFO - [I 2025-07-07 03:02:24,110] Trial 1 finished with value: 0.4026900954727443 and parameters: {'use_amount': False, 'use_is_night': True, 'use_is_weekend': False, 'use_transaction_day': False, 'use_amount_spent_last24h': True, 'use_prev_amount': False, 'use_user_activity_24h': False, 'use_user_transactions_per_minute': True, 'use_is_high_velocity': False, 'use_txn_count_last_5min': False, 'use_amount_to_avg_ratio': False, 'use_amount_to_avg_ratio_7d': True, 'use_amount_vs_median': False, 'use_amount_change_ratio': True, 'use_user_spending_ratio_last24h': False, 'use_transaction_hour': True, 'use_transaction_hour_sin': True, 'use_transaction_hour_cos': True, 'use_transaction_dayOfWeek': False, 'use_days_since_last_transaction': True, 'use_is_unusual_hour_for_user': True, 'use_time_diff': False, 'use_user_avg_transaction_interval': True, 'use_zscore_amount_per_user': True, 'use_burst_small_txn_count_last_min': False, 'use_user_transaction_amount_std': True, 'use_amount_7d_avg': True, 'use_user_total_spend_todate': False, 'use_merchant_risk': True, 'use_merchant': False, 'use_user_merchant_transaction_count': True, 'use_num_distinct_merchants_24h': True, 'use_is_location_anomalous': False, 'use_is_location_mismatch': False, 'max_depth': 7, 'learning_rate': 0.013356027628939804, 'subsample': 0.9028498448258392, 'colsample_bytree': 0.6156194651218652, 'gamma': 0.10116468251287206, 'reg_alpha': 0.23317215733146912}. Best is trial 0 with value: 0.434276122173382.
[2025-07-07T03:02:24.112+0000] {logging_mixin.py:190} WARNING - Best trial: 0. Best value: 0.434276:   5%|5         | 1/20 [00:13<01:47,  5.65s/it]
[2025-07-07T03:02:24.117+0000] {logging_mixin.py:190} WARNING - Best trial: 0. Best value: 0.434276:   5%|5         | 1/20 [00:13<01:47,  5.65s/it]
[2025-07-07T03:02:24.118+0000] {logging_mixin.py:190} WARNING - Best trial: 0. Best value: 0.434276:  10%|#         | 2/20 [00:13<02:02,  6.81s/it]
[2025-07-07T03:02:24.131+0000] {warnings.py:112} WARNING - /home/***/.local/lib/python3.12/site-packages/joblib/parallel.py:1379: UserWarning: Loky-backed parallel loops cannot be called in a multiprocessing, setting n_jobs=1
  n_jobs = self._backend.configure(

[2025-07-07T03:02:30.219+0000] {logging_mixin.py:190} WARNING -                                                                                    
[2025-07-07T03:02:30.220+0000] {logging_mixin.py:190} WARNING - 
[2025-07-07T03:02:30.220+0000] {logging_mixin.py:190} INFO - [I 2025-07-07 03:02:30,219] Trial 2 finished with value: 0.2834205640917642 and parameters: {'use_amount': False, 'use_is_night': True, 'use_is_weekend': True, 'use_transaction_day': True, 'use_amount_spent_last24h': False, 'use_prev_amount': False, 'use_user_activity_24h': False, 'use_user_transactions_per_minute': False, 'use_is_high_velocity': False, 'use_txn_count_last_5min': True, 'use_amount_to_avg_ratio': False, 'use_amount_to_avg_ratio_7d': True, 'use_amount_vs_median': True, 'use_amount_change_ratio': False, 'use_user_spending_ratio_last24h': False, 'use_transaction_hour': True, 'use_transaction_hour_sin': True, 'use_transaction_hour_cos': True, 'use_transaction_dayOfWeek': False, 'use_days_since_last_transaction': True, 'use_is_unusual_hour_for_user': False, 'use_time_diff': True, 'use_user_avg_transaction_interval': True, 'use_zscore_amount_per_user': True, 'use_burst_small_txn_count_last_min': True, 'use_user_transaction_amount_std': True, 'use_amount_7d_avg': True, 'use_user_total_spend_todate': False, 'use_merchant_risk': True, 'use_merchant': True, 'use_user_merchant_transaction_count': True, 'use_num_distinct_merchants_24h': False, 'use_is_location_anomalous': True, 'use_is_location_mismatch': False, 'max_depth': 4, 'learning_rate': 0.021916878888100923, 'subsample': 0.706874515084908, 'colsample_bytree': 0.8638273337596023, 'gamma': 0.01182172105301763, 'reg_alpha': 0.2104165083413701}. Best is trial 0 with value: 0.434276122173382.
[2025-07-07T03:02:30.221+0000] {logging_mixin.py:190} WARNING - Best trial: 0. Best value: 0.434276:  10%|#         | 2/20 [00:19<02:02,  6.81s/it]
[2025-07-07T03:02:30.226+0000] {logging_mixin.py:190} WARNING - Best trial: 0. Best value: 0.434276:  10%|#         | 2/20 [00:19<02:02,  6.81s/it]
[2025-07-07T03:02:30.227+0000] {logging_mixin.py:190} WARNING - Best trial: 0. Best value: 0.434276:  15%|#5        | 3/20 [00:19<01:50,  6.49s/it]
[2025-07-07T03:02:30.242+0000] {warnings.py:112} WARNING - /home/***/.local/lib/python3.12/site-packages/joblib/parallel.py:1379: UserWarning: Loky-backed parallel loops cannot be called in a multiprocessing, setting n_jobs=1
  n_jobs = self._backend.configure(

[2025-07-07T03:02:46.642+0000] {logging_mixin.py:190} WARNING -                                                                                    
[2025-07-07T03:02:46.642+0000] {logging_mixin.py:190} WARNING - 
[2025-07-07T03:02:46.643+0000] {logging_mixin.py:190} INFO - [I 2025-07-07 03:02:46,641] Trial 3 finished with value: 0.4597701149425288 and parameters: {'use_amount': True, 'use_is_night': True, 'use_is_weekend': False, 'use_transaction_day': True, 'use_amount_spent_last24h': False, 'use_prev_amount': False, 'use_user_activity_24h': False, 'use_user_transactions_per_minute': True, 'use_is_high_velocity': False, 'use_txn_count_last_5min': True, 'use_amount_to_avg_ratio': True, 'use_amount_to_avg_ratio_7d': True, 'use_amount_vs_median': False, 'use_amount_change_ratio': True, 'use_user_spending_ratio_last24h': True, 'use_transaction_hour': True, 'use_transaction_hour_sin': True, 'use_transaction_hour_cos': True, 'use_transaction_dayOfWeek': False, 'use_days_since_last_transaction': True, 'use_is_unusual_hour_for_user': False, 'use_time_diff': True, 'use_user_avg_transaction_interval': False, 'use_zscore_amount_per_user': False, 'use_burst_small_txn_count_last_min': False, 'use_user_transaction_amount_std': False, 'use_amount_7d_avg': True, 'use_user_total_spend_todate': True, 'use_merchant_risk': True, 'use_merchant': False, 'use_user_merchant_transaction_count': True, 'use_num_distinct_merchants_24h': False, 'use_is_location_anomalous': True, 'use_is_location_mismatch': True, 'max_depth': 7, 'learning_rate': 0.09081312263401183, 'subsample': 0.6495077621114417, 'colsample_bytree': 0.8250145195020118, 'gamma': 0.0563149096802564, 'reg_alpha': 0.0323571371438271}. Best is trial 3 with value: 0.4597701149425288.
[2025-07-07T03:02:46.644+0000] {logging_mixin.py:190} WARNING - Best trial: 0. Best value: 0.434276:  15%|#5        | 3/20 [00:35<01:50,  6.49s/it]
[2025-07-07T03:02:46.649+0000] {logging_mixin.py:190} WARNING - Best trial: 3. Best value: 0.45977:  15%|#5        | 3/20 [00:35<01:50,  6.49s/it] 
[2025-07-07T03:02:46.649+0000] {logging_mixin.py:190} WARNING - Best trial: 3. Best value: 0.45977:  20%|##        | 4/20 [00:35<02:46, 10.41s/it]
[2025-07-07T03:02:46.663+0000] {warnings.py:112} WARNING - /home/***/.local/lib/python3.12/site-packages/joblib/parallel.py:1379: UserWarning: Loky-backed parallel loops cannot be called in a multiprocessing, setting n_jobs=1
  n_jobs = self._backend.configure(

[2025-07-07T03:02:52.488+0000] {logging_mixin.py:190} WARNING -                                                                                   
[2025-07-07T03:02:52.489+0000] {logging_mixin.py:190} WARNING - 
[2025-07-07T03:02:52.490+0000] {logging_mixin.py:190} INFO - [I 2025-07-07 03:02:52,488] Trial 4 finished with value: 0.3863327016569129 and parameters: {'use_amount': False, 'use_is_night': False, 'use_is_weekend': True, 'use_transaction_day': True, 'use_amount_spent_last24h': True, 'use_prev_amount': False, 'use_user_activity_24h': False, 'use_user_transactions_per_minute': True, 'use_is_high_velocity': False, 'use_txn_count_last_5min': True, 'use_amount_to_avg_ratio': True, 'use_amount_to_avg_ratio_7d': False, 'use_amount_vs_median': False, 'use_amount_change_ratio': True, 'use_user_spending_ratio_last24h': True, 'use_transaction_hour': False, 'use_transaction_hour_sin': True, 'use_transaction_hour_cos': True, 'use_transaction_dayOfWeek': False, 'use_days_since_last_transaction': False, 'use_is_unusual_hour_for_user': True, 'use_time_diff': False, 'use_user_avg_transaction_interval': False, 'use_zscore_amount_per_user': False, 'use_burst_small_txn_count_last_min': False, 'use_user_transaction_amount_std': False, 'use_amount_7d_avg': False, 'use_user_total_spend_todate': False, 'use_merchant_risk': False, 'use_merchant': True, 'use_user_merchant_transaction_count': True, 'use_num_distinct_merchants_24h': False, 'use_is_location_anomalous': True, 'use_is_location_mismatch': True, 'max_depth': 5, 'learning_rate': 0.01432514385251451, 'subsample': 0.787900774017987, 'colsample_bytree': 0.6917270914254359, 'gamma': 0.2926497486062118, 'reg_alpha': 0.11633962567766903}. Best is trial 3 with value: 0.4597701149425288.
[2025-07-07T03:02:52.490+0000] {logging_mixin.py:190} WARNING - Best trial: 3. Best value: 0.45977:  20%|##        | 4/20 [00:41<02:46, 10.41s/it]
[2025-07-07T03:02:52.495+0000] {logging_mixin.py:190} WARNING - Best trial: 3. Best value: 0.45977:  20%|##        | 4/20 [00:41<02:46, 10.41s/it]
[2025-07-07T03:02:52.495+0000] {logging_mixin.py:190} WARNING - Best trial: 3. Best value: 0.45977:  25%|##5       | 5/20 [00:41<02:11,  8.77s/it]
[2025-07-07T03:02:52.509+0000] {warnings.py:112} WARNING - /home/***/.local/lib/python3.12/site-packages/joblib/parallel.py:1379: UserWarning: Loky-backed parallel loops cannot be called in a multiprocessing, setting n_jobs=1
  n_jobs = self._backend.configure(

[2025-07-07T03:03:02.517+0000] {logging_mixin.py:190} WARNING -                                                                                   
[2025-07-07T03:03:02.518+0000] {logging_mixin.py:190} WARNING - 
[2025-07-07T03:03:02.519+0000] {logging_mixin.py:190} INFO - [I 2025-07-07 03:03:02,517] Trial 5 finished with value: 0.42323869931963487 and parameters: {'use_amount': False, 'use_is_night': True, 'use_is_weekend': True, 'use_transaction_day': False, 'use_amount_spent_last24h': True, 'use_prev_amount': True, 'use_user_activity_24h': True, 'use_user_transactions_per_minute': True, 'use_is_high_velocity': False, 'use_txn_count_last_5min': True, 'use_amount_to_avg_ratio': True, 'use_amount_to_avg_ratio_7d': True, 'use_amount_vs_median': True, 'use_amount_change_ratio': False, 'use_user_spending_ratio_last24h': True, 'use_transaction_hour': False, 'use_transaction_hour_sin': True, 'use_transaction_hour_cos': True, 'use_transaction_dayOfWeek': True, 'use_days_since_last_transaction': False, 'use_is_unusual_hour_for_user': False, 'use_time_diff': False, 'use_user_avg_transaction_interval': False, 'use_zscore_amount_per_user': True, 'use_burst_small_txn_count_last_min': True, 'use_user_transaction_amount_std': True, 'use_amount_7d_avg': False, 'use_user_total_spend_todate': False, 'use_merchant_risk': True, 'use_merchant': True, 'use_user_merchant_transaction_count': True, 'use_num_distinct_merchants_24h': True, 'use_is_location_anomalous': True, 'use_is_location_mismatch': True, 'max_depth': 7, 'learning_rate': 0.015591782097185048, 'subsample': 0.7589571728496687, 'colsample_bytree': 0.8155566717235324, 'gamma': 0.06316999738335313, 'reg_alpha': 0.3071526169184718}. Best is trial 3 with value: 0.4597701149425288.
[2025-07-07T03:03:02.519+0000] {logging_mixin.py:190} WARNING - Best trial: 3. Best value: 0.45977:  25%|##5       | 5/20 [00:51<02:11,  8.77s/it]
[2025-07-07T03:03:02.524+0000] {logging_mixin.py:190} WARNING - Best trial: 3. Best value: 0.45977:  25%|##5       | 5/20 [00:51<02:11,  8.77s/it]
[2025-07-07T03:03:02.525+0000] {logging_mixin.py:190} WARNING - Best trial: 3. Best value: 0.45977:  30%|###       | 6/20 [00:51<02:08,  9.20s/it]
[2025-07-07T03:03:02.538+0000] {warnings.py:112} WARNING - /home/***/.local/lib/python3.12/site-packages/joblib/parallel.py:1379: UserWarning: Loky-backed parallel loops cannot be called in a multiprocessing, setting n_jobs=1
  n_jobs = self._backend.configure(

[2025-07-07T03:03:07.017+0000] {logging_mixin.py:190} WARNING -                                                                                   
[2025-07-07T03:03:07.018+0000] {logging_mixin.py:190} WARNING - 
[2025-07-07T03:03:07.018+0000] {logging_mixin.py:190} INFO - [I 2025-07-07 03:03:07,017] Trial 6 finished with value: 0.41016016668075794 and parameters: {'use_amount': False, 'use_is_night': True, 'use_is_weekend': True, 'use_transaction_day': False, 'use_amount_spent_last24h': True, 'use_prev_amount': False, 'use_user_activity_24h': True, 'use_user_transactions_per_minute': True, 'use_is_high_velocity': False, 'use_txn_count_last_5min': False, 'use_amount_to_avg_ratio': False, 'use_amount_to_avg_ratio_7d': False, 'use_amount_vs_median': True, 'use_amount_change_ratio': False, 'use_user_spending_ratio_last24h': True, 'use_transaction_hour': True, 'use_transaction_hour_sin': False, 'use_transaction_hour_cos': False, 'use_transaction_dayOfWeek': False, 'use_days_since_last_transaction': True, 'use_is_unusual_hour_for_user': True, 'use_time_diff': True, 'use_user_avg_transaction_interval': False, 'use_zscore_amount_per_user': False, 'use_burst_small_txn_count_last_min': False, 'use_user_transaction_amount_std': False, 'use_amount_7d_avg': False, 'use_user_total_spend_todate': False, 'use_merchant_risk': True, 'use_merchant': True, 'use_user_merchant_transaction_count': False, 'use_num_distinct_merchants_24h': False, 'use_is_location_anomalous': True, 'use_is_location_mismatch': False, 'max_depth': 4, 'learning_rate': 0.047032346612123084, 'subsample': 0.8524660275046336, 'colsample_bytree': 0.702031018194859, 'gamma': 0.13238299242940937, 'reg_alpha': 0.4652032410427751}. Best is trial 3 with value: 0.4597701149425288.
[2025-07-07T03:03:07.019+0000] {logging_mixin.py:190} WARNING - Best trial: 3. Best value: 0.45977:  30%|###       | 6/20 [00:56<02:08,  9.20s/it]
[2025-07-07T03:03:07.024+0000] {logging_mixin.py:190} WARNING - Best trial: 3. Best value: 0.45977:  30%|###       | 6/20 [00:56<02:08,  9.20s/it]
[2025-07-07T03:03:07.025+0000] {logging_mixin.py:190} WARNING - Best trial: 3. Best value: 0.45977:  35%|###5      | 7/20 [00:56<01:39,  7.66s/it]
[2025-07-07T03:03:07.039+0000] {warnings.py:112} WARNING - /home/***/.local/lib/python3.12/site-packages/joblib/parallel.py:1379: UserWarning: Loky-backed parallel loops cannot be called in a multiprocessing, setting n_jobs=1
  n_jobs = self._backend.configure(

[2025-07-07T03:03:21.145+0000] {logging_mixin.py:190} WARNING -                                                                                   
[2025-07-07T03:03:21.146+0000] {logging_mixin.py:190} WARNING - 
[2025-07-07T03:03:21.148+0000] {logging_mixin.py:190} INFO - [I 2025-07-07 03:03:21,145] Trial 7 finished with value: 0.4591364199155723 and parameters: {'use_amount': True, 'use_is_night': True, 'use_is_weekend': False, 'use_transaction_day': True, 'use_amount_spent_last24h': False, 'use_prev_amount': False, 'use_user_activity_24h': False, 'use_user_transactions_per_minute': True, 'use_is_high_velocity': True, 'use_txn_count_last_5min': True, 'use_amount_to_avg_ratio': True, 'use_amount_to_avg_ratio_7d': False, 'use_amount_vs_median': False, 'use_amount_change_ratio': False, 'use_user_spending_ratio_last24h': True, 'use_transaction_hour': False, 'use_transaction_hour_sin': False, 'use_transaction_hour_cos': False, 'use_transaction_dayOfWeek': True, 'use_days_since_last_transaction': True, 'use_is_unusual_hour_for_user': True, 'use_time_diff': False, 'use_user_avg_transaction_interval': False, 'use_zscore_amount_per_user': True, 'use_burst_small_txn_count_last_min': False, 'use_user_transaction_amount_std': True, 'use_amount_7d_avg': False, 'use_user_total_spend_todate': True, 'use_merchant_risk': True, 'use_merchant': False, 'use_user_merchant_transaction_count': True, 'use_num_distinct_merchants_24h': False, 'use_is_location_anomalous': False, 'use_is_location_mismatch': True, 'max_depth': 6, 'learning_rate': 0.03352845703649765, 'subsample': 0.681693748684819, 'colsample_bytree': 0.6283055849766649, 'gamma': 0.1432214094717669, 'reg_alpha': 0.45338646666744054}. Best is trial 3 with value: 0.4597701149425288.
[2025-07-07T03:03:21.149+0000] {logging_mixin.py:190} WARNING - Best trial: 3. Best value: 0.45977:  35%|###5      | 7/20 [01:10<01:39,  7.66s/it]
[2025-07-07T03:03:21.157+0000] {logging_mixin.py:190} WARNING - Best trial: 3. Best value: 0.45977:  35%|###5      | 7/20 [01:10<01:39,  7.66s/it]
[2025-07-07T03:03:21.158+0000] {logging_mixin.py:190} WARNING - Best trial: 3. Best value: 0.45977:  40%|####      | 8/20 [01:10<01:56,  9.72s/it]
[2025-07-07T03:03:21.170+0000] {warnings.py:112} WARNING - /home/***/.local/lib/python3.12/site-packages/joblib/parallel.py:1379: UserWarning: Loky-backed parallel loops cannot be called in a multiprocessing, setting n_jobs=1
  n_jobs = self._backend.configure(

[2025-07-07T03:03:27.829+0000] {logging_mixin.py:190} WARNING -                                                                                   
[2025-07-07T03:03:27.830+0000] {logging_mixin.py:190} WARNING - 
[2025-07-07T03:03:27.830+0000] {logging_mixin.py:190} INFO - [I 2025-07-07 03:03:27,829] Trial 8 finished with value: 0.420620138562618 and parameters: {'use_amount': False, 'use_is_night': True, 'use_is_weekend': False, 'use_transaction_day': False, 'use_amount_spent_last24h': False, 'use_prev_amount': True, 'use_user_activity_24h': False, 'use_user_transactions_per_minute': False, 'use_is_high_velocity': True, 'use_txn_count_last_5min': True, 'use_amount_to_avg_ratio': True, 'use_amount_to_avg_ratio_7d': True, 'use_amount_vs_median': False, 'use_amount_change_ratio': False, 'use_user_spending_ratio_last24h': False, 'use_transaction_hour': True, 'use_transaction_hour_sin': True, 'use_transaction_hour_cos': False, 'use_transaction_dayOfWeek': False, 'use_days_since_last_transaction': True, 'use_is_unusual_hour_for_user': True, 'use_time_diff': False, 'use_user_avg_transaction_interval': False, 'use_zscore_amount_per_user': False, 'use_burst_small_txn_count_last_min': True, 'use_user_transaction_amount_std': True, 'use_amount_7d_avg': True, 'use_user_total_spend_todate': False, 'use_merchant_risk': False, 'use_merchant': True, 'use_user_merchant_transaction_count': False, 'use_num_distinct_merchants_24h': False, 'use_is_location_anomalous': False, 'use_is_location_mismatch': False, 'max_depth': 7, 'learning_rate': 0.01255629727741518, 'subsample': 0.9245107120929359, 'colsample_bytree': 0.79095754973834, 'gamma': 0.1817937505860753, 'reg_alpha': 0.2619727783805536}. Best is trial 3 with value: 0.4597701149425288.
[2025-07-07T03:03:27.831+0000] {logging_mixin.py:190} WARNING - Best trial: 3. Best value: 0.45977:  40%|####      | 8/20 [01:16<01:56,  9.72s/it]
[2025-07-07T03:03:27.835+0000] {logging_mixin.py:190} WARNING - Best trial: 3. Best value: 0.45977:  40%|####      | 8/20 [01:16<01:56,  9.72s/it]
[2025-07-07T03:03:27.836+0000] {logging_mixin.py:190} WARNING - Best trial: 3. Best value: 0.45977:  45%|####5     | 9/20 [01:16<01:36,  8.77s/it]
[2025-07-07T03:03:27.850+0000] {warnings.py:112} WARNING - /home/***/.local/lib/python3.12/site-packages/joblib/parallel.py:1379: UserWarning: Loky-backed parallel loops cannot be called in a multiprocessing, setting n_jobs=1
  n_jobs = self._backend.configure(

[2025-07-07T03:03:35.023+0000] {logging_mixin.py:190} WARNING -                                                                                   
[2025-07-07T03:03:35.024+0000] {logging_mixin.py:190} WARNING - 
