[2025-07-07T03:03:35.025+0000] {logging_mixin.py:190} INFO - [I 2025-07-07 03:03:35,023] Trial 9 finished with value: 0.30751163365116024 and parameters: {'use_amount': True, 'use_is_night': True, 'use_is_weekend': True, 'use_transaction_day': True, 'use_amount_spent_last24h': True, 'use_prev_amount': True, 'use_user_activity_24h': True, 'use_user_transactions_per_minute': False, 'use_is_high_velocity': True, 'use_txn_count_last_5min': True, 'use_amount_to_avg_ratio': False, 'use_amount_to_avg_ratio_7d': True, 'use_amount_vs_median': True, 'use_amount_change_ratio': False, 'use_user_spending_ratio_last24h': True, 'use_transaction_hour': True, 'use_transaction_hour_sin': True, 'use_transaction_hour_cos': True, 'use_transaction_dayOfWeek': True, 'use_days_since_last_transaction': False, 'use_is_unusual_hour_for_user': True, 'use_time_diff': True, 'use_user_avg_transaction_interval': True, 'use_zscore_amount_per_user': True, 'use_burst_small_txn_count_last_min': True, 'use_user_transaction_amount_std': False, 'use_amount_7d_avg': True, 'use_user_total_spend_todate': False, 'use_merchant_risk': True, 'use_merchant': True, 'use_user_merchant_transaction_count': True, 'use_num_distinct_merchants_24h': True, 'use_is_location_anomalous': True, 'use_is_location_mismatch': False, 'max_depth': 5, 'learning_rate': 0.018571886474680294, 'subsample': 0.9586438027488233, 'colsample_bytree': 0.687396801272954, 'gamma': 0.11654563563441372, 'reg_alpha': 0.02054704518944306}. Best is trial 3 with value: 0.4597701149425288.
[2025-07-07T03:03:35.025+0000] {logging_mixin.py:190} WARNING - Best trial: 3. Best value: 0.45977:  45%|####5     | 9/20 [01:24<01:36,  8.77s/it]
[2025-07-07T03:03:35.030+0000] {logging_mixin.py:190} WARNING - Best trial: 3. Best value: 0.45977:  45%|####5     | 9/20 [01:24<01:36,  8.77s/it]
[2025-07-07T03:03:35.031+0000] {logging_mixin.py:190} WARNING - Best trial: 3. Best value: 0.45977:  50%|#####     | 10/20 [01:24<01:22,  8.28s/it]
[2025-07-07T03:03:35.102+0000] {warnings.py:112} WARNING - /home/***/.local/lib/python3.12/site-packages/joblib/parallel.py:1379: UserWarning: Loky-backed parallel loops cannot be called in a multiprocessing, setting n_jobs=1
  n_jobs = self._backend.configure(

[2025-07-07T03:03:39.968+0000] {logging_mixin.py:190} WARNING -                                                                                    
[2025-07-07T03:03:39.968+0000] {logging_mixin.py:190} WARNING - 
[2025-07-07T03:03:39.969+0000] {logging_mixin.py:190} INFO - [I 2025-07-07 03:03:39,967] Trial 10 finished with value: 0.4482448007627864 and parameters: {'use_amount': True, 'use_is_night': False, 'use_is_weekend': False, 'use_transaction_day': True, 'use_amount_spent_last24h': False, 'use_prev_amount': False, 'use_user_activity_24h': False, 'use_user_transactions_per_minute': False, 'use_is_high_velocity': True, 'use_txn_count_last_5min': False, 'use_amount_to_avg_ratio': True, 'use_amount_to_avg_ratio_7d': False, 'use_amount_vs_median': False, 'use_amount_change_ratio': True, 'use_user_spending_ratio_last24h': True, 'use_transaction_hour': True, 'use_transaction_hour_sin': False, 'use_transaction_hour_cos': True, 'use_transaction_dayOfWeek': True, 'use_days_since_last_transaction': True, 'use_is_unusual_hour_for_user': False, 'use_time_diff': True, 'use_user_avg_transaction_interval': True, 'use_zscore_amount_per_user': False, 'use_burst_small_txn_count_last_min': False, 'use_user_transaction_amount_std': False, 'use_amount_7d_avg': True, 'use_user_total_spend_todate': True, 'use_merchant_risk': False, 'use_merchant': False, 'use_user_merchant_transaction_count': False, 'use_num_distinct_merchants_24h': True, 'use_is_location_anomalous': True, 'use_is_location_mismatch': True, 'max_depth': 3, 'learning_rate': 0.09387271022718902, 'subsample': 0.6061102965616203, 'colsample_bytree': 0.9967048426927647, 'gamma': 0.002492840452860773, 'reg_alpha': 0.0052665131866999615}. Best is trial 3 with value: 0.4597701149425288.
[2025-07-07T03:03:39.969+0000] {logging_mixin.py:190} WARNING - Best trial: 3. Best value: 0.45977:  50%|#####     | 10/20 [01:29<01:22,  8.28s/it]
[2025-07-07T03:03:39.974+0000] {logging_mixin.py:190} WARNING - Best trial: 3. Best value: 0.45977:  50%|#####     | 10/20 [01:29<01:22,  8.28s/it]
[2025-07-07T03:03:39.974+0000] {logging_mixin.py:190} WARNING - Best trial: 3. Best value: 0.45977:  55%|#####5    | 11/20 [01:29<01:05,  7.26s/it]
[2025-07-07T03:03:40.041+0000] {warnings.py:112} WARNING - /home/***/.local/lib/python3.12/site-packages/joblib/parallel.py:1379: UserWarning: Loky-backed parallel loops cannot be called in a multiprocessing, setting n_jobs=1
  n_jobs = self._backend.configure(

[2025-07-07T03:03:55.264+0000] {logging_mixin.py:190} WARNING -                                                                                    
[2025-07-07T03:03:55.264+0000] {logging_mixin.py:190} WARNING - 
[2025-07-07T03:03:55.265+0000] {logging_mixin.py:190} INFO - [I 2025-07-07 03:03:55,263] Trial 11 finished with value: 0.45431330521635926 and parameters: {'use_amount': True, 'use_is_night': True, 'use_is_weekend': False, 'use_transaction_day': True, 'use_amount_spent_last24h': False, 'use_prev_amount': False, 'use_user_activity_24h': False, 'use_user_transactions_per_minute': True, 'use_is_high_velocity': True, 'use_txn_count_last_5min': True, 'use_amount_to_avg_ratio': True, 'use_amount_to_avg_ratio_7d': False, 'use_amount_vs_median': False, 'use_amount_change_ratio': True, 'use_user_spending_ratio_last24h': True, 'use_transaction_hour': False, 'use_transaction_hour_sin': False, 'use_transaction_hour_cos': False, 'use_transaction_dayOfWeek': True, 'use_days_since_last_transaction': True, 'use_is_unusual_hour_for_user': False, 'use_time_diff': True, 'use_user_avg_transaction_interval': False, 'use_zscore_amount_per_user': True, 'use_burst_small_txn_count_last_min': False, 'use_user_transaction_amount_std': True, 'use_amount_7d_avg': False, 'use_user_total_spend_todate': True, 'use_merchant_risk': True, 'use_merchant': False, 'use_user_merchant_transaction_count': True, 'use_num_distinct_merchants_24h': False, 'use_is_location_anomalous': False, 'use_is_location_mismatch': True, 'max_depth': 6, 'learning_rate': 0.09917353295211746, 'subsample': 0.6310713995352155, 'colsample_bytree': 0.9022800769113242, 'gamma': 0.24189399863849304, 'reg_alpha': 0.45853604297490547}. Best is trial 3 with value: 0.4597701149425288.
[2025-07-07T03:03:55.266+0000] {logging_mixin.py:190} WARNING - Best trial: 3. Best value: 0.45977:  55%|#####5    | 11/20 [01:44<01:05,  7.26s/it]
[2025-07-07T03:03:55.270+0000] {logging_mixin.py:190} WARNING - Best trial: 3. Best value: 0.45977:  55%|#####5    | 11/20 [01:44<01:05,  7.26s/it]
[2025-07-07T03:03:55.271+0000] {logging_mixin.py:190} WARNING - Best trial: 3. Best value: 0.45977:  60%|######    | 12/20 [01:44<01:17,  9.71s/it]
[2025-07-07T03:03:55.339+0000] {warnings.py:112} WARNING - /home/***/.local/lib/python3.12/site-packages/joblib/parallel.py:1379: UserWarning: Loky-backed parallel loops cannot be called in a multiprocessing, setting n_jobs=1
  n_jobs = self._backend.configure(

[2025-07-07T03:04:02.161+0000] {logging_mixin.py:190} WARNING -                                                                                    
[2025-07-07T03:04:02.161+0000] {logging_mixin.py:190} WARNING - 
[2025-07-07T03:04:02.162+0000] {logging_mixin.py:190} INFO - [I 2025-07-07 03:04:02,160] Trial 12 finished with value: 0.4518261484212471 and parameters: {'use_amount': True, 'use_is_night': True, 'use_is_weekend': False, 'use_transaction_day': True, 'use_amount_spent_last24h': False, 'use_prev_amount': False, 'use_user_activity_24h': False, 'use_user_transactions_per_minute': True, 'use_is_high_velocity': True, 'use_txn_count_last_5min': True, 'use_amount_to_avg_ratio': True, 'use_amount_to_avg_ratio_7d': False, 'use_amount_vs_median': False, 'use_amount_change_ratio': True, 'use_user_spending_ratio_last24h': True, 'use_transaction_hour': False, 'use_transaction_hour_sin': False, 'use_transaction_hour_cos': False, 'use_transaction_dayOfWeek': True, 'use_days_since_last_transaction': True, 'use_is_unusual_hour_for_user': False, 'use_time_diff': True, 'use_user_avg_transaction_interval': False, 'use_zscore_amount_per_user': False, 'use_burst_small_txn_count_last_min': False, 'use_user_transaction_amount_std': False, 'use_amount_7d_avg': False, 'use_user_total_spend_todate': True, 'use_merchant_risk': True, 'use_merchant': False, 'use_user_merchant_transaction_count': True, 'use_num_distinct_merchants_24h': False, 'use_is_location_anomalous': False, 'use_is_location_mismatch': True, 'max_depth': 6, 'learning_rate': 0.056676414083399636, 'subsample': 0.6791929725138973, 'colsample_bytree': 0.6000155069140504, 'gamma': 0.19373295986708067, 'reg_alpha': 0.37502322752912126}. Best is trial 3 with value: 0.4597701149425288.
[2025-07-07T03:04:02.163+0000] {logging_mixin.py:190} WARNING - Best trial: 3. Best value: 0.45977:  60%|######    | 12/20 [01:51<01:17,  9.71s/it]
[2025-07-07T03:04:02.167+0000] {logging_mixin.py:190} WARNING - Best trial: 3. Best value: 0.45977:  60%|######    | 12/20 [01:51<01:17,  9.71s/it]
[2025-07-07T03:04:02.168+0000] {logging_mixin.py:190} WARNING - Best trial: 3. Best value: 0.45977:  65%|######5   | 13/20 [01:51<01:01,  8.85s/it]
[2025-07-07T03:04:02.236+0000] {warnings.py:112} WARNING - /home/***/.local/lib/python3.12/site-packages/joblib/parallel.py:1379: UserWarning: Loky-backed parallel loops cannot be called in a multiprocessing, setting n_jobs=1
  n_jobs = self._backend.configure(

[2025-07-07T03:04:08.971+0000] {logging_mixin.py:190} WARNING -                                                                                    
[2025-07-07T03:04:08.971+0000] {logging_mixin.py:190} WARNING - 
[2025-07-07T03:04:08.972+0000] {logging_mixin.py:190} INFO - [I 2025-07-07 03:04:08,970] Trial 13 finished with value: 0.4582287192376502 and parameters: {'use_amount': True, 'use_is_night': True, 'use_is_weekend': False, 'use_transaction_day': True, 'use_amount_spent_last24h': False, 'use_prev_amount': False, 'use_user_activity_24h': False, 'use_user_transactions_per_minute': True, 'use_is_high_velocity': True, 'use_txn_count_last_5min': True, 'use_amount_to_avg_ratio': True, 'use_amount_to_avg_ratio_7d': False, 'use_amount_vs_median': False, 'use_amount_change_ratio': True, 'use_user_spending_ratio_last24h': True, 'use_transaction_hour': False, 'use_transaction_hour_sin': False, 'use_transaction_hour_cos': False, 'use_transaction_dayOfWeek': True, 'use_days_since_last_transaction': True, 'use_is_unusual_hour_for_user': True, 'use_time_diff': False, 'use_user_avg_transaction_interval': False, 'use_zscore_amount_per_user': True, 'use_burst_small_txn_count_last_min': False, 'use_user_transaction_amount_std': True, 'use_amount_7d_avg': True, 'use_user_total_spend_todate': True, 'use_merchant_risk': True, 'use_merchant': False, 'use_user_merchant_transaction_count': True, 'use_num_distinct_merchants_24h': False, 'use_is_location_anomalous': False, 'use_is_location_mismatch': True, 'max_depth': 6, 'learning_rate': 0.05845823448459402, 'subsample': 0.6936501317296733, 'colsample_bytree': 0.9359644096757859, 'gamma': 0.07056619242883776, 'reg_alpha': 0.14000420837556862}. Best is trial 3 with value: 0.4597701149425288.
[2025-07-07T03:04:08.972+0000] {logging_mixin.py:190} WARNING - Best trial: 3. Best value: 0.45977:  65%|######5   | 13/20 [01:58<01:01,  8.85s/it]
[2025-07-07T03:04:08.978+0000] {logging_mixin.py:190} WARNING - Best trial: 3. Best value: 0.45977:  65%|######5   | 13/20 [01:58<01:01,  8.85s/it]
[2025-07-07T03:04:08.978+0000] {logging_mixin.py:190} WARNING - Best trial: 3. Best value: 0.45977:  70%|#######   | 14/20 [01:58<00:49,  8.24s/it]
[2025-07-07T03:04:09.051+0000] {warnings.py:112} WARNING - /home/***/.local/lib/python3.12/site-packages/joblib/parallel.py:1379: UserWarning: Loky-backed parallel loops cannot be called in a multiprocessing, setting n_jobs=1
  n_jobs = self._backend.configure(

[2025-07-07T03:04:16.163+0000] {logging_mixin.py:190} WARNING -                                                                                    
[2025-07-07T03:04:16.164+0000] {logging_mixin.py:190} WARNING - 
[2025-07-07T03:04:16.164+0000] {logging_mixin.py:190} INFO - [I 2025-07-07 03:04:16,162] Trial 14 finished with value: 0.4648214795273618 and parameters: {'use_amount': True, 'use_is_night': False, 'use_is_weekend': False, 'use_transaction_day': True, 'use_amount_spent_last24h': False, 'use_prev_amount': False, 'use_user_activity_24h': False, 'use_user_transactions_per_minute': True, 'use_is_high_velocity': False, 'use_txn_count_last_5min': False, 'use_amount_to_avg_ratio': True, 'use_amount_to_avg_ratio_7d': True, 'use_amount_vs_median': False, 'use_amount_change_ratio': False, 'use_user_spending_ratio_last24h': True, 'use_transaction_hour': True, 'use_transaction_hour_sin': True, 'use_transaction_hour_cos': True, 'use_transaction_dayOfWeek': False, 'use_days_since_last_transaction': True, 'use_is_unusual_hour_for_user': True, 'use_time_diff': False, 'use_user_avg_transaction_interval': False, 'use_zscore_amount_per_user': True, 'use_burst_small_txn_count_last_min': False, 'use_user_transaction_amount_std': True, 'use_amount_7d_avg': False, 'use_user_total_spend_todate': True, 'use_merchant_risk': True, 'use_merchant': False, 'use_user_merchant_transaction_count': False, 'use_num_distinct_merchants_24h': False, 'use_is_location_anomalous': True, 'use_is_location_mismatch': True, 'max_depth': 7, 'learning_rate': 0.035543439595938746, 'subsample': 0.6529393476939946, 'colsample_bytree': 0.7650665093919371, 'gamma': 0.054294065766312544, 'reg_alpha': 0.36811124548200425}. Best is trial 14 with value: 0.4648214795273618.
[2025-07-07T03:04:16.165+0000] {logging_mixin.py:190} WARNING - Best trial: 3. Best value: 0.45977:  70%|#######   | 14/20 [02:05<00:49,  8.24s/it]
[2025-07-07T03:04:16.171+0000] {logging_mixin.py:190} WARNING - Best trial: 14. Best value: 0.464821:  70%|#######   | 14/20 [02:05<00:49,  8.24s/it]
[2025-07-07T03:04:16.172+0000] {logging_mixin.py:190} WARNING - Best trial: 14. Best value: 0.464821:  75%|#######5  | 15/20 [02:05<00:39,  7.92s/it]
[2025-07-07T03:04:16.259+0000] {warnings.py:112} WARNING - /home/***/.local/lib/python3.12/site-packages/joblib/parallel.py:1379: UserWarning: Loky-backed parallel loops cannot be called in a multiprocessing, setting n_jobs=1
  n_jobs = self._backend.configure(

[2025-07-07T03:04:32.136+0000] {logging_mixin.py:190} WARNING -                                                                                      
[2025-07-07T03:04:32.137+0000] {logging_mixin.py:190} WARNING - 
[2025-07-07T03:04:32.137+0000] {logging_mixin.py:190} INFO - [I 2025-07-07 03:04:32,136] Trial 15 finished with value: 0.45639854997893486 and parameters: {'use_amount': True, 'use_is_night': False, 'use_is_weekend': False, 'use_transaction_day': True, 'use_amount_spent_last24h': False, 'use_prev_amount': False, 'use_user_activity_24h': False, 'use_user_transactions_per_minute': True, 'use_is_high_velocity': False, 'use_txn_count_last_5min': False, 'use_amount_to_avg_ratio': True, 'use_amount_to_avg_ratio_7d': True, 'use_amount_vs_median': False, 'use_amount_change_ratio': True, 'use_user_spending_ratio_last24h': True, 'use_transaction_hour': True, 'use_transaction_hour_sin': True, 'use_transaction_hour_cos': True, 'use_transaction_dayOfWeek': False, 'use_days_since_last_transaction': True, 'use_is_unusual_hour_for_user': False, 'use_time_diff': True, 'use_user_avg_transaction_interval': False, 'use_zscore_amount_per_user': False, 'use_burst_small_txn_count_last_min': False, 'use_user_transaction_amount_std': False, 'use_amount_7d_avg': True, 'use_user_total_spend_todate': True, 'use_merchant_risk': True, 'use_merchant': False, 'use_user_merchant_transaction_count': False, 'use_num_distinct_merchants_24h': False, 'use_is_location_anomalous': True, 'use_is_location_mismatch': True, 'max_depth': 7, 'learning_rate': 0.07283439861649271, 'subsample': 0.6344961284288403, 'colsample_bytree': 0.7384873217826249, 'gamma': 0.04138192272698543, 'reg_alpha': 0.3540883007385691}. Best is trial 14 with value: 0.4648214795273618.
[2025-07-07T03:04:32.138+0000] {logging_mixin.py:190} WARNING - Best trial: 14. Best value: 0.464821:  75%|#######5  | 15/20 [02:21<00:39,  7.92s/it]
[2025-07-07T03:04:32.143+0000] {logging_mixin.py:190} WARNING - Best trial: 14. Best value: 0.464821:  75%|#######5  | 15/20 [02:21<00:39,  7.92s/it]
[2025-07-07T03:04:32.143+0000] {logging_mixin.py:190} WARNING - Best trial: 14. Best value: 0.464821:  80%|########  | 16/20 [02:21<00:41, 10.35s/it]
[2025-07-07T03:04:32.225+0000] {warnings.py:112} WARNING - /home/***/.local/lib/python3.12/site-packages/joblib/parallel.py:1379: UserWarning: Loky-backed parallel loops cannot be called in a multiprocessing, setting n_jobs=1
  n_jobs = self._backend.configure(

[2025-07-07T03:04:39.134+0000] {logging_mixin.py:190} WARNING -                                                                                      
[2025-07-07T03:04:39.135+0000] {logging_mixin.py:190} WARNING - 
[2025-07-07T03:04:39.136+0000] {logging_mixin.py:190} INFO - [I 2025-07-07 03:04:39,134] Trial 16 finished with value: 0.46359814815135875 and parameters: {'use_amount': True, 'use_is_night': False, 'use_is_weekend': False, 'use_transaction_day': True, 'use_amount_spent_last24h': False, 'use_prev_amount': False, 'use_user_activity_24h': False, 'use_user_transactions_per_minute': True, 'use_is_high_velocity': False, 'use_txn_count_last_5min': False, 'use_amount_to_avg_ratio': True, 'use_amount_to_avg_ratio_7d': True, 'use_amount_vs_median': False, 'use_amount_change_ratio': False, 'use_user_spending_ratio_last24h': True, 'use_transaction_hour': True, 'use_transaction_hour_sin': True, 'use_transaction_hour_cos': True, 'use_transaction_dayOfWeek': False, 'use_days_since_last_transaction': True, 'use_is_unusual_hour_for_user': True, 'use_time_diff': False, 'use_user_avg_transaction_interval': False, 'use_zscore_amount_per_user': True, 'use_burst_small_txn_count_last_min': False, 'use_user_transaction_amount_std': False, 'use_amount_7d_avg': True, 'use_user_total_spend_todate': True, 'use_merchant_risk': True, 'use_merchant': False, 'use_user_merchant_transaction_count': False, 'use_num_distinct_merchants_24h': False, 'use_is_location_anomalous': True, 'use_is_location_mismatch': True, 'max_depth': 7, 'learning_rate': 0.03670708939519304, 'subsample': 0.7308766110580316, 'colsample_bytree': 0.8383797246480569, 'gamma': 0.0790862623720757, 'reg_alpha': 0.11547184708225003}. Best is trial 14 with value: 0.4648214795273618.
[2025-07-07T03:04:39.137+0000] {logging_mixin.py:190} WARNING - Best trial: 14. Best value: 0.464821:  80%|########  | 16/20 [02:28<00:41, 10.35s/it]
[2025-07-07T03:04:39.141+0000] {logging_mixin.py:190} WARNING - Best trial: 14. Best value: 0.464821:  80%|########  | 16/20 [02:28<00:41, 10.35s/it]
[2025-07-07T03:04:39.142+0000] {logging_mixin.py:190} WARNING - Best trial: 14. Best value: 0.464821:  85%|########5 | 17/20 [02:28<00:28,  9.34s/it]
[2025-07-07T03:04:39.214+0000] {warnings.py:112} WARNING - /home/***/.local/lib/python3.12/site-packages/joblib/parallel.py:1379: UserWarning: Loky-backed parallel loops cannot be called in a multiprocessing, setting n_jobs=1
  n_jobs = self._backend.configure(

[2025-07-07T03:04:44.613+0000] {logging_mixin.py:190} WARNING -                                                                                      
[2025-07-07T03:04:44.614+0000] {logging_mixin.py:190} WARNING - 
