[2025-07-07T03:04:44.615+0000] {logging_mixin.py:190} INFO - [I 2025-07-07 03:04:44,613] Trial 17 finished with value: 0.46008614149719795 and parameters: {'use_amount': True, 'use_is_night': False, 'use_is_weekend': False, 'use_transaction_day': True, 'use_amount_spent_last24h': False, 'use_prev_amount': False, 'use_user_activity_24h': False, 'use_user_transactions_per_minute': True, 'use_is_high_velocity': False, 'use_txn_count_last_5min': False, 'use_amount_to_avg_ratio': True, 'use_amount_to_avg_ratio_7d': True, 'use_amount_vs_median': False, 'use_amount_change_ratio': False, 'use_user_spending_ratio_last24h': True, 'use_transaction_hour': True, 'use_transaction_hour_sin': True, 'use_transaction_hour_cos': True, 'use_transaction_dayOfWeek': False, 'use_days_since_last_transaction': True, 'use_is_unusual_hour_for_user': True, 'use_time_diff': False, 'use_user_avg_transaction_interval': False, 'use_zscore_amount_per_user': True, 'use_burst_small_txn_count_last_min': False, 'use_user_transaction_amount_std': True, 'use_amount_7d_avg': False, 'use_user_total_spend_todate': True, 'use_merchant_risk': True, 'use_merchant': False, 'use_user_merchant_transaction_count': False, 'use_num_distinct_merchants_24h': False, 'use_is_location_anomalous': True, 'use_is_location_mismatch': True, 'max_depth': 5, 'learning_rate': 0.03400642916947584, 'subsample': 0.74096342382032, 'colsample_bytree': 0.8703859704295787, 'gamma': 0.09275547445439072, 'reg_alpha': 0.10278182777989599}. Best is trial 14 with value: 0.4648214795273618.
[2025-07-07T03:04:44.615+0000] {logging_mixin.py:190} WARNING - Best trial: 14. Best value: 0.464821:  85%|########5 | 17/20 [02:33<00:28,  9.34s/it]
[2025-07-07T03:04:44.621+0000] {logging_mixin.py:190} WARNING - Best trial: 14. Best value: 0.464821:  85%|########5 | 17/20 [02:33<00:28,  9.34s/it]
[2025-07-07T03:04:44.622+0000] {logging_mixin.py:190} WARNING - Best trial: 14. Best value: 0.464821:  90%|######### | 18/20 [02:33<00:16,  8.18s/it]
[2025-07-07T03:04:44.696+0000] {warnings.py:112} WARNING - /home/***/.local/lib/python3.12/site-packages/joblib/parallel.py:1379: UserWarning: Loky-backed parallel loops cannot be called in a multiprocessing, setting n_jobs=1
  n_jobs = self._backend.configure(

[2025-07-07T03:04:50.270+0000] {logging_mixin.py:190} WARNING -                                                                                      
[2025-07-07T03:04:50.270+0000] {logging_mixin.py:190} WARNING - 
[2025-07-07T03:04:50.271+0000] {logging_mixin.py:190} INFO - [I 2025-07-07 03:04:50,269] Trial 18 finished with value: 0.44555024918492653 and parameters: {'use_amount': True, 'use_is_night': False, 'use_is_weekend': False, 'use_transaction_day': False, 'use_amount_spent_last24h': False, 'use_prev_amount': True, 'use_user_activity_24h': True, 'use_user_transactions_per_minute': False, 'use_is_high_velocity': False, 'use_txn_count_last_5min': False, 'use_amount_to_avg_ratio': True, 'use_amount_to_avg_ratio_7d': True, 'use_amount_vs_median': False, 'use_amount_change_ratio': False, 'use_user_spending_ratio_last24h': False, 'use_transaction_hour': True, 'use_transaction_hour_sin': True, 'use_transaction_hour_cos': True, 'use_transaction_dayOfWeek': False, 'use_days_since_last_transaction': False, 'use_is_unusual_hour_for_user': True, 'use_time_diff': False, 'use_user_avg_transaction_interval': True, 'use_zscore_amount_per_user': True, 'use_burst_small_txn_count_last_min': True, 'use_user_transaction_amount_std': False, 'use_amount_7d_avg': False, 'use_user_total_spend_todate': True, 'use_merchant_risk': False, 'use_merchant': False, 'use_user_merchant_transaction_count': False, 'use_num_distinct_merchants_24h': True, 'use_is_location_anomalous': True, 'use_is_location_mismatch': True, 'max_depth': 4, 'learning_rate': 0.02713863539878373, 'subsample': 0.8382634810080838, 'colsample_bytree': 0.7496347211319891, 'gamma': 0.04255637720483872, 'reg_alpha': 0.16680409299868418}. Best is trial 14 with value: 0.4648214795273618.
[2025-07-07T03:04:50.272+0000] {logging_mixin.py:190} WARNING - Best trial: 14. Best value: 0.464821:  90%|######### | 18/20 [02:39<00:16,  8.18s/it]
[2025-07-07T03:04:50.276+0000] {logging_mixin.py:190} WARNING - Best trial: 14. Best value: 0.464821:  90%|######### | 18/20 [02:39<00:16,  8.18s/it]
[2025-07-07T03:04:50.276+0000] {logging_mixin.py:190} WARNING - Best trial: 14. Best value: 0.464821:  95%|#########5| 19/20 [02:39<00:07,  7.42s/it]
[2025-07-07T03:04:50.350+0000] {warnings.py:112} WARNING - /home/***/.local/lib/python3.12/site-packages/joblib/parallel.py:1379: UserWarning: Loky-backed parallel loops cannot be called in a multiprocessing, setting n_jobs=1
  n_jobs = self._backend.configure(

[2025-07-07T03:05:08.573+0000] {logging_mixin.py:190} WARNING -                                                                                      
[2025-07-07T03:05:08.574+0000] {logging_mixin.py:190} WARNING - 
[2025-07-07T03:05:08.574+0000] {logging_mixin.py:190} INFO - [I 2025-07-07 03:05:08,572] Trial 19 finished with value: 0.4635639696491623 and parameters: {'use_amount': True, 'use_is_night': False, 'use_is_weekend': False, 'use_transaction_day': True, 'use_amount_spent_last24h': False, 'use_prev_amount': False, 'use_user_activity_24h': False, 'use_user_transactions_per_minute': True, 'use_is_high_velocity': False, 'use_txn_count_last_5min': False, 'use_amount_to_avg_ratio': True, 'use_amount_to_avg_ratio_7d': True, 'use_amount_vs_median': False, 'use_amount_change_ratio': False, 'use_user_spending_ratio_last24h': True, 'use_transaction_hour': True, 'use_transaction_hour_sin': True, 'use_transaction_hour_cos': True, 'use_transaction_dayOfWeek': False, 'use_days_since_last_transaction': True, 'use_is_unusual_hour_for_user': True, 'use_time_diff': False, 'use_user_avg_transaction_interval': False, 'use_zscore_amount_per_user': True, 'use_burst_small_txn_count_last_min': False, 'use_user_transaction_amount_std': True, 'use_amount_7d_avg': True, 'use_user_total_spend_todate': True, 'use_merchant_risk': True, 'use_merchant': False, 'use_user_merchant_transaction_count': False, 'use_num_distinct_merchants_24h': False, 'use_is_location_anomalous': True, 'use_is_location_mismatch': True, 'max_depth': 7, 'learning_rate': 0.04162856983735046, 'subsample': 0.7381359836044681, 'colsample_bytree': 0.9496465727929432, 'gamma': 0.18877839049671624, 'reg_alpha': 0.40155826851422644}. Best is trial 14 with value: 0.4648214795273618.
[2025-07-07T03:05:08.575+0000] {logging_mixin.py:190} WARNING - Best trial: 14. Best value: 0.464821:  95%|#########5| 19/20 [02:57<00:07,  7.42s/it]
[2025-07-07T03:05:08.579+0000] {logging_mixin.py:190} WARNING - Best trial: 14. Best value: 0.464821:  95%|#########5| 19/20 [02:57<00:07,  7.42s/it]
[2025-07-07T03:05:08.580+0000] {logging_mixin.py:190} WARNING - Best trial: 14. Best value: 0.464821: 100%|##########| 20/20 [02:57<00:00, 10.69s/it]
[2025-07-07T03:05:08.581+0000] {logging_mixin.py:190} WARNING - Best trial: 14. Best value: 0.464821: 100%|##########| 20/20 [02:57<00:00,  8.89s/it]
[2025-07-07T03:05:08.583+0000] {fraud_detection_training.py:587} INFO - Best hyperparameters using Optuna: {'use_amount': True, 'use_is_night': False, 'use_is_weekend': False, 'use_transaction_day': True, 'use_amount_spent_last24h': False, 'use_prev_amount': False, 'use_user_activity_24h': False, 'use_user_transactions_per_minute': True, 'use_is_high_velocity': False, 'use_txn_count_last_5min': False, 'use_amount_to_avg_ratio': True, 'use_amount_to_avg_ratio_7d': True, 'use_amount_vs_median': False, 'use_amount_change_ratio': False, 'use_user_spending_ratio_last24h': True, 'use_transaction_hour': True, 'use_transaction_hour_sin': True, 'use_transaction_hour_cos': True, 'use_transaction_dayOfWeek': False, 'use_days_since_last_transaction': True, 'use_is_unusual_hour_for_user': True, 'use_time_diff': False, 'use_user_avg_transaction_interval': False, 'use_zscore_amount_per_user': True, 'use_burst_small_txn_count_last_min': False, 'use_user_transaction_amount_std': True, 'use_amount_7d_avg': False, 'use_user_total_spend_todate': True, 'use_merchant_risk': True, 'use_merchant': False, 'use_user_merchant_transaction_count': False, 'use_num_distinct_merchants_24h': False, 'use_is_location_anomalous': True, 'use_is_location_mismatch': True, 'max_depth': 7, 'learning_rate': 0.035543439595938746, 'subsample': 0.6529393476939946, 'colsample_bytree': 0.7650665093919371, 'gamma': 0.054294065766312544, 'reg_alpha': 0.36811124548200425}
[2025-07-07T03:05:09.043+0000] {warnings.py:112} WARNING - /home/***/.local/lib/python3.12/site-packages/xgboost/training.py:183: UserWarning: [03:05:09] WARNING: /workspace/src/learner.cc:738: 
Parameters: { "use_amount", "use_amount_7d_avg", "use_amount_change_ratio", "use_amount_spent_last24h", "use_amount_to_avg_ratio", "use_amount_to_avg_ratio_7d", "use_amount_vs_median", "use_burst_small_txn_count_last_min", "use_days_since_last_transaction", "use_is_high_velocity", "use_is_location_anomalous", "use_is_location_mismatch", "use_is_night", "use_is_unusual_hour_for_user", "use_is_weekend", "use_merchant", "use_merchant_risk", "use_num_distinct_merchants_24h", "use_prev_amount", "use_time_diff", "use_transaction_day", "use_transaction_dayOfWeek", "use_transaction_hour", "use_transaction_hour_cos", "use_transaction_hour_sin", "use_txn_count_last_5min", "use_user_activity_24h", "use_user_avg_transaction_interval", "use_user_merchant_transaction_count", "use_user_spending_ratio_last24h", "use_user_total_spend_todate", "use_user_transaction_amount_std", "use_user_transactions_per_minute", "use_zscore_amount_per_user" } are not used.

  bst.update(dtrain, iteration=i, fobj=obj)

[2025-07-07T03:05:10.063+0000] {credentials.py:1147} INFO - Found credentials in environment variables.
[2025-07-07T03:05:10.362+0000] {fraud_detection_training.py:653} INFO - Optimal threhsold determined: 0.4974
[2025-07-07T03:05:12.524+0000] {warnings.py:112} WARNING - /home/***/.local/lib/python3.12/site-packages/mlflow/types/utils.py:452: UserWarning: Hint: Inferred schema contains integer column(s). Integer columns in Python cannot represent missing values. If your input data contains missing values at inference time, it will be encoded as floats and will cause a schema enforcement error. The best way to avoid this problem is to infer the model schema based on a realistic data sample (training dataset) that includes missing values. Alternatively, you can declare integer columns as doubles (float64) whenever these columns may have missing values. See `Handling Integers With Missing Values <https://www.mlflow.org/docs/latest/models.html#handling-integers-with-missing-values>`_ for more details.
  warnings.warn(

[2025-07-07T03:05:12.542+0000] {logging_mixin.py:190} WARNING - 2025/07/07 03:05:12 WARNING mlflow.models.model: `artifact_path` is deprecated. Please use `name` instead.
[2025-07-07T03:05:24.032+0000] {logging_mixin.py:190} WARNING - Registered model 'fraud_detection_model' already exists. Creating a new version of this model...
[2025-07-07T03:05:24.637+0000] {logging_mixin.py:190} WARNING - 2025/07/07 03:05:24 INFO mlflow.store.model_registry.abstract_store: Waiting up to 300 seconds for model version to finish creation. Model name: fraud_detection_model, version 5
[2025-07-07T03:05:24.638+0000] {logging_mixin.py:190} WARNING - Created version '5' of model 'fraud_detection_model'.
[2025-07-07T03:05:24.787+0000] {fraud_detection_training.py:736} INFO - Training successfully completed with metrics: {'auc_pr': 0.4012668972470038, 'precision': 0.7727272727272727, 'recall': 0.38636363636363635, 'f1': 0.5151515151515151, 'threshold': 0.49742457270622253}
[2025-07-07T03:05:24.830+0000] {logging_mixin.py:190} INFO - 🏃 View run intrigued-ox-582 at: http://mlflow-server:5500/#/experiments/1/runs/372f6533f30a45748651d7dae46b7180
[2025-07-07T03:05:24.830+0000] {logging_mixin.py:190} INFO - 🧪 View experiment at: http://mlflow-server:5500/#/experiments/1
[2025-07-07T03:05:24.883+0000] {python.py:240} INFO - Done. Returned value was: {'status': 'success', 'precision': {'auc_pr': 0.4012668972470038, 'precision': 0.7727272727272727, 'recall': 0.38636363636363635, 'f1': 0.5151515151515151, 'threshold': 0.49742457270622253}}
[2025-07-07T03:05:24.914+0000] {taskinstance.py:341} INFO - ::group::Post task execution logs
[2025-07-07T03:05:24.915+0000] {taskinstance.py:353} INFO - Marking task as SUCCESS. dag_id=fraud_detection_training, task_id=execute_training, run_id=manual__2025-07-07T02:50:31.355880+00:00, execution_date=20250707T025031, start_date=20250707T025038, end_date=20250707T030524
[2025-07-07T03:05:25.015+0000] {local_task_job_runner.py:266} INFO - Task exited with return code 0
[2025-07-07T03:05:25.126+0000] {taskinstance.py:3901} INFO - 1 downstream tasks scheduled from follow-on schedule check
[2025-07-07T03:05:25.129+0000] {local_task_job_runner.py:245} INFO - ::endgroup::
