[2025-07-04T05:42:20.638+0000] {logging_mixin.py:190} INFO - [I 2025-07-04 05:42:20,636] Trial 9 finished with value: 0.3850729961755002 and parameters: {'use_amount': True, 'use_is_night': True, 'use_is_weekend': False, 'use_transaction_day': False, 'use_amount_spent_last24h': False, 'use_prev_amount': True, 'use_user_activity_24h': False, 'use_user_transactions_per_minute': True, 'use_is_high_velocity': True, 'use_txn_count_last_5min': True, 'use_amount_to_avg_ratio': False, 'use_amount_to_avg_ratio_7d': False, 'use_amount_vs_median': True, 'use_amount_change_ratio': False, 'use_user_spending_ratio_last24h': True, 'use_transaction_hour': False, 'use_transaction_hour_sin': True, 'use_transaction_hour_cos': False, 'use_transaction_dayOfWeek': False, 'use_days_since_last_transaction': False, 'use_is_unusual_hour_for_user': True, 'use_time_diff': True, 'use_user_avg_transaction_interval': True, 'use_zscore_amount_per_user': False, 'use_burst_small_txn_count_last_min': True, 'use_user_transaction_amount_std': False, 'use_amount_7d_avg': True, 'use_user_total_spend_todate': True, 'use_merchant_risk': False, 'use_merchant': False, 'use_merchant_avg_fraud_rate': False, 'use_user_merchant_transaction_count': True, 'use_num_distinct_merchants_24h': True, 'use_is_location_anomalous': False, 'use_is_location_mismatch': False, 'max_depth': 4, 'learning_rate': 0.047515790550860755, 'subsample': 0.7485275726067884, 'colsample_bytree': 0.9258230372325286, 'gamma': 0.11076193610737624, 'reg_alpha': 0.08708139089326739}. Best is trial 2 with value: 0.43928076323433457.
[2025-07-04T05:42:20.638+0000] {logging_mixin.py:190} WARNING - Best trial: 2. Best value: 0.439281:  45%|####5     | 9/20 [01:45<01:45,  9.60s/it]
[2025-07-04T05:42:20.642+0000] {logging_mixin.py:190} WARNING - Best trial: 2. Best value: 0.439281:  45%|####5     | 9/20 [01:45<01:45,  9.60s/it]
[2025-07-04T05:42:20.643+0000] {logging_mixin.py:190} WARNING - Best trial: 2. Best value: 0.439281:  50%|#####     | 10/20 [01:45<01:57, 11.76s/it]
[2025-07-04T05:42:20.713+0000] {warnings.py:112} WARNING - /home/***/.local/lib/python3.12/site-packages/joblib/parallel.py:1379: UserWarning: Loky-backed parallel loops cannot be called in a multiprocessing, setting n_jobs=1
  n_jobs = self._backend.configure(

[2025-07-04T05:42:27.853+0000] {logging_mixin.py:190} WARNING -                                                                                     
[2025-07-04T05:42:27.853+0000] {logging_mixin.py:190} WARNING - 
[2025-07-04T05:42:27.854+0000] {logging_mixin.py:190} INFO - [I 2025-07-04 05:42:27,852] Trial 10 finished with value: 0.451178354192771 and parameters: {'use_amount': True, 'use_is_night': False, 'use_is_weekend': True, 'use_transaction_day': False, 'use_amount_spent_last24h': False, 'use_prev_amount': False, 'use_user_activity_24h': False, 'use_user_transactions_per_minute': False, 'use_is_high_velocity': False, 'use_txn_count_last_5min': False, 'use_amount_to_avg_ratio': False, 'use_amount_to_avg_ratio_7d': True, 'use_amount_vs_median': True, 'use_amount_change_ratio': True, 'use_user_spending_ratio_last24h': True, 'use_transaction_hour': True, 'use_transaction_hour_sin': False, 'use_transaction_hour_cos': True, 'use_transaction_dayOfWeek': True, 'use_days_since_last_transaction': True, 'use_is_unusual_hour_for_user': False, 'use_time_diff': False, 'use_user_avg_transaction_interval': False, 'use_zscore_amount_per_user': True, 'use_burst_small_txn_count_last_min': False, 'use_user_transaction_amount_std': True, 'use_amount_7d_avg': False, 'use_user_total_spend_todate': True, 'use_merchant_risk': True, 'use_merchant': True, 'use_merchant_avg_fraud_rate': True, 'use_user_merchant_transaction_count': False, 'use_num_distinct_merchants_24h': True, 'use_is_location_anomalous': True, 'use_is_location_mismatch': True, 'max_depth': 5, 'learning_rate': 0.09362318777908736, 'subsample': 0.8636781710768603, 'colsample_bytree': 0.9737017265310748, 'gamma': 0.008635980561611856, 'reg_alpha': 0.16622012683517934}. Best is trial 10 with value: 0.451178354192771.
[2025-07-04T05:42:27.854+0000] {logging_mixin.py:190} WARNING - Best trial: 2. Best value: 0.439281:  50%|#####     | 10/20 [01:52<01:57, 11.76s/it]
[2025-07-04T05:42:27.859+0000] {logging_mixin.py:190} WARNING - Best trial: 10. Best value: 0.451178:  50%|#####     | 10/20 [01:52<01:57, 11.76s/it]
[2025-07-04T05:42:27.859+0000] {logging_mixin.py:190} WARNING - Best trial: 10. Best value: 0.451178:  55%|#####5    | 11/20 [01:52<01:33, 10.37s/it]
[2025-07-04T05:42:27.920+0000] {warnings.py:112} WARNING - /home/***/.local/lib/python3.12/site-packages/joblib/parallel.py:1379: UserWarning: Loky-backed parallel loops cannot be called in a multiprocessing, setting n_jobs=1
  n_jobs = self._backend.configure(

[2025-07-04T05:42:33.434+0000] {logging_mixin.py:190} WARNING -                                                                                      
[2025-07-04T05:42:33.434+0000] {logging_mixin.py:190} WARNING - 
[2025-07-04T05:42:33.435+0000] {logging_mixin.py:190} INFO - [I 2025-07-04 05:42:33,433] Trial 11 finished with value: 0.4502177960062248 and parameters: {'use_amount': True, 'use_is_night': False, 'use_is_weekend': True, 'use_transaction_day': False, 'use_amount_spent_last24h': False, 'use_prev_amount': False, 'use_user_activity_24h': False, 'use_user_transactions_per_minute': False, 'use_is_high_velocity': False, 'use_txn_count_last_5min': False, 'use_amount_to_avg_ratio': False, 'use_amount_to_avg_ratio_7d': True, 'use_amount_vs_median': True, 'use_amount_change_ratio': True, 'use_user_spending_ratio_last24h': True, 'use_transaction_hour': True, 'use_transaction_hour_sin': False, 'use_transaction_hour_cos': True, 'use_transaction_dayOfWeek': True, 'use_days_since_last_transaction': True, 'use_is_unusual_hour_for_user': False, 'use_time_diff': False, 'use_user_avg_transaction_interval': False, 'use_zscore_amount_per_user': True, 'use_burst_small_txn_count_last_min': False, 'use_user_transaction_amount_std': True, 'use_amount_7d_avg': False, 'use_user_total_spend_todate': True, 'use_merchant_risk': True, 'use_merchant': True, 'use_merchant_avg_fraud_rate': True, 'use_user_merchant_transaction_count': False, 'use_num_distinct_merchants_24h': True, 'use_is_location_anomalous': True, 'use_is_location_mismatch': True, 'max_depth': 5, 'learning_rate': 0.09917107173850434, 'subsample': 0.8419471660836466, 'colsample_bytree': 0.9991815697080128, 'gamma': 0.008028973671132674, 'reg_alpha': 0.18987883114347265}. Best is trial 10 with value: 0.451178354192771.
[2025-07-04T05:42:33.435+0000] {logging_mixin.py:190} WARNING - Best trial: 10. Best value: 0.451178:  55%|#####5    | 11/20 [01:58<01:33, 10.37s/it]
[2025-07-04T05:42:33.439+0000] {logging_mixin.py:190} WARNING - Best trial: 10. Best value: 0.451178:  55%|#####5    | 11/20 [01:58<01:33, 10.37s/it]
[2025-07-04T05:42:33.439+0000] {logging_mixin.py:190} WARNING - Best trial: 10. Best value: 0.451178:  60%|######    | 12/20 [01:58<01:11,  8.91s/it]
[2025-07-04T05:42:33.497+0000] {warnings.py:112} WARNING - /home/***/.local/lib/python3.12/site-packages/joblib/parallel.py:1379: UserWarning: Loky-backed parallel loops cannot be called in a multiprocessing, setting n_jobs=1
  n_jobs = self._backend.configure(

[2025-07-04T05:42:38.863+0000] {logging_mixin.py:190} WARNING -                                                                                      
[2025-07-04T05:42:38.863+0000] {logging_mixin.py:190} WARNING - 
[2025-07-04T05:42:38.864+0000] {logging_mixin.py:190} INFO - [I 2025-07-04 05:42:38,862] Trial 12 finished with value: 0.4456882469691128 and parameters: {'use_amount': True, 'use_is_night': False, 'use_is_weekend': True, 'use_transaction_day': False, 'use_amount_spent_last24h': False, 'use_prev_amount': False, 'use_user_activity_24h': False, 'use_user_transactions_per_minute': False, 'use_is_high_velocity': False, 'use_txn_count_last_5min': False, 'use_amount_to_avg_ratio': False, 'use_amount_to_avg_ratio_7d': True, 'use_amount_vs_median': True, 'use_amount_change_ratio': True, 'use_user_spending_ratio_last24h': True, 'use_transaction_hour': True, 'use_transaction_hour_sin': False, 'use_transaction_hour_cos': True, 'use_transaction_dayOfWeek': True, 'use_days_since_last_transaction': True, 'use_is_unusual_hour_for_user': False, 'use_time_diff': False, 'use_user_avg_transaction_interval': False, 'use_zscore_amount_per_user': True, 'use_burst_small_txn_count_last_min': False, 'use_user_transaction_amount_std': True, 'use_amount_7d_avg': False, 'use_user_total_spend_todate': True, 'use_merchant_risk': True, 'use_merchant': True, 'use_merchant_avg_fraud_rate': True, 'use_user_merchant_transaction_count': False, 'use_num_distinct_merchants_24h': True, 'use_is_location_anomalous': True, 'use_is_location_mismatch': True, 'max_depth': 5, 'learning_rate': 0.09757297151515393, 'subsample': 0.8591583382711945, 'colsample_bytree': 0.9981318989299921, 'gamma': 0.0598571153933199, 'reg_alpha': 0.17866015023193332}. Best is trial 10 with value: 0.451178354192771.
[2025-07-04T05:42:38.865+0000] {logging_mixin.py:190} WARNING - Best trial: 10. Best value: 0.451178:  60%|######    | 12/20 [02:03<01:11,  8.91s/it]
[2025-07-04T05:42:38.869+0000] {logging_mixin.py:190} WARNING - Best trial: 10. Best value: 0.451178:  60%|######    | 12/20 [02:03<01:11,  8.91s/it]
[2025-07-04T05:42:38.870+0000] {logging_mixin.py:190} WARNING - Best trial: 10. Best value: 0.451178:  65%|######5   | 13/20 [02:03<00:54,  7.86s/it]
[2025-07-04T05:42:38.927+0000] {warnings.py:112} WARNING - /home/***/.local/lib/python3.12/site-packages/joblib/parallel.py:1379: UserWarning: Loky-backed parallel loops cannot be called in a multiprocessing, setting n_jobs=1
  n_jobs = self._backend.configure(

[2025-07-04T05:42:54.114+0000] {logging_mixin.py:190} WARNING -                                                                                      
[2025-07-04T05:42:54.115+0000] {logging_mixin.py:190} WARNING - 
[2025-07-04T05:42:54.115+0000] {logging_mixin.py:190} INFO - [I 2025-07-04 05:42:54,113] Trial 13 finished with value: 0.44564726304275454 and parameters: {'use_amount': True, 'use_is_night': False, 'use_is_weekend': True, 'use_transaction_day': False, 'use_amount_spent_last24h': False, 'use_prev_amount': False, 'use_user_activity_24h': False, 'use_user_transactions_per_minute': False, 'use_is_high_velocity': False, 'use_txn_count_last_5min': False, 'use_amount_to_avg_ratio': False, 'use_amount_to_avg_ratio_7d': True, 'use_amount_vs_median': True, 'use_amount_change_ratio': True, 'use_user_spending_ratio_last24h': True, 'use_transaction_hour': True, 'use_transaction_hour_sin': False, 'use_transaction_hour_cos': True, 'use_transaction_dayOfWeek': True, 'use_days_since_last_transaction': True, 'use_is_unusual_hour_for_user': False, 'use_time_diff': False, 'use_user_avg_transaction_interval': False, 'use_zscore_amount_per_user': True, 'use_burst_small_txn_count_last_min': False, 'use_user_transaction_amount_std': True, 'use_amount_7d_avg': False, 'use_user_total_spend_todate': True, 'use_merchant_risk': True, 'use_merchant': True, 'use_merchant_avg_fraud_rate': True, 'use_user_merchant_transaction_count': False, 'use_num_distinct_merchants_24h': True, 'use_is_location_anomalous': True, 'use_is_location_mismatch': True, 'max_depth': 6, 'learning_rate': 0.06455683324595105, 'subsample': 0.8587556189680691, 'colsample_bytree': 0.9893643083203806, 'gamma': 0.06404461864409892, 'reg_alpha': 0.14445003259288441}. Best is trial 10 with value: 0.451178354192771.
[2025-07-04T05:42:54.116+0000] {logging_mixin.py:190} WARNING - Best trial: 10. Best value: 0.451178:  65%|######5   | 13/20 [02:18<00:54,  7.86s/it]
[2025-07-04T05:42:54.120+0000] {logging_mixin.py:190} WARNING - Best trial: 10. Best value: 0.451178:  65%|######5   | 13/20 [02:18<00:54,  7.86s/it]
[2025-07-04T05:42:54.120+0000] {logging_mixin.py:190} WARNING - Best trial: 10. Best value: 0.451178:  70%|#######   | 14/20 [02:18<01:00, 10.09s/it]
[2025-07-04T05:42:54.181+0000] {warnings.py:112} WARNING - /home/***/.local/lib/python3.12/site-packages/joblib/parallel.py:1379: UserWarning: Loky-backed parallel loops cannot be called in a multiprocessing, setting n_jobs=1
  n_jobs = self._backend.configure(

[2025-07-04T05:43:00.527+0000] {logging_mixin.py:190} WARNING -                                                                                      
[2025-07-04T05:43:00.528+0000] {logging_mixin.py:190} WARNING - 
[2025-07-04T05:43:00.528+0000] {logging_mixin.py:190} INFO - [I 2025-07-04 05:43:00,527] Trial 14 finished with value: 0.4461416468427862 and parameters: {'use_amount': True, 'use_is_night': False, 'use_is_weekend': True, 'use_transaction_day': False, 'use_amount_spent_last24h': False, 'use_prev_amount': False, 'use_user_activity_24h': False, 'use_user_transactions_per_minute': False, 'use_is_high_velocity': False, 'use_txn_count_last_5min': False, 'use_amount_to_avg_ratio': False, 'use_amount_to_avg_ratio_7d': True, 'use_amount_vs_median': True, 'use_amount_change_ratio': True, 'use_user_spending_ratio_last24h': True, 'use_transaction_hour': True, 'use_transaction_hour_sin': False, 'use_transaction_hour_cos': True, 'use_transaction_dayOfWeek': True, 'use_days_since_last_transaction': True, 'use_is_unusual_hour_for_user': False, 'use_time_diff': False, 'use_user_avg_transaction_interval': False, 'use_zscore_amount_per_user': True, 'use_burst_small_txn_count_last_min': False, 'use_user_transaction_amount_std': True, 'use_amount_7d_avg': False, 'use_user_total_spend_todate': True, 'use_merchant_risk': True, 'use_merchant': True, 'use_merchant_avg_fraud_rate': True, 'use_user_merchant_transaction_count': False, 'use_num_distinct_merchants_24h': True, 'use_is_location_anomalous': True, 'use_is_location_mismatch': True, 'max_depth': 6, 'learning_rate': 0.06613238850462447, 'subsample': 0.8414297984645508, 'colsample_bytree': 0.9444021332883175, 'gamma': 0.05708082212623558, 'reg_alpha': 0.13108018417405642}. Best is trial 10 with value: 0.451178354192771.
[2025-07-04T05:43:00.529+0000] {logging_mixin.py:190} WARNING - Best trial: 10. Best value: 0.451178:  70%|#######   | 14/20 [02:25<01:00, 10.09s/it]
[2025-07-04T05:43:00.533+0000] {logging_mixin.py:190} WARNING - Best trial: 10. Best value: 0.451178:  70%|#######   | 14/20 [02:25<01:00, 10.09s/it]
[2025-07-04T05:43:00.533+0000] {logging_mixin.py:190} WARNING - Best trial: 10. Best value: 0.451178:  75%|#######5  | 15/20 [02:25<00:44,  8.98s/it]
[2025-07-04T05:43:00.592+0000] {warnings.py:112} WARNING - /home/***/.local/lib/python3.12/site-packages/joblib/parallel.py:1379: UserWarning: Loky-backed parallel loops cannot be called in a multiprocessing, setting n_jobs=1
  n_jobs = self._backend.configure(

[2025-07-04T05:43:06.420+0000] {logging_mixin.py:190} WARNING -                                                                                      
[2025-07-04T05:43:06.421+0000] {logging_mixin.py:190} WARNING - 
[2025-07-04T05:43:06.421+0000] {logging_mixin.py:190} INFO - [I 2025-07-04 05:43:06,420] Trial 15 finished with value: 0.44481404446503686 and parameters: {'use_amount': True, 'use_is_night': False, 'use_is_weekend': True, 'use_transaction_day': False, 'use_amount_spent_last24h': False, 'use_prev_amount': False, 'use_user_activity_24h': False, 'use_user_transactions_per_minute': False, 'use_is_high_velocity': False, 'use_txn_count_last_5min': False, 'use_amount_to_avg_ratio': False, 'use_amount_to_avg_ratio_7d': True, 'use_amount_vs_median': True, 'use_amount_change_ratio': True, 'use_user_spending_ratio_last24h': True, 'use_transaction_hour': True, 'use_transaction_hour_sin': False, 'use_transaction_hour_cos': True, 'use_transaction_dayOfWeek': True, 'use_days_since_last_transaction': True, 'use_is_unusual_hour_for_user': False, 'use_time_diff': False, 'use_user_avg_transaction_interval': False, 'use_zscore_amount_per_user': True, 'use_burst_small_txn_count_last_min': False, 'use_user_transaction_amount_std': True, 'use_amount_7d_avg': False, 'use_user_total_spend_todate': True, 'use_merchant_risk': True, 'use_merchant': True, 'use_merchant_avg_fraud_rate': True, 'use_user_merchant_transaction_count': False, 'use_num_distinct_merchants_24h': True, 'use_is_location_anomalous': True, 'use_is_location_mismatch': True, 'max_depth': 5, 'learning_rate': 0.06619917255389934, 'subsample': 0.9129521366880965, 'colsample_bytree': 0.9371885043701556, 'gamma': 0.09752466999438403, 'reg_alpha': 0.2367403575088769}. Best is trial 10 with value: 0.451178354192771.
[2025-07-04T05:43:06.421+0000] {logging_mixin.py:190} WARNING - Best trial: 10. Best value: 0.451178:  75%|#######5  | 15/20 [02:31<00:44,  8.98s/it]
[2025-07-04T05:43:06.425+0000] {logging_mixin.py:190} WARNING - Best trial: 10. Best value: 0.451178:  75%|#######5  | 15/20 [02:31<00:44,  8.98s/it]
[2025-07-04T05:43:06.426+0000] {logging_mixin.py:190} WARNING - Best trial: 10. Best value: 0.451178:  80%|########  | 16/20 [02:31<00:32,  8.05s/it]
[2025-07-04T05:43:06.484+0000] {warnings.py:112} WARNING - /home/***/.local/lib/python3.12/site-packages/joblib/parallel.py:1379: UserWarning: Loky-backed parallel loops cannot be called in a multiprocessing, setting n_jobs=1
  n_jobs = self._backend.configure(

[2025-07-04T05:43:12.842+0000] {logging_mixin.py:190} WARNING -                                                                                      
[2025-07-04T05:43:12.842+0000] {logging_mixin.py:190} WARNING - 
[2025-07-04T05:43:12.843+0000] {logging_mixin.py:190} INFO - [I 2025-07-04 05:43:12,841] Trial 16 finished with value: 0.4465349141072192 and parameters: {'use_amount': True, 'use_is_night': False, 'use_is_weekend': True, 'use_transaction_day': False, 'use_amount_spent_last24h': False, 'use_prev_amount': False, 'use_user_activity_24h': False, 'use_user_transactions_per_minute': False, 'use_is_high_velocity': False, 'use_txn_count_last_5min': False, 'use_amount_to_avg_ratio': False, 'use_amount_to_avg_ratio_7d': True, 'use_amount_vs_median': True, 'use_amount_change_ratio': True, 'use_user_spending_ratio_last24h': True, 'use_transaction_hour': True, 'use_transaction_hour_sin': False, 'use_transaction_hour_cos': True, 'use_transaction_dayOfWeek': True, 'use_days_since_last_transaction': True, 'use_is_unusual_hour_for_user': False, 'use_time_diff': False, 'use_user_avg_transaction_interval': False, 'use_zscore_amount_per_user': True, 'use_burst_small_txn_count_last_min': False, 'use_user_transaction_amount_std': True, 'use_amount_7d_avg': False, 'use_user_total_spend_todate': True, 'use_merchant_risk': True, 'use_merchant': True, 'use_merchant_avg_fraud_rate': True, 'use_user_merchant_transaction_count': False, 'use_num_distinct_merchants_24h': True, 'use_is_location_anomalous': True, 'use_is_location_mismatch': True, 'max_depth': 6, 'learning_rate': 0.09977931719069442, 'subsample': 0.8261508920522667, 'colsample_bytree': 0.9767771344734142, 'gamma': 0.027560416469583057, 'reg_alpha': 0.19479508285030975}. Best is trial 10 with value: 0.451178354192771.
[2025-07-04T05:43:12.843+0000] {logging_mixin.py:190} WARNING - Best trial: 10. Best value: 0.451178:  80%|########  | 16/20 [02:37<00:32,  8.05s/it]
[2025-07-04T05:43:12.847+0000] {logging_mixin.py:190} WARNING - Best trial: 10. Best value: 0.451178:  80%|########  | 16/20 [02:37<00:32,  8.05s/it]
[2025-07-04T05:43:12.848+0000] {logging_mixin.py:190} WARNING - Best trial: 10. Best value: 0.451178:  85%|########5 | 17/20 [02:37<00:22,  7.56s/it]
[2025-07-04T05:43:12.908+0000] {warnings.py:112} WARNING - /home/***/.local/lib/python3.12/site-packages/joblib/parallel.py:1379: UserWarning: Loky-backed parallel loops cannot be called in a multiprocessing, setting n_jobs=1
  n_jobs = self._backend.configure(

[2025-07-04T05:43:18.454+0000] {logging_mixin.py:190} WARNING -                                                                                      
[2025-07-04T05:43:18.455+0000] {logging_mixin.py:190} WARNING - 
