[2025-07-04T05:40:49.965+0000] {logging_mixin.py:190} INFO - [I 2025-07-04 05:40:49,963] Trial 1 finished with value: 0.40218879575821753 and parameters: {'use_amount': True, 'use_is_night': False, 'use_is_weekend': False, 'use_transaction_day': True, 'use_amount_spent_last24h': True, 'use_prev_amount': True, 'use_user_activity_24h': False, 'use_user_transactions_per_minute': True, 'use_is_high_velocity': True, 'use_txn_count_last_5min': True, 'use_amount_to_avg_ratio': True, 'use_amount_to_avg_ratio_7d': False, 'use_amount_vs_median': False, 'use_amount_change_ratio': False, 'use_user_spending_ratio_last24h': True, 'use_transaction_hour': False, 'use_transaction_hour_sin': False, 'use_transaction_hour_cos': False, 'use_transaction_dayOfWeek': False, 'use_days_since_last_transaction': True, 'use_is_unusual_hour_for_user': True, 'use_time_diff': False, 'use_user_avg_transaction_interval': True, 'use_zscore_amount_per_user': False, 'use_burst_small_txn_count_last_min': True, 'use_user_transaction_amount_std': True, 'use_amount_7d_avg': True, 'use_user_total_spend_todate': False, 'use_merchant_risk': True, 'use_merchant': False, 'use_merchant_avg_fraud_rate': True, 'use_user_merchant_transaction_count': True, 'use_num_distinct_merchants_24h': False, 'use_is_location_anomalous': True, 'use_is_location_mismatch': False, 'max_depth': 7, 'learning_rate': 0.02730072796493989, 'subsample': 0.9810171743922446, 'colsample_bytree': 0.7911650056725688, 'gamma': 0.01768660305038372, 'reg_alpha': 0.042863081050741436}. Best is trial 1 with value: 0.40218879575821753.
[2025-07-04T05:40:49.965+0000] {logging_mixin.py:190} WARNING - Best trial: 0. Best value: 0.368411:   5%|5         | 1/20 [00:14<02:16,  7.20s/it]
[2025-07-04T05:40:49.970+0000] {logging_mixin.py:190} WARNING - Best trial: 1. Best value: 0.402189:   5%|5         | 1/20 [00:14<02:16,  7.20s/it]
[2025-07-04T05:40:49.970+0000] {logging_mixin.py:190} WARNING - Best trial: 1. Best value: 0.402189:  10%|#         | 2/20 [00:14<02:12,  7.35s/it]
[2025-07-04T05:40:49.982+0000] {warnings.py:112} WARNING - /home/***/.local/lib/python3.12/site-packages/joblib/parallel.py:1379: UserWarning: Loky-backed parallel loops cannot be called in a multiprocessing, setting n_jobs=1
  n_jobs = self._backend.configure(

[2025-07-04T05:41:04.472+0000] {logging_mixin.py:190} WARNING -                                                                                    
[2025-07-04T05:41:04.472+0000] {logging_mixin.py:190} WARNING - 
[2025-07-04T05:41:04.473+0000] {logging_mixin.py:190} INFO - [I 2025-07-04 05:41:04,471] Trial 2 finished with value: 0.43928076323433457 and parameters: {'use_amount': True, 'use_is_night': True, 'use_is_weekend': False, 'use_transaction_day': False, 'use_amount_spent_last24h': False, 'use_prev_amount': False, 'use_user_activity_24h': False, 'use_user_transactions_per_minute': True, 'use_is_high_velocity': False, 'use_txn_count_last_5min': False, 'use_amount_to_avg_ratio': False, 'use_amount_to_avg_ratio_7d': True, 'use_amount_vs_median': True, 'use_amount_change_ratio': False, 'use_user_spending_ratio_last24h': True, 'use_transaction_hour': True, 'use_transaction_hour_sin': False, 'use_transaction_hour_cos': False, 'use_transaction_dayOfWeek': False, 'use_days_since_last_transaction': True, 'use_is_unusual_hour_for_user': False, 'use_time_diff': False, 'use_user_avg_transaction_interval': True, 'use_zscore_amount_per_user': False, 'use_burst_small_txn_count_last_min': False, 'use_user_transaction_amount_std': False, 'use_amount_7d_avg': False, 'use_user_total_spend_todate': True, 'use_merchant_risk': True, 'use_merchant': False, 'use_merchant_avg_fraud_rate': True, 'use_user_merchant_transaction_count': True, 'use_num_distinct_merchants_24h': True, 'use_is_location_anomalous': False, 'use_is_location_mismatch': False, 'max_depth': 4, 'learning_rate': 0.0910993950997915, 'subsample': 0.7273638673197058, 'colsample_bytree': 0.8160986025695917, 'gamma': 0.0034929918598749277, 'reg_alpha': 0.22185448469031926}. Best is trial 2 with value: 0.43928076323433457.
[2025-07-04T05:41:04.474+0000] {logging_mixin.py:190} WARNING - Best trial: 1. Best value: 0.402189:  10%|#         | 2/20 [00:29<02:12,  7.35s/it]
[2025-07-04T05:41:04.478+0000] {logging_mixin.py:190} WARNING - Best trial: 2. Best value: 0.439281:  10%|#         | 2/20 [00:29<02:12,  7.35s/it]
[2025-07-04T05:41:04.478+0000] {logging_mixin.py:190} WARNING - Best trial: 2. Best value: 0.439281:  15%|#5        | 3/20 [00:29<03:00, 10.62s/it]
[2025-07-04T05:41:04.494+0000] {warnings.py:112} WARNING - /home/***/.local/lib/python3.12/site-packages/joblib/parallel.py:1379: UserWarning: Loky-backed parallel loops cannot be called in a multiprocessing, setting n_jobs=1
  n_jobs = self._backend.configure(

[2025-07-04T05:41:18.335+0000] {logging_mixin.py:190} WARNING -                                                                                    
[2025-07-04T05:41:18.336+0000] {logging_mixin.py:190} WARNING - 
[2025-07-04T05:41:18.337+0000] {logging_mixin.py:190} INFO - [I 2025-07-04 05:41:18,335] Trial 3 finished with value: 0.23252095869810527 and parameters: {'use_amount': False, 'use_is_night': False, 'use_is_weekend': False, 'use_transaction_day': True, 'use_amount_spent_last24h': True, 'use_prev_amount': True, 'use_user_activity_24h': True, 'use_user_transactions_per_minute': False, 'use_is_high_velocity': False, 'use_txn_count_last_5min': True, 'use_amount_to_avg_ratio': False, 'use_amount_to_avg_ratio_7d': False, 'use_amount_vs_median': True, 'use_amount_change_ratio': True, 'use_user_spending_ratio_last24h': False, 'use_transaction_hour': False, 'use_transaction_hour_sin': False, 'use_transaction_hour_cos': False, 'use_transaction_dayOfWeek': False, 'use_days_since_last_transaction': True, 'use_is_unusual_hour_for_user': True, 'use_time_diff': True, 'use_user_avg_transaction_interval': False, 'use_zscore_amount_per_user': True, 'use_burst_small_txn_count_last_min': False, 'use_user_transaction_amount_std': False, 'use_amount_7d_avg': False, 'use_user_total_spend_todate': True, 'use_merchant_risk': True, 'use_merchant': False, 'use_merchant_avg_fraud_rate': False, 'use_user_merchant_transaction_count': True, 'use_num_distinct_merchants_24h': True, 'use_is_location_anomalous': False, 'use_is_location_mismatch': False, 'max_depth': 5, 'learning_rate': 0.012752093936706642, 'subsample': 0.7752153693288445, 'colsample_bytree': 0.864002532121328, 'gamma': 0.24358659049503714, 'reg_alpha': 0.3649770577285769}. Best is trial 2 with value: 0.43928076323433457.
[2025-07-04T05:41:18.337+0000] {logging_mixin.py:190} WARNING - Best trial: 2. Best value: 0.439281:  15%|#5        | 3/20 [00:43<03:00, 10.62s/it]
[2025-07-04T05:41:18.342+0000] {logging_mixin.py:190} WARNING - Best trial: 2. Best value: 0.439281:  15%|#5        | 3/20 [00:43<03:00, 10.62s/it]
[2025-07-04T05:41:18.342+0000] {logging_mixin.py:190} WARNING - Best trial: 2. Best value: 0.439281:  20%|##        | 4/20 [00:43<03:10, 11.90s/it]
[2025-07-04T05:41:18.358+0000] {warnings.py:112} WARNING - /home/***/.local/lib/python3.12/site-packages/joblib/parallel.py:1379: UserWarning: Loky-backed parallel loops cannot be called in a multiprocessing, setting n_jobs=1
  n_jobs = self._backend.configure(

[2025-07-04T05:41:24.637+0000] {logging_mixin.py:190} WARNING -                                                                                    
[2025-07-04T05:41:24.637+0000] {logging_mixin.py:190} WARNING - 
[2025-07-04T05:41:24.638+0000] {logging_mixin.py:190} INFO - [I 2025-07-04 05:41:24,636] Trial 4 finished with value: 0.31051832251726097 and parameters: {'use_amount': False, 'use_is_night': True, 'use_is_weekend': True, 'use_transaction_day': True, 'use_amount_spent_last24h': False, 'use_prev_amount': False, 'use_user_activity_24h': True, 'use_user_transactions_per_minute': False, 'use_is_high_velocity': False, 'use_txn_count_last_5min': True, 'use_amount_to_avg_ratio': True, 'use_amount_to_avg_ratio_7d': True, 'use_amount_vs_median': False, 'use_amount_change_ratio': False, 'use_user_spending_ratio_last24h': True, 'use_transaction_hour': False, 'use_transaction_hour_sin': True, 'use_transaction_hour_cos': False, 'use_transaction_dayOfWeek': True, 'use_days_since_last_transaction': True, 'use_is_unusual_hour_for_user': True, 'use_time_diff': True, 'use_user_avg_transaction_interval': True, 'use_zscore_amount_per_user': False, 'use_burst_small_txn_count_last_min': True, 'use_user_transaction_amount_std': False, 'use_amount_7d_avg': True, 'use_user_total_spend_todate': True, 'use_merchant_risk': False, 'use_merchant': False, 'use_merchant_avg_fraud_rate': False, 'use_user_merchant_transaction_count': True, 'use_num_distinct_merchants_24h': False, 'use_is_location_anomalous': True, 'use_is_location_mismatch': False, 'max_depth': 3, 'learning_rate': 0.027043407807537646, 'subsample': 0.6434882554848596, 'colsample_bytree': 0.611734114451252, 'gamma': 0.29956857863686326, 'reg_alpha': 0.029144993801807628}. Best is trial 2 with value: 0.43928076323433457.
[2025-07-04T05:41:24.638+0000] {logging_mixin.py:190} WARNING - Best trial: 2. Best value: 0.439281:  20%|##        | 4/20 [00:49<03:10, 11.90s/it]
[2025-07-04T05:41:24.642+0000] {logging_mixin.py:190} WARNING - Best trial: 2. Best value: 0.439281:  20%|##        | 4/20 [00:49<03:10, 11.90s/it]
[2025-07-04T05:41:24.643+0000] {logging_mixin.py:190} WARNING - Best trial: 2. Best value: 0.439281:  25%|##5       | 5/20 [00:49<02:28,  9.88s/it]
[2025-07-04T05:41:24.655+0000] {warnings.py:112} WARNING - /home/***/.local/lib/python3.12/site-packages/joblib/parallel.py:1379: UserWarning: Loky-backed parallel loops cannot be called in a multiprocessing, setting n_jobs=1
  n_jobs = self._backend.configure(

[2025-07-04T05:41:29.188+0000] {logging_mixin.py:190} WARNING -                                                                                    
[2025-07-04T05:41:29.189+0000] {logging_mixin.py:190} WARNING - 
[2025-07-04T05:41:29.189+0000] {logging_mixin.py:190} INFO - [I 2025-07-04 05:41:29,188] Trial 5 finished with value: 0.38987916154677554 and parameters: {'use_amount': True, 'use_is_night': True, 'use_is_weekend': True, 'use_transaction_day': False, 'use_amount_spent_last24h': True, 'use_prev_amount': False, 'use_user_activity_24h': True, 'use_user_transactions_per_minute': False, 'use_is_high_velocity': True, 'use_txn_count_last_5min': False, 'use_amount_to_avg_ratio': False, 'use_amount_to_avg_ratio_7d': False, 'use_amount_vs_median': False, 'use_amount_change_ratio': False, 'use_user_spending_ratio_last24h': True, 'use_transaction_hour': False, 'use_transaction_hour_sin': True, 'use_transaction_hour_cos': False, 'use_transaction_dayOfWeek': True, 'use_days_since_last_transaction': False, 'use_is_unusual_hour_for_user': True, 'use_time_diff': False, 'use_user_avg_transaction_interval': False, 'use_zscore_amount_per_user': False, 'use_burst_small_txn_count_last_min': True, 'use_user_transaction_amount_std': False, 'use_amount_7d_avg': False, 'use_user_total_spend_todate': False, 'use_merchant_risk': False, 'use_merchant': False, 'use_merchant_avg_fraud_rate': True, 'use_user_merchant_transaction_count': False, 'use_num_distinct_merchants_24h': True, 'use_is_location_anomalous': False, 'use_is_location_mismatch': False, 'max_depth': 3, 'learning_rate': 0.046774241656806416, 'subsample': 0.7030476165207513, 'colsample_bytree': 0.8038208910171866, 'gamma': 0.14258911515789063, 'reg_alpha': 0.4610667338262016}. Best is trial 2 with value: 0.43928076323433457.
[2025-07-04T05:41:29.190+0000] {logging_mixin.py:190} WARNING - Best trial: 2. Best value: 0.439281:  25%|##5       | 5/20 [00:53<02:28,  9.88s/it]
[2025-07-04T05:41:29.194+0000] {logging_mixin.py:190} WARNING - Best trial: 2. Best value: 0.439281:  25%|##5       | 5/20 [00:53<02:28,  9.88s/it]
[2025-07-04T05:41:29.195+0000] {logging_mixin.py:190} WARNING - Best trial: 2. Best value: 0.439281:  30%|###       | 6/20 [00:53<01:52,  8.07s/it]
[2025-07-04T05:41:29.209+0000] {warnings.py:112} WARNING - /home/***/.local/lib/python3.12/site-packages/joblib/parallel.py:1379: UserWarning: Loky-backed parallel loops cannot be called in a multiprocessing, setting n_jobs=1
  n_jobs = self._backend.configure(

[2025-07-04T05:41:49.138+0000] {logging_mixin.py:190} WARNING -                                                                                    
[2025-07-04T05:41:49.139+0000] {logging_mixin.py:190} WARNING - 
[2025-07-04T05:41:49.139+0000] {logging_mixin.py:190} INFO - [I 2025-07-04 05:41:49,138] Trial 6 finished with value: 0.2624121703472024 and parameters: {'use_amount': False, 'use_is_night': True, 'use_is_weekend': False, 'use_transaction_day': True, 'use_amount_spent_last24h': False, 'use_prev_amount': True, 'use_user_activity_24h': True, 'use_user_transactions_per_minute': True, 'use_is_high_velocity': True, 'use_txn_count_last_5min': True, 'use_amount_to_avg_ratio': False, 'use_amount_to_avg_ratio_7d': False, 'use_amount_vs_median': True, 'use_amount_change_ratio': False, 'use_user_spending_ratio_last24h': True, 'use_transaction_hour': False, 'use_transaction_hour_sin': True, 'use_transaction_hour_cos': False, 'use_transaction_dayOfWeek': False, 'use_days_since_last_transaction': False, 'use_is_unusual_hour_for_user': False, 'use_time_diff': True, 'use_user_avg_transaction_interval': False, 'use_zscore_amount_per_user': True, 'use_burst_small_txn_count_last_min': True, 'use_user_transaction_amount_std': True, 'use_amount_7d_avg': True, 'use_user_total_spend_todate': False, 'use_merchant_risk': True, 'use_merchant': False, 'use_merchant_avg_fraud_rate': False, 'use_user_merchant_transaction_count': True, 'use_num_distinct_merchants_24h': False, 'use_is_location_anomalous': False, 'use_is_location_mismatch': False, 'max_depth': 4, 'learning_rate': 0.018469858063017788, 'subsample': 0.9358285444351421, 'colsample_bytree': 0.8563390139474709, 'gamma': 0.21364553755194457, 'reg_alpha': 0.42816507161590917}. Best is trial 2 with value: 0.43928076323433457.
[2025-07-04T05:41:49.139+0000] {logging_mixin.py:190} WARNING - Best trial: 2. Best value: 0.439281:  30%|###       | 6/20 [01:13<01:52,  8.07s/it]
[2025-07-04T05:41:49.144+0000] {logging_mixin.py:190} WARNING - Best trial: 2. Best value: 0.439281:  30%|###       | 6/20 [01:13<01:52,  8.07s/it]
[2025-07-04T05:41:49.144+0000] {logging_mixin.py:190} WARNING - Best trial: 2. Best value: 0.439281:  35%|###5      | 7/20 [01:13<02:35, 11.95s/it]
[2025-07-04T05:41:49.157+0000] {warnings.py:112} WARNING - /home/***/.local/lib/python3.12/site-packages/joblib/parallel.py:1379: UserWarning: Loky-backed parallel loops cannot be called in a multiprocessing, setting n_jobs=1
  n_jobs = self._backend.configure(

[2025-07-04T05:41:56.219+0000] {logging_mixin.py:190} WARNING -                                                                                    
[2025-07-04T05:41:56.220+0000] {logging_mixin.py:190} WARNING - 
[2025-07-04T05:41:56.220+0000] {logging_mixin.py:190} INFO - [I 2025-07-04 05:41:56,218] Trial 7 finished with value: 0.37831803165254024 and parameters: {'use_amount': False, 'use_is_night': True, 'use_is_weekend': False, 'use_transaction_day': True, 'use_amount_spent_last24h': True, 'use_prev_amount': False, 'use_user_activity_24h': False, 'use_user_transactions_per_minute': True, 'use_is_high_velocity': False, 'use_txn_count_last_5min': True, 'use_amount_to_avg_ratio': False, 'use_amount_to_avg_ratio_7d': False, 'use_amount_vs_median': True, 'use_amount_change_ratio': True, 'use_user_spending_ratio_last24h': False, 'use_transaction_hour': False, 'use_transaction_hour_sin': False, 'use_transaction_hour_cos': False, 'use_transaction_dayOfWeek': False, 'use_days_since_last_transaction': False, 'use_is_unusual_hour_for_user': True, 'use_time_diff': True, 'use_user_avg_transaction_interval': True, 'use_zscore_amount_per_user': False, 'use_burst_small_txn_count_last_min': True, 'use_user_transaction_amount_std': False, 'use_amount_7d_avg': False, 'use_user_total_spend_todate': False, 'use_merchant_risk': True, 'use_merchant': True, 'use_merchant_avg_fraud_rate': True, 'use_user_merchant_transaction_count': True, 'use_num_distinct_merchants_24h': True, 'use_is_location_anomalous': False, 'use_is_location_mismatch': True, 'max_depth': 7, 'learning_rate': 0.020343407988049886, 'subsample': 0.7570362625456669, 'colsample_bytree': 0.76360695556685, 'gamma': 0.14761366075457893, 'reg_alpha': 0.2936695552532244}. Best is trial 2 with value: 0.43928076323433457.
[2025-07-04T05:41:56.221+0000] {logging_mixin.py:190} WARNING - Best trial: 2. Best value: 0.439281:  35%|###5      | 7/20 [01:20<02:35, 11.95s/it]
[2025-07-04T05:41:56.226+0000] {logging_mixin.py:190} WARNING - Best trial: 2. Best value: 0.439281:  35%|###5      | 7/20 [01:20<02:35, 11.95s/it]
[2025-07-04T05:41:56.227+0000] {logging_mixin.py:190} WARNING - Best trial: 2. Best value: 0.439281:  40%|####      | 8/20 [01:20<02:04, 10.40s/it]
[2025-07-04T05:41:56.244+0000] {warnings.py:112} WARNING - /home/***/.local/lib/python3.12/site-packages/joblib/parallel.py:1379: UserWarning: Loky-backed parallel loops cannot be called in a multiprocessing, setting n_jobs=1
  n_jobs = self._backend.configure(

[2025-07-04T05:42:04.047+0000] {logging_mixin.py:190} WARNING -                                                                                    
[2025-07-04T05:42:04.048+0000] {logging_mixin.py:190} WARNING - 
[2025-07-04T05:42:04.048+0000] {logging_mixin.py:190} INFO - [I 2025-07-04 05:42:04,046] Trial 8 finished with value: 0.3655052359107894 and parameters: {'use_amount': True, 'use_is_night': True, 'use_is_weekend': True, 'use_transaction_day': True, 'use_amount_spent_last24h': True, 'use_prev_amount': True, 'use_user_activity_24h': True, 'use_user_transactions_per_minute': True, 'use_is_high_velocity': True, 'use_txn_count_last_5min': True, 'use_amount_to_avg_ratio': True, 'use_amount_to_avg_ratio_7d': True, 'use_amount_vs_median': False, 'use_amount_change_ratio': False, 'use_user_spending_ratio_last24h': False, 'use_transaction_hour': True, 'use_transaction_hour_sin': False, 'use_transaction_hour_cos': True, 'use_transaction_dayOfWeek': False, 'use_days_since_last_transaction': True, 'use_is_unusual_hour_for_user': True, 'use_time_diff': True, 'use_user_avg_transaction_interval': True, 'use_zscore_amount_per_user': False, 'use_burst_small_txn_count_last_min': True, 'use_user_transaction_amount_std': False, 'use_amount_7d_avg': True, 'use_user_total_spend_todate': False, 'use_merchant_risk': False, 'use_merchant': True, 'use_merchant_avg_fraud_rate': True, 'use_user_merchant_transaction_count': True, 'use_num_distinct_merchants_24h': True, 'use_is_location_anomalous': False, 'use_is_location_mismatch': False, 'max_depth': 6, 'learning_rate': 0.02361085188060253, 'subsample': 0.739348864423828, 'colsample_bytree': 0.8861170716315709, 'gamma': 0.2574508487719937, 'reg_alpha': 0.30325782310077865}. Best is trial 2 with value: 0.43928076323433457.
[2025-07-04T05:42:04.048+0000] {logging_mixin.py:190} WARNING - Best trial: 2. Best value: 0.439281:  40%|####      | 8/20 [01:28<02:04, 10.40s/it]
[2025-07-04T05:42:04.053+0000] {logging_mixin.py:190} WARNING - Best trial: 2. Best value: 0.439281:  40%|####      | 8/20 [01:28<02:04, 10.40s/it]
[2025-07-04T05:42:04.053+0000] {logging_mixin.py:190} WARNING - Best trial: 2. Best value: 0.439281:  45%|####5     | 9/20 [01:28<01:45,  9.60s/it]
[2025-07-04T05:42:04.067+0000] {warnings.py:112} WARNING - /home/***/.local/lib/python3.12/site-packages/joblib/parallel.py:1379: UserWarning: Loky-backed parallel loops cannot be called in a multiprocessing, setting n_jobs=1
  n_jobs = self._backend.configure(

[2025-07-04T05:42:20.637+0000] {logging_mixin.py:190} WARNING -                                                                                    
[2025-07-04T05:42:20.637+0000] {logging_mixin.py:190} WARNING - 
