[2025-07-04T05:43:18.456+0000] {logging_mixin.py:190} INFO - [I 2025-07-04 05:43:18,454] Trial 17 finished with value: 0.4376598080638989 and parameters: {'use_amount': True, 'use_is_night': False, 'use_is_weekend': True, 'use_transaction_day': False, 'use_amount_spent_last24h': False, 'use_prev_amount': False, 'use_user_activity_24h': False, 'use_user_transactions_per_minute': False, 'use_is_high_velocity': False, 'use_txn_count_last_5min': False, 'use_amount_to_avg_ratio': False, 'use_amount_to_avg_ratio_7d': True, 'use_amount_vs_median': True, 'use_amount_change_ratio': True, 'use_user_spending_ratio_last24h': True, 'use_transaction_hour': True, 'use_transaction_hour_sin': False, 'use_transaction_hour_cos': True, 'use_transaction_dayOfWeek': True, 'use_days_since_last_transaction': True, 'use_is_unusual_hour_for_user': False, 'use_time_diff': False, 'use_user_avg_transaction_interval': False, 'use_zscore_amount_per_user': True, 'use_burst_small_txn_count_last_min': False, 'use_user_transaction_amount_std': True, 'use_amount_7d_avg': False, 'use_user_total_spend_todate': True, 'use_merchant_risk': True, 'use_merchant': True, 'use_merchant_avg_fraud_rate': True, 'use_user_merchant_transaction_count': False, 'use_num_distinct_merchants_24h': True, 'use_is_location_anomalous': True, 'use_is_location_mismatch': True, 'max_depth': 5, 'learning_rate': 0.04336535381779153, 'subsample': 0.9044650800402563, 'colsample_bytree': 0.9065833935747022, 'gamma': 0.10878223154958351, 'reg_alpha': 0.2779065529920167}. Best is trial 10 with value: 0.451178354192771.
[2025-07-04T05:43:18.456+0000] {logging_mixin.py:190} WARNING - Best trial: 10. Best value: 0.451178:  85%|########5 | 17/20 [02:43<00:22,  7.56s/it]
[2025-07-04T05:43:18.461+0000] {logging_mixin.py:190} WARNING - Best trial: 10. Best value: 0.451178:  85%|########5 | 17/20 [02:43<00:22,  7.56s/it]
[2025-07-04T05:43:18.462+0000] {logging_mixin.py:190} WARNING - Best trial: 10. Best value: 0.451178:  90%|######### | 18/20 [02:43<00:13,  6.98s/it]
[2025-07-04T05:43:18.523+0000] {warnings.py:112} WARNING - /home/***/.local/lib/python3.12/site-packages/joblib/parallel.py:1379: UserWarning: Loky-backed parallel loops cannot be called in a multiprocessing, setting n_jobs=1
  n_jobs = self._backend.configure(

[2025-07-04T05:43:34.206+0000] {logging_mixin.py:190} WARNING -                                                                                      
[2025-07-04T05:43:34.207+0000] {logging_mixin.py:190} WARNING - 
[2025-07-04T05:43:34.207+0000] {logging_mixin.py:190} INFO - [I 2025-07-04 05:43:34,205] Trial 18 finished with value: 0.44740231817134934 and parameters: {'use_amount': False, 'use_is_night': False, 'use_is_weekend': True, 'use_transaction_day': False, 'use_amount_spent_last24h': False, 'use_prev_amount': False, 'use_user_activity_24h': False, 'use_user_transactions_per_minute': False, 'use_is_high_velocity': False, 'use_txn_count_last_5min': False, 'use_amount_to_avg_ratio': True, 'use_amount_to_avg_ratio_7d': True, 'use_amount_vs_median': True, 'use_amount_change_ratio': True, 'use_user_spending_ratio_last24h': False, 'use_transaction_hour': True, 'use_transaction_hour_sin': True, 'use_transaction_hour_cos': True, 'use_transaction_dayOfWeek': True, 'use_days_since_last_transaction': False, 'use_is_unusual_hour_for_user': False, 'use_time_diff': False, 'use_user_avg_transaction_interval': False, 'use_zscore_amount_per_user': True, 'use_burst_small_txn_count_last_min': False, 'use_user_transaction_amount_std': True, 'use_amount_7d_avg': False, 'use_user_total_spend_todate': True, 'use_merchant_risk': False, 'use_merchant': True, 'use_merchant_avg_fraud_rate': True, 'use_user_merchant_transaction_count': False, 'use_num_distinct_merchants_24h': False, 'use_is_location_anomalous': True, 'use_is_location_mismatch': True, 'max_depth': 5, 'learning_rate': 0.07511942529381989, 'subsample': 0.810570890501424, 'colsample_bytree': 0.6813702188294956, 'gamma': 0.043906389132368634, 'reg_alpha': 0.0967444952460122}. Best is trial 10 with value: 0.451178354192771.
[2025-07-04T05:43:34.208+0000] {logging_mixin.py:190} WARNING - Best trial: 10. Best value: 0.451178:  90%|######### | 18/20 [02:58<00:13,  6.98s/it]
[2025-07-04T05:43:34.218+0000] {logging_mixin.py:190} WARNING - Best trial: 10. Best value: 0.451178:  90%|######### | 18/20 [02:58<00:13,  6.98s/it]
[2025-07-04T05:43:34.219+0000] {logging_mixin.py:190} WARNING - Best trial: 10. Best value: 0.451178:  95%|#########5| 19/20 [02:58<00:09,  9.61s/it]
[2025-07-04T05:43:34.302+0000] {warnings.py:112} WARNING - /home/***/.local/lib/python3.12/site-packages/joblib/parallel.py:1379: UserWarning: Loky-backed parallel loops cannot be called in a multiprocessing, setting n_jobs=1
  n_jobs = self._backend.configure(

[2025-07-04T05:43:39.348+0000] {logging_mixin.py:190} WARNING -                                                                                      
[2025-07-04T05:43:39.348+0000] {logging_mixin.py:190} WARNING - 
[2025-07-04T05:43:39.349+0000] {logging_mixin.py:190} INFO - [I 2025-07-04 05:43:39,348] Trial 19 finished with value: 0.21777708444751345 and parameters: {'use_amount': True, 'use_is_night': False, 'use_is_weekend': True, 'use_transaction_day': False, 'use_amount_spent_last24h': False, 'use_prev_amount': False, 'use_user_activity_24h': False, 'use_user_transactions_per_minute': False, 'use_is_high_velocity': False, 'use_txn_count_last_5min': False, 'use_amount_to_avg_ratio': False, 'use_amount_to_avg_ratio_7d': True, 'use_amount_vs_median': True, 'use_amount_change_ratio': True, 'use_user_spending_ratio_last24h': True, 'use_transaction_hour': True, 'use_transaction_hour_sin': False, 'use_transaction_hour_cos': True, 'use_transaction_dayOfWeek': True, 'use_days_since_last_transaction': True, 'use_is_unusual_hour_for_user': False, 'use_time_diff': False, 'use_user_avg_transaction_interval': False, 'use_zscore_amount_per_user': True, 'use_burst_small_txn_count_last_min': False, 'use_user_transaction_amount_std': True, 'use_amount_7d_avg': False, 'use_user_total_spend_todate': True, 'use_merchant_risk': True, 'use_merchant': True, 'use_merchant_avg_fraud_rate': True, 'use_user_merchant_transaction_count': False, 'use_num_distinct_merchants_24h': True, 'use_is_location_anomalous': True, 'use_is_location_mismatch': True, 'max_depth': 4, 'learning_rate': 0.011508805442450155, 'subsample': 0.8870800993322819, 'colsample_bytree': 0.9488745852699495, 'gamma': 0.001239063955094371, 'reg_alpha': 0.3498809491491443}. Best is trial 10 with value: 0.451178354192771.
[2025-07-04T05:43:39.349+0000] {logging_mixin.py:190} WARNING - Best trial: 10. Best value: 0.451178:  95%|#########5| 19/20 [03:04<00:09,  9.61s/it]
[2025-07-04T05:43:39.352+0000] {logging_mixin.py:190} WARNING - Best trial: 10. Best value: 0.451178:  95%|#########5| 19/20 [03:04<00:09,  9.61s/it]
[2025-07-04T05:43:39.353+0000] {logging_mixin.py:190} WARNING - Best trial: 10. Best value: 0.451178: 100%|##########| 20/20 [03:04<00:00,  8.27s/it]
[2025-07-04T05:43:39.353+0000] {logging_mixin.py:190} WARNING - Best trial: 10. Best value: 0.451178: 100%|##########| 20/20 [03:04<00:00,  9.20s/it]
[2025-07-04T05:43:39.355+0000] {fraud_detection_training.py:594} INFO - Best hyperparameters using Optuna: {'use_amount': True, 'use_is_night': False, 'use_is_weekend': True, 'use_transaction_day': False, 'use_amount_spent_last24h': False, 'use_prev_amount': False, 'use_user_activity_24h': False, 'use_user_transactions_per_minute': False, 'use_is_high_velocity': False, 'use_txn_count_last_5min': False, 'use_amount_to_avg_ratio': False, 'use_amount_to_avg_ratio_7d': True, 'use_amount_vs_median': True, 'use_amount_change_ratio': True, 'use_user_spending_ratio_last24h': True, 'use_transaction_hour': True, 'use_transaction_hour_sin': False, 'use_transaction_hour_cos': True, 'use_transaction_dayOfWeek': True, 'use_days_since_last_transaction': True, 'use_is_unusual_hour_for_user': False, 'use_time_diff': False, 'use_user_avg_transaction_interval': False, 'use_zscore_amount_per_user': True, 'use_burst_small_txn_count_last_min': False, 'use_user_transaction_amount_std': True, 'use_amount_7d_avg': False, 'use_user_total_spend_todate': True, 'use_merchant_risk': True, 'use_merchant': True, 'use_merchant_avg_fraud_rate': True, 'use_user_merchant_transaction_count': False, 'use_num_distinct_merchants_24h': True, 'use_is_location_anomalous': True, 'use_is_location_mismatch': True, 'max_depth': 5, 'learning_rate': 0.09362318777908736, 'subsample': 0.8636781710768603, 'colsample_bytree': 0.9737017265310748, 'gamma': 0.008635980561611856, 'reg_alpha': 0.16622012683517934}
[2025-07-04T05:43:40.221+0000] {warnings.py:112} WARNING - /home/***/.local/lib/python3.12/site-packages/xgboost/training.py:183: UserWarning: [05:43:40] WARNING: /workspace/src/learner.cc:738: 
Parameters: { "use_amount", "use_amount_7d_avg", "use_amount_change_ratio", "use_amount_spent_last24h", "use_amount_to_avg_ratio", "use_amount_to_avg_ratio_7d", "use_amount_vs_median", "use_burst_small_txn_count_last_min", "use_days_since_last_transaction", "use_is_high_velocity", "use_is_location_anomalous", "use_is_location_mismatch", "use_is_night", "use_is_unusual_hour_for_user", "use_is_weekend", "use_merchant", "use_merchant_avg_fraud_rate", "use_merchant_risk", "use_num_distinct_merchants_24h", "use_prev_amount", "use_time_diff", "use_transaction_day", "use_transaction_dayOfWeek", "use_transaction_hour", "use_transaction_hour_cos", "use_transaction_hour_sin", "use_txn_count_last_5min", "use_user_activity_24h", "use_user_avg_transaction_interval", "use_user_merchant_transaction_count", "use_user_spending_ratio_last24h", "use_user_total_spend_todate", "use_user_transaction_amount_std", "use_user_transactions_per_minute", "use_zscore_amount_per_user" } are not used.

  bst.update(dtrain, iteration=i, fobj=obj)

[2025-07-04T05:43:41.481+0000] {credentials.py:1147} INFO - Found credentials in environment variables.
[2025-07-04T05:43:41.890+0000] {fraud_detection_training.py:660} INFO - Optimal threhsold determined: 0.9559
[2025-07-04T05:43:44.151+0000] {warnings.py:112} WARNING - /home/***/.local/lib/python3.12/site-packages/mlflow/types/utils.py:452: UserWarning: Hint: Inferred schema contains integer column(s). Integer columns in Python cannot represent missing values. If your input data contains missing values at inference time, it will be encoded as floats and will cause a schema enforcement error. The best way to avoid this problem is to infer the model schema based on a realistic data sample (training dataset) that includes missing values. Alternatively, you can declare integer columns as doubles (float64) whenever these columns may have missing values. See `Handling Integers With Missing Values <https://www.mlflow.org/docs/latest/models.html#handling-integers-with-missing-values>`_ for more details.
  warnings.warn(

[2025-07-04T05:43:44.162+0000] {logging_mixin.py:190} WARNING - 2025/07/04 05:43:44 WARNING mlflow.models.model: `artifact_path` is deprecated. Please use `name` instead.
[2025-07-04T05:43:54.659+0000] {logging_mixin.py:190} WARNING - Successfully registered model 'fraud_detection_model'.
[2025-07-04T05:43:55.191+0000] {logging_mixin.py:190} WARNING - 2025/07/04 05:43:55 INFO mlflow.store.model_registry.abstract_store: Waiting up to 300 seconds for model version to finish creation. Model name: fraud_detection_model, version 1
[2025-07-04T05:43:55.192+0000] {logging_mixin.py:190} WARNING - Created version '1' of model 'fraud_detection_model'.
[2025-07-04T05:43:55.298+0000] {fraud_detection_training.py:742} INFO - Training successfully completed with metrics: {'auc_pr': 0.4124242496421134, 'precision': 0.92, 'recall': 0.4107142857142857, 'f1': 0.5679012345679012, 'threshold': 0.9559171795845032}
[2025-07-04T05:43:55.329+0000] {logging_mixin.py:190} INFO - 🏃 View run caring-sheep-392 at: http://mlflow-server:5500/#/experiments/1/runs/3d8248808d4b42d39c089aee65d46bcf
[2025-07-04T05:43:55.330+0000] {logging_mixin.py:190} INFO - 🧪 View experiment at: http://mlflow-server:5500/#/experiments/1
[2025-07-04T05:43:55.391+0000] {python.py:240} INFO - Done. Returned value was: {'status': 'success', 'precision': {'auc_pr': 0.4124242496421134, 'precision': 0.92, 'recall': 0.4107142857142857, 'f1': 0.5679012345679012, 'threshold': 0.9559171795845032}}
[2025-07-04T05:43:55.429+0000] {taskinstance.py:341} INFO - ::group::Post task execution logs
[2025-07-04T05:43:55.430+0000] {taskinstance.py:353} INFO - Marking task as SUCCESS. dag_id=fraud_detection_training, task_id=execute_training, run_id=manual__2025-07-04T05:29:11.126087+00:00, execution_date=20250704T052911, start_date=20250704T052917, end_date=20250704T054355
[2025-07-04T05:43:55.530+0000] {local_task_job_runner.py:266} INFO - Task exited with return code 0
[2025-07-04T05:43:55.672+0000] {taskinstance.py:3901} INFO - 1 downstream tasks scheduled from follow-on schedule check
[2025-07-04T05:43:55.675+0000] {local_task_job_runner.py:245} INFO - ::endgroup::
