[2025-07-07T06:49:05.907+0000] {logging_mixin.py:190} INFO - [I 2025-07-07 06:49:05,905] Trial 2 finished with value: 0.10598742992411105 and parameters: {'use_amount': True, 'use_is_night': False, 'use_is_weekend': True, 'use_transaction_day': False, 'use_user_activity_24h': True, 'use_amount_to_avg_ratio': True, 'use_merchant_risk': False, 'use_merchant': True, 'max_depth': 5, 'learning_rate': 0.018564166509193052, 'subsample': 0.6185756073535648, 'colsample_bytree': 0.6161870796286911, 'gamma': 0.270095003286337, 'reg_alpha': 0.29349460615359296}. Best is trial 0 with value: 0.32145448474778626.
[2025-07-07T06:49:05.907+0000] {logging_mixin.py:190} WARNING - Best trial: 0. Best value: 0.321454:  10%|#         | 2/20 [01:01<06:59, 23.30s/it]
[2025-07-07T06:49:05.909+0000] {logging_mixin.py:190} WARNING - Best trial: 0. Best value: 0.321454:  10%|#         | 2/20 [01:01<06:59, 23.30s/it]
[2025-07-07T06:49:05.910+0000] {logging_mixin.py:190} WARNING - Best trial: 0. Best value: 0.321454:  15%|#5        | 3/20 [01:01<05:35, 19.73s/it]
[2025-07-07T06:49:05.926+0000] {warnings.py:112} WARNING - /home/***/.local/lib/python3.12/site-packages/joblib/parallel.py:1379: UserWarning: Loky-backed parallel loops cannot be called in a multiprocessing, setting n_jobs=1
  n_jobs = self._backend.configure(

[2025-07-07T06:49:23.773+0000] {logging_mixin.py:190} WARNING -                                                                                    
[2025-07-07T06:49:23.774+0000] {logging_mixin.py:190} WARNING - 
[2025-07-07T06:49:23.774+0000] {logging_mixin.py:190} INFO - [I 2025-07-07 06:49:23,773] Trial 3 finished with value: 0.2807280562260182 and parameters: {'use_amount': True, 'use_is_night': False, 'use_is_weekend': True, 'use_transaction_day': False, 'use_user_activity_24h': True, 'use_amount_to_avg_ratio': False, 'use_merchant_risk': False, 'use_merchant': False, 'max_depth': 4, 'learning_rate': 0.08968296573389574, 'subsample': 0.8912794229369443, 'colsample_bytree': 0.77152974931743, 'gamma': 0.12726149646085128, 'reg_alpha': 0.21792131032668205}. Best is trial 0 with value: 0.32145448474778626.
[2025-07-07T06:49:23.775+0000] {logging_mixin.py:190} WARNING - Best trial: 0. Best value: 0.321454:  15%|#5        | 3/20 [01:19<05:35, 19.73s/it]
[2025-07-07T06:49:23.776+0000] {logging_mixin.py:190} WARNING - Best trial: 0. Best value: 0.321454:  15%|#5        | 3/20 [01:19<05:35, 19.73s/it]
[2025-07-07T06:49:23.777+0000] {logging_mixin.py:190} WARNING - Best trial: 0. Best value: 0.321454:  20%|##        | 4/20 [01:19<05:03, 18.99s/it]
[2025-07-07T06:49:23.797+0000] {warnings.py:112} WARNING - /home/***/.local/lib/python3.12/site-packages/joblib/parallel.py:1379: UserWarning: Loky-backed parallel loops cannot be called in a multiprocessing, setting n_jobs=1
  n_jobs = self._backend.configure(

[2025-07-07T06:49:34.527+0000] {logging_mixin.py:190} WARNING -                                                                                    
[2025-07-07T06:49:34.528+0000] {logging_mixin.py:190} WARNING - 
[2025-07-07T06:49:34.529+0000] {logging_mixin.py:190} INFO - [I 2025-07-07 06:49:34,527] Trial 4 finished with value: 0.10599545326930487 and parameters: {'use_amount': False, 'use_is_night': False, 'use_is_weekend': True, 'use_transaction_day': False, 'use_user_activity_24h': True, 'use_amount_to_avg_ratio': True, 'use_merchant_risk': False, 'use_merchant': True, 'max_depth': 4, 'learning_rate': 0.02043909996602437, 'subsample': 0.8153025993659027, 'colsample_bytree': 0.8691863405433982, 'gamma': 0.10440750547038409, 'reg_alpha': 0.3080521975933583}. Best is trial 0 with value: 0.32145448474778626.
[2025-07-07T06:49:34.529+0000] {logging_mixin.py:190} WARNING - Best trial: 0. Best value: 0.321454:  20%|##        | 4/20 [01:30<05:03, 18.99s/it]
[2025-07-07T06:49:34.531+0000] {logging_mixin.py:190} WARNING - Best trial: 0. Best value: 0.321454:  20%|##        | 4/20 [01:30<05:03, 18.99s/it]
[2025-07-07T06:49:34.532+0000] {logging_mixin.py:190} WARNING - Best trial: 0. Best value: 0.321454:  25%|##5       | 5/20 [01:30<04:00, 16.02s/it]
[2025-07-07T06:49:34.554+0000] {warnings.py:112} WARNING - /home/***/.local/lib/python3.12/site-packages/joblib/parallel.py:1379: UserWarning: Loky-backed parallel loops cannot be called in a multiprocessing, setting n_jobs=1
  n_jobs = self._backend.configure(

[2025-07-07T06:49:58.851+0000] {logging_mixin.py:190} WARNING -                                                                                    
[2025-07-07T06:49:58.852+0000] {logging_mixin.py:190} WARNING - 
[2025-07-07T06:49:58.852+0000] {logging_mixin.py:190} INFO - [I 2025-07-07 06:49:58,850] Trial 5 finished with value: 0.2748847542025498 and parameters: {'use_amount': False, 'use_is_night': False, 'use_is_weekend': False, 'use_transaction_day': True, 'use_user_activity_24h': False, 'use_amount_to_avg_ratio': False, 'use_merchant_risk': True, 'use_merchant': True, 'max_depth': 6, 'learning_rate': 0.061055950944618055, 'subsample': 0.9514284038278717, 'colsample_bytree': 0.6465655347446982, 'gamma': 0.25009359445720686, 'reg_alpha': 0.1296276544503696}. Best is trial 0 with value: 0.32145448474778626.
[2025-07-07T06:49:58.853+0000] {logging_mixin.py:190} WARNING - Best trial: 0. Best value: 0.321454:  25%|##5       | 5/20 [01:54<04:00, 16.02s/it]
[2025-07-07T06:49:58.856+0000] {logging_mixin.py:190} WARNING - Best trial: 0. Best value: 0.321454:  25%|##5       | 5/20 [01:54<04:00, 16.02s/it]
[2025-07-07T06:49:58.857+0000] {logging_mixin.py:190} WARNING - Best trial: 0. Best value: 0.321454:  30%|###       | 6/20 [01:54<04:23, 18.85s/it]
[2025-07-07T06:49:58.881+0000] {warnings.py:112} WARNING - /home/***/.local/lib/python3.12/site-packages/joblib/parallel.py:1379: UserWarning: Loky-backed parallel loops cannot be called in a multiprocessing, setting n_jobs=1
  n_jobs = self._backend.configure(

[2025-07-07T06:50:15.213+0000] {logging_mixin.py:190} WARNING -                                                                                    
[2025-07-07T06:50:15.214+0000] {logging_mixin.py:190} WARNING - 
[2025-07-07T06:50:15.214+0000] {logging_mixin.py:190} INFO - [I 2025-07-07 06:50:15,213] Trial 6 finished with value: 0.15659217623721902 and parameters: {'use_amount': True, 'use_is_night': False, 'use_is_weekend': True, 'use_transaction_day': True, 'use_user_activity_24h': False, 'use_amount_to_avg_ratio': True, 'use_merchant_risk': False, 'use_merchant': True, 'max_depth': 7, 'learning_rate': 0.028810146705372703, 'subsample': 0.8218215374506641, 'colsample_bytree': 0.7116445731685221, 'gamma': 0.12369417054717174, 'reg_alpha': 0.3040568714588838}. Best is trial 0 with value: 0.32145448474778626.
[2025-07-07T06:50:15.215+0000] {logging_mixin.py:190} WARNING - Best trial: 0. Best value: 0.321454:  30%|###       | 6/20 [02:10<04:23, 18.85s/it]
[2025-07-07T06:50:15.217+0000] {logging_mixin.py:190} WARNING - Best trial: 0. Best value: 0.321454:  30%|###       | 6/20 [02:10<04:23, 18.85s/it]
[2025-07-07T06:50:15.217+0000] {logging_mixin.py:190} WARNING - Best trial: 0. Best value: 0.321454:  35%|###5      | 7/20 [02:10<03:54, 18.03s/it]
[2025-07-07T06:50:15.235+0000] {warnings.py:112} WARNING - /home/***/.local/lib/python3.12/site-packages/joblib/parallel.py:1379: UserWarning: Loky-backed parallel loops cannot be called in a multiprocessing, setting n_jobs=1
  n_jobs = self._backend.configure(

[2025-07-07T06:50:36.346+0000] {logging_mixin.py:190} WARNING -                                                                                    
[2025-07-07T06:50:36.347+0000] {logging_mixin.py:190} WARNING - 
[2025-07-07T06:50:36.347+0000] {logging_mixin.py:190} INFO - [I 2025-07-07 06:50:36,346] Trial 7 finished with value: 0.09647895093338947 and parameters: {'use_amount': True, 'use_is_night': True, 'use_is_weekend': False, 'use_transaction_day': False, 'use_user_activity_24h': False, 'use_amount_to_avg_ratio': True, 'use_merchant_risk': False, 'use_merchant': True, 'max_depth': 4, 'learning_rate': 0.01389732687148675, 'subsample': 0.7176010274244425, 'colsample_bytree': 0.6087244555881766, 'gamma': 0.24949205491403859, 'reg_alpha': 0.46926501518687247}. Best is trial 0 with value: 0.32145448474778626.
[2025-07-07T06:50:36.348+0000] {logging_mixin.py:190} WARNING - Best trial: 0. Best value: 0.321454:  35%|###5      | 7/20 [02:31<03:54, 18.03s/it]
[2025-07-07T06:50:36.350+0000] {logging_mixin.py:190} WARNING - Best trial: 0. Best value: 0.321454:  35%|###5      | 7/20 [02:31<03:54, 18.03s/it]
[2025-07-07T06:50:36.351+0000] {logging_mixin.py:190} WARNING - Best trial: 0. Best value: 0.321454:  40%|####      | 8/20 [02:31<03:48, 19.02s/it]
[2025-07-07T06:50:36.368+0000] {warnings.py:112} WARNING - /home/***/.local/lib/python3.12/site-packages/joblib/parallel.py:1379: UserWarning: Loky-backed parallel loops cannot be called in a multiprocessing, setting n_jobs=1
  n_jobs = self._backend.configure(

[2025-07-07T06:50:51.151+0000] {logging_mixin.py:190} WARNING -                                                                                    
[2025-07-07T06:50:51.152+0000] {logging_mixin.py:190} WARNING - 
[2025-07-07T06:50:51.153+0000] {logging_mixin.py:190} INFO - [I 2025-07-07 06:50:51,151] Trial 8 finished with value: 0.30273705780356835 and parameters: {'use_amount': False, 'use_is_night': True, 'use_is_weekend': True, 'use_transaction_day': False, 'use_user_activity_24h': True, 'use_amount_to_avg_ratio': True, 'use_merchant_risk': False, 'use_merchant': False, 'max_depth': 7, 'learning_rate': 0.08799799769494561, 'subsample': 0.6507231582211878, 'colsample_bytree': 0.6522410488846856, 'gamma': 0.2298838565458231, 'reg_alpha': 0.06716579483882057}. Best is trial 0 with value: 0.32145448474778626.
[2025-07-07T06:50:51.153+0000] {logging_mixin.py:190} WARNING - Best trial: 0. Best value: 0.321454:  40%|####      | 8/20 [02:46<03:48, 19.02s/it]
[2025-07-07T06:50:51.155+0000] {logging_mixin.py:190} WARNING - Best trial: 0. Best value: 0.321454:  40%|####      | 8/20 [02:46<03:48, 19.02s/it]
[2025-07-07T06:50:51.155+0000] {logging_mixin.py:190} WARNING - Best trial: 0. Best value: 0.321454:  45%|####5     | 9/20 [02:46<03:14, 17.70s/it]
[2025-07-07T06:50:51.172+0000] {warnings.py:112} WARNING - /home/***/.local/lib/python3.12/site-packages/joblib/parallel.py:1379: UserWarning: Loky-backed parallel loops cannot be called in a multiprocessing, setting n_jobs=1
  n_jobs = self._backend.configure(

[2025-07-07T06:51:09.901+0000] {logging_mixin.py:190} WARNING -                                                                                    
[2025-07-07T06:51:09.902+0000] {logging_mixin.py:190} WARNING - 
[2025-07-07T06:51:09.902+0000] {logging_mixin.py:190} INFO - [I 2025-07-07 06:51:09,901] Trial 9 finished with value: 0.09246114103155367 and parameters: {'use_amount': True, 'use_is_night': False, 'use_is_weekend': True, 'use_transaction_day': True, 'use_user_activity_24h': True, 'use_amount_to_avg_ratio': True, 'use_merchant_risk': True, 'use_merchant': True, 'max_depth': 3, 'learning_rate': 0.011202568303452884, 'subsample': 0.6215110852875377, 'colsample_bytree': 0.8625483769090024, 'gamma': 0.21179617075832613, 'reg_alpha': 0.10073482270610462}. Best is trial 0 with value: 0.32145448474778626.
[2025-07-07T06:51:09.903+0000] {logging_mixin.py:190} WARNING - Best trial: 0. Best value: 0.321454:  45%|####5     | 9/20 [03:05<03:14, 17.70s/it]
[2025-07-07T06:51:09.904+0000] {logging_mixin.py:190} WARNING - Best trial: 0. Best value: 0.321454:  45%|####5     | 9/20 [03:05<03:14, 17.70s/it]
[2025-07-07T06:51:09.905+0000] {logging_mixin.py:190} WARNING - Best trial: 0. Best value: 0.321454:  50%|#####     | 10/20 [03:05<03:00, 18.03s/it]
[2025-07-07T06:51:09.948+0000] {warnings.py:112} WARNING - /home/***/.local/lib/python3.12/site-packages/joblib/parallel.py:1379: UserWarning: Loky-backed parallel loops cannot be called in a multiprocessing, setting n_jobs=1
  n_jobs = self._backend.configure(

[2025-07-07T06:51:22.100+0000] {logging_mixin.py:190} WARNING -                                                                                     
[2025-07-07T06:51:22.101+0000] {logging_mixin.py:190} WARNING - 
[2025-07-07T06:51:22.101+0000] {logging_mixin.py:190} INFO - [I 2025-07-07 06:51:22,100] Trial 10 finished with value: 0.2349529957645865 and parameters: {'use_amount': True, 'use_is_night': True, 'use_is_weekend': False, 'use_transaction_day': True, 'use_user_activity_24h': False, 'use_amount_to_avg_ratio': False, 'use_merchant_risk': True, 'use_merchant': False, 'max_depth': 5, 'learning_rate': 0.047471513784120206, 'subsample': 0.740029820669349, 'colsample_bytree': 0.9791726602290514, 'gamma': 0.043821558957559015, 'reg_alpha': 0.00802683264320378}. Best is trial 0 with value: 0.32145448474778626.
[2025-07-07T06:51:22.102+0000] {logging_mixin.py:190} WARNING - Best trial: 0. Best value: 0.321454:  50%|#####     | 10/20 [03:17<03:00, 18.03s/it]
[2025-07-07T06:51:22.104+0000] {logging_mixin.py:190} WARNING - Best trial: 0. Best value: 0.321454:  50%|#####     | 10/20 [03:17<03:00, 18.03s/it]
[2025-07-07T06:51:22.104+0000] {logging_mixin.py:190} WARNING - Best trial: 0. Best value: 0.321454:  55%|#####5    | 11/20 [03:17<02:26, 16.24s/it]
[2025-07-07T06:51:22.145+0000] {warnings.py:112} WARNING - /home/***/.local/lib/python3.12/site-packages/joblib/parallel.py:1379: UserWarning: Loky-backed parallel loops cannot be called in a multiprocessing, setting n_jobs=1
  n_jobs = self._backend.configure(

[2025-07-07T06:51:43.554+0000] {logging_mixin.py:190} WARNING -                                                                                     
[2025-07-07T06:51:43.555+0000] {logging_mixin.py:190} WARNING - 
[2025-07-07T06:51:43.556+0000] {logging_mixin.py:190} INFO - [I 2025-07-07 06:51:43,554] Trial 11 finished with value: 0.3110392669221724 and parameters: {'use_amount': False, 'use_is_night': True, 'use_is_weekend': True, 'use_transaction_day': False, 'use_user_activity_24h': True, 'use_amount_to_avg_ratio': True, 'use_merchant_risk': True, 'use_merchant': False, 'max_depth': 7, 'learning_rate': 0.09177198499648333, 'subsample': 0.7101402485540105, 'colsample_bytree': 0.9823330231787133, 'gamma': 0.20210052312168525, 'reg_alpha': 0.01020994609956924}. Best is trial 0 with value: 0.32145448474778626.
[2025-07-07T06:51:43.556+0000] {logging_mixin.py:190} WARNING - Best trial: 0. Best value: 0.321454:  55%|#####5    | 11/20 [03:39<02:26, 16.24s/it]
[2025-07-07T06:51:43.558+0000] {logging_mixin.py:190} WARNING - Best trial: 0. Best value: 0.321454:  55%|#####5    | 11/20 [03:39<02:26, 16.24s/it]
[2025-07-07T06:51:43.559+0000] {logging_mixin.py:190} WARNING - Best trial: 0. Best value: 0.321454:  60%|######    | 12/20 [03:39<02:22, 17.83s/it]
[2025-07-07T06:51:43.604+0000] {warnings.py:112} WARNING - /home/***/.local/lib/python3.12/site-packages/joblib/parallel.py:1379: UserWarning: Loky-backed parallel loops cannot be called in a multiprocessing, setting n_jobs=1
  n_jobs = self._backend.configure(

[2025-07-07T06:51:55.913+0000] {logging_mixin.py:190} WARNING -                                                                                     
[2025-07-07T06:51:55.914+0000] {logging_mixin.py:190} WARNING - 
[2025-07-07T06:51:55.914+0000] {logging_mixin.py:190} INFO - [I 2025-07-07 06:51:55,913] Trial 12 finished with value: 0.3018025514711011 and parameters: {'use_amount': False, 'use_is_night': True, 'use_is_weekend': True, 'use_transaction_day': True, 'use_user_activity_24h': True, 'use_amount_to_avg_ratio': True, 'use_merchant_risk': True, 'use_merchant': False, 'max_depth': 6, 'learning_rate': 0.05428263573884242, 'subsample': 0.7239906465374528, 'colsample_bytree': 0.9956770669761146, 'gamma': 0.18451430685272252, 'reg_alpha': 0.17095493307919027}. Best is trial 0 with value: 0.32145448474778626.
[2025-07-07T06:51:55.915+0000] {logging_mixin.py:190} WARNING - Best trial: 0. Best value: 0.321454:  60%|######    | 12/20 [03:51<02:22, 17.83s/it]
[2025-07-07T06:51:55.917+0000] {logging_mixin.py:190} WARNING - Best trial: 0. Best value: 0.321454:  60%|######    | 12/20 [03:51<02:22, 17.83s/it]
[2025-07-07T06:51:55.917+0000] {logging_mixin.py:190} WARNING - Best trial: 0. Best value: 0.321454:  65%|######5   | 13/20 [03:51<01:53, 16.17s/it]
[2025-07-07T06:51:55.963+0000] {warnings.py:112} WARNING - /home/***/.local/lib/python3.12/site-packages/joblib/parallel.py:1379: UserWarning: Loky-backed parallel loops cannot be called in a multiprocessing, setting n_jobs=1
  n_jobs = self._backend.configure(

[2025-07-07T06:52:18.083+0000] {logging_mixin.py:190} WARNING -                                                                                     
[2025-07-07T06:52:18.084+0000] {logging_mixin.py:190} WARNING - 
[2025-07-07T06:52:18.085+0000] {logging_mixin.py:190} INFO - [I 2025-07-07 06:52:18,083] Trial 13 finished with value: 0.3197198217684482 and parameters: {'use_amount': False, 'use_is_night': True, 'use_is_weekend': True, 'use_transaction_day': False, 'use_user_activity_24h': True, 'use_amount_to_avg_ratio': True, 'use_merchant_risk': True, 'use_merchant': False, 'max_depth': 7, 'learning_rate': 0.09966622541652818, 'subsample': 0.9972066641693154, 'colsample_bytree': 0.934696120658459, 'gamma': 0.17742353039075826, 'reg_alpha': 0.0030114109379284536}. Best is trial 0 with value: 0.32145448474778626.
[2025-07-07T06:52:18.085+0000] {logging_mixin.py:190} WARNING - Best trial: 0. Best value: 0.321454:  65%|######5   | 13/20 [04:13<01:53, 16.17s/it]
[2025-07-07T06:52:18.087+0000] {logging_mixin.py:190} WARNING - Best trial: 0. Best value: 0.321454:  65%|######5   | 13/20 [04:13<01:53, 16.17s/it]
[2025-07-07T06:52:18.087+0000] {logging_mixin.py:190} WARNING - Best trial: 0. Best value: 0.321454:  70%|#######   | 14/20 [04:13<01:47, 17.98s/it]
[2025-07-07T06:52:18.132+0000] {warnings.py:112} WARNING - /home/***/.local/lib/python3.12/site-packages/joblib/parallel.py:1379: UserWarning: Loky-backed parallel loops cannot be called in a multiprocessing, setting n_jobs=1
  n_jobs = self._backend.configure(

[2025-07-07T06:52:29.262+0000] {logging_mixin.py:190} WARNING -                                                                                     
[2025-07-07T06:52:29.263+0000] {logging_mixin.py:190} WARNING - 
[2025-07-07T06:52:29.263+0000] {logging_mixin.py:190} INFO - [I 2025-07-07 06:52:29,261] Trial 14 finished with value: 0.2772922397534056 and parameters: {'use_amount': False, 'use_is_night': True, 'use_is_weekend': False, 'use_transaction_day': False, 'use_user_activity_24h': True, 'use_amount_to_avg_ratio': False, 'use_merchant_risk': True, 'use_merchant': True, 'max_depth': 5, 'learning_rate': 0.0609465743317617, 'subsample': 0.9910135969651248, 'colsample_bytree': 0.9282774121163186, 'gamma': 0.16906536566092722, 'reg_alpha': 0.19424484658603852}. Best is trial 0 with value: 0.32145448474778626.
[2025-07-07T06:52:29.263+0000] {logging_mixin.py:190} WARNING - Best trial: 0. Best value: 0.321454:  70%|#######   | 14/20 [04:24<01:47, 17.98s/it]
[2025-07-07T06:52:29.266+0000] {logging_mixin.py:190} WARNING - Best trial: 0. Best value: 0.321454:  70%|#######   | 14/20 [04:24<01:47, 17.98s/it]
[2025-07-07T06:52:29.266+0000] {logging_mixin.py:190} WARNING - Best trial: 0. Best value: 0.321454:  75%|#######5  | 15/20 [04:24<01:19, 15.93s/it]
[2025-07-07T06:52:29.321+0000] {warnings.py:112} WARNING - /home/***/.local/lib/python3.12/site-packages/joblib/parallel.py:1379: UserWarning: Loky-backed parallel loops cannot be called in a multiprocessing, setting n_jobs=1
  n_jobs = self._backend.configure(

[2025-07-07T06:52:53.292+0000] {logging_mixin.py:190} WARNING -                                                                                     
[2025-07-07T06:52:53.293+0000] {logging_mixin.py:190} WARNING - 
[2025-07-07T06:52:53.293+0000] {logging_mixin.py:190} INFO - [I 2025-07-07 06:52:53,291] Trial 15 finished with value: 0.23698500765939678 and parameters: {'use_amount': True, 'use_is_night': True, 'use_is_weekend': True, 'use_transaction_day': True, 'use_user_activity_24h': True, 'use_amount_to_avg_ratio': True, 'use_merchant_risk': True, 'use_merchant': False, 'max_depth': 6, 'learning_rate': 0.041523172377811966, 'subsample': 0.9032938324732964, 'colsample_bytree': 0.7988600390507008, 'gamma': 0.025685637610279907, 'reg_alpha': 0.06193024854795353}. Best is trial 0 with value: 0.32145448474778626.
[2025-07-07T06:52:53.294+0000] {logging_mixin.py:190} WARNING - Best trial: 0. Best value: 0.321454:  75%|#######5  | 15/20 [04:48<01:19, 15.93s/it]
[2025-07-07T06:52:53.296+0000] {logging_mixin.py:190} WARNING - Best trial: 0. Best value: 0.321454:  75%|#######5  | 15/20 [04:48<01:19, 15.93s/it]
[2025-07-07T06:52:53.296+0000] {logging_mixin.py:190} WARNING - Best trial: 0. Best value: 0.321454:  80%|########  | 16/20 [04:48<01:13, 18.37s/it]
[2025-07-07T06:52:53.346+0000] {warnings.py:112} WARNING - /home/***/.local/lib/python3.12/site-packages/joblib/parallel.py:1379: UserWarning: Loky-backed parallel loops cannot be called in a multiprocessing, setting n_jobs=1
  n_jobs = self._backend.configure(

[2025-07-07T06:53:02.959+0000] {logging_mixin.py:190} WARNING -                                                                                     
[2025-07-07T06:53:02.960+0000] {logging_mixin.py:190} WARNING - 
