[2025-07-07T06:53:02.961+0000] {logging_mixin.py:190} INFO - [I 2025-07-07 06:53:02,959] Trial 16 finished with value: 0.16335215835504407 and parameters: {'use_amount': True, 'use_is_night': True, 'use_is_weekend': True, 'use_transaction_day': False, 'use_user_activity_24h': True, 'use_amount_to_avg_ratio': True, 'use_merchant_risk': True, 'use_merchant': False, 'max_depth': 3, 'learning_rate': 0.0749264364289801, 'subsample': 0.8825805705419261, 'colsample_bytree': 0.9149469109463987, 'gamma': 0.07510789286635121, 'reg_alpha': 0.1334930754185891}. Best is trial 0 with value: 0.32145448474778626.
[2025-07-07T06:53:02.961+0000] {logging_mixin.py:190} WARNING - Best trial: 0. Best value: 0.321454:  80%|########  | 16/20 [04:58<01:13, 18.37s/it]
[2025-07-07T06:53:02.964+0000] {logging_mixin.py:190} WARNING - Best trial: 0. Best value: 0.321454:  80%|########  | 16/20 [04:58<01:13, 18.37s/it]
[2025-07-07T06:53:02.965+0000] {logging_mixin.py:190} WARNING - Best trial: 0. Best value: 0.321454:  85%|########5 | 17/20 [04:58<00:47, 15.75s/it]
[2025-07-07T06:53:03.025+0000] {warnings.py:112} WARNING - /home/***/.local/lib/python3.12/site-packages/joblib/parallel.py:1379: UserWarning: Loky-backed parallel loops cannot be called in a multiprocessing, setting n_jobs=1
  n_jobs = self._backend.configure(

[2025-07-07T06:53:22.024+0000] {logging_mixin.py:190} WARNING -                                                                                     
[2025-07-07T06:53:22.025+0000] {logging_mixin.py:190} WARNING - 
[2025-07-07T06:53:22.025+0000] {logging_mixin.py:190} INFO - [I 2025-07-07 06:53:22,024] Trial 17 finished with value: 0.13398698961395297 and parameters: {'use_amount': False, 'use_is_night': True, 'use_is_weekend': True, 'use_transaction_day': True, 'use_user_activity_24h': True, 'use_amount_to_avg_ratio': True, 'use_merchant_risk': True, 'use_merchant': True, 'max_depth': 4, 'learning_rate': 0.038535222461831616, 'subsample': 0.9770845063414654, 'colsample_bytree': 0.8401693600238902, 'gamma': 0.16521197577002414, 'reg_alpha': 0.06264784514363711}. Best is trial 0 with value: 0.32145448474778626.
[2025-07-07T06:53:22.026+0000] {logging_mixin.py:190} WARNING - Best trial: 0. Best value: 0.321454:  85%|########5 | 17/20 [05:17<00:47, 15.75s/it]
[2025-07-07T06:53:22.027+0000] {logging_mixin.py:190} WARNING - Best trial: 0. Best value: 0.321454:  85%|########5 | 17/20 [05:17<00:47, 15.75s/it]
[2025-07-07T06:53:22.028+0000] {logging_mixin.py:190} WARNING - Best trial: 0. Best value: 0.321454:  90%|######### | 18/20 [05:17<00:33, 16.75s/it]
[2025-07-07T06:53:22.074+0000] {warnings.py:112} WARNING - /home/***/.local/lib/python3.12/site-packages/joblib/parallel.py:1379: UserWarning: Loky-backed parallel loops cannot be called in a multiprocessing, setting n_jobs=1
  n_jobs = self._backend.configure(

[2025-07-07T06:53:31.972+0000] {logging_mixin.py:190} WARNING -                                                                                     
[2025-07-07T06:53:31.972+0000] {logging_mixin.py:190} WARNING - 
[2025-07-07T06:53:31.973+0000] {logging_mixin.py:190} INFO - [I 2025-07-07 06:53:31,971] Trial 18 finished with value: 0.33879337466914494 and parameters: {'use_amount': True, 'use_is_night': True, 'use_is_weekend': False, 'use_transaction_day': True, 'use_user_activity_24h': False, 'use_amount_to_avg_ratio': False, 'use_merchant_risk': True, 'use_merchant': True, 'max_depth': 5, 'learning_rate': 0.07280257698391943, 'subsample': 0.7748180968997728, 'colsample_bytree': 0.9367971757325069, 'gamma': 0.13941871488483537, 'reg_alpha': 0.37224608196549697}. Best is trial 18 with value: 0.33879337466914494.
[2025-07-07T06:53:31.973+0000] {logging_mixin.py:190} WARNING - Best trial: 0. Best value: 0.321454:  90%|######### | 18/20 [05:27<00:33, 16.75s/it]
[2025-07-07T06:53:31.975+0000] {logging_mixin.py:190} WARNING - Best trial: 18. Best value: 0.338793:  90%|######### | 18/20 [05:27<00:33, 16.75s/it]
[2025-07-07T06:53:31.975+0000] {logging_mixin.py:190} WARNING - Best trial: 18. Best value: 0.338793:  95%|#########5| 19/20 [05:27<00:14, 14.71s/it]
[2025-07-07T06:53:32.022+0000] {warnings.py:112} WARNING - /home/***/.local/lib/python3.12/site-packages/joblib/parallel.py:1379: UserWarning: Loky-backed parallel loops cannot be called in a multiprocessing, setting n_jobs=1
  n_jobs = self._backend.configure(

[2025-07-07T06:53:42.316+0000] {logging_mixin.py:190} WARNING -                                                                                      
[2025-07-07T06:53:42.317+0000] {logging_mixin.py:190} WARNING - 
[2025-07-07T06:53:42.317+0000] {logging_mixin.py:190} INFO - [I 2025-07-07 06:53:42,316] Trial 19 finished with value: 0.3169058728635083 and parameters: {'use_amount': True, 'use_is_night': True, 'use_is_weekend': False, 'use_transaction_day': True, 'use_user_activity_24h': False, 'use_amount_to_avg_ratio': False, 'use_merchant_risk': True, 'use_merchant': True, 'max_depth': 5, 'learning_rate': 0.07230969070965539, 'subsample': 0.7725828386320018, 'colsample_bytree': 0.764636105702189, 'gamma': 0.08236887341224658, 'reg_alpha': 0.393277884376234}. Best is trial 18 with value: 0.33879337466914494.
[2025-07-07T06:53:42.318+0000] {logging_mixin.py:190} WARNING - Best trial: 18. Best value: 0.338793:  95%|#########5| 19/20 [05:37<00:14, 14.71s/it]
[2025-07-07T06:53:42.320+0000] {logging_mixin.py:190} WARNING - Best trial: 18. Best value: 0.338793:  95%|#########5| 19/20 [05:37<00:14, 14.71s/it]
[2025-07-07T06:53:42.320+0000] {logging_mixin.py:190} WARNING - Best trial: 18. Best value: 0.338793: 100%|##########| 20/20 [05:37<00:00, 13.40s/it]
[2025-07-07T06:53:42.321+0000] {logging_mixin.py:190} WARNING - Best trial: 18. Best value: 0.338793: 100%|##########| 20/20 [05:37<00:00, 16.90s/it]
[2025-07-07T06:53:42.322+0000] {fraud_detection_training.py:522} INFO - Best hyperparameters using Optuna: {'use_amount': True, 'use_is_night': True, 'use_is_weekend': False, 'use_transaction_day': True, 'use_user_activity_24h': False, 'use_amount_to_avg_ratio': False, 'use_merchant_risk': True, 'use_merchant': True, 'max_depth': 5, 'learning_rate': 0.07280257698391943, 'subsample': 0.7748180968997728, 'colsample_bytree': 0.9367971757325069, 'gamma': 0.13941871488483537, 'reg_alpha': 0.37224608196549697}
[2025-07-07T06:53:43.843+0000] {warnings.py:112} WARNING - /home/***/.local/lib/python3.12/site-packages/xgboost/training.py:183: UserWarning: [06:53:43] WARNING: /workspace/src/learner.cc:738: 
Parameters: { "use_amount", "use_amount_to_avg_ratio", "use_is_night", "use_is_weekend", "use_merchant", "use_merchant_risk", "use_transaction_day", "use_user_activity_24h" } are not used.

  bst.update(dtrain, iteration=i, fobj=obj)

[2025-07-07T06:53:54.190+0000] {credentials.py:1147} INFO - Found credentials in environment variables.
[2025-07-07T06:53:55.047+0000] {fraud_detection_training.py:587} INFO - Optimal threhsold determined: 0.9932
[2025-07-07T06:53:59.702+0000] {warnings.py:112} WARNING - /home/***/.local/lib/python3.12/site-packages/mlflow/types/utils.py:452: UserWarning: Hint: Inferred schema contains integer column(s). Integer columns in Python cannot represent missing values. If your input data contains missing values at inference time, it will be encoded as floats and will cause a schema enforcement error. The best way to avoid this problem is to infer the model schema based on a realistic data sample (training dataset) that includes missing values. Alternatively, you can declare integer columns as doubles (float64) whenever these columns may have missing values. See `Handling Integers With Missing Values <https://www.mlflow.org/docs/latest/models.html#handling-integers-with-missing-values>`_ for more details.
  warnings.warn(

[2025-07-07T06:53:59.711+0000] {logging_mixin.py:190} WARNING - 2025/07/07 06:53:59 WARNING mlflow.models.model: `artifact_path` is deprecated. Please use `name` instead.
[2025-07-07T06:54:09.526+0000] {logging_mixin.py:190} WARNING - Registered model 'fraud_detection_model' already exists. Creating a new version of this model...
[2025-07-07T06:54:09.599+0000] {logging_mixin.py:190} WARNING - 2025/07/07 06:54:09 INFO mlflow.store.model_registry.abstract_store: Waiting up to 300 seconds for model version to finish creation. Model name: fraud_detection_model, version 7
[2025-07-07T06:54:09.600+0000] {logging_mixin.py:190} WARNING - Created version '7' of model 'fraud_detection_model'.
[2025-07-07T06:54:09.805+0000] {fraud_detection_training.py:670} INFO - Training successfully completed with metrics: {'auc_pr': 0.4692569164897123, 'precision': 0.989247311827957, 'recall': 0.44660194174757284, 'f1': 0.6153846153846154, 'threshold': 0.9932403564453125}
[2025-07-07T06:54:09.841+0000] {logging_mixin.py:190} INFO - 🏃 View run wise-sponge-433 at: http://mlflow-server:5500/#/experiments/1/runs/d6510579aac844e892b899fe01fefc66
[2025-07-07T06:54:09.842+0000] {logging_mixin.py:190} INFO - 🧪 View experiment at: http://mlflow-server:5500/#/experiments/1
[2025-07-07T06:54:09.988+0000] {python.py:240} INFO - Done. Returned value was: {'status': 'success', 'precision': {'auc_pr': 0.4692569164897123, 'precision': 0.989247311827957, 'recall': 0.44660194174757284, 'f1': 0.6153846153846154, 'threshold': 0.9932403564453125}}
[2025-07-07T06:54:10.016+0000] {taskinstance.py:341} INFO - ::group::Post task execution logs
[2025-07-07T06:54:10.017+0000] {taskinstance.py:353} INFO - Marking task as SUCCESS. dag_id=fraud_detection_training, task_id=execute_training, run_id=manual__2025-07-07T06:36:08.128812+00:00, execution_date=20250707T063608, start_date=20250707T063613, end_date=20250707T065410
[2025-07-07T06:54:10.208+0000] {local_task_job_runner.py:266} INFO - Task exited with return code 0
[2025-07-07T06:54:10.300+0000] {taskinstance.py:3901} INFO - 1 downstream tasks scheduled from follow-on schedule check
[2025-07-07T06:54:10.302+0000] {local_task_job_runner.py:245} INFO - ::endgroup::
