[2025-07-04T04:31:44.433+0000] {logging_mixin.py:190} INFO - [I 2025-07-04 04:31:44,430] Trial 17 finished with value: 0.4451494982879352 and parameters: {'use_amount': True, 'use_is_night': True, 'use_is_weekend': False, 'use_transaction_day': True, 'use_amount_spent_last24h': True, 'use_prev_amount': False, 'use_user_activity_24h': True, 'use_user_transactions_per_minute': False, 'use_is_high_velocity': False, 'use_txn_count_last_5min': True, 'use_amount_to_avg_ratio': False, 'use_amount_to_avg_ratio_7d': False, 'use_amount_vs_median': True, 'use_amount_change_ratio': False, 'use_user_spending_ratio_last24h': True, 'use_transaction_hour': True, 'use_transaction_hour_sin': True, 'use_transaction_hour_cos': True, 'use_transaction_dayOfWeek': False, 'use_days_since_last_transaction': True, 'use_is_unusual_hour_for_user': False, 'use_time_diff': False, 'use_user_avg_transaction_interval': False, 'use_zscore_amount_per_user': False, 'use_burst_small_txn_count_last_min': False, 'use_user_transaction_amount_std': True, 'use_amount_7d_avg': False, 'use_user_total_spend_todate': True, 'use_merchant_risk': False, 'use_merchant': True, 'use_merchant_avg_fraud_rate': True, 'use_user_merchant_transaction_count': False, 'use_num_distinct_merchants_24h': False, 'use_is_location_anomalous': False, 'use_is_location_mismatch': False, 'max_depth': 7, 'learning_rate': 0.04220462906659473, 'subsample': 0.8849133092278596, 'colsample_bytree': 0.8830936783325498, 'gamma': 0.21377099242527764, 'reg_alpha': 0.003268432388001008}. Best is trial 7 with value: 0.4532018920595878.
[2025-07-04T04:31:44.434+0000] {logging_mixin.py:190} WARNING - Best trial: 7. Best value: 0.453202:  85%|########5 | 17/20 [13:33<02:43, 54.41s/it]
[2025-07-04T04:31:44.444+0000] {logging_mixin.py:190} WARNING - Best trial: 7. Best value: 0.453202:  85%|########5 | 17/20 [13:33<02:43, 54.41s/it]
[2025-07-04T04:31:44.446+0000] {logging_mixin.py:190} WARNING - Best trial: 7. Best value: 0.453202:  90%|######### | 18/20 [13:33<01:39, 49.76s/it]
[2025-07-04T04:31:44.612+0000] {warnings.py:112} WARNING - /home/***/.local/lib/python3.12/site-packages/joblib/parallel.py:1379: UserWarning: Loky-backed parallel loops cannot be called in a multiprocessing, setting n_jobs=1
  n_jobs = self._backend.configure(

[2025-07-04T04:32:20.888+0000] {logging_mixin.py:190} WARNING -                                                                                     
[2025-07-04T04:32:20.890+0000] {logging_mixin.py:190} WARNING - 
[2025-07-04T04:32:20.906+0000] {logging_mixin.py:190} INFO - [I 2025-07-04 04:32:20,888] Trial 18 finished with value: 0.4220217088799782 and parameters: {'use_amount': False, 'use_is_night': False, 'use_is_weekend': False, 'use_transaction_day': True, 'use_amount_spent_last24h': False, 'use_prev_amount': True, 'use_user_activity_24h': False, 'use_user_transactions_per_minute': True, 'use_is_high_velocity': True, 'use_txn_count_last_5min': False, 'use_amount_to_avg_ratio': False, 'use_amount_to_avg_ratio_7d': False, 'use_amount_vs_median': True, 'use_amount_change_ratio': False, 'use_user_spending_ratio_last24h': True, 'use_transaction_hour': False, 'use_transaction_hour_sin': False, 'use_transaction_hour_cos': False, 'use_transaction_dayOfWeek': False, 'use_days_since_last_transaction': False, 'use_is_unusual_hour_for_user': True, 'use_time_diff': False, 'use_user_avg_transaction_interval': True, 'use_zscore_amount_per_user': True, 'use_burst_small_txn_count_last_min': True, 'use_user_transaction_amount_std': True, 'use_amount_7d_avg': False, 'use_user_total_spend_todate': False, 'use_merchant_risk': True, 'use_merchant': False, 'use_merchant_avg_fraud_rate': True, 'use_user_merchant_transaction_count': False, 'use_num_distinct_merchants_24h': False, 'use_is_location_anomalous': True, 'use_is_location_mismatch': False, 'max_depth': 5, 'learning_rate': 0.0730083860413686, 'subsample': 0.9771563871117679, 'colsample_bytree': 0.9919613510142442, 'gamma': 0.0911988253736113, 'reg_alpha': 0.4065667153764475}. Best is trial 7 with value: 0.4532018920595878.
[2025-07-04T04:32:20.909+0000] {logging_mixin.py:190} WARNING - Best trial: 7. Best value: 0.453202:  90%|######### | 18/20 [14:09<01:39, 49.76s/it]
[2025-07-04T04:32:20.920+0000] {logging_mixin.py:190} WARNING - Best trial: 7. Best value: 0.453202:  90%|######### | 18/20 [14:09<01:39, 49.76s/it]
[2025-07-04T04:32:20.922+0000] {logging_mixin.py:190} WARNING - Best trial: 7. Best value: 0.453202:  95%|#########5| 19/20 [14:09<00:45, 45.77s/it]
[2025-07-04T04:32:21.079+0000] {warnings.py:112} WARNING - /home/***/.local/lib/python3.12/site-packages/joblib/parallel.py:1379: UserWarning: Loky-backed parallel loops cannot be called in a multiprocessing, setting n_jobs=1
  n_jobs = self._backend.configure(

[2025-07-04T04:33:02.573+0000] {logging_mixin.py:190} WARNING -                                                                                     
[2025-07-04T04:33:02.574+0000] {logging_mixin.py:190} WARNING - 
