[2025-07-04T04:24:52.627+0000] {logging_mixin.py:190} INFO - [I 2025-07-04 04:24:52,624] Trial 9 finished with value: 0.38186783890158305 and parameters: {'use_amount': False, 'use_is_night': False, 'use_is_weekend': False, 'use_transaction_day': True, 'use_amount_spent_last24h': False, 'use_prev_amount': False, 'use_user_activity_24h': True, 'use_user_transactions_per_minute': True, 'use_is_high_velocity': False, 'use_txn_count_last_5min': True, 'use_amount_to_avg_ratio': True, 'use_amount_to_avg_ratio_7d': True, 'use_amount_vs_median': False, 'use_amount_change_ratio': True, 'use_user_spending_ratio_last24h': True, 'use_transaction_hour': False, 'use_transaction_hour_sin': False, 'use_transaction_hour_cos': True, 'use_transaction_dayOfWeek': True, 'use_days_since_last_transaction': False, 'use_is_unusual_hour_for_user': False, 'use_time_diff': False, 'use_user_avg_transaction_interval': True, 'use_zscore_amount_per_user': True, 'use_burst_small_txn_count_last_min': True, 'use_user_transaction_amount_std': False, 'use_amount_7d_avg': False, 'use_user_total_spend_todate': False, 'use_merchant_risk': True, 'use_merchant': True, 'use_merchant_avg_fraud_rate': False, 'use_user_merchant_transaction_count': False, 'use_num_distinct_merchants_24h': False, 'use_is_location_anomalous': False, 'use_is_location_mismatch': True, 'max_depth': 3, 'learning_rate': 0.020110353907854636, 'subsample': 0.8531741871112719, 'colsample_bytree': 0.879726444681244, 'gamma': 0.18758591639150074, 'reg_alpha': 0.41526051189435387}. Best is trial 7 with value: 0.4532018920595878.
[2025-07-04T04:24:52.629+0000] {logging_mixin.py:190} WARNING - Best trial: 7. Best value: 0.453202:  45%|####5     | 9/20 [06:41<08:13, 44.87s/it]
[2025-07-04T04:24:52.640+0000] {logging_mixin.py:190} WARNING - Best trial: 7. Best value: 0.453202:  45%|####5     | 9/20 [06:41<08:13, 44.87s/it]
[2025-07-04T04:24:52.641+0000] {logging_mixin.py:190} WARNING - Best trial: 7. Best value: 0.453202:  50%|#####     | 10/20 [06:41<07:04, 42.41s/it]
[2025-07-04T04:24:52.811+0000] {warnings.py:112} WARNING - /home/***/.local/lib/python3.12/site-packages/joblib/parallel.py:1379: UserWarning: Loky-backed parallel loops cannot be called in a multiprocessing, setting n_jobs=1
  n_jobs = self._backend.configure(

[2025-07-04T04:25:34.292+0000] {logging_mixin.py:190} WARNING -                                                                                     
[2025-07-04T04:25:34.293+0000] {logging_mixin.py:190} WARNING - 
[2025-07-04T04:25:34.294+0000] {logging_mixin.py:190} INFO - [I 2025-07-04 04:25:34,292] Trial 10 finished with value: 0.4463701968031508 and parameters: {'use_amount': True, 'use_is_night': True, 'use_is_weekend': False, 'use_transaction_day': True, 'use_amount_spent_last24h': True, 'use_prev_amount': False, 'use_user_activity_24h': False, 'use_user_transactions_per_minute': False, 'use_is_high_velocity': False, 'use_txn_count_last_5min': False, 'use_amount_to_avg_ratio': False, 'use_amount_to_avg_ratio_7d': False, 'use_amount_vs_median': False, 'use_amount_change_ratio': False, 'use_user_spending_ratio_last24h': True, 'use_transaction_hour': False, 'use_transaction_hour_sin': True, 'use_transaction_hour_cos': False, 'use_transaction_dayOfWeek': False, 'use_days_since_last_transaction': True, 'use_is_unusual_hour_for_user': True, 'use_time_diff': False, 'use_user_avg_transaction_interval': False, 'use_zscore_amount_per_user': True, 'use_burst_small_txn_count_last_min': True, 'use_user_transaction_amount_std': True, 'use_amount_7d_avg': False, 'use_user_total_spend_todate': True, 'use_merchant_risk': False, 'use_merchant': False, 'use_merchant_avg_fraud_rate': True, 'use_user_merchant_transaction_count': True, 'use_num_distinct_merchants_24h': False, 'use_is_location_anomalous': True, 'use_is_location_mismatch': False, 'max_depth': 6, 'learning_rate': 0.09942266234334164, 'subsample': 0.9861309626230045, 'colsample_bytree': 0.8697283922083756, 'gamma': 0.2945535151865154, 'reg_alpha': 0.49598326973779683}. Best is trial 7 with value: 0.4532018920595878.
[2025-07-04T04:25:34.296+0000] {logging_mixin.py:190} WARNING - Best trial: 7. Best value: 0.453202:  50%|#####     | 10/20 [07:23<07:04, 42.41s/it]
[2025-07-04T04:25:34.306+0000] {logging_mixin.py:190} WARNING - Best trial: 7. Best value: 0.453202:  50%|#####     | 10/20 [07:23<07:04, 42.41s/it]
[2025-07-04T04:25:34.307+0000] {logging_mixin.py:190} WARNING - Best trial: 7. Best value: 0.453202:  55%|#####5    | 11/20 [07:23<06:19, 42.18s/it]
[2025-07-04T04:25:34.462+0000] {warnings.py:112} WARNING - /home/***/.local/lib/python3.12/site-packages/joblib/parallel.py:1379: UserWarning: Loky-backed parallel loops cannot be called in a multiprocessing, setting n_jobs=1
  n_jobs = self._backend.configure(

[2025-07-04T04:26:26.832+0000] {logging_mixin.py:190} WARNING -                                                                                     
[2025-07-04T04:26:26.833+0000] {logging_mixin.py:190} WARNING - 
[2025-07-04T04:26:26.834+0000] {logging_mixin.py:190} INFO - [I 2025-07-04 04:26:26,831] Trial 11 finished with value: 0.449373245425877 and parameters: {'use_amount': True, 'use_is_night': True, 'use_is_weekend': False, 'use_transaction_day': False, 'use_amount_spent_last24h': False, 'use_prev_amount': True, 'use_user_activity_24h': True, 'use_user_transactions_per_minute': False, 'use_is_high_velocity': False, 'use_txn_count_last_5min': True, 'use_amount_to_avg_ratio': False, 'use_amount_to_avg_ratio_7d': False, 'use_amount_vs_median': True, 'use_amount_change_ratio': False, 'use_user_spending_ratio_last24h': True, 'use_transaction_hour': True, 'use_transaction_hour_sin': True, 'use_transaction_hour_cos': True, 'use_transaction_dayOfWeek': False, 'use_days_since_last_transaction': False, 'use_is_unusual_hour_for_user': False, 'use_time_diff': False, 'use_user_avg_transaction_interval': False, 'use_zscore_amount_per_user': True, 'use_burst_small_txn_count_last_min': True, 'use_user_transaction_amount_std': True, 'use_amount_7d_avg': True, 'use_user_total_spend_todate': True, 'use_merchant_risk': False, 'use_merchant': False, 'use_merchant_avg_fraud_rate': True, 'use_user_merchant_transaction_count': True, 'use_num_distinct_merchants_24h': False, 'use_is_location_anomalous': False, 'use_is_location_mismatch': False, 'max_depth': 7, 'learning_rate': 0.04507171179260665, 'subsample': 0.7148145125259417, 'colsample_bytree': 0.9164121016462751, 'gamma': 0.000678024836803709, 'reg_alpha': 0.3372716355828996}. Best is trial 7 with value: 0.4532018920595878.
[2025-07-04T04:26:26.835+0000] {logging_mixin.py:190} WARNING - Best trial: 7. Best value: 0.453202:  55%|#####5    | 11/20 [08:15<06:19, 42.18s/it]
[2025-07-04T04:26:26.846+0000] {logging_mixin.py:190} WARNING - Best trial: 7. Best value: 0.453202:  55%|#####5    | 11/20 [08:15<06:19, 42.18s/it]
[2025-07-04T04:26:26.847+0000] {logging_mixin.py:190} WARNING - Best trial: 7. Best value: 0.453202:  60%|######    | 12/20 [08:15<06:02, 45.33s/it]
[2025-07-04T04:26:27.029+0000] {warnings.py:112} WARNING - /home/***/.local/lib/python3.12/site-packages/joblib/parallel.py:1379: UserWarning: Loky-backed parallel loops cannot be called in a multiprocessing, setting n_jobs=1
  n_jobs = self._backend.configure(

[2025-07-04T04:27:17.324+0000] {logging_mixin.py:190} WARNING -                                                                                     
[2025-07-04T04:27:17.325+0000] {logging_mixin.py:190} WARNING - 
[2025-07-04T04:27:17.326+0000] {logging_mixin.py:190} INFO - [I 2025-07-04 04:27:17,323] Trial 12 finished with value: 0.44548199799631377 and parameters: {'use_amount': True, 'use_is_night': True, 'use_is_weekend': False, 'use_transaction_day': False, 'use_amount_spent_last24h': False, 'use_prev_amount': True, 'use_user_activity_24h': True, 'use_user_transactions_per_minute': False, 'use_is_high_velocity': False, 'use_txn_count_last_5min': False, 'use_amount_to_avg_ratio': False, 'use_amount_to_avg_ratio_7d': False, 'use_amount_vs_median': False, 'use_amount_change_ratio': False, 'use_user_spending_ratio_last24h': True, 'use_transaction_hour': True, 'use_transaction_hour_sin': True, 'use_transaction_hour_cos': True, 'use_transaction_dayOfWeek': False, 'use_days_since_last_transaction': False, 'use_is_unusual_hour_for_user': False, 'use_time_diff': False, 'use_user_avg_transaction_interval': False, 'use_zscore_amount_per_user': False, 'use_burst_small_txn_count_last_min': False, 'use_user_transaction_amount_std': True, 'use_amount_7d_avg': True, 'use_user_total_spend_todate': True, 'use_merchant_risk': False, 'use_merchant': True, 'use_merchant_avg_fraud_rate': True, 'use_user_merchant_transaction_count': True, 'use_num_distinct_merchants_24h': False, 'use_is_location_anomalous': False, 'use_is_location_mismatch': False, 'max_depth': 6, 'learning_rate': 0.04625295104601452, 'subsample': 0.9443822576727677, 'colsample_bytree': 0.9492160670768572, 'gamma': 0.06646138061919148, 'reg_alpha': 0.1944382952909524}. Best is trial 7 with value: 0.4532018920595878.
[2025-07-04T04:27:17.327+0000] {logging_mixin.py:190} WARNING - Best trial: 7. Best value: 0.453202:  60%|######    | 12/20 [09:06<06:02, 45.33s/it]
[2025-07-04T04:27:17.338+0000] {logging_mixin.py:190} WARNING - Best trial: 7. Best value: 0.453202:  60%|######    | 12/20 [09:06<06:02, 45.33s/it]
[2025-07-04T04:27:17.339+0000] {logging_mixin.py:190} WARNING - Best trial: 7. Best value: 0.453202:  65%|######5   | 13/20 [09:06<05:28, 46.90s/it]
[2025-07-04T04:27:17.510+0000] {warnings.py:112} WARNING - /home/***/.local/lib/python3.12/site-packages/joblib/parallel.py:1379: UserWarning: Loky-backed parallel loops cannot be called in a multiprocessing, setting n_jobs=1
  n_jobs = self._backend.configure(

[2025-07-04T04:28:03.893+0000] {logging_mixin.py:190} WARNING -                                                                                     
[2025-07-04T04:28:03.894+0000] {logging_mixin.py:190} WARNING - 
[2025-07-04T04:28:03.895+0000] {logging_mixin.py:190} INFO - [I 2025-07-04 04:28:03,893] Trial 13 finished with value: 0.45085161346819036 and parameters: {'use_amount': True, 'use_is_night': True, 'use_is_weekend': False, 'use_transaction_day': False, 'use_amount_spent_last24h': True, 'use_prev_amount': False, 'use_user_activity_24h': True, 'use_user_transactions_per_minute': False, 'use_is_high_velocity': False, 'use_txn_count_last_5min': True, 'use_amount_to_avg_ratio': False, 'use_amount_to_avg_ratio_7d': False, 'use_amount_vs_median': True, 'use_amount_change_ratio': False, 'use_user_spending_ratio_last24h': True, 'use_transaction_hour': True, 'use_transaction_hour_sin': False, 'use_transaction_hour_cos': True, 'use_transaction_dayOfWeek': False, 'use_days_since_last_transaction': False, 'use_is_unusual_hour_for_user': False, 'use_time_diff': False, 'use_user_avg_transaction_interval': False, 'use_zscore_amount_per_user': True, 'use_burst_small_txn_count_last_min': False, 'use_user_transaction_amount_std': True, 'use_amount_7d_avg': False, 'use_user_total_spend_todate': True, 'use_merchant_risk': False, 'use_merchant': True, 'use_merchant_avg_fraud_rate': True, 'use_user_merchant_transaction_count': True, 'use_num_distinct_merchants_24h': False, 'use_is_location_anomalous': False, 'use_is_location_mismatch': False, 'max_depth': 7, 'learning_rate': 0.05888184051685092, 'subsample': 0.7411739678760254, 'colsample_bytree': 0.8370508296145125, 'gamma': 0.0009155331523829375, 'reg_alpha': 0.3421133843992465}. Best is trial 7 with value: 0.4532018920595878.
[2025-07-04T04:28:03.896+0000] {logging_mixin.py:190} WARNING - Best trial: 7. Best value: 0.453202:  65%|######5   | 13/20 [09:52<05:28, 46.90s/it]
[2025-07-04T04:28:03.906+0000] {logging_mixin.py:190} WARNING - Best trial: 7. Best value: 0.453202:  65%|######5   | 13/20 [09:52<05:28, 46.90s/it]
[2025-07-04T04:28:03.908+0000] {logging_mixin.py:190} WARNING - Best trial: 7. Best value: 0.453202:  70%|#######   | 14/20 [09:52<04:40, 46.80s/it]
[2025-07-04T04:28:04.060+0000] {warnings.py:112} WARNING - /home/***/.local/lib/python3.12/site-packages/joblib/parallel.py:1379: UserWarning: Loky-backed parallel loops cannot be called in a multiprocessing, setting n_jobs=1
  n_jobs = self._backend.configure(

[2025-07-04T04:29:00.920+0000] {logging_mixin.py:190} WARNING -                                                                                     
[2025-07-04T04:29:00.921+0000] {logging_mixin.py:190} WARNING - 
[2025-07-04T04:29:00.922+0000] {logging_mixin.py:190} INFO - [I 2025-07-04 04:29:00,919] Trial 14 finished with value: 0.4408661578844905 and parameters: {'use_amount': True, 'use_is_night': True, 'use_is_weekend': False, 'use_transaction_day': True, 'use_amount_spent_last24h': True, 'use_prev_amount': True, 'use_user_activity_24h': True, 'use_user_transactions_per_minute': False, 'use_is_high_velocity': False, 'use_txn_count_last_5min': False, 'use_amount_to_avg_ratio': False, 'use_amount_to_avg_ratio_7d': True, 'use_amount_vs_median': False, 'use_amount_change_ratio': False, 'use_user_spending_ratio_last24h': True, 'use_transaction_hour': True, 'use_transaction_hour_sin': False, 'use_transaction_hour_cos': False, 'use_transaction_dayOfWeek': False, 'use_days_since_last_transaction': True, 'use_is_unusual_hour_for_user': True, 'use_time_diff': False, 'use_user_avg_transaction_interval': False, 'use_zscore_amount_per_user': False, 'use_burst_small_txn_count_last_min': True, 'use_user_transaction_amount_std': True, 'use_amount_7d_avg': True, 'use_user_total_spend_todate': True, 'use_merchant_risk': True, 'use_merchant': False, 'use_merchant_avg_fraud_rate': False, 'use_user_merchant_transaction_count': False, 'use_num_distinct_merchants_24h': True, 'use_is_location_anomalous': False, 'use_is_location_mismatch': True, 'max_depth': 6, 'learning_rate': 0.033182746357910756, 'subsample': 0.6229329107736333, 'colsample_bytree': 0.6133559019204957, 'gamma': 0.17130964299920945, 'reg_alpha': 0.2945194996757137}. Best is trial 7 with value: 0.4532018920595878.
[2025-07-04T04:29:00.923+0000] {logging_mixin.py:190} WARNING - Best trial: 7. Best value: 0.453202:  70%|#######   | 14/20 [10:49<04:40, 46.80s/it]
[2025-07-04T04:29:00.933+0000] {logging_mixin.py:190} WARNING - Best trial: 7. Best value: 0.453202:  70%|#######   | 14/20 [10:49<04:40, 46.80s/it]
[2025-07-04T04:29:00.934+0000] {logging_mixin.py:190} WARNING - Best trial: 7. Best value: 0.453202:  75%|#######5  | 15/20 [10:49<04:09, 49.88s/it]
[2025-07-04T04:29:01.097+0000] {warnings.py:112} WARNING - /home/***/.local/lib/python3.12/site-packages/joblib/parallel.py:1379: UserWarning: Loky-backed parallel loops cannot be called in a multiprocessing, setting n_jobs=1
  n_jobs = self._backend.configure(

[2025-07-04T04:30:23.332+0000] {logging_mixin.py:190} WARNING -                                                                                     
[2025-07-04T04:30:23.333+0000] {logging_mixin.py:190} WARNING - 
[2025-07-04T04:30:23.335+0000] {logging_mixin.py:190} INFO - [I 2025-07-04 04:30:23,331] Trial 15 finished with value: 0.4476869120296192 and parameters: {'use_amount': True, 'use_is_night': True, 'use_is_weekend': False, 'use_transaction_day': False, 'use_amount_spent_last24h': False, 'use_prev_amount': False, 'use_user_activity_24h': True, 'use_user_transactions_per_minute': False, 'use_is_high_velocity': False, 'use_txn_count_last_5min': True, 'use_amount_to_avg_ratio': False, 'use_amount_to_avg_ratio_7d': False, 'use_amount_vs_median': True, 'use_amount_change_ratio': False, 'use_user_spending_ratio_last24h': True, 'use_transaction_hour': True, 'use_transaction_hour_sin': True, 'use_transaction_hour_cos': True, 'use_transaction_dayOfWeek': False, 'use_days_since_last_transaction': False, 'use_is_unusual_hour_for_user': False, 'use_time_diff': False, 'use_user_avg_transaction_interval': False, 'use_zscore_amount_per_user': True, 'use_burst_small_txn_count_last_min': False, 'use_user_transaction_amount_std': True, 'use_amount_7d_avg': False, 'use_user_total_spend_todate': True, 'use_merchant_risk': False, 'use_merchant': True, 'use_merchant_avg_fraud_rate': True, 'use_user_merchant_transaction_count': True, 'use_num_distinct_merchants_24h': False, 'use_is_location_anomalous': False, 'use_is_location_mismatch': False, 'max_depth': 7, 'learning_rate': 0.0915448577552778, 'subsample': 0.7643116346490831, 'colsample_bytree': 0.9356146974711612, 'gamma': 0.11526537365734416, 'reg_alpha': 0.4221936372254569}. Best is trial 7 with value: 0.4532018920595878.
[2025-07-04T04:30:23.336+0000] {logging_mixin.py:190} WARNING - Best trial: 7. Best value: 0.453202:  75%|#######5  | 15/20 [12:12<04:09, 49.88s/it]
[2025-07-04T04:30:23.347+0000] {logging_mixin.py:190} WARNING - Best trial: 7. Best value: 0.453202:  75%|#######5  | 15/20 [12:12<04:09, 49.88s/it]
[2025-07-04T04:30:23.349+0000] {logging_mixin.py:190} WARNING - Best trial: 7. Best value: 0.453202:  80%|########  | 16/20 [12:12<03:58, 59.67s/it]
[2025-07-04T04:30:23.498+0000] {warnings.py:112} WARNING - /home/***/.local/lib/python3.12/site-packages/joblib/parallel.py:1379: UserWarning: Loky-backed parallel loops cannot be called in a multiprocessing, setting n_jobs=1
  n_jobs = self._backend.configure(

[2025-07-04T04:31:05.516+0000] {logging_mixin.py:190} WARNING -                                                                                     
[2025-07-04T04:31:05.517+0000] {logging_mixin.py:190} WARNING - 
[2025-07-04T04:31:05.518+0000] {logging_mixin.py:190} INFO - [I 2025-07-04 04:31:05,516] Trial 16 finished with value: 0.44886967043513754 and parameters: {'use_amount': True, 'use_is_night': True, 'use_is_weekend': False, 'use_transaction_day': False, 'use_amount_spent_last24h': False, 'use_prev_amount': True, 'use_user_activity_24h': True, 'use_user_transactions_per_minute': False, 'use_is_high_velocity': False, 'use_txn_count_last_5min': False, 'use_amount_to_avg_ratio': False, 'use_amount_to_avg_ratio_7d': True, 'use_amount_vs_median': False, 'use_amount_change_ratio': True, 'use_user_spending_ratio_last24h': True, 'use_transaction_hour': True, 'use_transaction_hour_sin': False, 'use_transaction_hour_cos': True, 'use_transaction_dayOfWeek': False, 'use_days_since_last_transaction': False, 'use_is_unusual_hour_for_user': False, 'use_time_diff': False, 'use_user_avg_transaction_interval': True, 'use_zscore_amount_per_user': True, 'use_burst_small_txn_count_last_min': False, 'use_user_transaction_amount_std': True, 'use_amount_7d_avg': True, 'use_user_total_spend_todate': True, 'use_merchant_risk': True, 'use_merchant': True, 'use_merchant_avg_fraud_rate': False, 'use_user_merchant_transaction_count': True, 'use_num_distinct_merchants_24h': True, 'use_is_location_anomalous': False, 'use_is_location_mismatch': True, 'max_depth': 6, 'learning_rate': 0.06271850239502721, 'subsample': 0.6586534051875566, 'colsample_bytree': 0.8152028513278747, 'gamma': 0.05734752176237873, 'reg_alpha': 0.17969913865954973}. Best is trial 7 with value: 0.4532018920595878.
[2025-07-04T04:31:05.521+0000] {logging_mixin.py:190} WARNING - Best trial: 7. Best value: 0.453202:  80%|########  | 16/20 [12:54<03:58, 59.67s/it]
[2025-07-04T04:31:05.531+0000] {logging_mixin.py:190} WARNING - Best trial: 7. Best value: 0.453202:  80%|########  | 16/20 [12:54<03:58, 59.67s/it]
[2025-07-04T04:31:05.533+0000] {logging_mixin.py:190} WARNING - Best trial: 7. Best value: 0.453202:  85%|########5 | 17/20 [12:54<02:43, 54.41s/it]
[2025-07-04T04:31:05.683+0000] {warnings.py:112} WARNING - /home/***/.local/lib/python3.12/site-packages/joblib/parallel.py:1379: UserWarning: Loky-backed parallel loops cannot be called in a multiprocessing, setting n_jobs=1
  n_jobs = self._backend.configure(

[2025-07-04T04:31:44.430+0000] {logging_mixin.py:190} WARNING -                                                                                     
[2025-07-04T04:31:44.432+0000] {logging_mixin.py:190} WARNING - 
