[2025-07-04T04:04:51.001+0000] {local_task_job_runner.py:123} INFO - ::group::Pre task execution logs
[2025-07-04T04:04:51.070+0000] {taskinstance.py:2614} INFO - Dependencies all met for dep_context=non-requeueable deps ti=<TaskInstance: fraud_detection_training.execute_training manual__2025-07-04T04:04:42.357493+00:00 [queued]>
[2025-07-04T04:04:51.094+0000] {taskinstance.py:2614} INFO - Dependencies all met for dep_context=requeueable deps ti=<TaskInstance: fraud_detection_training.execute_training manual__2025-07-04T04:04:42.357493+00:00 [queued]>
[2025-07-04T04:04:51.095+0000] {taskinstance.py:2867} INFO - Starting attempt 1 of 1
[2025-07-04T04:04:51.124+0000] {taskinstance.py:2890} INFO - Executing <Task(PythonOperator): execute_training> on 2025-07-04 04:04:42.357493+00:00
[2025-07-04T04:04:51.137+0000] {warnings.py:112} WARNING - /home/***/.local/lib/python3.12/site-packages/***/task/task_runner/standard_task_runner.py:70: DeprecationWarning: This process (pid=1692) is multi-threaded, use of fork() may lead to deadlocks in the child.
  pid = os.fork()

[2025-07-04T04:04:51.139+0000] {standard_task_runner.py:104} INFO - Running: ['***', 'tasks', 'run', 'fraud_detection_training', 'execute_training', 'manual__2025-07-04T04:04:42.357493+00:00', '--job-id', '16', '--raw', '--subdir', 'DAGS_FOLDER/fraud_detection_training_dag.py', '--cfg-path', '/tmp/tmp5etdjbqx']
[2025-07-04T04:04:51.144+0000] {standard_task_runner.py:72} INFO - Started process 1693 to run task
[2025-07-04T04:04:51.145+0000] {standard_task_runner.py:105} INFO - Job 16: Subtask execute_training
[2025-07-04T04:04:51.228+0000] {task_command.py:467} INFO - Running <TaskInstance: fraud_detection_training.execute_training manual__2025-07-04T04:04:42.357493+00:00 [running]> on host 8862b69bc4b5
[2025-07-04T04:04:51.373+0000] {taskinstance.py:3134} INFO - Exporting env vars: AIRFLOW_CTX_DAG_OWNER='Jasjot Parmar' AIRFLOW_CTX_DAG_ID='fraud_detection_training' AIRFLOW_CTX_TASK_ID='execute_training' AIRFLOW_CTX_EXECUTION_DATE='2025-07-04T04:04:42.357493+00:00' AIRFLOW_CTX_TRY_NUMBER='1' AIRFLOW_CTX_DAG_RUN_ID='manual__2025-07-04T04:04:42.357493+00:00'
[2025-07-04T04:04:51.375+0000] {taskinstance.py:732} INFO - ::endgroup::
[2025-07-04T04:04:51.426+0000] {fraud_detection_training_dag.py:23} INFO - Initializing fraud detection training...
[2025-07-04T04:05:03.143+0000] {fraud_detection_training_dag.py:26} INFO - Imported FraudDetectionTraining successfully.
[2025-07-04T04:05:03.170+0000] {fraud_detection_training.py:75} INFO - Configuration loaded successfully
[2025-07-04T04:05:03.981+0000] {fraud_detection_training.py:106} INFO - Minio connection verified. Buckets: ['mlflow']
[2025-07-04T04:05:04.699+0000] {fraud_detection_training_dag.py:29} INFO - Trainer initialized successfully.
[2025-07-04T04:05:04.699+0000] {fraud_detection_training.py:429} INFO - Starting model training process...
[2025-07-04T04:05:04.700+0000] {fraud_detection_training.py:122} INFO - Connecting to Kafka Topic: transactions
[2025-07-04T04:05:04.916+0000] {conn.py:396} INFO - <BrokerConnection client_id=kafka-python-2.2.15, node_id=bootstrap-0 host=pkc-ld537.ca-central-1.aws.confluent.cloud:9092 <connecting> [IPv4 ('35.182.170.137', 9092)]>: connecting to pkc-ld537.ca-central-1.aws.confluent.cloud:9092 [('35.182.170.137', 9092) IPv4]
[2025-07-04T04:05:04.994+0000] {conn.py:497} INFO - <BrokerConnection client_id=kafka-python-2.2.15, node_id=bootstrap-0 host=pkc-ld537.ca-central-1.aws.confluent.cloud:9092 <handshake> [IPv4 ('35.182.170.137', 9092)]>: Loading system default SSL CAs from ('/usr/lib/ssl/cert.pem', '/usr/lib/ssl/certs', 'SSL_CERT_FILE', '/usr/lib/ssl/cert.pem', 'SSL_CERT_DIR', '/usr/lib/ssl/certs')
[2025-07-04T04:05:05.264+0000] {conn.py:618} INFO - <BrokerConnection client_id=kafka-python-2.2.15, node_id=bootstrap-0 host=pkc-ld537.ca-central-1.aws.confluent.cloud:9092 <checking_api_versions_recv> [IPv4 ('35.182.170.137', 9092)]>: Broker version identified as 2.6
[2025-07-04T04:05:05.509+0000] {conn.py:822} INFO - <BrokerConnection client_id=kafka-python-2.2.15, node_id=bootstrap-0 host=pkc-ld537.ca-central-1.aws.confluent.cloud:9092 <authenticating> [IPv4 ('35.182.170.137', 9092)]>: Authenticated as VAWD3ORVNJTGIOBA via SASL / Plain
[2025-07-04T04:05:05.510+0000] {conn.py:467} INFO - <BrokerConnection client_id=kafka-python-2.2.15, node_id=bootstrap-0 host=pkc-ld537.ca-central-1.aws.confluent.cloud:9092 <connected> [IPv4 ('35.182.170.137', 9092)]>: Connection complete.
[2025-07-04T04:05:05.512+0000] {consumer.py:120} WARNING - group_id is None: disabling auto-commit.
[2025-07-04T04:05:05.512+0000] {subscription_state.py:181} INFO - Updating subscribed topics to: ('transactions',)
[2025-07-04T04:05:05.609+0000] {subscription_state.py:254} INFO - Updated partition assignment: [('transactions', 0), ('transactions', 1), ('transactions', 2), ('transactions', 3), ('transactions', 4), ('transactions', 5)]
[2025-07-04T04:05:05.662+0000] {conn.py:396} INFO - <BrokerConnection client_id=kafka-python-2.2.15, node_id=1 host=b1-pkc-ld537.ca-central-1.aws.confluent.cloud:9092 <connecting> [IPv4 ('35.182.170.137', 9092)]>: connecting to b1-pkc-ld537.ca-central-1.aws.confluent.cloud:9092 [('35.182.170.137', 9092) IPv4]
[2025-07-04T04:05:05.703+0000] {conn.py:396} INFO - <BrokerConnection client_id=kafka-python-2.2.15, node_id=2 host=b2-pkc-ld537.ca-central-1.aws.confluent.cloud:9092 <connecting> [IPv4 ('15.157.158.196', 9092)]>: connecting to b2-pkc-ld537.ca-central-1.aws.confluent.cloud:9092 [('15.157.158.196', 9092) IPv4]
[2025-07-04T04:05:05.749+0000] {conn.py:396} INFO - <BrokerConnection client_id=kafka-python-2.2.15, node_id=3 host=b3-pkc-ld537.ca-central-1.aws.confluent.cloud:9092 <connecting> [IPv4 ('15.223.160.19', 9092)]>: connecting to b3-pkc-ld537.ca-central-1.aws.confluent.cloud:9092 [('15.223.160.19', 9092) IPv4]
[2025-07-04T04:05:05.785+0000] {conn.py:396} INFO - <BrokerConnection client_id=kafka-python-2.2.15, node_id=5 host=b5-pkc-ld537.ca-central-1.aws.confluent.cloud:9092 <connecting> [IPv4 ('15.157.158.196', 9092)]>: connecting to b5-pkc-ld537.ca-central-1.aws.confluent.cloud:9092 [('15.157.158.196', 9092) IPv4]
[2025-07-04T04:05:05.818+0000] {conn.py:396} INFO - <BrokerConnection client_id=kafka-python-2.2.15, node_id=6 host=b6-pkc-ld537.ca-central-1.aws.confluent.cloud:9092 <connecting> [IPv4 ('15.223.160.19', 9092)]>: connecting to b6-pkc-ld537.ca-central-1.aws.confluent.cloud:9092 [('15.223.160.19', 9092) IPv4]
[2025-07-04T04:05:05.848+0000] {conn.py:396} INFO - <BrokerConnection client_id=kafka-python-2.2.15, node_id=7 host=b7-pkc-ld537.ca-central-1.aws.confluent.cloud:9092 <connecting> [IPv4 ('35.182.170.137', 9092)]>: connecting to b7-pkc-ld537.ca-central-1.aws.confluent.cloud:9092 [('35.182.170.137', 9092) IPv4]
[2025-07-04T04:05:05.850+0000] {conn.py:497} INFO - <BrokerConnection client_id=kafka-python-2.2.15, node_id=1 host=b1-pkc-ld537.ca-central-1.aws.confluent.cloud:9092 <handshake> [IPv4 ('35.182.170.137', 9092)]>: Loading system default SSL CAs from ('/usr/lib/ssl/cert.pem', '/usr/lib/ssl/certs', 'SSL_CERT_FILE', '/usr/lib/ssl/cert.pem', 'SSL_CERT_DIR', '/usr/lib/ssl/certs')
[2025-07-04T04:05:05.878+0000] {conn.py:497} INFO - <BrokerConnection client_id=kafka-python-2.2.15, node_id=2 host=b2-pkc-ld537.ca-central-1.aws.confluent.cloud:9092 <handshake> [IPv4 ('15.157.158.196', 9092)]>: Loading system default SSL CAs from ('/usr/lib/ssl/cert.pem', '/usr/lib/ssl/certs', 'SSL_CERT_FILE', '/usr/lib/ssl/cert.pem', 'SSL_CERT_DIR', '/usr/lib/ssl/certs')
[2025-07-04T04:05:05.910+0000] {conn.py:497} INFO - <BrokerConnection client_id=kafka-python-2.2.15, node_id=3 host=b3-pkc-ld537.ca-central-1.aws.confluent.cloud:9092 <handshake> [IPv4 ('15.223.160.19', 9092)]>: Loading system default SSL CAs from ('/usr/lib/ssl/cert.pem', '/usr/lib/ssl/certs', 'SSL_CERT_FILE', '/usr/lib/ssl/cert.pem', 'SSL_CERT_DIR', '/usr/lib/ssl/certs')
[2025-07-04T04:05:05.936+0000] {conn.py:497} INFO - <BrokerConnection client_id=kafka-python-2.2.15, node_id=5 host=b5-pkc-ld537.ca-central-1.aws.confluent.cloud:9092 <handshake> [IPv4 ('15.157.158.196', 9092)]>: Loading system default SSL CAs from ('/usr/lib/ssl/cert.pem', '/usr/lib/ssl/certs', 'SSL_CERT_FILE', '/usr/lib/ssl/cert.pem', 'SSL_CERT_DIR', '/usr/lib/ssl/certs')
[2025-07-04T04:05:05.965+0000] {conn.py:497} INFO - <BrokerConnection client_id=kafka-python-2.2.15, node_id=6 host=b6-pkc-ld537.ca-central-1.aws.confluent.cloud:9092 <handshake> [IPv4 ('15.223.160.19', 9092)]>: Loading system default SSL CAs from ('/usr/lib/ssl/cert.pem', '/usr/lib/ssl/certs', 'SSL_CERT_FILE', '/usr/lib/ssl/cert.pem', 'SSL_CERT_DIR', '/usr/lib/ssl/certs')
[2025-07-04T04:05:05.993+0000] {conn.py:497} INFO - <BrokerConnection client_id=kafka-python-2.2.15, node_id=7 host=b7-pkc-ld537.ca-central-1.aws.confluent.cloud:9092 <handshake> [IPv4 ('35.182.170.137', 9092)]>: Loading system default SSL CAs from ('/usr/lib/ssl/cert.pem', '/usr/lib/ssl/certs', 'SSL_CERT_FILE', '/usr/lib/ssl/cert.pem', 'SSL_CERT_DIR', '/usr/lib/ssl/certs')
[2025-07-04T04:05:06.353+0000] {conn.py:822} INFO - <BrokerConnection client_id=kafka-python-2.2.15, node_id=1 host=b1-pkc-ld537.ca-central-1.aws.confluent.cloud:9092 <authenticating> [IPv4 ('35.182.170.137', 9092)]>: Authenticated as VAWD3ORVNJTGIOBA via SASL / Plain
[2025-07-04T04:05:06.354+0000] {conn.py:467} INFO - <BrokerConnection client_id=kafka-python-2.2.15, node_id=1 host=b1-pkc-ld537.ca-central-1.aws.confluent.cloud:9092 <connected> [IPv4 ('35.182.170.137', 9092)]>: Connection complete.
[2025-07-04T04:05:06.355+0000] {conn.py:945} INFO - <BrokerConnection client_id=kafka-python-2.2.15, node_id=bootstrap-0 host=pkc-ld537.ca-central-1.aws.confluent.cloud:9092 <connected> [IPv4 ('35.182.170.137', 9092)]>: Closing connection. 
[2025-07-04T04:05:06.533+0000] {conn.py:822} INFO - <BrokerConnection client_id=kafka-python-2.2.15, node_id=2 host=b2-pkc-ld537.ca-central-1.aws.confluent.cloud:9092 <authenticating> [IPv4 ('15.157.158.196', 9092)]>: Authenticated as VAWD3ORVNJTGIOBA via SASL / Plain
[2025-07-04T04:05:06.534+0000] {conn.py:467} INFO - <BrokerConnection client_id=kafka-python-2.2.15, node_id=2 host=b2-pkc-ld537.ca-central-1.aws.confluent.cloud:9092 <connected> [IPv4 ('15.157.158.196', 9092)]>: Connection complete.
[2025-07-04T04:05:06.708+0000] {conn.py:822} INFO - <BrokerConnection client_id=kafka-python-2.2.15, node_id=3 host=b3-pkc-ld537.ca-central-1.aws.confluent.cloud:9092 <authenticating> [IPv4 ('15.223.160.19', 9092)]>: Authenticated as VAWD3ORVNJTGIOBA via SASL / Plain
[2025-07-04T04:05:06.709+0000] {conn.py:467} INFO - <BrokerConnection client_id=kafka-python-2.2.15, node_id=3 host=b3-pkc-ld537.ca-central-1.aws.confluent.cloud:9092 <connected> [IPv4 ('15.223.160.19', 9092)]>: Connection complete.
[2025-07-04T04:05:06.883+0000] {conn.py:822} INFO - <BrokerConnection client_id=kafka-python-2.2.15, node_id=5 host=b5-pkc-ld537.ca-central-1.aws.confluent.cloud:9092 <authenticating> [IPv4 ('15.157.158.196', 9092)]>: Authenticated as VAWD3ORVNJTGIOBA via SASL / Plain
[2025-07-04T04:05:06.885+0000] {conn.py:467} INFO - <BrokerConnection client_id=kafka-python-2.2.15, node_id=5 host=b5-pkc-ld537.ca-central-1.aws.confluent.cloud:9092 <connected> [IPv4 ('15.157.158.196', 9092)]>: Connection complete.
[2025-07-04T04:05:07.061+0000] {conn.py:822} INFO - <BrokerConnection client_id=kafka-python-2.2.15, node_id=6 host=b6-pkc-ld537.ca-central-1.aws.confluent.cloud:9092 <authenticating> [IPv4 ('15.223.160.19', 9092)]>: Authenticated as VAWD3ORVNJTGIOBA via SASL / Plain
[2025-07-04T04:05:07.062+0000] {conn.py:467} INFO - <BrokerConnection client_id=kafka-python-2.2.15, node_id=6 host=b6-pkc-ld537.ca-central-1.aws.confluent.cloud:9092 <connected> [IPv4 ('15.223.160.19', 9092)]>: Connection complete.
[2025-07-04T04:05:07.234+0000] {conn.py:822} INFO - <BrokerConnection client_id=kafka-python-2.2.15, node_id=7 host=b7-pkc-ld537.ca-central-1.aws.confluent.cloud:9092 <authenticating> [IPv4 ('35.182.170.137', 9092)]>: Authenticated as VAWD3ORVNJTGIOBA via SASL / Plain
[2025-07-04T04:05:07.235+0000] {conn.py:467} INFO - <BrokerConnection client_id=kafka-python-2.2.15, node_id=7 host=b7-pkc-ld537.ca-central-1.aws.confluent.cloud:9092 <connected> [IPv4 ('35.182.170.137', 9092)]>: Connection complete.
[2025-07-04T04:05:07.236+0000] {fetcher.py:418} INFO - Resetting offset for partition ('transactions', 1) to offset 35606.
[2025-07-04T04:05:07.239+0000] {fetcher.py:418} INFO - Resetting offset for partition ('transactions', 5) to offset 35540.
[2025-07-04T04:05:07.240+0000] {fetcher.py:418} INFO - Resetting offset for partition ('transactions', 3) to offset 35323.
[2025-07-04T04:05:07.240+0000] {fetcher.py:418} INFO - Resetting offset for partition ('transactions', 2) to offset 35856.
[2025-07-04T04:05:07.241+0000] {fetcher.py:418} INFO - Resetting offset for partition ('transactions', 0) to offset 35634.
[2025-07-04T04:05:07.307+0000] {fetcher.py:418} INFO - Resetting offset for partition ('transactions', 4) to offset 35328.
[2025-07-04T04:10:05.741+0000] {conn.py:396} INFO - <BrokerConnection client_id=kafka-python-2.2.15, node_id=9 host=b9-pkc-ld537.ca-central-1.aws.confluent.cloud:9092 <connecting> [IPv4 ('15.223.160.19', 9092)]>: connecting to b9-pkc-ld537.ca-central-1.aws.confluent.cloud:9092 [('15.223.160.19', 9092) IPv4]
[2025-07-04T04:10:05.828+0000] {conn.py:497} INFO - <BrokerConnection client_id=kafka-python-2.2.15, node_id=9 host=b9-pkc-ld537.ca-central-1.aws.confluent.cloud:9092 <handshake> [IPv4 ('15.223.160.19', 9092)]>: Loading system default SSL CAs from ('/usr/lib/ssl/cert.pem', '/usr/lib/ssl/certs', 'SSL_CERT_FILE', '/usr/lib/ssl/cert.pem', 'SSL_CERT_DIR', '/usr/lib/ssl/certs')
[2025-07-04T04:10:06.325+0000] {conn.py:822} INFO - <BrokerConnection client_id=kafka-python-2.2.15, node_id=9 host=b9-pkc-ld537.ca-central-1.aws.confluent.cloud:9092 <authenticating> [IPv4 ('15.223.160.19', 9092)]>: Authenticated as VAWD3ORVNJTGIOBA via SASL / Plain
[2025-07-04T04:10:06.326+0000] {conn.py:467} INFO - <BrokerConnection client_id=kafka-python-2.2.15, node_id=9 host=b9-pkc-ld537.ca-central-1.aws.confluent.cloud:9092 <connected> [IPv4 ('15.223.160.19', 9092)]>: Connection complete.
[2025-07-04T04:15:36.112+0000] {conn.py:945} INFO - <BrokerConnection client_id=kafka-python-2.2.15, node_id=1 host=b1-pkc-ld537.ca-central-1.aws.confluent.cloud:9092 <connected> [IPv4 ('35.182.170.137', 9092)]>: Closing connection. 
[2025-07-04T04:15:36.144+0000] {fetcher.py:786} INFO - Fetch to node 1 failed: Cancelled: <BrokerConnection client_id=kafka-python-2.2.15, node_id=1 host=b1-pkc-ld537.ca-central-1.aws.confluent.cloud:9092 <connected> [IPv4 ('35.182.170.137', 9092)]>
[2025-07-04T04:15:36.151+0000] {conn.py:945} INFO - <BrokerConnection client_id=kafka-python-2.2.15, node_id=2 host=b2-pkc-ld537.ca-central-1.aws.confluent.cloud:9092 <connected> [IPv4 ('15.157.158.196', 9092)]>: Closing connection. 
[2025-07-04T04:15:36.166+0000] {fetcher.py:786} INFO - Fetch to node 2 failed: Cancelled: <BrokerConnection client_id=kafka-python-2.2.15, node_id=2 host=b2-pkc-ld537.ca-central-1.aws.confluent.cloud:9092 <connected> [IPv4 ('15.157.158.196', 9092)]>
[2025-07-04T04:15:36.168+0000] {conn.py:945} INFO - <BrokerConnection client_id=kafka-python-2.2.15, node_id=3 host=b3-pkc-ld537.ca-central-1.aws.confluent.cloud:9092 <connected> [IPv4 ('15.223.160.19', 9092)]>: Closing connection. 
[2025-07-04T04:15:36.176+0000] {fetcher.py:786} INFO - Fetch to node 3 failed: Cancelled: <BrokerConnection client_id=kafka-python-2.2.15, node_id=3 host=b3-pkc-ld537.ca-central-1.aws.confluent.cloud:9092 <connected> [IPv4 ('15.223.160.19', 9092)]>
[2025-07-04T04:15:36.178+0000] {conn.py:945} INFO - <BrokerConnection client_id=kafka-python-2.2.15, node_id=5 host=b5-pkc-ld537.ca-central-1.aws.confluent.cloud:9092 <connected> [IPv4 ('15.157.158.196', 9092)]>: Closing connection. 
[2025-07-04T04:15:36.186+0000] {fetcher.py:786} INFO - Fetch to node 5 failed: Cancelled: <BrokerConnection client_id=kafka-python-2.2.15, node_id=5 host=b5-pkc-ld537.ca-central-1.aws.confluent.cloud:9092 <connected> [IPv4 ('15.157.158.196', 9092)]>
[2025-07-04T04:15:36.187+0000] {conn.py:945} INFO - <BrokerConnection client_id=kafka-python-2.2.15, node_id=6 host=b6-pkc-ld537.ca-central-1.aws.confluent.cloud:9092 <connected> [IPv4 ('15.223.160.19', 9092)]>: Closing connection. 
[2025-07-04T04:15:36.193+0000] {fetcher.py:786} INFO - Fetch to node 6 failed: Cancelled: <BrokerConnection client_id=kafka-python-2.2.15, node_id=6 host=b6-pkc-ld537.ca-central-1.aws.confluent.cloud:9092 <connected> [IPv4 ('15.223.160.19', 9092)]>
[2025-07-04T04:15:36.195+0000] {conn.py:945} INFO - <BrokerConnection client_id=kafka-python-2.2.15, node_id=7 host=b7-pkc-ld537.ca-central-1.aws.confluent.cloud:9092 <connected> [IPv4 ('35.182.170.137', 9092)]>: Closing connection. 
[2025-07-04T04:15:36.198+0000] {fetcher.py:786} INFO - Fetch to node 7 failed: Cancelled: <BrokerConnection client_id=kafka-python-2.2.15, node_id=7 host=b7-pkc-ld537.ca-central-1.aws.confluent.cloud:9092 <connected> [IPv4 ('35.182.170.137', 9092)]>
[2025-07-04T04:15:36.200+0000] {conn.py:945} INFO - <BrokerConnection client_id=kafka-python-2.2.15, node_id=9 host=b9-pkc-ld537.ca-central-1.aws.confluent.cloud:9092 <connected> [IPv4 ('15.223.160.19', 9092)]>: Closing connection. 
[2025-07-04T04:15:39.923+0000] {fraud_detection_training.py:155} INFO - Kafka data read successfully with fraud rate: 0.44
[2025-07-04T04:18:06.611+0000] {logging_mixin.py:190} INFO - 0 rows have NaNs
[2025-07-04T04:18:06.663+0000] {logging_mixin.py:190} INFO - Empty DataFrame
Columns: [amount, is_night, is_weekend, transaction_day, user_activity_24h, amount_to_avg_ratio, merchant_risk, merchant, transaction_hour, transaction_hour_sin, transaction_hour_cos, transaction_dayOfWeek, user_transactions_per_minute, is_high_velocity, days_since_last_transaction, is_unusual_hour_for_user, time_diff, user_avg_transaction_interval, zscore_amount_per_user, burst_small_txn_count_last_min, txn_count_last_5min, user_transaction_amount_std, amount_7d_avg, amount_to_avg_ratio_7d, amount_vs_median, user_total_spend_todate, amount_spent_last24h, user_spending_ratio_last24h, prev_amount, amount_change_ratio, user_merchant_transaction_count, num_distinct_merchants_24h, merchant_avg_fraud_rate, is_location_anomalous, is_location_mismatch]
Index: []
[2025-07-04T04:18:06.684+0000] {fraud_detection_training.py:449} INFO - Columns with NaNs: []
[2025-07-04T04:18:10.973+0000] {logging_mixin.py:190} WARNING - [I 2025-07-04 04:18:10,973] A new study created in memory with name: no-name-c36aeb28-66cf-42e3-a931-34d0bdec1b5a
[2025-07-04T04:18:10.976+0000] {fraud_detection_training.py:591} INFO - Starting Optuna hyperparameter optimization...
[2025-07-04T04:18:10.984+0000] {logging_mixin.py:190} WARNING -   0%|          | 0/20 [00:00<?, ?it/s]
[2025-07-04T04:18:11.231+0000] {warnings.py:112} WARNING - /home/***/.local/lib/python3.12/site-packages/joblib/parallel.py:1379: UserWarning: Loky-backed parallel loops cannot be called in a multiprocessing, setting n_jobs=1
  n_jobs = self._backend.configure(

[2025-07-04T04:18:59.018+0000] {logging_mixin.py:190} WARNING -                                       
[2025-07-04T04:18:59.020+0000] {logging_mixin.py:190} WARNING - 
[2025-07-04T04:18:59.021+0000] {logging_mixin.py:190} INFO - [I 2025-07-04 04:18:59,017] Trial 0 finished with value: 0.4516051495797609 and parameters: {'use_amount': True, 'use_is_night': True, 'use_is_weekend': False, 'use_transaction_day': False, 'use_amount_spent_last24h': False, 'use_prev_amount': True, 'use_user_activity_24h': True, 'use_user_transactions_per_minute': False, 'use_is_high_velocity': False, 'use_txn_count_last_5min': True, 'use_amount_to_avg_ratio': False, 'use_amount_to_avg_ratio_7d': False, 'use_amount_vs_median': True, 'use_amount_change_ratio': True, 'use_user_spending_ratio_last24h': True, 'use_transaction_hour': True, 'use_transaction_hour_sin': False, 'use_transaction_hour_cos': True, 'use_transaction_dayOfWeek': False, 'use_days_since_last_transaction': False, 'use_is_unusual_hour_for_user': False, 'use_time_diff': False, 'use_user_avg_transaction_interval': True, 'use_zscore_amount_per_user': False, 'use_burst_small_txn_count_last_min': False, 'use_user_transaction_amount_std': True, 'use_amount_7d_avg': True, 'use_user_total_spend_todate': True, 'use_merchant_risk': True, 'use_merchant': True, 'use_merchant_avg_fraud_rate': False, 'use_user_merchant_transaction_count': True, 'use_num_distinct_merchants_24h': True, 'use_is_location_anomalous': False, 'use_is_location_mismatch': True, 'max_depth': 7, 'learning_rate': 0.050959298972439906, 'subsample': 0.7192625016186671, 'colsample_bytree': 0.9046579893734852, 'gamma': 0.0118068682073316, 'reg_alpha': 0.30397962973275794}. Best is trial 0 with value: 0.4516051495797609.
[2025-07-04T04:18:59.036+0000] {logging_mixin.py:190} WARNING -   0%|          | 0/20 [00:48<?, ?it/s]
[2025-07-04T04:18:59.044+0000] {logging_mixin.py:190} WARNING - Best trial: 0. Best value: 0.451605:   0%|          | 0/20 [00:48<?, ?it/s]
[2025-07-04T04:18:59.045+0000] {logging_mixin.py:190} WARNING - Best trial: 0. Best value: 0.451605:   5%|5         | 1/20 [00:48<15:13, 48.06s/it]
[2025-07-04T04:18:59.074+0000] {warnings.py:112} WARNING - /home/***/.local/lib/python3.12/site-packages/joblib/parallel.py:1379: UserWarning: Loky-backed parallel loops cannot be called in a multiprocessing, setting n_jobs=1
  n_jobs = self._backend.configure(

[2025-07-04T04:19:42.173+0000] {logging_mixin.py:190} WARNING -                                                                                    
[2025-07-04T04:19:42.174+0000] {logging_mixin.py:190} WARNING - 
