[2025-07-04T04:19:42.175+0000] {logging_mixin.py:190} INFO - [I 2025-07-04 04:19:42,172] Trial 1 finished with value: 0.4351246195790855 and parameters: {'use_amount': True, 'use_is_night': True, 'use_is_weekend': False, 'use_transaction_day': False, 'use_amount_spent_last24h': True, 'use_prev_amount': True, 'use_user_activity_24h': True, 'use_user_transactions_per_minute': True, 'use_is_high_velocity': False, 'use_txn_count_last_5min': True, 'use_amount_to_avg_ratio': True, 'use_amount_to_avg_ratio_7d': True, 'use_amount_vs_median': True, 'use_amount_change_ratio': True, 'use_user_spending_ratio_last24h': False, 'use_transaction_hour': True, 'use_transaction_hour_sin': False, 'use_transaction_hour_cos': True, 'use_transaction_dayOfWeek': True, 'use_days_since_last_transaction': True, 'use_is_unusual_hour_for_user': True, 'use_time_diff': False, 'use_user_avg_transaction_interval': True, 'use_zscore_amount_per_user': True, 'use_burst_small_txn_count_last_min': False, 'use_user_transaction_amount_std': False, 'use_amount_7d_avg': True, 'use_user_total_spend_todate': True, 'use_merchant_risk': True, 'use_merchant': True, 'use_merchant_avg_fraud_rate': True, 'use_user_merchant_transaction_count': False, 'use_num_distinct_merchants_24h': True, 'use_is_location_anomalous': True, 'use_is_location_mismatch': True, 'max_depth': 6, 'learning_rate': 0.03297416872834707, 'subsample': 0.8131524678079484, 'colsample_bytree': 0.803023092582823, 'gamma': 0.11955809326450323, 'reg_alpha': 0.3735843938206761}. Best is trial 0 with value: 0.4516051495797609.
[2025-07-04T04:19:42.176+0000] {logging_mixin.py:190} WARNING - Best trial: 0. Best value: 0.451605:   5%|5         | 1/20 [01:31<15:13, 48.06s/it]
[2025-07-04T04:19:42.186+0000] {logging_mixin.py:190} WARNING - Best trial: 0. Best value: 0.451605:   5%|5         | 1/20 [01:31<15:13, 48.06s/it]
[2025-07-04T04:19:42.187+0000] {logging_mixin.py:190} WARNING - Best trial: 0. Best value: 0.451605:  10%|#         | 2/20 [01:31<13:32, 45.17s/it]
[2025-07-04T04:19:42.219+0000] {warnings.py:112} WARNING - /home/***/.local/lib/python3.12/site-packages/joblib/parallel.py:1379: UserWarning: Loky-backed parallel loops cannot be called in a multiprocessing, setting n_jobs=1
  n_jobs = self._backend.configure(

[2025-07-04T04:20:17.506+0000] {logging_mixin.py:190} WARNING -                                                                                    
[2025-07-04T04:20:17.507+0000] {logging_mixin.py:190} WARNING - 
[2025-07-04T04:20:17.508+0000] {logging_mixin.py:190} INFO - [I 2025-07-04 04:20:17,505] Trial 2 finished with value: 0.1701897972105099 and parameters: {'use_amount': True, 'use_is_night': False, 'use_is_weekend': True, 'use_transaction_day': True, 'use_amount_spent_last24h': True, 'use_prev_amount': True, 'use_user_activity_24h': True, 'use_user_transactions_per_minute': True, 'use_is_high_velocity': True, 'use_txn_count_last_5min': False, 'use_amount_to_avg_ratio': True, 'use_amount_to_avg_ratio_7d': True, 'use_amount_vs_median': False, 'use_amount_change_ratio': True, 'use_user_spending_ratio_last24h': False, 'use_transaction_hour': True, 'use_transaction_hour_sin': True, 'use_transaction_hour_cos': True, 'use_transaction_dayOfWeek': True, 'use_days_since_last_transaction': True, 'use_is_unusual_hour_for_user': False, 'use_time_diff': True, 'use_user_avg_transaction_interval': False, 'use_zscore_amount_per_user': False, 'use_burst_small_txn_count_last_min': False, 'use_user_transaction_amount_std': False, 'use_amount_7d_avg': False, 'use_user_total_spend_todate': True, 'use_merchant_risk': True, 'use_merchant': True, 'use_merchant_avg_fraud_rate': False, 'use_user_merchant_transaction_count': False, 'use_num_distinct_merchants_24h': True, 'use_is_location_anomalous': False, 'use_is_location_mismatch': True, 'max_depth': 3, 'learning_rate': 0.010843047521819922, 'subsample': 0.9138375684069072, 'colsample_bytree': 0.6607809014361887, 'gamma': 0.15488264740838104, 'reg_alpha': 0.4623768871310851}. Best is trial 0 with value: 0.4516051495797609.
[2025-07-04T04:20:17.509+0000] {logging_mixin.py:190} WARNING - Best trial: 0. Best value: 0.451605:  10%|#         | 2/20 [02:06<13:32, 45.17s/it]
[2025-07-04T04:20:17.518+0000] {logging_mixin.py:190} WARNING - Best trial: 0. Best value: 0.451605:  10%|#         | 2/20 [02:06<13:32, 45.17s/it]
[2025-07-04T04:20:17.519+0000] {logging_mixin.py:190} WARNING - Best trial: 0. Best value: 0.451605:  15%|#5        | 3/20 [02:06<11:31, 40.68s/it]
[2025-07-04T04:20:17.547+0000] {warnings.py:112} WARNING - /home/***/.local/lib/python3.12/site-packages/joblib/parallel.py:1379: UserWarning: Loky-backed parallel loops cannot be called in a multiprocessing, setting n_jobs=1
  n_jobs = self._backend.configure(

[2025-07-04T04:20:45.380+0000] {logging_mixin.py:190} WARNING -                                                                                    
[2025-07-04T04:20:45.381+0000] {logging_mixin.py:190} WARNING - 
[2025-07-04T04:20:45.382+0000] {logging_mixin.py:190} INFO - [I 2025-07-04 04:20:45,378] Trial 3 finished with value: 0.40252635991049185 and parameters: {'use_amount': False, 'use_is_night': True, 'use_is_weekend': True, 'use_transaction_day': False, 'use_amount_spent_last24h': True, 'use_prev_amount': False, 'use_user_activity_24h': False, 'use_user_transactions_per_minute': True, 'use_is_high_velocity': False, 'use_txn_count_last_5min': True, 'use_amount_to_avg_ratio': True, 'use_amount_to_avg_ratio_7d': True, 'use_amount_vs_median': True, 'use_amount_change_ratio': True, 'use_user_spending_ratio_last24h': False, 'use_transaction_hour': True, 'use_transaction_hour_sin': False, 'use_transaction_hour_cos': True, 'use_transaction_dayOfWeek': True, 'use_days_since_last_transaction': True, 'use_is_unusual_hour_for_user': False, 'use_time_diff': True, 'use_user_avg_transaction_interval': True, 'use_zscore_amount_per_user': False, 'use_burst_small_txn_count_last_min': False, 'use_user_transaction_amount_std': False, 'use_amount_7d_avg': True, 'use_user_total_spend_todate': False, 'use_merchant_risk': True, 'use_merchant': True, 'use_merchant_avg_fraud_rate': False, 'use_user_merchant_transaction_count': True, 'use_num_distinct_merchants_24h': True, 'use_is_location_anomalous': True, 'use_is_location_mismatch': False, 'max_depth': 4, 'learning_rate': 0.057678525460781775, 'subsample': 0.6199697599970736, 'colsample_bytree': 0.993501268311767, 'gamma': 0.2715500426693797, 'reg_alpha': 0.08831163088859295}. Best is trial 0 with value: 0.4516051495797609.
[2025-07-04T04:20:45.384+0000] {logging_mixin.py:190} WARNING - Best trial: 0. Best value: 0.451605:  15%|#5        | 3/20 [02:34<11:31, 40.68s/it]
[2025-07-04T04:20:45.405+0000] {logging_mixin.py:190} WARNING - Best trial: 0. Best value: 0.451605:  15%|#5        | 3/20 [02:34<11:31, 40.68s/it]
[2025-07-04T04:20:45.406+0000] {logging_mixin.py:190} WARNING - Best trial: 0. Best value: 0.451605:  20%|##        | 4/20 [02:34<09:30, 35.63s/it]
[2025-07-04T04:20:45.443+0000] {warnings.py:112} WARNING - /home/***/.local/lib/python3.12/site-packages/joblib/parallel.py:1379: UserWarning: Loky-backed parallel loops cannot be called in a multiprocessing, setting n_jobs=1
  n_jobs = self._backend.configure(

[2025-07-04T04:21:17.029+0000] {logging_mixin.py:190} WARNING -                                                                                    
[2025-07-04T04:21:17.030+0000] {logging_mixin.py:190} WARNING - 
[2025-07-04T04:21:17.031+0000] {logging_mixin.py:190} INFO - [I 2025-07-04 04:21:17,028] Trial 4 finished with value: 0.3394687707694534 and parameters: {'use_amount': False, 'use_is_night': True, 'use_is_weekend': True, 'use_transaction_day': True, 'use_amount_spent_last24h': False, 'use_prev_amount': True, 'use_user_activity_24h': False, 'use_user_transactions_per_minute': False, 'use_is_high_velocity': True, 'use_txn_count_last_5min': False, 'use_amount_to_avg_ratio': False, 'use_amount_to_avg_ratio_7d': True, 'use_amount_vs_median': False, 'use_amount_change_ratio': True, 'use_user_spending_ratio_last24h': True, 'use_transaction_hour': True, 'use_transaction_hour_sin': False, 'use_transaction_hour_cos': False, 'use_transaction_dayOfWeek': False, 'use_days_since_last_transaction': False, 'use_is_unusual_hour_for_user': True, 'use_time_diff': True, 'use_user_avg_transaction_interval': True, 'use_zscore_amount_per_user': False, 'use_burst_small_txn_count_last_min': False, 'use_user_transaction_amount_std': True, 'use_amount_7d_avg': True, 'use_user_total_spend_todate': True, 'use_merchant_risk': False, 'use_merchant': True, 'use_merchant_avg_fraud_rate': False, 'use_user_merchant_transaction_count': False, 'use_num_distinct_merchants_24h': False, 'use_is_location_anomalous': True, 'use_is_location_mismatch': True, 'max_depth': 4, 'learning_rate': 0.02079440538436551, 'subsample': 0.7074653108604186, 'colsample_bytree': 0.7538338082856436, 'gamma': 0.10576144122700827, 'reg_alpha': 0.25236468774943077}. Best is trial 0 with value: 0.4516051495797609.
[2025-07-04T04:21:17.032+0000] {logging_mixin.py:190} WARNING - Best trial: 0. Best value: 0.451605:  20%|##        | 4/20 [03:06<09:30, 35.63s/it]
[2025-07-04T04:21:17.042+0000] {logging_mixin.py:190} WARNING - Best trial: 0. Best value: 0.451605:  20%|##        | 4/20 [03:06<09:30, 35.63s/it]
[2025-07-04T04:21:17.043+0000] {logging_mixin.py:190} WARNING - Best trial: 0. Best value: 0.451605:  25%|##5       | 5/20 [03:06<08:32, 34.19s/it]
[2025-07-04T04:21:17.072+0000] {warnings.py:112} WARNING - /home/***/.local/lib/python3.12/site-packages/joblib/parallel.py:1379: UserWarning: Loky-backed parallel loops cannot be called in a multiprocessing, setting n_jobs=1
  n_jobs = self._backend.configure(

[2025-07-04T04:21:52.057+0000] {logging_mixin.py:190} WARNING -                                                                                    
[2025-07-04T04:21:52.058+0000] {logging_mixin.py:190} WARNING - 
[2025-07-04T04:21:52.058+0000] {logging_mixin.py:190} INFO - [I 2025-07-04 04:21:52,056] Trial 5 finished with value: 0.4340732298660875 and parameters: {'use_amount': True, 'use_is_night': True, 'use_is_weekend': True, 'use_transaction_day': True, 'use_amount_spent_last24h': True, 'use_prev_amount': False, 'use_user_activity_24h': True, 'use_user_transactions_per_minute': False, 'use_is_high_velocity': False, 'use_txn_count_last_5min': True, 'use_amount_to_avg_ratio': False, 'use_amount_to_avg_ratio_7d': False, 'use_amount_vs_median': True, 'use_amount_change_ratio': False, 'use_user_spending_ratio_last24h': False, 'use_transaction_hour': False, 'use_transaction_hour_sin': False, 'use_transaction_hour_cos': False, 'use_transaction_dayOfWeek': True, 'use_days_since_last_transaction': True, 'use_is_unusual_hour_for_user': False, 'use_time_diff': True, 'use_user_avg_transaction_interval': True, 'use_zscore_amount_per_user': False, 'use_burst_small_txn_count_last_min': False, 'use_user_transaction_amount_std': True, 'use_amount_7d_avg': False, 'use_user_total_spend_todate': True, 'use_merchant_risk': True, 'use_merchant': True, 'use_merchant_avg_fraud_rate': True, 'use_user_merchant_transaction_count': False, 'use_num_distinct_merchants_24h': True, 'use_is_location_anomalous': False, 'use_is_location_mismatch': False, 'max_depth': 5, 'learning_rate': 0.08124361140743439, 'subsample': 0.7037768419226065, 'colsample_bytree': 0.7425391750368203, 'gamma': 0.22930738898086744, 'reg_alpha': 0.26979546927782466}. Best is trial 0 with value: 0.4516051495797609.
[2025-07-04T04:21:52.059+0000] {logging_mixin.py:190} WARNING - Best trial: 0. Best value: 0.451605:  25%|##5       | 5/20 [03:41<08:32, 34.19s/it]
[2025-07-04T04:21:52.069+0000] {logging_mixin.py:190} WARNING - Best trial: 0. Best value: 0.451605:  25%|##5       | 5/20 [03:41<08:32, 34.19s/it]
[2025-07-04T04:21:52.070+0000] {logging_mixin.py:190} WARNING - Best trial: 0. Best value: 0.451605:  30%|###       | 6/20 [03:41<08:02, 34.47s/it]
[2025-07-04T04:21:52.107+0000] {warnings.py:112} WARNING - /home/***/.local/lib/python3.12/site-packages/joblib/parallel.py:1379: UserWarning: Loky-backed parallel loops cannot be called in a multiprocessing, setting n_jobs=1
  n_jobs = self._backend.configure(

[2025-07-04T04:22:31.612+0000] {logging_mixin.py:190} WARNING -                                                                                    
[2025-07-04T04:22:31.614+0000] {logging_mixin.py:190} WARNING - 
[2025-07-04T04:22:31.615+0000] {logging_mixin.py:190} INFO - [I 2025-07-04 04:22:31,611] Trial 6 finished with value: 0.39854437189224984 and parameters: {'use_amount': False, 'use_is_night': False, 'use_is_weekend': True, 'use_transaction_day': True, 'use_amount_spent_last24h': False, 'use_prev_amount': False, 'use_user_activity_24h': True, 'use_user_transactions_per_minute': False, 'use_is_high_velocity': True, 'use_txn_count_last_5min': False, 'use_amount_to_avg_ratio': True, 'use_amount_to_avg_ratio_7d': False, 'use_amount_vs_median': True, 'use_amount_change_ratio': True, 'use_user_spending_ratio_last24h': False, 'use_transaction_hour': False, 'use_transaction_hour_sin': True, 'use_transaction_hour_cos': True, 'use_transaction_dayOfWeek': True, 'use_days_since_last_transaction': False, 'use_is_unusual_hour_for_user': False, 'use_time_diff': False, 'use_user_avg_transaction_interval': True, 'use_zscore_amount_per_user': True, 'use_burst_small_txn_count_last_min': False, 'use_user_transaction_amount_std': False, 'use_amount_7d_avg': True, 'use_user_total_spend_todate': False, 'use_merchant_risk': True, 'use_merchant': True, 'use_merchant_avg_fraud_rate': False, 'use_user_merchant_transaction_count': False, 'use_num_distinct_merchants_24h': True, 'use_is_location_anomalous': False, 'use_is_location_mismatch': True, 'max_depth': 5, 'learning_rate': 0.01799627894129904, 'subsample': 0.810570864049959, 'colsample_bytree': 0.7368130389337384, 'gamma': 0.052522479384421214, 'reg_alpha': 0.04715973669436735}. Best is trial 0 with value: 0.4516051495797609.
[2025-07-04T04:22:31.616+0000] {logging_mixin.py:190} WARNING - Best trial: 0. Best value: 0.451605:  30%|###       | 6/20 [04:20<08:02, 34.47s/it]
[2025-07-04T04:22:31.627+0000] {logging_mixin.py:190} WARNING - Best trial: 0. Best value: 0.451605:  30%|###       | 6/20 [04:20<08:02, 34.47s/it]
[2025-07-04T04:22:31.629+0000] {logging_mixin.py:190} WARNING - Best trial: 0. Best value: 0.451605:  35%|###5      | 7/20 [04:20<07:49, 36.14s/it]
[2025-07-04T04:22:31.662+0000] {warnings.py:112} WARNING - /home/***/.local/lib/python3.12/site-packages/joblib/parallel.py:1379: UserWarning: Loky-backed parallel loops cannot be called in a multiprocessing, setting n_jobs=1
  n_jobs = self._backend.configure(

[2025-07-04T04:23:20.746+0000] {logging_mixin.py:190} WARNING -                                                                                    
[2025-07-04T04:23:20.747+0000] {logging_mixin.py:190} WARNING - 
[2025-07-04T04:23:20.748+0000] {logging_mixin.py:190} INFO - [I 2025-07-04 04:23:20,746] Trial 7 finished with value: 0.4532018920595878 and parameters: {'use_amount': True, 'use_is_night': True, 'use_is_weekend': False, 'use_transaction_day': True, 'use_amount_spent_last24h': True, 'use_prev_amount': False, 'use_user_activity_24h': True, 'use_user_transactions_per_minute': False, 'use_is_high_velocity': False, 'use_txn_count_last_5min': False, 'use_amount_to_avg_ratio': False, 'use_amount_to_avg_ratio_7d': True, 'use_amount_vs_median': False, 'use_amount_change_ratio': False, 'use_user_spending_ratio_last24h': True, 'use_transaction_hour': True, 'use_transaction_hour_sin': True, 'use_transaction_hour_cos': True, 'use_transaction_dayOfWeek': False, 'use_days_since_last_transaction': True, 'use_is_unusual_hour_for_user': False, 'use_time_diff': False, 'use_user_avg_transaction_interval': False, 'use_zscore_amount_per_user': True, 'use_burst_small_txn_count_last_min': False, 'use_user_transaction_amount_std': True, 'use_amount_7d_avg': False, 'use_user_total_spend_todate': True, 'use_merchant_risk': False, 'use_merchant': True, 'use_merchant_avg_fraud_rate': True, 'use_user_merchant_transaction_count': False, 'use_num_distinct_merchants_24h': False, 'use_is_location_anomalous': False, 'use_is_location_mismatch': False, 'max_depth': 6, 'learning_rate': 0.0941021980887911, 'subsample': 0.9139102900967214, 'colsample_bytree': 0.8350443518389521, 'gamma': 0.18487625970722305, 'reg_alpha': 0.46796319165383177}. Best is trial 7 with value: 0.4532018920595878.
[2025-07-04T04:23:20.749+0000] {logging_mixin.py:190} WARNING - Best trial: 0. Best value: 0.451605:  35%|###5      | 7/20 [05:09<07:49, 36.14s/it]
[2025-07-04T04:23:20.757+0000] {logging_mixin.py:190} WARNING - Best trial: 7. Best value: 0.453202:  35%|###5      | 7/20 [05:09<07:49, 36.14s/it]
[2025-07-04T04:23:20.759+0000] {logging_mixin.py:190} WARNING - Best trial: 7. Best value: 0.453202:  40%|####      | 8/20 [05:09<08:03, 40.27s/it]
[2025-07-04T04:23:20.788+0000] {warnings.py:112} WARNING - /home/***/.local/lib/python3.12/site-packages/joblib/parallel.py:1379: UserWarning: Loky-backed parallel loops cannot be called in a multiprocessing, setting n_jobs=1
  n_jobs = self._backend.configure(

[2025-07-04T04:24:15.716+0000] {logging_mixin.py:190} WARNING -                                                                                    
[2025-07-04T04:24:15.718+0000] {logging_mixin.py:190} WARNING - 
[2025-07-04T04:24:15.719+0000] {logging_mixin.py:190} INFO - [I 2025-07-04 04:24:15,715] Trial 8 finished with value: 0.4429049807819221 and parameters: {'use_amount': True, 'use_is_night': False, 'use_is_weekend': True, 'use_transaction_day': False, 'use_amount_spent_last24h': False, 'use_prev_amount': True, 'use_user_activity_24h': False, 'use_user_transactions_per_minute': False, 'use_is_high_velocity': True, 'use_txn_count_last_5min': False, 'use_amount_to_avg_ratio': False, 'use_amount_to_avg_ratio_7d': True, 'use_amount_vs_median': False, 'use_amount_change_ratio': True, 'use_user_spending_ratio_last24h': True, 'use_transaction_hour': True, 'use_transaction_hour_sin': True, 'use_transaction_hour_cos': True, 'use_transaction_dayOfWeek': True, 'use_days_since_last_transaction': True, 'use_is_unusual_hour_for_user': False, 'use_time_diff': True, 'use_user_avg_transaction_interval': True, 'use_zscore_amount_per_user': False, 'use_burst_small_txn_count_last_min': False, 'use_user_transaction_amount_std': False, 'use_amount_7d_avg': False, 'use_user_total_spend_todate': False, 'use_merchant_risk': False, 'use_merchant': False, 'use_merchant_avg_fraud_rate': False, 'use_user_merchant_transaction_count': True, 'use_num_distinct_merchants_24h': True, 'use_is_location_anomalous': False, 'use_is_location_mismatch': True, 'max_depth': 7, 'learning_rate': 0.07257449611711342, 'subsample': 0.8690415801523683, 'colsample_bytree': 0.7316187914451967, 'gamma': 0.2194881527344089, 'reg_alpha': 0.14861370082226993}. Best is trial 7 with value: 0.4532018920595878.
[2025-07-04T04:24:15.720+0000] {logging_mixin.py:190} WARNING - Best trial: 7. Best value: 0.453202:  40%|####      | 8/20 [06:04<08:03, 40.27s/it]
[2025-07-04T04:24:15.730+0000] {logging_mixin.py:190} WARNING - Best trial: 7. Best value: 0.453202:  40%|####      | 8/20 [06:04<08:03, 40.27s/it]
[2025-07-04T04:24:15.732+0000] {logging_mixin.py:190} WARNING - Best trial: 7. Best value: 0.453202:  45%|####5     | 9/20 [06:04<08:13, 44.87s/it]
[2025-07-04T04:24:15.766+0000] {warnings.py:112} WARNING - /home/***/.local/lib/python3.12/site-packages/joblib/parallel.py:1379: UserWarning: Loky-backed parallel loops cannot be called in a multiprocessing, setting n_jobs=1
  n_jobs = self._backend.configure(

[2025-07-04T04:24:52.625+0000] {logging_mixin.py:190} WARNING -                                                                                    
[2025-07-04T04:24:52.626+0000] {logging_mixin.py:190} WARNING - 
