[2025-07-04T03:13:28.077+0000] {logging_mixin.py:190} INFO - [I 2025-07-04 03:13:28,075] Trial 10 finished with value: 0.4295545344103528 and parameters: {'use_amount': False, 'use_is_night': False, 'use_is_weekend': True, 'use_transaction_day': True, 'use_amount_spent_last24h': False, 'use_prev_amount': True, 'use_user_activity_24h': True, 'use_txn_per_min': True, 'use_is_high_velocity': False, 'use_txn_count_5min': False, 'use_amt_to_avg_ratio': False, 'use_amt_to_avg_ratio_7d': False, 'use_amt_vs_median': False, 'use_amt_change_ratio': True, 'use_spend_ratio_24h': True, 'use_txn_hour': False, 'use_txn_hour_sin': False, 'use_txn_hour_cos': False, 'use_day_of_week': False, 'use_days_since_last': True, 'use_unusual_hour_flag': False, 'use_time_diff': False, 'use_avg_txn_interval': False, 'use_zscore_amt': False, 'use_burst_small_txn': True, 'use_txn_amt_std': True, 'use_amt_7d_avg': False, 'use_total_spend': True, 'use_merchant_risk': True, 'use_merchant': False, 'use_merchant_avg_fraud': False, 'use_merchant_txn_cnt': True, 'use_merchant_dist_24h': True, 'use_loc_anomalous': False, 'use_loc_mismatch': False, 'max_depth': 6, 'learning_rate': 0.04437643382900563, 'subsample': 0.8376048926341764, 'colsample_bytree': 0.6157761070418298, 'gamma': 0.11763485016611103, 'reg_alpha': 0.20639883962163744}. Best is trial 8 with value: 0.45252914866381144.
[2025-07-04T03:13:28.078+0000] {logging_mixin.py:190} WARNING - Best trial: 8. Best value: 0.452529:  50%|#####     | 10/20 [01:47<01:33,  9.31s/it]
[2025-07-04T03:13:28.082+0000] {logging_mixin.py:190} WARNING - Best trial: 8. Best value: 0.452529:  50%|#####     | 10/20 [01:47<01:33,  9.31s/it]
[2025-07-04T03:13:28.083+0000] {logging_mixin.py:190} WARNING - Best trial: 8. Best value: 0.452529:  55%|#####5    | 11/20 [01:47<01:18,  8.75s/it]
[2025-07-04T03:13:28.154+0000] {warnings.py:112} WARNING - /home/***/.local/lib/python3.12/site-packages/joblib/parallel.py:1379: UserWarning: Loky-backed parallel loops cannot be called in a multiprocessing, setting n_jobs=1
  n_jobs = self._backend.configure(

[2025-07-04T03:13:43.723+0000] {logging_mixin.py:190} WARNING -                                                                                     
[2025-07-04T03:13:43.724+0000] {logging_mixin.py:190} WARNING - 
[2025-07-04T03:13:43.725+0000] {logging_mixin.py:190} INFO - [I 2025-07-04 03:13:43,723] Trial 11 finished with value: 0.4407152316297034 and parameters: {'use_amount': True, 'use_is_night': False, 'use_is_weekend': True, 'use_transaction_day': False, 'use_amount_spent_last24h': False, 'use_prev_amount': True, 'use_user_activity_24h': True, 'use_txn_per_min': False, 'use_is_high_velocity': True, 'use_txn_count_5min': False, 'use_amt_to_avg_ratio': True, 'use_amt_to_avg_ratio_7d': True, 'use_amt_vs_median': False, 'use_amt_change_ratio': True, 'use_spend_ratio_24h': True, 'use_txn_hour': False, 'use_txn_hour_sin': False, 'use_txn_hour_cos': True, 'use_day_of_week': True, 'use_days_since_last': True, 'use_unusual_hour_flag': True, 'use_time_diff': True, 'use_avg_txn_interval': False, 'use_zscore_amt': False, 'use_burst_small_txn': False, 'use_txn_amt_std': True, 'use_amt_7d_avg': False, 'use_total_spend': False, 'use_merchant_risk': False, 'use_merchant': False, 'use_merchant_avg_fraud': False, 'use_merchant_txn_cnt': True, 'use_merchant_dist_24h': False, 'use_loc_anomalous': True, 'use_loc_mismatch': True, 'max_depth': 6, 'learning_rate': 0.09857969942834448, 'subsample': 0.9970440861624423, 'colsample_bytree': 0.9951043429922748, 'gamma': 0.28880761343556144, 'reg_alpha': 0.10293981118001971}. Best is trial 8 with value: 0.45252914866381144.
[2025-07-04T03:13:43.725+0000] {logging_mixin.py:190} WARNING - Best trial: 8. Best value: 0.452529:  55%|#####5    | 11/20 [02:03<01:18,  8.75s/it]
[2025-07-04T03:13:43.730+0000] {logging_mixin.py:190} WARNING - Best trial: 8. Best value: 0.452529:  55%|#####5    | 11/20 [02:03<01:18,  8.75s/it]
[2025-07-04T03:13:43.731+0000] {logging_mixin.py:190} WARNING - Best trial: 8. Best value: 0.452529:  60%|######    | 12/20 [02:03<01:26, 10.85s/it]
[2025-07-04T03:13:43.803+0000] {warnings.py:112} WARNING - /home/***/.local/lib/python3.12/site-packages/joblib/parallel.py:1379: UserWarning: Loky-backed parallel loops cannot be called in a multiprocessing, setting n_jobs=1
  n_jobs = self._backend.configure(

[2025-07-04T03:13:50.846+0000] {logging_mixin.py:190} WARNING -                                                                                     
[2025-07-04T03:13:50.847+0000] {logging_mixin.py:190} WARNING - 
[2025-07-04T03:13:50.847+0000] {logging_mixin.py:190} INFO - [I 2025-07-04 03:13:50,845] Trial 12 finished with value: 0.428585726160353 and parameters: {'use_amount': True, 'use_is_night': False, 'use_is_weekend': True, 'use_transaction_day': True, 'use_amount_spent_last24h': False, 'use_prev_amount': True, 'use_user_activity_24h': True, 'use_txn_per_min': False, 'use_is_high_velocity': True, 'use_txn_count_5min': False, 'use_amt_to_avg_ratio': False, 'use_amt_to_avg_ratio_7d': False, 'use_amt_vs_median': False, 'use_amt_change_ratio': True, 'use_spend_ratio_24h': False, 'use_txn_hour': False, 'use_txn_hour_sin': False, 'use_txn_hour_cos': True, 'use_day_of_week': True, 'use_days_since_last': True, 'use_unusual_hour_flag': True, 'use_time_diff': True, 'use_avg_txn_interval': False, 'use_zscore_amt': True, 'use_burst_small_txn': False, 'use_txn_amt_std': True, 'use_amt_7d_avg': False, 'use_total_spend': False, 'use_merchant_risk': False, 'use_merchant': False, 'use_merchant_avg_fraud': False, 'use_merchant_txn_cnt': True, 'use_merchant_dist_24h': True, 'use_loc_anomalous': True, 'use_loc_mismatch': True, 'max_depth': 5, 'learning_rate': 0.05374577648857893, 'subsample': 0.8046475286209805, 'colsample_bytree': 0.9175101143705534, 'gamma': 0.14065317100808924, 'reg_alpha': 0.31436669645047055}. Best is trial 8 with value: 0.45252914866381144.
[2025-07-04T03:13:50.848+0000] {logging_mixin.py:190} WARNING - Best trial: 8. Best value: 0.452529:  60%|######    | 12/20 [02:10<01:26, 10.85s/it]
[2025-07-04T03:13:50.853+0000] {logging_mixin.py:190} WARNING - Best trial: 8. Best value: 0.452529:  60%|######    | 12/20 [02:10<01:26, 10.85s/it]
[2025-07-04T03:13:50.854+0000] {logging_mixin.py:190} WARNING - Best trial: 8. Best value: 0.452529:  65%|######5   | 13/20 [02:10<01:08,  9.72s/it]
[2025-07-04T03:13:50.924+0000] {warnings.py:112} WARNING - /home/***/.local/lib/python3.12/site-packages/joblib/parallel.py:1379: UserWarning: Loky-backed parallel loops cannot be called in a multiprocessing, setting n_jobs=1
  n_jobs = self._backend.configure(

[2025-07-04T03:13:57.331+0000] {logging_mixin.py:190} WARNING -                                                                                     
[2025-07-04T03:13:57.331+0000] {logging_mixin.py:190} WARNING - 
[2025-07-04T03:13:57.332+0000] {logging_mixin.py:190} INFO - [I 2025-07-04 03:13:57,330] Trial 13 finished with value: 0.43125020193208613 and parameters: {'use_amount': True, 'use_is_night': False, 'use_is_weekend': True, 'use_transaction_day': False, 'use_amount_spent_last24h': False, 'use_prev_amount': True, 'use_user_activity_24h': True, 'use_txn_per_min': False, 'use_is_high_velocity': False, 'use_txn_count_5min': False, 'use_amt_to_avg_ratio': True, 'use_amt_to_avg_ratio_7d': True, 'use_amt_vs_median': False, 'use_amt_change_ratio': True, 'use_spend_ratio_24h': False, 'use_txn_hour': False, 'use_txn_hour_sin': False, 'use_txn_hour_cos': False, 'use_day_of_week': True, 'use_days_since_last': True, 'use_unusual_hour_flag': True, 'use_time_diff': True, 'use_avg_txn_interval': False, 'use_zscore_amt': False, 'use_burst_small_txn': False, 'use_txn_amt_std': True, 'use_amt_7d_avg': False, 'use_total_spend': True, 'use_merchant_risk': False, 'use_merchant': False, 'use_merchant_avg_fraud': False, 'use_merchant_txn_cnt': True, 'use_merchant_dist_24h': False, 'use_loc_anomalous': True, 'use_loc_mismatch': True, 'max_depth': 4, 'learning_rate': 0.09251723395928202, 'subsample': 0.8475762967909676, 'colsample_bytree': 0.8459744871434812, 'gamma': 0.015218358524261982, 'reg_alpha': 0.13359085685048516}. Best is trial 8 with value: 0.45252914866381144.
[2025-07-04T03:13:57.333+0000] {logging_mixin.py:190} WARNING - Best trial: 8. Best value: 0.452529:  65%|######5   | 13/20 [02:16<01:08,  9.72s/it]
[2025-07-04T03:13:57.338+0000] {logging_mixin.py:190} WARNING - Best trial: 8. Best value: 0.452529:  65%|######5   | 13/20 [02:16<01:08,  9.72s/it]
[2025-07-04T03:13:57.339+0000] {logging_mixin.py:190} WARNING - Best trial: 8. Best value: 0.452529:  70%|#######   | 14/20 [02:16<00:52,  8.74s/it]
[2025-07-04T03:13:57.417+0000] {warnings.py:112} WARNING - /home/***/.local/lib/python3.12/site-packages/joblib/parallel.py:1379: UserWarning: Loky-backed parallel loops cannot be called in a multiprocessing, setting n_jobs=1
  n_jobs = self._backend.configure(

[2025-07-04T03:14:13.790+0000] {logging_mixin.py:190} WARNING -                                                                                     
[2025-07-04T03:14:13.790+0000] {logging_mixin.py:190} WARNING - 
[2025-07-04T03:14:13.791+0000] {logging_mixin.py:190} INFO - [I 2025-07-04 03:14:13,789] Trial 14 finished with value: 0.43926325000533567 and parameters: {'use_amount': True, 'use_is_night': False, 'use_is_weekend': True, 'use_transaction_day': True, 'use_amount_spent_last24h': False, 'use_prev_amount': False, 'use_user_activity_24h': False, 'use_txn_per_min': True, 'use_is_high_velocity': True, 'use_txn_count_5min': False, 'use_amt_to_avg_ratio': True, 'use_amt_to_avg_ratio_7d': False, 'use_amt_vs_median': False, 'use_amt_change_ratio': False, 'use_spend_ratio_24h': True, 'use_txn_hour': False, 'use_txn_hour_sin': False, 'use_txn_hour_cos': True, 'use_day_of_week': False, 'use_days_since_last': True, 'use_unusual_hour_flag': False, 'use_time_diff': False, 'use_avg_txn_interval': True, 'use_zscore_amt': True, 'use_burst_small_txn': True, 'use_txn_amt_std': False, 'use_amt_7d_avg': False, 'use_total_spend': False, 'use_merchant_risk': True, 'use_merchant': True, 'use_merchant_avg_fraud': False, 'use_merchant_txn_cnt': True, 'use_merchant_dist_24h': True, 'use_loc_anomalous': True, 'use_loc_mismatch': False, 'max_depth': 6, 'learning_rate': 0.040120576533287614, 'subsample': 0.6137174672832189, 'colsample_bytree': 0.9505218762751942, 'gamma': 0.2962411035872726, 'reg_alpha': 0.33692517835095226}. Best is trial 8 with value: 0.45252914866381144.
[2025-07-04T03:14:13.791+0000] {logging_mixin.py:190} WARNING - Best trial: 8. Best value: 0.452529:  70%|#######   | 14/20 [02:33<00:52,  8.74s/it]
[2025-07-04T03:14:13.796+0000] {logging_mixin.py:190} WARNING - Best trial: 8. Best value: 0.452529:  70%|#######   | 14/20 [02:33<00:52,  8.74s/it]
[2025-07-04T03:14:13.797+0000] {logging_mixin.py:190} WARNING - Best trial: 8. Best value: 0.452529:  75%|#######5  | 15/20 [02:33<00:55, 11.07s/it]
[2025-07-04T03:14:13.867+0000] {warnings.py:112} WARNING - /home/***/.local/lib/python3.12/site-packages/joblib/parallel.py:1379: UserWarning: Loky-backed parallel loops cannot be called in a multiprocessing, setting n_jobs=1
  n_jobs = self._backend.configure(

[2025-07-04T03:14:21.252+0000] {logging_mixin.py:190} WARNING -                                                                                     
[2025-07-04T03:14:21.253+0000] {logging_mixin.py:190} WARNING - 
[2025-07-04T03:14:21.253+0000] {logging_mixin.py:190} INFO - [I 2025-07-04 03:14:21,252] Trial 15 finished with value: 0.44970199498114805 and parameters: {'use_amount': True, 'use_is_night': False, 'use_is_weekend': True, 'use_transaction_day': False, 'use_amount_spent_last24h': False, 'use_prev_amount': True, 'use_user_activity_24h': True, 'use_txn_per_min': False, 'use_is_high_velocity': False, 'use_txn_count_5min': False, 'use_amt_to_avg_ratio': False, 'use_amt_to_avg_ratio_7d': True, 'use_amt_vs_median': False, 'use_amt_change_ratio': True, 'use_spend_ratio_24h': False, 'use_txn_hour': False, 'use_txn_hour_sin': False, 'use_txn_hour_cos': False, 'use_day_of_week': True, 'use_days_since_last': True, 'use_unusual_hour_flag': True, 'use_time_diff': True, 'use_avg_txn_interval': False, 'use_zscore_amt': False, 'use_burst_small_txn': False, 'use_txn_amt_std': True, 'use_amt_7d_avg': False, 'use_total_spend': True, 'use_merchant_risk': False, 'use_merchant': False, 'use_merchant_avg_fraud': False, 'use_merchant_txn_cnt': True, 'use_merchant_dist_24h': False, 'use_loc_anomalous': True, 'use_loc_mismatch': True, 'max_depth': 7, 'learning_rate': 0.06872032802586717, 'subsample': 0.9441943807606894, 'colsample_bytree': 0.8629275351023336, 'gamma': 0.17536411171795624, 'reg_alpha': 0.1492843326916044}. Best is trial 8 with value: 0.45252914866381144.
[2025-07-04T03:14:21.254+0000] {logging_mixin.py:190} WARNING - Best trial: 8. Best value: 0.452529:  75%|#######5  | 15/20 [02:40<00:55, 11.07s/it]
[2025-07-04T03:14:21.259+0000] {logging_mixin.py:190} WARNING - Best trial: 8. Best value: 0.452529:  75%|#######5  | 15/20 [02:40<00:55, 11.07s/it]
[2025-07-04T03:14:21.260+0000] {logging_mixin.py:190} WARNING - Best trial: 8. Best value: 0.452529:  80%|########  | 16/20 [02:40<00:39,  9.98s/it]
[2025-07-04T03:14:21.331+0000] {warnings.py:112} WARNING - /home/***/.local/lib/python3.12/site-packages/joblib/parallel.py:1379: UserWarning: Loky-backed parallel loops cannot be called in a multiprocessing, setting n_jobs=1
  n_jobs = self._backend.configure(

[2025-07-04T03:14:28.585+0000] {logging_mixin.py:190} WARNING -                                                                                     
[2025-07-04T03:14:28.585+0000] {logging_mixin.py:190} WARNING - 
[2025-07-04T03:14:28.586+0000] {logging_mixin.py:190} INFO - [I 2025-07-04 03:14:28,584] Trial 16 finished with value: 0.4182922529110947 and parameters: {'use_amount': True, 'use_is_night': False, 'use_is_weekend': True, 'use_transaction_day': False, 'use_amount_spent_last24h': False, 'use_prev_amount': True, 'use_user_activity_24h': True, 'use_txn_per_min': False, 'use_is_high_velocity': False, 'use_txn_count_5min': False, 'use_amt_to_avg_ratio': False, 'use_amt_to_avg_ratio_7d': False, 'use_amt_vs_median': False, 'use_amt_change_ratio': False, 'use_spend_ratio_24h': False, 'use_txn_hour': False, 'use_txn_hour_sin': False, 'use_txn_hour_cos': False, 'use_day_of_week': True, 'use_days_since_last': True, 'use_unusual_hour_flag': True, 'use_time_diff': False, 'use_avg_txn_interval': False, 'use_zscore_amt': False, 'use_burst_small_txn': False, 'use_txn_amt_std': True, 'use_amt_7d_avg': False, 'use_total_spend': True, 'use_merchant_risk': True, 'use_merchant': True, 'use_merchant_avg_fraud': False, 'use_merchant_txn_cnt': True, 'use_merchant_dist_24h': True, 'use_loc_anomalous': True, 'use_loc_mismatch': False, 'max_depth': 7, 'learning_rate': 0.026228743508017675, 'subsample': 0.9596358148525298, 'colsample_bytree': 0.8475315200402473, 'gamma': 0.10783968434298032, 'reg_alpha': 0.17003568340090044}. Best is trial 8 with value: 0.45252914866381144.
[2025-07-04T03:14:28.587+0000] {logging_mixin.py:190} WARNING - Best trial: 8. Best value: 0.452529:  80%|########  | 16/20 [02:48<00:39,  9.98s/it]
[2025-07-04T03:14:28.592+0000] {logging_mixin.py:190} WARNING - Best trial: 8. Best value: 0.452529:  80%|########  | 16/20 [02:48<00:39,  9.98s/it]
[2025-07-04T03:14:28.592+0000] {logging_mixin.py:190} WARNING - Best trial: 8. Best value: 0.452529:  85%|########5 | 17/20 [02:48<00:27,  9.19s/it]
[2025-07-04T03:14:28.679+0000] {warnings.py:112} WARNING - /home/***/.local/lib/python3.12/site-packages/joblib/parallel.py:1379: UserWarning: Loky-backed parallel loops cannot be called in a multiprocessing, setting n_jobs=1
  n_jobs = self._backend.configure(

[2025-07-04T03:14:40.691+0000] {logging_mixin.py:190} WARNING -                                                                                     
[2025-07-04T03:14:40.692+0000] {logging_mixin.py:190} WARNING - 
[2025-07-04T03:14:40.693+0000] {logging_mixin.py:190} INFO - [I 2025-07-04 03:14:40,691] Trial 17 finished with value: 0.45199270598660274 and parameters: {'use_amount': True, 'use_is_night': False, 'use_is_weekend': True, 'use_transaction_day': True, 'use_amount_spent_last24h': False, 'use_prev_amount': True, 'use_user_activity_24h': True, 'use_txn_per_min': False, 'use_is_high_velocity': False, 'use_txn_count_5min': False, 'use_amt_to_avg_ratio': False, 'use_amt_to_avg_ratio_7d': True, 'use_amt_vs_median': False, 'use_amt_change_ratio': True, 'use_spend_ratio_24h': False, 'use_txn_hour': False, 'use_txn_hour_sin': True, 'use_txn_hour_cos': False, 'use_day_of_week': True, 'use_days_since_last': True, 'use_unusual_hour_flag': True, 'use_time_diff': True, 'use_avg_txn_interval': False, 'use_zscore_amt': False, 'use_burst_small_txn': False, 'use_txn_amt_std': True, 'use_amt_7d_avg': False, 'use_total_spend': True, 'use_merchant_risk': False, 'use_merchant': False, 'use_merchant_avg_fraud': False, 'use_merchant_txn_cnt': True, 'use_merchant_dist_24h': False, 'use_loc_anomalous': True, 'use_loc_mismatch': True, 'max_depth': 7, 'learning_rate': 0.046794474760816336, 'subsample': 0.9411983372435887, 'colsample_bytree': 0.8188424229219861, 'gamma': 0.19388179367129682, 'reg_alpha': 0.253455864569418}. Best is trial 8 with value: 0.45252914866381144.
[2025-07-04T03:14:40.693+0000] {logging_mixin.py:190} WARNING - Best trial: 8. Best value: 0.452529:  85%|########5 | 17/20 [03:00<00:27,  9.19s/it]
[2025-07-04T03:14:40.698+0000] {logging_mixin.py:190} WARNING - Best trial: 8. Best value: 0.452529:  85%|########5 | 17/20 [03:00<00:27,  9.19s/it]
[2025-07-04T03:14:40.699+0000] {logging_mixin.py:190} WARNING - Best trial: 8. Best value: 0.452529:  90%|######### | 18/20 [03:00<00:20, 10.06s/it]
[2025-07-04T03:14:40.782+0000] {warnings.py:112} WARNING - /home/***/.local/lib/python3.12/site-packages/joblib/parallel.py:1379: UserWarning: Loky-backed parallel loops cannot be called in a multiprocessing, setting n_jobs=1
  n_jobs = self._backend.configure(

[2025-07-04T03:14:54.288+0000] {logging_mixin.py:190} WARNING -                                                                                     
[2025-07-04T03:14:54.289+0000] {logging_mixin.py:190} WARNING - 
[2025-07-04T03:14:54.290+0000] {logging_mixin.py:190} INFO - [I 2025-07-04 03:14:54,288] Trial 18 finished with value: 0.4496458787276356 and parameters: {'use_amount': False, 'use_is_night': True, 'use_is_weekend': True, 'use_transaction_day': True, 'use_amount_spent_last24h': False, 'use_prev_amount': True, 'use_user_activity_24h': True, 'use_txn_per_min': True, 'use_is_high_velocity': False, 'use_txn_count_5min': False, 'use_amt_to_avg_ratio': False, 'use_amt_to_avg_ratio_7d': True, 'use_amt_vs_median': True, 'use_amt_change_ratio': True, 'use_spend_ratio_24h': True, 'use_txn_hour': True, 'use_txn_hour_sin': True, 'use_txn_hour_cos': False, 'use_day_of_week': False, 'use_days_since_last': False, 'use_unusual_hour_flag': False, 'use_time_diff': False, 'use_avg_txn_interval': False, 'use_zscore_amt': False, 'use_burst_small_txn': True, 'use_txn_amt_std': True, 'use_amt_7d_avg': True, 'use_total_spend': True, 'use_merchant_risk': False, 'use_merchant': False, 'use_merchant_avg_fraud': False, 'use_merchant_txn_cnt': True, 'use_merchant_dist_24h': True, 'use_loc_anomalous': False, 'use_loc_mismatch': True, 'max_depth': 6, 'learning_rate': 0.047707813870937345, 'subsample': 0.992068260830534, 'colsample_bytree': 0.7158879658471674, 'gamma': 0.207633196800464, 'reg_alpha': 0.26674907398929637}. Best is trial 8 with value: 0.45252914866381144.
[2025-07-04T03:14:54.291+0000] {logging_mixin.py:190} WARNING - Best trial: 8. Best value: 0.452529:  90%|######### | 18/20 [03:13<00:20, 10.06s/it]
[2025-07-04T03:14:54.295+0000] {logging_mixin.py:190} WARNING - Best trial: 8. Best value: 0.452529:  90%|######### | 18/20 [03:13<00:20, 10.06s/it]
[2025-07-04T03:14:54.296+0000] {logging_mixin.py:190} WARNING - Best trial: 8. Best value: 0.452529:  95%|#########5| 19/20 [03:13<00:11, 11.12s/it]
[2025-07-04T03:14:54.371+0000] {warnings.py:112} WARNING - /home/***/.local/lib/python3.12/site-packages/joblib/parallel.py:1379: UserWarning: Loky-backed parallel loops cannot be called in a multiprocessing, setting n_jobs=1
  n_jobs = self._backend.configure(

[2025-07-04T03:15:01.996+0000] {logging_mixin.py:190} WARNING -                                                                                     
[2025-07-04T03:15:01.997+0000] {logging_mixin.py:190} WARNING - 
