[2025-07-04T03:15:01.998+0000] {logging_mixin.py:190} INFO - [I 2025-07-04 03:15:01,996] Trial 19 finished with value: 0.4218898170377067 and parameters: {'use_amount': True, 'use_is_night': False, 'use_is_weekend': True, 'use_transaction_day': True, 'use_amount_spent_last24h': False, 'use_prev_amount': True, 'use_user_activity_24h': True, 'use_txn_per_min': False, 'use_is_high_velocity': False, 'use_txn_count_5min': False, 'use_amt_to_avg_ratio': False, 'use_amt_to_avg_ratio_7d': False, 'use_amt_vs_median': False, 'use_amt_change_ratio': False, 'use_spend_ratio_24h': False, 'use_txn_hour': False, 'use_txn_hour_sin': True, 'use_txn_hour_cos': False, 'use_day_of_week': True, 'use_days_since_last': True, 'use_unusual_hour_flag': True, 'use_time_diff': True, 'use_avg_txn_interval': False, 'use_zscore_amt': False, 'use_burst_small_txn': False, 'use_txn_amt_std': True, 'use_amt_7d_avg': False, 'use_total_spend': True, 'use_merchant_risk': True, 'use_merchant': True, 'use_merchant_avg_fraud': False, 'use_merchant_txn_cnt': True, 'use_merchant_dist_24h': False, 'use_loc_anomalous': True, 'use_loc_mismatch': False, 'max_depth': 7, 'learning_rate': 0.031399657264210394, 'subsample': 0.8635354774761709, 'colsample_bytree': 0.8168064042698281, 'gamma': 0.2777802386429402, 'reg_alpha': 0.3875083333488928}. Best is trial 8 with value: 0.45252914866381144.
[2025-07-04T03:15:01.998+0000] {logging_mixin.py:190} WARNING - Best trial: 8. Best value: 0.452529:  95%|#########5| 19/20 [03:21<00:11, 11.12s/it]
[2025-07-04T03:15:02.003+0000] {logging_mixin.py:190} WARNING - Best trial: 8. Best value: 0.452529:  95%|#########5| 19/20 [03:21<00:11, 11.12s/it]
[2025-07-04T03:15:02.004+0000] {logging_mixin.py:190} WARNING - Best trial: 8. Best value: 0.452529: 100%|##########| 20/20 [03:21<00:00, 10.10s/it]
[2025-07-04T03:15:02.004+0000] {logging_mixin.py:190} WARNING - Best trial: 8. Best value: 0.452529: 100%|##########| 20/20 [03:21<00:00, 10.08s/it]
[2025-07-04T03:15:02.007+0000] {fraud_detection_training.py:594} INFO - Best hyperparameters using Optuna: {'use_amount': True, 'use_is_night': False, 'use_is_weekend': True, 'use_transaction_day': True, 'use_amount_spent_last24h': False, 'use_prev_amount': True, 'use_user_activity_24h': True, 'use_txn_per_min': False, 'use_is_high_velocity': False, 'use_txn_count_5min': False, 'use_amt_to_avg_ratio': False, 'use_amt_to_avg_ratio_7d': False, 'use_amt_vs_median': False, 'use_amt_change_ratio': False, 'use_spend_ratio_24h': False, 'use_txn_hour': False, 'use_txn_hour_sin': True, 'use_txn_hour_cos': False, 'use_day_of_week': True, 'use_days_since_last': True, 'use_unusual_hour_flag': True, 'use_time_diff': False, 'use_avg_txn_interval': False, 'use_zscore_amt': False, 'use_burst_small_txn': False, 'use_txn_amt_std': True, 'use_amt_7d_avg': False, 'use_total_spend': True, 'use_merchant_risk': True, 'use_merchant': True, 'use_merchant_avg_fraud': False, 'use_merchant_txn_cnt': True, 'use_merchant_dist_24h': True, 'use_loc_anomalous': True, 'use_loc_mismatch': False, 'max_depth': 6, 'learning_rate': 0.05512734618003183, 'subsample': 0.9340936881905932, 'colsample_bytree': 0.934429833985923, 'gamma': 0.29479564384858875, 'reg_alpha': 0.3857938418193542}
[2025-07-04T03:15:02.964+0000] {logging_mixin.py:190} INFO - 🏃 View run auspicious-rat-635 at: http://mlflow-server:5500/#/experiments/1/runs/787ed487e554409c97e422dab405d864
[2025-07-04T03:15:02.965+0000] {logging_mixin.py:190} INFO - 🧪 View experiment at: http://mlflow-server:5500/#/experiments/1
[2025-07-04T03:15:03.014+0000] {fraud_detection_training.py:747} ERROR - Training failed: "['txn_hour_sin', 'day_of_week', 'days_since_last', 'unusual_hour_flag', 'txn_amt_std', 'total_spend', 'merchant_txn_cnt', 'merchant_dist_24h', 'loc_anomalous'] not in index"
Traceback (most recent call last):
  File "/opt/airflow/dags/fraud_detection_training.py", line 628, in train_model
    X_train_selected = X_train[best_features]
                       ~~~~~~~^^^^^^^^^^^^^^^
  File "/home/airflow/.local/lib/python3.12/site-packages/pandas/core/frame.py", line 3899, in __getitem__
    indexer = self.columns._get_indexer_strict(key, "columns")[1]
              ^^^^^^^^^^^^^^^^^^^^^^^^^^^^^^^^^^^^^^^^^^^^^^^^
  File "/home/airflow/.local/lib/python3.12/site-packages/pandas/core/indexes/base.py", line 6115, in _get_indexer_strict
    self._raise_if_missing(keyarr, indexer, axis_name)
  File "/home/airflow/.local/lib/python3.12/site-packages/pandas/core/indexes/base.py", line 6179, in _raise_if_missing
    raise KeyError(f"{not_found} not in index")
KeyError: "['txn_hour_sin', 'day_of_week', 'days_since_last', 'unusual_hour_flag', 'txn_amt_std', 'total_spend', 'merchant_txn_cnt', 'merchant_dist_24h', 'loc_anomalous'] not in index"
[2025-07-04T03:15:03.037+0000] {fraud_detection_training_dag.py:37} ERROR - Training failed: "['txn_hour_sin', 'day_of_week', 'days_since_last', 'unusual_hour_flag', 'txn_amt_std', 'total_spend', 'merchant_txn_cnt', 'merchant_dist_24h', 'loc_anomalous'] not in index"
Traceback (most recent call last):
  File "/opt/airflow/dags/fraud_detection_training_dag.py", line 32, in train_model
    model, precision = trainer.train_model()
                       ^^^^^^^^^^^^^^^^^^^^^
  File "/opt/airflow/dags/fraud_detection_training.py", line 628, in train_model
    X_train_selected = X_train[best_features]
                       ~~~~~~~^^^^^^^^^^^^^^^
  File "/home/airflow/.local/lib/python3.12/site-packages/pandas/core/frame.py", line 3899, in __getitem__
    indexer = self.columns._get_indexer_strict(key, "columns")[1]
              ^^^^^^^^^^^^^^^^^^^^^^^^^^^^^^^^^^^^^^^^^^^^^^^^
  File "/home/airflow/.local/lib/python3.12/site-packages/pandas/core/indexes/base.py", line 6115, in _get_indexer_strict
    self._raise_if_missing(keyarr, indexer, axis_name)
  File "/home/airflow/.local/lib/python3.12/site-packages/pandas/core/indexes/base.py", line 6179, in _raise_if_missing
    raise KeyError(f"{not_found} not in index")
KeyError: "['txn_hour_sin', 'day_of_week', 'days_since_last', 'unusual_hour_flag', 'txn_amt_std', 'total_spend', 'merchant_txn_cnt', 'merchant_dist_24h', 'loc_anomalous'] not in index"
[2025-07-04T03:15:03.059+0000] {taskinstance.py:3313} ERROR - Task failed with exception
Traceback (most recent call last):
  File "/opt/airflow/dags/fraud_detection_training_dag.py", line 32, in train_model
    model, precision = trainer.train_model()
                       ^^^^^^^^^^^^^^^^^^^^^
  File "/opt/airflow/dags/fraud_detection_training.py", line 628, in train_model
    X_train_selected = X_train[best_features]
                       ~~~~~~~^^^^^^^^^^^^^^^
  File "/home/airflow/.local/lib/python3.12/site-packages/pandas/core/frame.py", line 3899, in __getitem__
    indexer = self.columns._get_indexer_strict(key, "columns")[1]
              ^^^^^^^^^^^^^^^^^^^^^^^^^^^^^^^^^^^^^^^^^^^^^^^^
  File "/home/airflow/.local/lib/python3.12/site-packages/pandas/core/indexes/base.py", line 6115, in _get_indexer_strict
    self._raise_if_missing(keyarr, indexer, axis_name)
  File "/home/airflow/.local/lib/python3.12/site-packages/pandas/core/indexes/base.py", line 6179, in _raise_if_missing
    raise KeyError(f"{not_found} not in index")
KeyError: "['txn_hour_sin', 'day_of_week', 'days_since_last', 'unusual_hour_flag', 'txn_amt_std', 'total_spend', 'merchant_txn_cnt', 'merchant_dist_24h', 'loc_anomalous'] not in index"

During handling of the above exception, another exception occurred:

Traceback (most recent call last):
  File "/home/airflow/.local/lib/python3.12/site-packages/airflow/models/taskinstance.py", line 763, in _execute_task
    result = _execute_callable(context=context, **execute_callable_kwargs)
             ^^^^^^^^^^^^^^^^^^^^^^^^^^^^^^^^^^^^^^^^^^^^^^^^^^^^^^^^^^^^^
  File "/home/airflow/.local/lib/python3.12/site-packages/airflow/models/taskinstance.py", line 734, in _execute_callable
    return ExecutionCallableRunner(
           ^^^^^^^^^^^^^^^^^^^^^^^^
  File "/home/airflow/.local/lib/python3.12/site-packages/airflow/utils/operator_helpers.py", line 252, in run
    return self.func(*args, **kwargs)
           ^^^^^^^^^^^^^^^^^^^^^^^^^^
  File "/home/airflow/.local/lib/python3.12/site-packages/airflow/models/baseoperator.py", line 424, in wrapper
    return func(self, *args, **kwargs)
           ^^^^^^^^^^^^^^^^^^^^^^^^^^^
  File "/home/airflow/.local/lib/python3.12/site-packages/airflow/operators/python.py", line 238, in execute
    return_value = self.execute_callable()
                   ^^^^^^^^^^^^^^^^^^^^^^^
  File "/home/airflow/.local/lib/python3.12/site-packages/airflow/operators/python.py", line 256, in execute_callable
    return runner.run(*self.op_args, **self.op_kwargs)
           ^^^^^^^^^^^^^^^^^^^^^^^^^^^^^^^^^^^^^^^^^^^
  File "/home/airflow/.local/lib/python3.12/site-packages/airflow/utils/operator_helpers.py", line 252, in run
    return self.func(*args, **kwargs)
           ^^^^^^^^^^^^^^^^^^^^^^^^^^
  File "/opt/airflow/dags/fraud_detection_training_dag.py", line 38, in train_model
    raise AirflowException(f'Model training failed: {str(e)}')
airflow.exceptions.AirflowException: Model training failed: "['txn_hour_sin', 'day_of_week', 'days_since_last', 'unusual_hour_flag', 'txn_amt_std', 'total_spend', 'merchant_txn_cnt', 'merchant_dist_24h', 'loc_anomalous'] not in index"
[2025-07-04T03:15:03.073+0000] {taskinstance.py:1226} INFO - Marking task as FAILED. dag_id=fraud_detection_training, task_id=execute_training, run_id=scheduled__2025-07-03T03:00:00+00:00, execution_date=20250703T030000, start_date=20250704T030006, end_date=20250704T031503
[2025-07-04T03:15:03.108+0000] {taskinstance.py:341} INFO - ::group::Post task execution logs
[2025-07-04T03:15:03.109+0000] {standard_task_runner.py:124} ERROR - Failed to execute job 13 for task execute_training (Model training failed: "['txn_hour_sin', 'day_of_week', 'days_since_last', 'unusual_hour_flag', 'txn_amt_std', 'total_spend', 'merchant_txn_cnt', 'merchant_dist_24h', 'loc_anomalous'] not in index"; 1328)
Traceback (most recent call last):
  File "/opt/airflow/dags/fraud_detection_training_dag.py", line 32, in train_model
    model, precision = trainer.train_model()
                       ^^^^^^^^^^^^^^^^^^^^^
  File "/opt/airflow/dags/fraud_detection_training.py", line 628, in train_model
    X_train_selected = X_train[best_features]
                       ~~~~~~~^^^^^^^^^^^^^^^
  File "/home/airflow/.local/lib/python3.12/site-packages/pandas/core/frame.py", line 3899, in __getitem__
    indexer = self.columns._get_indexer_strict(key, "columns")[1]
              ^^^^^^^^^^^^^^^^^^^^^^^^^^^^^^^^^^^^^^^^^^^^^^^^
  File "/home/airflow/.local/lib/python3.12/site-packages/pandas/core/indexes/base.py", line 6115, in _get_indexer_strict
    self._raise_if_missing(keyarr, indexer, axis_name)
  File "/home/airflow/.local/lib/python3.12/site-packages/pandas/core/indexes/base.py", line 6179, in _raise_if_missing
    raise KeyError(f"{not_found} not in index")
KeyError: "['txn_hour_sin', 'day_of_week', 'days_since_last', 'unusual_hour_flag', 'txn_amt_std', 'total_spend', 'merchant_txn_cnt', 'merchant_dist_24h', 'loc_anomalous'] not in index"

During handling of the above exception, another exception occurred:

Traceback (most recent call last):
  File "/home/airflow/.local/lib/python3.12/site-packages/airflow/task/task_runner/standard_task_runner.py", line 117, in _start_by_fork
    ret = args.func(args, dag=self.dag)
          ^^^^^^^^^^^^^^^^^^^^^^^^^^^^^
  File "/home/airflow/.local/lib/python3.12/site-packages/airflow/cli/cli_config.py", line 49, in command
    return func(*args, **kwargs)
           ^^^^^^^^^^^^^^^^^^^^^
  File "/home/airflow/.local/lib/python3.12/site-packages/airflow/utils/cli.py", line 116, in wrapper
    return f(*args, **kwargs)
           ^^^^^^^^^^^^^^^^^^
  File "/home/airflow/.local/lib/python3.12/site-packages/airflow/cli/commands/task_command.py", line 483, in task_run
    task_return_code = _run_task_by_selected_method(args, _dag, ti)
                       ^^^^^^^^^^^^^^^^^^^^^^^^^^^^^^^^^^^^^^^^^^^^
  File "/home/airflow/.local/lib/python3.12/site-packages/airflow/cli/commands/task_command.py", line 256, in _run_task_by_selected_method
    return _run_raw_task(args, ti)
           ^^^^^^^^^^^^^^^^^^^^^^^
  File "/home/airflow/.local/lib/python3.12/site-packages/airflow/cli/commands/task_command.py", line 341, in _run_raw_task
    return ti._run_raw_task(
           ^^^^^^^^^^^^^^^^^
  File "/home/airflow/.local/lib/python3.12/site-packages/airflow/utils/session.py", line 97, in wrapper
    return func(*args, session=session, **kwargs)
           ^^^^^^^^^^^^^^^^^^^^^^^^^^^^^^^^^^^^^^
  File "/home/airflow/.local/lib/python3.12/site-packages/airflow/models/taskinstance.py", line 3006, in _run_raw_task
    return _run_raw_task(
           ^^^^^^^^^^^^^^
  File "/home/airflow/.local/lib/python3.12/site-packages/airflow/models/taskinstance.py", line 274, in _run_raw_task
    TaskInstance._execute_task_with_callbacks(
  File "/home/airflow/.local/lib/python3.12/site-packages/airflow/models/taskinstance.py", line 3161, in _execute_task_with_callbacks
    result = self._execute_task(context, task_orig)
             ^^^^^^^^^^^^^^^^^^^^^^^^^^^^^^^^^^^^^^
  File "/home/airflow/.local/lib/python3.12/site-packages/airflow/models/taskinstance.py", line 3185, in _execute_task
    return _execute_task(self, context, task_orig)
           ^^^^^^^^^^^^^^^^^^^^^^^^^^^^^^^^^^^^^^^
  File "/home/airflow/.local/lib/python3.12/site-packages/airflow/models/taskinstance.py", line 763, in _execute_task
    result = _execute_callable(context=context, **execute_callable_kwargs)
             ^^^^^^^^^^^^^^^^^^^^^^^^^^^^^^^^^^^^^^^^^^^^^^^^^^^^^^^^^^^^^
  File "/home/airflow/.local/lib/python3.12/site-packages/airflow/models/taskinstance.py", line 734, in _execute_callable
    return ExecutionCallableRunner(
           ^^^^^^^^^^^^^^^^^^^^^^^^
  File "/home/airflow/.local/lib/python3.12/site-packages/airflow/utils/operator_helpers.py", line 252, in run
    return self.func(*args, **kwargs)
           ^^^^^^^^^^^^^^^^^^^^^^^^^^
  File "/home/airflow/.local/lib/python3.12/site-packages/airflow/models/baseoperator.py", line 424, in wrapper
    return func(self, *args, **kwargs)
           ^^^^^^^^^^^^^^^^^^^^^^^^^^^
  File "/home/airflow/.local/lib/python3.12/site-packages/airflow/operators/python.py", line 238, in execute
    return_value = self.execute_callable()
                   ^^^^^^^^^^^^^^^^^^^^^^^
  File "/home/airflow/.local/lib/python3.12/site-packages/airflow/operators/python.py", line 256, in execute_callable
    return runner.run(*self.op_args, **self.op_kwargs)
           ^^^^^^^^^^^^^^^^^^^^^^^^^^^^^^^^^^^^^^^^^^^
  File "/home/airflow/.local/lib/python3.12/site-packages/airflow/utils/operator_helpers.py", line 252, in run
    return self.func(*args, **kwargs)
           ^^^^^^^^^^^^^^^^^^^^^^^^^^
  File "/opt/airflow/dags/fraud_detection_training_dag.py", line 38, in train_model
    raise AirflowException(f'Model training failed: {str(e)}')
airflow.exceptions.AirflowException: Model training failed: "['txn_hour_sin', 'day_of_week', 'days_since_last', 'unusual_hour_flag', 'txn_amt_std', 'total_spend', 'merchant_txn_cnt', 'merchant_dist_24h', 'loc_anomalous'] not in index"
[2025-07-04T03:15:03.204+0000] {local_task_job_runner.py:266} INFO - Task exited with return code 1
[2025-07-04T03:15:03.243+0000] {taskinstance.py:3901} INFO - 1 downstream tasks scheduled from follow-on schedule check
[2025-07-04T03:15:03.245+0000] {local_task_job_runner.py:245} INFO - ::endgroup::
