[2025-07-04T03:12:02.920+0000] {logging_mixin.py:190} INFO - [I 2025-07-04 03:12:02,918] Trial 1 finished with value: 0.433912142668625 and parameters: {'use_amount': False, 'use_is_night': False, 'use_is_weekend': True, 'use_transaction_day': False, 'use_amount_spent_last24h': True, 'use_prev_amount': False, 'use_user_activity_24h': True, 'use_txn_per_min': False, 'use_is_high_velocity': False, 'use_txn_count_5min': False, 'use_amt_to_avg_ratio': False, 'use_amt_to_avg_ratio_7d': True, 'use_amt_vs_median': False, 'use_amt_change_ratio': True, 'use_spend_ratio_24h': True, 'use_txn_hour': False, 'use_txn_hour_sin': True, 'use_txn_hour_cos': True, 'use_day_of_week': True, 'use_days_since_last': True, 'use_unusual_hour_flag': True, 'use_time_diff': False, 'use_avg_txn_interval': True, 'use_zscore_amt': True, 'use_burst_small_txn': False, 'use_txn_amt_std': False, 'use_amt_7d_avg': False, 'use_total_spend': False, 'use_merchant_risk': True, 'use_merchant': False, 'use_merchant_avg_fraud': False, 'use_merchant_txn_cnt': False, 'use_merchant_dist_24h': False, 'use_loc_anomalous': True, 'use_loc_mismatch': True, 'max_depth': 4, 'learning_rate': 0.07288609064155378, 'subsample': 0.7388752971925777, 'colsample_bytree': 0.6821815259588286, 'gamma': 0.05080514528390307, 'reg_alpha': 0.049252387709956436}. Best is trial 1 with value: 0.433912142668625.
[2025-07-04T03:12:02.921+0000] {logging_mixin.py:190} WARNING - Best trial: 0. Best value: 0.431217:   5%|5         | 1/20 [00:22<05:10, 16.33s/it]
[2025-07-04T03:12:02.925+0000] {logging_mixin.py:190} WARNING - Best trial: 1. Best value: 0.433912:   5%|5         | 1/20 [00:22<05:10, 16.33s/it]
[2025-07-04T03:12:02.926+0000] {logging_mixin.py:190} WARNING - Best trial: 1. Best value: 0.433912:  10%|#         | 2/20 [00:22<03:06, 10.36s/it]
[2025-07-04T03:12:02.945+0000] {warnings.py:112} WARNING - /home/***/.local/lib/python3.12/site-packages/joblib/parallel.py:1379: UserWarning: Loky-backed parallel loops cannot be called in a multiprocessing, setting n_jobs=1
  n_jobs = self._backend.configure(

[2025-07-04T03:12:08.438+0000] {logging_mixin.py:190} WARNING -                                                                                    
[2025-07-04T03:12:08.439+0000] {logging_mixin.py:190} WARNING - 
[2025-07-04T03:12:08.440+0000] {logging_mixin.py:190} INFO - [I 2025-07-04 03:12:08,438] Trial 2 finished with value: 0.2434067587323503 and parameters: {'use_amount': True, 'use_is_night': False, 'use_is_weekend': False, 'use_transaction_day': True, 'use_amount_spent_last24h': True, 'use_prev_amount': False, 'use_user_activity_24h': False, 'use_txn_per_min': False, 'use_is_high_velocity': True, 'use_txn_count_5min': False, 'use_amt_to_avg_ratio': True, 'use_amt_to_avg_ratio_7d': False, 'use_amt_vs_median': False, 'use_amt_change_ratio': False, 'use_spend_ratio_24h': False, 'use_txn_hour': False, 'use_txn_hour_sin': True, 'use_txn_hour_cos': False, 'use_day_of_week': True, 'use_days_since_last': True, 'use_unusual_hour_flag': True, 'use_time_diff': False, 'use_avg_txn_interval': True, 'use_zscore_amt': False, 'use_burst_small_txn': False, 'use_txn_amt_std': False, 'use_amt_7d_avg': False, 'use_total_spend': True, 'use_merchant_risk': True, 'use_merchant': True, 'use_merchant_avg_fraud': True, 'use_merchant_txn_cnt': False, 'use_merchant_dist_24h': True, 'use_loc_anomalous': True, 'use_loc_mismatch': False, 'max_depth': 3, 'learning_rate': 0.015372101822157213, 'subsample': 0.8831937338723054, 'colsample_bytree': 0.8895606653042658, 'gamma': 0.2456273577611719, 'reg_alpha': 0.4312706582964218}. Best is trial 1 with value: 0.433912142668625.
[2025-07-04T03:12:08.440+0000] {logging_mixin.py:190} WARNING - Best trial: 1. Best value: 0.433912:  10%|#         | 2/20 [00:28<03:06, 10.36s/it]
[2025-07-04T03:12:08.445+0000] {logging_mixin.py:190} WARNING - Best trial: 1. Best value: 0.433912:  10%|#         | 2/20 [00:28<03:06, 10.36s/it]
[2025-07-04T03:12:08.446+0000] {logging_mixin.py:190} WARNING - Best trial: 1. Best value: 0.433912:  15%|#5        | 3/20 [00:28<02:18,  8.15s/it]
[2025-07-04T03:12:08.463+0000] {warnings.py:112} WARNING - /home/***/.local/lib/python3.12/site-packages/joblib/parallel.py:1379: UserWarning: Loky-backed parallel loops cannot be called in a multiprocessing, setting n_jobs=1
  n_jobs = self._backend.configure(

[2025-07-04T03:12:22.424+0000] {logging_mixin.py:190} WARNING -                                                                                    
[2025-07-04T03:12:22.424+0000] {logging_mixin.py:190} WARNING - 
[2025-07-04T03:12:22.425+0000] {logging_mixin.py:190} INFO - [I 2025-07-04 03:12:22,423] Trial 3 finished with value: 0.42114462735956276 and parameters: {'use_amount': True, 'use_is_night': True, 'use_is_weekend': False, 'use_transaction_day': True, 'use_amount_spent_last24h': True, 'use_prev_amount': False, 'use_user_activity_24h': False, 'use_txn_per_min': True, 'use_is_high_velocity': False, 'use_txn_count_5min': True, 'use_amt_to_avg_ratio': False, 'use_amt_to_avg_ratio_7d': False, 'use_amt_vs_median': True, 'use_amt_change_ratio': False, 'use_spend_ratio_24h': False, 'use_txn_hour': True, 'use_txn_hour_sin': True, 'use_txn_hour_cos': False, 'use_day_of_week': True, 'use_days_since_last': True, 'use_unusual_hour_flag': True, 'use_time_diff': False, 'use_avg_txn_interval': True, 'use_zscore_amt': False, 'use_burst_small_txn': False, 'use_txn_amt_std': True, 'use_amt_7d_avg': True, 'use_total_spend': True, 'use_merchant_risk': False, 'use_merchant': True, 'use_merchant_avg_fraud': True, 'use_merchant_txn_cnt': False, 'use_merchant_dist_24h': False, 'use_loc_anomalous': True, 'use_loc_mismatch': False, 'max_depth': 6, 'learning_rate': 0.027337282065972933, 'subsample': 0.7060516755685, 'colsample_bytree': 0.7870252278694917, 'gamma': 0.23385282559431966, 'reg_alpha': 0.467639063637508}. Best is trial 1 with value: 0.433912142668625.
[2025-07-04T03:12:22.426+0000] {logging_mixin.py:190} WARNING - Best trial: 1. Best value: 0.433912:  15%|#5        | 3/20 [00:42<02:18,  8.15s/it]
[2025-07-04T03:12:22.432+0000] {logging_mixin.py:190} WARNING - Best trial: 1. Best value: 0.433912:  15%|#5        | 3/20 [00:42<02:18,  8.15s/it]
[2025-07-04T03:12:22.433+0000] {logging_mixin.py:190} WARNING - Best trial: 1. Best value: 0.433912:  20%|##        | 4/20 [00:42<02:47, 10.45s/it]
[2025-07-04T03:12:22.454+0000] {warnings.py:112} WARNING - /home/***/.local/lib/python3.12/site-packages/joblib/parallel.py:1379: UserWarning: Loky-backed parallel loops cannot be called in a multiprocessing, setting n_jobs=1
  n_jobs = self._backend.configure(

[2025-07-04T03:12:32.501+0000] {logging_mixin.py:190} WARNING -                                                                                    
[2025-07-04T03:12:32.501+0000] {logging_mixin.py:190} WARNING - 
[2025-07-04T03:12:32.502+0000] {logging_mixin.py:190} INFO - [I 2025-07-04 03:12:32,500] Trial 4 finished with value: 0.44379605577479353 and parameters: {'use_amount': True, 'use_is_night': False, 'use_is_weekend': True, 'use_transaction_day': False, 'use_amount_spent_last24h': False, 'use_prev_amount': False, 'use_user_activity_24h': False, 'use_txn_per_min': False, 'use_is_high_velocity': True, 'use_txn_count_5min': False, 'use_amt_to_avg_ratio': True, 'use_amt_to_avg_ratio_7d': True, 'use_amt_vs_median': False, 'use_amt_change_ratio': True, 'use_spend_ratio_24h': False, 'use_txn_hour': False, 'use_txn_hour_sin': False, 'use_txn_hour_cos': True, 'use_day_of_week': True, 'use_days_since_last': True, 'use_unusual_hour_flag': True, 'use_time_diff': True, 'use_avg_txn_interval': True, 'use_zscore_amt': True, 'use_burst_small_txn': False, 'use_txn_amt_std': False, 'use_amt_7d_avg': False, 'use_total_spend': False, 'use_merchant_risk': False, 'use_merchant': False, 'use_merchant_avg_fraud': False, 'use_merchant_txn_cnt': True, 'use_merchant_dist_24h': False, 'use_loc_anomalous': True, 'use_loc_mismatch': True, 'max_depth': 5, 'learning_rate': 0.06855763790807624, 'subsample': 0.8024009299360907, 'colsample_bytree': 0.9091716001908969, 'gamma': 0.17650051611312625, 'reg_alpha': 0.0620740727203809}. Best is trial 4 with value: 0.44379605577479353.
[2025-07-04T03:12:32.502+0000] {logging_mixin.py:190} WARNING - Best trial: 1. Best value: 0.433912:  20%|##        | 4/20 [00:52<02:47, 10.45s/it]
[2025-07-04T03:12:32.507+0000] {logging_mixin.py:190} WARNING - Best trial: 4. Best value: 0.443796:  20%|##        | 4/20 [00:52<02:47, 10.45s/it]
[2025-07-04T03:12:32.508+0000] {logging_mixin.py:190} WARNING - Best trial: 4. Best value: 0.443796:  25%|##5       | 5/20 [00:52<02:34, 10.32s/it]
[2025-07-04T03:12:32.525+0000] {warnings.py:112} WARNING - /home/***/.local/lib/python3.12/site-packages/joblib/parallel.py:1379: UserWarning: Loky-backed parallel loops cannot be called in a multiprocessing, setting n_jobs=1
  n_jobs = self._backend.configure(

[2025-07-04T03:12:38.819+0000] {logging_mixin.py:190} WARNING -                                                                                    
[2025-07-04T03:12:38.819+0000] {logging_mixin.py:190} WARNING - 
[2025-07-04T03:12:38.820+0000] {logging_mixin.py:190} INFO - [I 2025-07-04 03:12:38,818] Trial 5 finished with value: 0.3934804005415544 and parameters: {'use_amount': True, 'use_is_night': True, 'use_is_weekend': False, 'use_transaction_day': False, 'use_amount_spent_last24h': False, 'use_prev_amount': True, 'use_user_activity_24h': False, 'use_txn_per_min': False, 'use_is_high_velocity': True, 'use_txn_count_5min': True, 'use_amt_to_avg_ratio': False, 'use_amt_to_avg_ratio_7d': False, 'use_amt_vs_median': True, 'use_amt_change_ratio': False, 'use_spend_ratio_24h': False, 'use_txn_hour': True, 'use_txn_hour_sin': True, 'use_txn_hour_cos': True, 'use_day_of_week': True, 'use_days_since_last': False, 'use_unusual_hour_flag': True, 'use_time_diff': True, 'use_avg_txn_interval': True, 'use_zscore_amt': False, 'use_burst_small_txn': True, 'use_txn_amt_std': False, 'use_amt_7d_avg': False, 'use_total_spend': False, 'use_merchant_risk': True, 'use_merchant': True, 'use_merchant_avg_fraud': False, 'use_merchant_txn_cnt': True, 'use_merchant_dist_24h': False, 'use_loc_anomalous': False, 'use_loc_mismatch': True, 'max_depth': 4, 'learning_rate': 0.03525430369435281, 'subsample': 0.9097932517768258, 'colsample_bytree': 0.9902430437554682, 'gamma': 0.203185938764017, 'reg_alpha': 0.21023964912107623}. Best is trial 4 with value: 0.44379605577479353.
[2025-07-04T03:12:38.821+0000] {logging_mixin.py:190} WARNING - Best trial: 4. Best value: 0.443796:  25%|##5       | 5/20 [00:58<02:34, 10.32s/it]
[2025-07-04T03:12:38.826+0000] {logging_mixin.py:190} WARNING - Best trial: 4. Best value: 0.443796:  25%|##5       | 5/20 [00:58<02:34, 10.32s/it]
[2025-07-04T03:12:38.826+0000] {logging_mixin.py:190} WARNING - Best trial: 4. Best value: 0.443796:  30%|###       | 6/20 [00:58<02:05,  8.96s/it]
[2025-07-04T03:12:38.852+0000] {warnings.py:112} WARNING - /home/***/.local/lib/python3.12/site-packages/joblib/parallel.py:1379: UserWarning: Loky-backed parallel loops cannot be called in a multiprocessing, setting n_jobs=1
  n_jobs = self._backend.configure(

[2025-07-04T03:12:49.295+0000] {logging_mixin.py:190} WARNING -                                                                                    
[2025-07-04T03:12:49.296+0000] {logging_mixin.py:190} WARNING - 
[2025-07-04T03:12:49.296+0000] {logging_mixin.py:190} INFO - [I 2025-07-04 03:12:49,294] Trial 6 finished with value: 0.39709735067037916 and parameters: {'use_amount': True, 'use_is_night': False, 'use_is_weekend': False, 'use_transaction_day': False, 'use_amount_spent_last24h': False, 'use_prev_amount': False, 'use_user_activity_24h': True, 'use_txn_per_min': False, 'use_is_high_velocity': True, 'use_txn_count_5min': False, 'use_amt_to_avg_ratio': True, 'use_amt_to_avg_ratio_7d': False, 'use_amt_vs_median': True, 'use_amt_change_ratio': False, 'use_spend_ratio_24h': False, 'use_txn_hour': False, 'use_txn_hour_sin': True, 'use_txn_hour_cos': True, 'use_day_of_week': True, 'use_days_since_last': True, 'use_unusual_hour_flag': False, 'use_time_diff': True, 'use_avg_txn_interval': True, 'use_zscore_amt': True, 'use_burst_small_txn': False, 'use_txn_amt_std': False, 'use_amt_7d_avg': True, 'use_total_spend': False, 'use_merchant_risk': True, 'use_merchant': True, 'use_merchant_avg_fraud': True, 'use_merchant_txn_cnt': False, 'use_merchant_dist_24h': True, 'use_loc_anomalous': False, 'use_loc_mismatch': False, 'max_depth': 7, 'learning_rate': 0.01671772075949915, 'subsample': 0.9645462448855129, 'colsample_bytree': 0.7750607796690477, 'gamma': 0.07640772098195033, 'reg_alpha': 0.36832886732232684}. Best is trial 4 with value: 0.44379605577479353.
[2025-07-04T03:12:49.297+0000] {logging_mixin.py:190} WARNING - Best trial: 4. Best value: 0.443796:  30%|###       | 6/20 [01:08<02:05,  8.96s/it]
[2025-07-04T03:12:49.302+0000] {logging_mixin.py:190} WARNING - Best trial: 4. Best value: 0.443796:  30%|###       | 6/20 [01:08<02:05,  8.96s/it]
[2025-07-04T03:12:49.303+0000] {logging_mixin.py:190} WARNING - Best trial: 4. Best value: 0.443796:  35%|###5      | 7/20 [01:08<02:02,  9.45s/it]
[2025-07-04T03:12:49.331+0000] {warnings.py:112} WARNING - /home/***/.local/lib/python3.12/site-packages/joblib/parallel.py:1379: UserWarning: Loky-backed parallel loops cannot be called in a multiprocessing, setting n_jobs=1
  n_jobs = self._backend.configure(

[2025-07-04T03:13:07.061+0000] {logging_mixin.py:190} WARNING -                                                                                    
[2025-07-04T03:13:07.062+0000] {logging_mixin.py:190} WARNING - 
[2025-07-04T03:13:07.063+0000] {logging_mixin.py:190} INFO - [I 2025-07-04 03:13:07,061] Trial 7 finished with value: 0.4147035415478446 and parameters: {'use_amount': False, 'use_is_night': True, 'use_is_weekend': True, 'use_transaction_day': False, 'use_amount_spent_last24h': True, 'use_prev_amount': True, 'use_user_activity_24h': False, 'use_txn_per_min': False, 'use_is_high_velocity': False, 'use_txn_count_5min': True, 'use_amt_to_avg_ratio': True, 'use_amt_to_avg_ratio_7d': True, 'use_amt_vs_median': True, 'use_amt_change_ratio': False, 'use_spend_ratio_24h': False, 'use_txn_hour': False, 'use_txn_hour_sin': True, 'use_txn_hour_cos': True, 'use_day_of_week': True, 'use_days_since_last': False, 'use_unusual_hour_flag': False, 'use_time_diff': False, 'use_avg_txn_interval': False, 'use_zscore_amt': True, 'use_burst_small_txn': False, 'use_txn_amt_std': True, 'use_amt_7d_avg': True, 'use_total_spend': True, 'use_merchant_risk': False, 'use_merchant': False, 'use_merchant_avg_fraud': True, 'use_merchant_txn_cnt': True, 'use_merchant_dist_24h': False, 'use_loc_anomalous': True, 'use_loc_mismatch': True, 'max_depth': 7, 'learning_rate': 0.02109704547374405, 'subsample': 0.9073628361488639, 'colsample_bytree': 0.8521726828409322, 'gamma': 0.17190203920522296, 'reg_alpha': 0.4156896903154852}. Best is trial 4 with value: 0.44379605577479353.
[2025-07-04T03:13:07.064+0000] {logging_mixin.py:190} WARNING - Best trial: 4. Best value: 0.443796:  35%|###5      | 7/20 [01:26<02:02,  9.45s/it]
[2025-07-04T03:13:07.068+0000] {logging_mixin.py:190} WARNING - Best trial: 4. Best value: 0.443796:  35%|###5      | 7/20 [01:26<02:02,  9.45s/it]
[2025-07-04T03:13:07.069+0000] {logging_mixin.py:190} WARNING - Best trial: 4. Best value: 0.443796:  40%|####      | 8/20 [01:26<02:25, 12.10s/it]
[2025-07-04T03:13:07.108+0000] {warnings.py:112} WARNING - /home/***/.local/lib/python3.12/site-packages/joblib/parallel.py:1379: UserWarning: Loky-backed parallel loops cannot be called in a multiprocessing, setting n_jobs=1
  n_jobs = self._backend.configure(

[2025-07-04T03:13:13.786+0000] {logging_mixin.py:190} WARNING -                                                                                    
[2025-07-04T03:13:13.787+0000] {logging_mixin.py:190} WARNING - 
[2025-07-04T03:13:13.787+0000] {logging_mixin.py:190} INFO - [I 2025-07-04 03:13:13,786] Trial 8 finished with value: 0.45252914866381144 and parameters: {'use_amount': True, 'use_is_night': False, 'use_is_weekend': True, 'use_transaction_day': True, 'use_amount_spent_last24h': False, 'use_prev_amount': True, 'use_user_activity_24h': True, 'use_txn_per_min': False, 'use_is_high_velocity': False, 'use_txn_count_5min': False, 'use_amt_to_avg_ratio': False, 'use_amt_to_avg_ratio_7d': False, 'use_amt_vs_median': False, 'use_amt_change_ratio': False, 'use_spend_ratio_24h': False, 'use_txn_hour': False, 'use_txn_hour_sin': True, 'use_txn_hour_cos': False, 'use_day_of_week': True, 'use_days_since_last': True, 'use_unusual_hour_flag': True, 'use_time_diff': False, 'use_avg_txn_interval': False, 'use_zscore_amt': False, 'use_burst_small_txn': False, 'use_txn_amt_std': True, 'use_amt_7d_avg': False, 'use_total_spend': True, 'use_merchant_risk': True, 'use_merchant': True, 'use_merchant_avg_fraud': False, 'use_merchant_txn_cnt': True, 'use_merchant_dist_24h': True, 'use_loc_anomalous': True, 'use_loc_mismatch': False, 'max_depth': 6, 'learning_rate': 0.05512734618003183, 'subsample': 0.9340936881905932, 'colsample_bytree': 0.934429833985923, 'gamma': 0.29479564384858875, 'reg_alpha': 0.3857938418193542}. Best is trial 8 with value: 0.45252914866381144.
[2025-07-04T03:13:13.788+0000] {logging_mixin.py:190} WARNING - Best trial: 4. Best value: 0.443796:  40%|####      | 8/20 [01:33<02:25, 12.10s/it]
[2025-07-04T03:13:13.793+0000] {logging_mixin.py:190} WARNING - Best trial: 8. Best value: 0.452529:  40%|####      | 8/20 [01:33<02:25, 12.10s/it]
[2025-07-04T03:13:13.793+0000] {logging_mixin.py:190} WARNING - Best trial: 8. Best value: 0.452529:  45%|####5     | 9/20 [01:33<01:54, 10.42s/it]
[2025-07-04T03:13:13.811+0000] {warnings.py:112} WARNING - /home/***/.local/lib/python3.12/site-packages/joblib/parallel.py:1379: UserWarning: Loky-backed parallel loops cannot be called in a multiprocessing, setting n_jobs=1
  n_jobs = self._backend.configure(

[2025-07-04T03:13:20.607+0000] {logging_mixin.py:190} WARNING -                                                                                    
[2025-07-04T03:13:20.607+0000] {logging_mixin.py:190} WARNING - 
[2025-07-04T03:13:20.608+0000] {logging_mixin.py:190} INFO - [I 2025-07-04 03:13:20,606] Trial 9 finished with value: 0.36203165898043127 and parameters: {'use_amount': True, 'use_is_night': True, 'use_is_weekend': False, 'use_transaction_day': True, 'use_amount_spent_last24h': True, 'use_prev_amount': False, 'use_user_activity_24h': False, 'use_txn_per_min': False, 'use_is_high_velocity': True, 'use_txn_count_5min': True, 'use_amt_to_avg_ratio': False, 'use_amt_to_avg_ratio_7d': True, 'use_amt_vs_median': False, 'use_amt_change_ratio': True, 'use_spend_ratio_24h': False, 'use_txn_hour': True, 'use_txn_hour_sin': True, 'use_txn_hour_cos': False, 'use_day_of_week': False, 'use_days_since_last': False, 'use_unusual_hour_flag': True, 'use_time_diff': False, 'use_avg_txn_interval': True, 'use_zscore_amt': True, 'use_burst_small_txn': False, 'use_txn_amt_std': False, 'use_amt_7d_avg': False, 'use_total_spend': False, 'use_merchant_risk': False, 'use_merchant': True, 'use_merchant_avg_fraud': False, 'use_merchant_txn_cnt': True, 'use_merchant_dist_24h': True, 'use_loc_anomalous': False, 'use_loc_mismatch': False, 'max_depth': 5, 'learning_rate': 0.01263730284296452, 'subsample': 0.7512598875705594, 'colsample_bytree': 0.7249652387059224, 'gamma': 0.2404906433011956, 'reg_alpha': 0.28598520469933136}. Best is trial 8 with value: 0.45252914866381144.
[2025-07-04T03:13:20.609+0000] {logging_mixin.py:190} WARNING - Best trial: 8. Best value: 0.452529:  45%|####5     | 9/20 [01:40<01:54, 10.42s/it]
[2025-07-04T03:13:20.613+0000] {logging_mixin.py:190} WARNING - Best trial: 8. Best value: 0.452529:  45%|####5     | 9/20 [01:40<01:54, 10.42s/it]
[2025-07-04T03:13:20.614+0000] {logging_mixin.py:190} WARNING - Best trial: 8. Best value: 0.452529:  50%|#####     | 10/20 [01:40<01:33,  9.31s/it]
[2025-07-04T03:13:20.697+0000] {warnings.py:112} WARNING - /home/***/.local/lib/python3.12/site-packages/joblib/parallel.py:1379: UserWarning: Loky-backed parallel loops cannot be called in a multiprocessing, setting n_jobs=1
  n_jobs = self._backend.configure(

[2025-07-04T03:13:28.076+0000] {logging_mixin.py:190} WARNING -                                                                                     
[2025-07-04T03:13:28.077+0000] {logging_mixin.py:190} WARNING - 
