[2025-07-04T06:30:30.673+0000] {local_task_job_runner.py:123} INFO - ::group::Pre task execution logs
[2025-07-04T06:30:30.734+0000] {taskinstance.py:2614} INFO - Dependencies all met for dep_context=non-requeueable deps ti=<TaskInstance: fraud_detection_training.execute_training manual__2025-07-04T06:30:22.329711+00:00 [queued]>
[2025-07-04T06:30:30.756+0000] {taskinstance.py:2614} INFO - Dependencies all met for dep_context=requeueable deps ti=<TaskInstance: fraud_detection_training.execute_training manual__2025-07-04T06:30:22.329711+00:00 [queued]>
[2025-07-04T06:30:30.757+0000] {taskinstance.py:2867} INFO - Starting attempt 1 of 1
[2025-07-04T06:30:30.779+0000] {taskinstance.py:2890} INFO - Executing <Task(PythonOperator): execute_training> on 2025-07-04 06:30:22.329711+00:00
[2025-07-04T06:30:30.794+0000] {warnings.py:112} WARNING - /home/***/.local/lib/python3.12/site-packages/***/task/task_runner/standard_task_runner.py:70: DeprecationWarning: This process (pid=3580) is multi-threaded, use of fork() may lead to deadlocks in the child.
  pid = os.fork()

[2025-07-04T06:30:30.796+0000] {standard_task_runner.py:104} INFO - Running: ['***', 'tasks', 'run', 'fraud_detection_training', 'execute_training', 'manual__2025-07-04T06:30:22.329711+00:00', '--job-id', '25', '--raw', '--subdir', 'DAGS_FOLDER/fraud_detection_training_dag.py', '--cfg-path', '/tmp/tmpbbmwkaf4']
[2025-07-04T06:30:30.810+0000] {standard_task_runner.py:72} INFO - Started process 3581 to run task
[2025-07-04T06:30:30.810+0000] {standard_task_runner.py:105} INFO - Job 25: Subtask execute_training
[2025-07-04T06:30:30.883+0000] {task_command.py:467} INFO - Running <TaskInstance: fraud_detection_training.execute_training manual__2025-07-04T06:30:22.329711+00:00 [running]> on host 8862b69bc4b5
[2025-07-04T06:30:30.996+0000] {taskinstance.py:3134} INFO - Exporting env vars: AIRFLOW_CTX_DAG_OWNER='Jasjot Parmar' AIRFLOW_CTX_DAG_ID='fraud_detection_training' AIRFLOW_CTX_TASK_ID='execute_training' AIRFLOW_CTX_EXECUTION_DATE='2025-07-04T06:30:22.329711+00:00' AIRFLOW_CTX_TRY_NUMBER='1' AIRFLOW_CTX_DAG_RUN_ID='manual__2025-07-04T06:30:22.329711+00:00'
[2025-07-04T06:30:30.998+0000] {taskinstance.py:732} INFO - ::endgroup::
[2025-07-04T06:30:31.039+0000] {fraud_detection_training_dag.py:23} INFO - Initializing fraud detection training...
[2025-07-04T06:30:43.406+0000] {fraud_detection_training_dag.py:26} INFO - Imported FraudDetectionTraining successfully.
[2025-07-04T06:30:43.459+0000] {fraud_detection_training.py:75} INFO - Configuration loaded successfully
[2025-07-04T06:30:44.261+0000] {fraud_detection_training.py:106} INFO - Minio connection verified. Buckets: ['mlflow']
[2025-07-04T06:30:44.741+0000] {fraud_detection_training_dag.py:29} INFO - Trainer initialized successfully.
[2025-07-04T06:30:44.741+0000] {fraud_detection_training.py:435} INFO - Starting model training process...
[2025-07-04T06:30:44.742+0000] {fraud_detection_training.py:122} INFO - Connecting to Kafka Topic: transactions
[2025-07-04T06:30:44.855+0000] {conn.py:396} INFO - <BrokerConnection client_id=kafka-python-2.2.15, node_id=bootstrap-0 host=pkc-ld537.ca-central-1.aws.confluent.cloud:9092 <connecting> [IPv4 ('15.223.160.19', 9092)]>: connecting to pkc-ld537.ca-central-1.aws.confluent.cloud:9092 [('15.223.160.19', 9092) IPv4]
[2025-07-04T06:30:44.933+0000] {conn.py:497} INFO - <BrokerConnection client_id=kafka-python-2.2.15, node_id=bootstrap-0 host=pkc-ld537.ca-central-1.aws.confluent.cloud:9092 <handshake> [IPv4 ('15.223.160.19', 9092)]>: Loading system default SSL CAs from ('/usr/lib/ssl/cert.pem', '/usr/lib/ssl/certs', 'SSL_CERT_FILE', '/usr/lib/ssl/cert.pem', 'SSL_CERT_DIR', '/usr/lib/ssl/certs')
[2025-07-04T06:30:45.229+0000] {conn.py:618} INFO - <BrokerConnection client_id=kafka-python-2.2.15, node_id=bootstrap-0 host=pkc-ld537.ca-central-1.aws.confluent.cloud:9092 <checking_api_versions_recv> [IPv4 ('15.223.160.19', 9092)]>: Broker version identified as 2.6
[2025-07-04T06:30:45.535+0000] {conn.py:822} INFO - <BrokerConnection client_id=kafka-python-2.2.15, node_id=bootstrap-0 host=pkc-ld537.ca-central-1.aws.confluent.cloud:9092 <authenticating> [IPv4 ('15.223.160.19', 9092)]>: Authenticated as VAWD3ORVNJTGIOBA via SASL / Plain
[2025-07-04T06:30:45.536+0000] {conn.py:467} INFO - <BrokerConnection client_id=kafka-python-2.2.15, node_id=bootstrap-0 host=pkc-ld537.ca-central-1.aws.confluent.cloud:9092 <connected> [IPv4 ('15.223.160.19', 9092)]>: Connection complete.
[2025-07-04T06:30:45.538+0000] {consumer.py:120} WARNING - group_id is None: disabling auto-commit.
[2025-07-04T06:30:45.538+0000] {subscription_state.py:181} INFO - Updating subscribed topics to: ('transactions',)
[2025-07-04T06:30:45.778+0000] {subscription_state.py:254} INFO - Updated partition assignment: [('transactions', 0), ('transactions', 1), ('transactions', 2), ('transactions', 3), ('transactions', 4), ('transactions', 5)]
[2025-07-04T06:30:45.943+0000] {conn.py:396} INFO - <BrokerConnection client_id=kafka-python-2.2.15, node_id=1 host=b1-pkc-ld537.ca-central-1.aws.confluent.cloud:9092 <connecting> [IPv4 ('35.182.170.137', 9092)]>: connecting to b1-pkc-ld537.ca-central-1.aws.confluent.cloud:9092 [('35.182.170.137', 9092) IPv4]
[2025-07-04T06:30:45.981+0000] {conn.py:396} INFO - <BrokerConnection client_id=kafka-python-2.2.15, node_id=2 host=b2-pkc-ld537.ca-central-1.aws.confluent.cloud:9092 <connecting> [IPv4 ('15.157.158.196', 9092)]>: connecting to b2-pkc-ld537.ca-central-1.aws.confluent.cloud:9092 [('15.157.158.196', 9092) IPv4]
[2025-07-04T06:30:46.016+0000] {conn.py:396} INFO - <BrokerConnection client_id=kafka-python-2.2.15, node_id=3 host=b3-pkc-ld537.ca-central-1.aws.confluent.cloud:9092 <connecting> [IPv4 ('15.223.160.19', 9092)]>: connecting to b3-pkc-ld537.ca-central-1.aws.confluent.cloud:9092 [('15.223.160.19', 9092) IPv4]
[2025-07-04T06:30:46.046+0000] {conn.py:396} INFO - <BrokerConnection client_id=kafka-python-2.2.15, node_id=5 host=b5-pkc-ld537.ca-central-1.aws.confluent.cloud:9092 <connecting> [IPv4 ('15.157.158.196', 9092)]>: connecting to b5-pkc-ld537.ca-central-1.aws.confluent.cloud:9092 [('15.157.158.196', 9092) IPv4]
[2025-07-04T06:30:46.068+0000] {conn.py:396} INFO - <BrokerConnection client_id=kafka-python-2.2.15, node_id=6 host=b6-pkc-ld537.ca-central-1.aws.confluent.cloud:9092 <connecting> [IPv4 ('15.223.160.19', 9092)]>: connecting to b6-pkc-ld537.ca-central-1.aws.confluent.cloud:9092 [('15.223.160.19', 9092) IPv4]
[2025-07-04T06:30:46.101+0000] {conn.py:396} INFO - <BrokerConnection client_id=kafka-python-2.2.15, node_id=7 host=b7-pkc-ld537.ca-central-1.aws.confluent.cloud:9092 <connecting> [IPv4 ('35.182.170.137', 9092)]>: connecting to b7-pkc-ld537.ca-central-1.aws.confluent.cloud:9092 [('35.182.170.137', 9092) IPv4]
[2025-07-04T06:30:46.103+0000] {conn.py:497} INFO - <BrokerConnection client_id=kafka-python-2.2.15, node_id=1 host=b1-pkc-ld537.ca-central-1.aws.confluent.cloud:9092 <handshake> [IPv4 ('35.182.170.137', 9092)]>: Loading system default SSL CAs from ('/usr/lib/ssl/cert.pem', '/usr/lib/ssl/certs', 'SSL_CERT_FILE', '/usr/lib/ssl/cert.pem', 'SSL_CERT_DIR', '/usr/lib/ssl/certs')
[2025-07-04T06:30:46.131+0000] {conn.py:497} INFO - <BrokerConnection client_id=kafka-python-2.2.15, node_id=2 host=b2-pkc-ld537.ca-central-1.aws.confluent.cloud:9092 <handshake> [IPv4 ('15.157.158.196', 9092)]>: Loading system default SSL CAs from ('/usr/lib/ssl/cert.pem', '/usr/lib/ssl/certs', 'SSL_CERT_FILE', '/usr/lib/ssl/cert.pem', 'SSL_CERT_DIR', '/usr/lib/ssl/certs')
[2025-07-04T06:30:46.159+0000] {conn.py:497} INFO - <BrokerConnection client_id=kafka-python-2.2.15, node_id=3 host=b3-pkc-ld537.ca-central-1.aws.confluent.cloud:9092 <handshake> [IPv4 ('15.223.160.19', 9092)]>: Loading system default SSL CAs from ('/usr/lib/ssl/cert.pem', '/usr/lib/ssl/certs', 'SSL_CERT_FILE', '/usr/lib/ssl/cert.pem', 'SSL_CERT_DIR', '/usr/lib/ssl/certs')
[2025-07-04T06:30:46.183+0000] {conn.py:497} INFO - <BrokerConnection client_id=kafka-python-2.2.15, node_id=5 host=b5-pkc-ld537.ca-central-1.aws.confluent.cloud:9092 <handshake> [IPv4 ('15.157.158.196', 9092)]>: Loading system default SSL CAs from ('/usr/lib/ssl/cert.pem', '/usr/lib/ssl/certs', 'SSL_CERT_FILE', '/usr/lib/ssl/cert.pem', 'SSL_CERT_DIR', '/usr/lib/ssl/certs')
[2025-07-04T06:30:46.211+0000] {conn.py:497} INFO - <BrokerConnection client_id=kafka-python-2.2.15, node_id=6 host=b6-pkc-ld537.ca-central-1.aws.confluent.cloud:9092 <handshake> [IPv4 ('15.223.160.19', 9092)]>: Loading system default SSL CAs from ('/usr/lib/ssl/cert.pem', '/usr/lib/ssl/certs', 'SSL_CERT_FILE', '/usr/lib/ssl/cert.pem', 'SSL_CERT_DIR', '/usr/lib/ssl/certs')
[2025-07-04T06:30:46.232+0000] {conn.py:497} INFO - <BrokerConnection client_id=kafka-python-2.2.15, node_id=7 host=b7-pkc-ld537.ca-central-1.aws.confluent.cloud:9092 <handshake> [IPv4 ('35.182.170.137', 9092)]>: Loading system default SSL CAs from ('/usr/lib/ssl/cert.pem', '/usr/lib/ssl/certs', 'SSL_CERT_FILE', '/usr/lib/ssl/cert.pem', 'SSL_CERT_DIR', '/usr/lib/ssl/certs')
[2025-07-04T06:30:46.577+0000] {conn.py:822} INFO - <BrokerConnection client_id=kafka-python-2.2.15, node_id=1 host=b1-pkc-ld537.ca-central-1.aws.confluent.cloud:9092 <authenticating> [IPv4 ('35.182.170.137', 9092)]>: Authenticated as VAWD3ORVNJTGIOBA via SASL / Plain
[2025-07-04T06:30:46.578+0000] {conn.py:467} INFO - <BrokerConnection client_id=kafka-python-2.2.15, node_id=1 host=b1-pkc-ld537.ca-central-1.aws.confluent.cloud:9092 <connected> [IPv4 ('35.182.170.137', 9092)]>: Connection complete.
[2025-07-04T06:30:46.579+0000] {conn.py:945} INFO - <BrokerConnection client_id=kafka-python-2.2.15, node_id=bootstrap-0 host=pkc-ld537.ca-central-1.aws.confluent.cloud:9092 <connected> [IPv4 ('15.223.160.19', 9092)]>: Closing connection. 
[2025-07-04T06:30:46.750+0000] {conn.py:822} INFO - <BrokerConnection client_id=kafka-python-2.2.15, node_id=2 host=b2-pkc-ld537.ca-central-1.aws.confluent.cloud:9092 <authenticating> [IPv4 ('15.157.158.196', 9092)]>: Authenticated as VAWD3ORVNJTGIOBA via SASL / Plain
[2025-07-04T06:30:46.751+0000] {conn.py:467} INFO - <BrokerConnection client_id=kafka-python-2.2.15, node_id=2 host=b2-pkc-ld537.ca-central-1.aws.confluent.cloud:9092 <connected> [IPv4 ('15.157.158.196', 9092)]>: Connection complete.
[2025-07-04T06:30:46.945+0000] {conn.py:822} INFO - <BrokerConnection client_id=kafka-python-2.2.15, node_id=3 host=b3-pkc-ld537.ca-central-1.aws.confluent.cloud:9092 <authenticating> [IPv4 ('15.223.160.19', 9092)]>: Authenticated as VAWD3ORVNJTGIOBA via SASL / Plain
[2025-07-04T06:30:46.946+0000] {conn.py:467} INFO - <BrokerConnection client_id=kafka-python-2.2.15, node_id=3 host=b3-pkc-ld537.ca-central-1.aws.confluent.cloud:9092 <connected> [IPv4 ('15.223.160.19', 9092)]>: Connection complete.
[2025-07-04T06:30:47.114+0000] {conn.py:822} INFO - <BrokerConnection client_id=kafka-python-2.2.15, node_id=5 host=b5-pkc-ld537.ca-central-1.aws.confluent.cloud:9092 <authenticating> [IPv4 ('15.157.158.196', 9092)]>: Authenticated as VAWD3ORVNJTGIOBA via SASL / Plain
[2025-07-04T06:30:47.115+0000] {conn.py:467} INFO - <BrokerConnection client_id=kafka-python-2.2.15, node_id=5 host=b5-pkc-ld537.ca-central-1.aws.confluent.cloud:9092 <connected> [IPv4 ('15.157.158.196', 9092)]>: Connection complete.
[2025-07-04T06:30:47.289+0000] {conn.py:822} INFO - <BrokerConnection client_id=kafka-python-2.2.15, node_id=6 host=b6-pkc-ld537.ca-central-1.aws.confluent.cloud:9092 <authenticating> [IPv4 ('15.223.160.19', 9092)]>: Authenticated as VAWD3ORVNJTGIOBA via SASL / Plain
[2025-07-04T06:30:47.290+0000] {conn.py:467} INFO - <BrokerConnection client_id=kafka-python-2.2.15, node_id=6 host=b6-pkc-ld537.ca-central-1.aws.confluent.cloud:9092 <connected> [IPv4 ('15.223.160.19', 9092)]>: Connection complete.
[2025-07-04T06:30:47.459+0000] {conn.py:822} INFO - <BrokerConnection client_id=kafka-python-2.2.15, node_id=7 host=b7-pkc-ld537.ca-central-1.aws.confluent.cloud:9092 <authenticating> [IPv4 ('35.182.170.137', 9092)]>: Authenticated as VAWD3ORVNJTGIOBA via SASL / Plain
[2025-07-04T06:30:47.460+0000] {conn.py:467} INFO - <BrokerConnection client_id=kafka-python-2.2.15, node_id=7 host=b7-pkc-ld537.ca-central-1.aws.confluent.cloud:9092 <connected> [IPv4 ('35.182.170.137', 9092)]>: Connection complete.
[2025-07-04T06:30:47.461+0000] {fetcher.py:418} INFO - Resetting offset for partition ('transactions', 1) to offset 35606.
[2025-07-04T06:30:47.462+0000] {fetcher.py:418} INFO - Resetting offset for partition ('transactions', 5) to offset 35540.
[2025-07-04T06:30:47.463+0000] {fetcher.py:418} INFO - Resetting offset for partition ('transactions', 3) to offset 35323.
[2025-07-04T06:30:47.463+0000] {fetcher.py:418} INFO - Resetting offset for partition ('transactions', 2) to offset 35856.
[2025-07-04T06:30:47.464+0000] {fetcher.py:418} INFO - Resetting offset for partition ('transactions', 0) to offset 35634.
[2025-07-04T06:30:47.530+0000] {fetcher.py:418} INFO - Resetting offset for partition ('transactions', 4) to offset 35328.
[2025-07-04T06:35:45.810+0000] {conn.py:396} INFO - <BrokerConnection client_id=kafka-python-2.2.15, node_id=10 host=b10-pkc-ld537.ca-central-1.aws.confluent.cloud:9092 <connecting> [IPv4 ('35.182.170.137', 9092)]>: connecting to b10-pkc-ld537.ca-central-1.aws.confluent.cloud:9092 [('35.182.170.137', 9092) IPv4]
[2025-07-04T06:35:45.883+0000] {conn.py:497} INFO - <BrokerConnection client_id=kafka-python-2.2.15, node_id=10 host=b10-pkc-ld537.ca-central-1.aws.confluent.cloud:9092 <handshake> [IPv4 ('35.182.170.137', 9092)]>: Loading system default SSL CAs from ('/usr/lib/ssl/cert.pem', '/usr/lib/ssl/certs', 'SSL_CERT_FILE', '/usr/lib/ssl/cert.pem', 'SSL_CERT_DIR', '/usr/lib/ssl/certs')
[2025-07-04T06:35:46.296+0000] {conn.py:822} INFO - <BrokerConnection client_id=kafka-python-2.2.15, node_id=10 host=b10-pkc-ld537.ca-central-1.aws.confluent.cloud:9092 <authenticating> [IPv4 ('35.182.170.137', 9092)]>: Authenticated as VAWD3ORVNJTGIOBA via SASL / Plain
[2025-07-04T06:35:46.297+0000] {conn.py:467} INFO - <BrokerConnection client_id=kafka-python-2.2.15, node_id=10 host=b10-pkc-ld537.ca-central-1.aws.confluent.cloud:9092 <connected> [IPv4 ('35.182.170.137', 9092)]>: Connection complete.
[2025-07-04T06:40:59.777+0000] {conn.py:945} INFO - <BrokerConnection client_id=kafka-python-2.2.15, node_id=1 host=b1-pkc-ld537.ca-central-1.aws.confluent.cloud:9092 <connected> [IPv4 ('35.182.170.137', 9092)]>: Closing connection. 
[2025-07-04T06:40:59.778+0000] {fetcher.py:786} INFO - Fetch to node 1 failed: Cancelled: <BrokerConnection client_id=kafka-python-2.2.15, node_id=1 host=b1-pkc-ld537.ca-central-1.aws.confluent.cloud:9092 <connected> [IPv4 ('35.182.170.137', 9092)]>
[2025-07-04T06:40:59.779+0000] {conn.py:945} INFO - <BrokerConnection client_id=kafka-python-2.2.15, node_id=2 host=b2-pkc-ld537.ca-central-1.aws.confluent.cloud:9092 <connected> [IPv4 ('15.157.158.196', 9092)]>: Closing connection. 
[2025-07-04T06:40:59.780+0000] {fetcher.py:786} INFO - Fetch to node 2 failed: Cancelled: <BrokerConnection client_id=kafka-python-2.2.15, node_id=2 host=b2-pkc-ld537.ca-central-1.aws.confluent.cloud:9092 <connected> [IPv4 ('15.157.158.196', 9092)]>
[2025-07-04T06:40:59.780+0000] {conn.py:945} INFO - <BrokerConnection client_id=kafka-python-2.2.15, node_id=3 host=b3-pkc-ld537.ca-central-1.aws.confluent.cloud:9092 <connected> [IPv4 ('15.223.160.19', 9092)]>: Closing connection. 
[2025-07-04T06:40:59.781+0000] {fetcher.py:786} INFO - Fetch to node 3 failed: Cancelled: <BrokerConnection client_id=kafka-python-2.2.15, node_id=3 host=b3-pkc-ld537.ca-central-1.aws.confluent.cloud:9092 <connected> [IPv4 ('15.223.160.19', 9092)]>
[2025-07-04T06:40:59.782+0000] {conn.py:945} INFO - <BrokerConnection client_id=kafka-python-2.2.15, node_id=5 host=b5-pkc-ld537.ca-central-1.aws.confluent.cloud:9092 <connected> [IPv4 ('15.157.158.196', 9092)]>: Closing connection. 
[2025-07-04T06:40:59.782+0000] {fetcher.py:786} INFO - Fetch to node 5 failed: Cancelled: <BrokerConnection client_id=kafka-python-2.2.15, node_id=5 host=b5-pkc-ld537.ca-central-1.aws.confluent.cloud:9092 <connected> [IPv4 ('15.157.158.196', 9092)]>
[2025-07-04T06:40:59.783+0000] {conn.py:945} INFO - <BrokerConnection client_id=kafka-python-2.2.15, node_id=6 host=b6-pkc-ld537.ca-central-1.aws.confluent.cloud:9092 <connected> [IPv4 ('15.223.160.19', 9092)]>: Closing connection. 
[2025-07-04T06:40:59.784+0000] {fetcher.py:786} INFO - Fetch to node 6 failed: Cancelled: <BrokerConnection client_id=kafka-python-2.2.15, node_id=6 host=b6-pkc-ld537.ca-central-1.aws.confluent.cloud:9092 <connected> [IPv4 ('15.223.160.19', 9092)]>
[2025-07-04T06:40:59.784+0000] {conn.py:945} INFO - <BrokerConnection client_id=kafka-python-2.2.15, node_id=7 host=b7-pkc-ld537.ca-central-1.aws.confluent.cloud:9092 <connected> [IPv4 ('35.182.170.137', 9092)]>: Closing connection. 
[2025-07-04T06:40:59.785+0000] {fetcher.py:786} INFO - Fetch to node 7 failed: Cancelled: <BrokerConnection client_id=kafka-python-2.2.15, node_id=7 host=b7-pkc-ld537.ca-central-1.aws.confluent.cloud:9092 <connected> [IPv4 ('35.182.170.137', 9092)]>
[2025-07-04T06:40:59.785+0000] {conn.py:945} INFO - <BrokerConnection client_id=kafka-python-2.2.15, node_id=10 host=b10-pkc-ld537.ca-central-1.aws.confluent.cloud:9092 <connected> [IPv4 ('35.182.170.137', 9092)]>: Closing connection. 
[2025-07-04T06:41:00.286+0000] {fraud_detection_training.py:155} INFO - Kafka data read successfully with fraud rate: 0.44
[2025-07-04T06:41:48.571+0000] {logging_mixin.py:190} INFO - 0 rows have NaNs
[2025-07-04T06:41:48.575+0000] {logging_mixin.py:190} INFO - Empty DataFrame
Columns: [amount, is_night, is_weekend, transaction_day, user_activity_24h, amount_to_avg_ratio, merchant_risk, merchant, transaction_hour, transaction_hour_sin, transaction_hour_cos, transaction_dayOfWeek, user_transactions_per_minute, is_high_velocity, days_since_last_transaction, is_unusual_hour_for_user, time_diff, user_avg_transaction_interval, zscore_amount_per_user, burst_small_txn_count_last_min, txn_count_last_5min, user_transaction_amount_std, amount_7d_avg, amount_to_avg_ratio_7d, amount_vs_median, user_total_spend_todate, amount_spent_last24h, user_spending_ratio_last24h, prev_amount, amount_change_ratio, user_merchant_transaction_count, num_distinct_merchants_24h, merchant_avg_fraud_rate, is_location_anomalous, is_location_mismatch]
Index: []
[2025-07-04T06:41:48.588+0000] {fraud_detection_training.py:455} INFO - Columns with NaNs: []
[2025-07-04T06:41:49.391+0000] {logging_mixin.py:190} WARNING - [I 2025-07-04 06:41:49,391] A new study created in memory with name: no-name-31f4d921-f2a4-439b-8ae7-2bd05ac32efb
[2025-07-04T06:41:49.392+0000] {fraud_detection_training.py:597} INFO - Starting Optuna hyperparameter optimization...
[2025-07-04T06:41:49.394+0000] {logging_mixin.py:190} WARNING -   0%|          | 0/20 [00:00<?, ?it/s]
[2025-07-04T06:41:49.409+0000] {warnings.py:112} WARNING - /home/***/.local/lib/python3.12/site-packages/joblib/parallel.py:1379: UserWarning: Loky-backed parallel loops cannot be called in a multiprocessing, setting n_jobs=1
  n_jobs = self._backend.configure(

[2025-07-04T06:42:04.710+0000] {logging_mixin.py:190} WARNING -                                       
[2025-07-04T06:42:04.711+0000] {logging_mixin.py:190} WARNING - 
[2025-07-04T06:42:04.711+0000] {logging_mixin.py:190} INFO - [I 2025-07-04 06:42:04,709] Trial 0 finished with value: 0.43151969981238275 and parameters: {'use_amount': True, 'use_is_night': True, 'use_is_weekend': False, 'use_transaction_day': False, 'use_amount_spent_last24h': False, 'use_prev_amount': False, 'use_user_activity_24h': False, 'use_user_transactions_per_minute': True, 'use_is_high_velocity': True, 'use_txn_count_last_5min': False, 'use_amount_to_avg_ratio': False, 'use_amount_to_avg_ratio_7d': True, 'use_amount_vs_median': True, 'use_amount_change_ratio': True, 'use_user_spending_ratio_last24h': True, 'use_transaction_hour': True, 'use_transaction_hour_sin': True, 'use_transaction_hour_cos': True, 'use_transaction_dayOfWeek': False, 'use_days_since_last_transaction': False, 'use_is_unusual_hour_for_user': False, 'use_time_diff': False, 'use_user_avg_transaction_interval': True, 'use_zscore_amount_per_user': False, 'use_burst_small_txn_count_last_min': False, 'use_user_transaction_amount_std': False, 'use_amount_7d_avg': False, 'use_user_total_spend_todate': False, 'use_merchant_risk': True, 'use_merchant': True, 'use_merchant_avg_fraud_rate': False, 'use_user_merchant_transaction_count': False, 'use_num_distinct_merchants_24h': False, 'use_is_location_anomalous': True, 'use_is_location_mismatch': False, 'max_depth': 5, 'learning_rate': 0.039500225788946824, 'subsample': 0.6087144830500998, 'colsample_bytree': 0.6308851713927782, 'gamma': 0.2883155733426159, 'reg_alpha': 0.3411808151084622}. Best is trial 0 with value: 0.43151969981238275.
[2025-07-04T06:42:04.713+0000] {logging_mixin.py:190} WARNING -   0%|          | 0/20 [00:15<?, ?it/s]
[2025-07-04T06:42:04.717+0000] {logging_mixin.py:190} WARNING - Best trial: 0. Best value: 0.43152:   0%|          | 0/20 [00:15<?, ?it/s]
[2025-07-04T06:42:04.717+0000] {logging_mixin.py:190} WARNING - Best trial: 0. Best value: 0.43152:   5%|5         | 1/20 [00:15<04:51, 15.32s/it]
[2025-07-04T06:42:04.731+0000] {warnings.py:112} WARNING - /home/***/.local/lib/python3.12/site-packages/joblib/parallel.py:1379: UserWarning: Loky-backed parallel loops cannot be called in a multiprocessing, setting n_jobs=1
  n_jobs = self._backend.configure(

[2025-07-04T06:42:16.436+0000] {logging_mixin.py:190} WARNING -                                                                                   
[2025-07-04T06:42:16.436+0000] {logging_mixin.py:190} WARNING - 
