[2025-07-04T06:42:16.437+0000] {logging_mixin.py:190} INFO - [I 2025-07-04 06:42:16,435] Trial 1 finished with value: 0.36963919316860494 and parameters: {'use_amount': True, 'use_is_night': True, 'use_is_weekend': True, 'use_transaction_day': True, 'use_amount_spent_last24h': False, 'use_prev_amount': True, 'use_user_activity_24h': False, 'use_user_transactions_per_minute': True, 'use_is_high_velocity': False, 'use_txn_count_last_5min': True, 'use_amount_to_avg_ratio': True, 'use_amount_to_avg_ratio_7d': False, 'use_amount_vs_median': False, 'use_amount_change_ratio': False, 'use_user_spending_ratio_last24h': False, 'use_transaction_hour': True, 'use_transaction_hour_sin': True, 'use_transaction_hour_cos': False, 'use_transaction_dayOfWeek': True, 'use_days_since_last_transaction': True, 'use_is_unusual_hour_for_user': False, 'use_time_diff': True, 'use_user_avg_transaction_interval': True, 'use_zscore_amount_per_user': True, 'use_burst_small_txn_count_last_min': False, 'use_user_transaction_amount_std': True, 'use_amount_7d_avg': True, 'use_user_total_spend_todate': True, 'use_merchant_risk': False, 'use_merchant': True, 'use_merchant_avg_fraud_rate': False, 'use_user_merchant_transaction_count': False, 'use_num_distinct_merchants_24h': True, 'use_is_location_anomalous': True, 'use_is_location_mismatch': True, 'max_depth': 5, 'learning_rate': 0.017877593647120812, 'subsample': 0.7259799837738041, 'colsample_bytree': 0.7100186224489602, 'gamma': 0.1483959492761488, 'reg_alpha': 0.49399390903444806}. Best is trial 0 with value: 0.43151969981238275.
[2025-07-04T06:42:16.437+0000] {logging_mixin.py:190} WARNING - Best trial: 0. Best value: 0.43152:   5%|5         | 1/20 [00:27<04:51, 15.32s/it]
[2025-07-04T06:42:16.442+0000] {logging_mixin.py:190} WARNING - Best trial: 0. Best value: 0.43152:   5%|5         | 1/20 [00:27<04:51, 15.32s/it]
[2025-07-04T06:42:16.443+0000] {logging_mixin.py:190} WARNING - Best trial: 0. Best value: 0.43152:  10%|#         | 2/20 [00:27<03:57, 13.21s/it]
[2025-07-04T06:42:16.459+0000] {warnings.py:112} WARNING - /home/***/.local/lib/python3.12/site-packages/joblib/parallel.py:1379: UserWarning: Loky-backed parallel loops cannot be called in a multiprocessing, setting n_jobs=1
  n_jobs = self._backend.configure(

[2025-07-04T06:42:22.556+0000] {logging_mixin.py:190} WARNING -                                                                                   
[2025-07-04T06:42:22.557+0000] {logging_mixin.py:190} WARNING - 
[2025-07-04T06:42:22.558+0000] {logging_mixin.py:190} INFO - [I 2025-07-04 06:42:22,555] Trial 2 finished with value: 0.23950047855279502 and parameters: {'use_amount': False, 'use_is_night': False, 'use_is_weekend': False, 'use_transaction_day': True, 'use_amount_spent_last24h': True, 'use_prev_amount': True, 'use_user_activity_24h': True, 'use_user_transactions_per_minute': True, 'use_is_high_velocity': False, 'use_txn_count_last_5min': False, 'use_amount_to_avg_ratio': True, 'use_amount_to_avg_ratio_7d': False, 'use_amount_vs_median': True, 'use_amount_change_ratio': True, 'use_user_spending_ratio_last24h': True, 'use_transaction_hour': False, 'use_transaction_hour_sin': True, 'use_transaction_hour_cos': True, 'use_transaction_dayOfWeek': False, 'use_days_since_last_transaction': False, 'use_is_unusual_hour_for_user': True, 'use_time_diff': True, 'use_user_avg_transaction_interval': False, 'use_zscore_amount_per_user': True, 'use_burst_small_txn_count_last_min': False, 'use_user_transaction_amount_std': False, 'use_amount_7d_avg': False, 'use_user_total_spend_todate': False, 'use_merchant_risk': True, 'use_merchant': True, 'use_merchant_avg_fraud_rate': False, 'use_user_merchant_transaction_count': True, 'use_num_distinct_merchants_24h': True, 'use_is_location_anomalous': True, 'use_is_location_mismatch': True, 'max_depth': 4, 'learning_rate': 0.010646207241897259, 'subsample': 0.9662522833002017, 'colsample_bytree': 0.6130596437216185, 'gamma': 0.0994300253762119, 'reg_alpha': 0.21965738788869404}. Best is trial 0 with value: 0.43151969981238275.
[2025-07-04T06:42:22.558+0000] {logging_mixin.py:190} WARNING - Best trial: 0. Best value: 0.43152:  10%|#         | 2/20 [00:33<03:57, 13.21s/it]
[2025-07-04T06:42:22.563+0000] {logging_mixin.py:190} WARNING - Best trial: 0. Best value: 0.43152:  10%|#         | 2/20 [00:33<03:57, 13.21s/it]
[2025-07-04T06:42:22.563+0000] {logging_mixin.py:190} WARNING - Best trial: 0. Best value: 0.43152:  15%|#5        | 3/20 [00:33<02:49,  9.97s/it]
[2025-07-04T06:42:22.577+0000] {warnings.py:112} WARNING - /home/***/.local/lib/python3.12/site-packages/joblib/parallel.py:1379: UserWarning: Loky-backed parallel loops cannot be called in a multiprocessing, setting n_jobs=1
  n_jobs = self._backend.configure(

[2025-07-04T06:42:27.770+0000] {logging_mixin.py:190} WARNING -                                                                                   
[2025-07-04T06:42:27.771+0000] {logging_mixin.py:190} WARNING - 
[2025-07-04T06:42:27.771+0000] {logging_mixin.py:190} INFO - [I 2025-07-04 06:42:27,770] Trial 3 finished with value: 0.2276143545592617 and parameters: {'use_amount': False, 'use_is_night': True, 'use_is_weekend': True, 'use_transaction_day': True, 'use_amount_spent_last24h': False, 'use_prev_amount': True, 'use_user_activity_24h': True, 'use_user_transactions_per_minute': False, 'use_is_high_velocity': True, 'use_txn_count_last_5min': True, 'use_amount_to_avg_ratio': True, 'use_amount_to_avg_ratio_7d': True, 'use_amount_vs_median': True, 'use_amount_change_ratio': True, 'use_user_spending_ratio_last24h': False, 'use_transaction_hour': False, 'use_transaction_hour_sin': False, 'use_transaction_hour_cos': False, 'use_transaction_dayOfWeek': True, 'use_days_since_last_transaction': False, 'use_is_unusual_hour_for_user': True, 'use_time_diff': False, 'use_user_avg_transaction_interval': False, 'use_zscore_amount_per_user': False, 'use_burst_small_txn_count_last_min': True, 'use_user_transaction_amount_std': False, 'use_amount_7d_avg': False, 'use_user_total_spend_todate': False, 'use_merchant_risk': True, 'use_merchant': False, 'use_merchant_avg_fraud_rate': False, 'use_user_merchant_transaction_count': False, 'use_num_distinct_merchants_24h': True, 'use_is_location_anomalous': True, 'use_is_location_mismatch': True, 'max_depth': 3, 'learning_rate': 0.02022075948300465, 'subsample': 0.7159421765799363, 'colsample_bytree': 0.9544318346744414, 'gamma': 0.2827964996928426, 'reg_alpha': 0.17628395654720513}. Best is trial 0 with value: 0.43151969981238275.
[2025-07-04T06:42:27.772+0000] {logging_mixin.py:190} WARNING - Best trial: 0. Best value: 0.43152:  15%|#5        | 3/20 [00:38<02:49,  9.97s/it]
[2025-07-04T06:42:27.776+0000] {logging_mixin.py:190} WARNING - Best trial: 0. Best value: 0.43152:  15%|#5        | 3/20 [00:38<02:49,  9.97s/it]
[2025-07-04T06:42:27.776+0000] {logging_mixin.py:190} WARNING - Best trial: 0. Best value: 0.43152:  20%|##        | 4/20 [00:38<02:09,  8.09s/it]
[2025-07-04T06:42:27.792+0000] {warnings.py:112} WARNING - /home/***/.local/lib/python3.12/site-packages/joblib/parallel.py:1379: UserWarning: Loky-backed parallel loops cannot be called in a multiprocessing, setting n_jobs=1
  n_jobs = self._backend.configure(

[2025-07-04T06:42:46.837+0000] {logging_mixin.py:190} WARNING -                                                                                   
[2025-07-04T06:42:46.838+0000] {logging_mixin.py:190} WARNING - 
[2025-07-04T06:42:46.839+0000] {logging_mixin.py:190} INFO - [I 2025-07-04 06:42:46,837] Trial 4 finished with value: 0.325116801914902 and parameters: {'use_amount': False, 'use_is_night': True, 'use_is_weekend': True, 'use_transaction_day': False, 'use_amount_spent_last24h': True, 'use_prev_amount': False, 'use_user_activity_24h': True, 'use_user_transactions_per_minute': False, 'use_is_high_velocity': False, 'use_txn_count_last_5min': True, 'use_amount_to_avg_ratio': False, 'use_amount_to_avg_ratio_7d': True, 'use_amount_vs_median': True, 'use_amount_change_ratio': True, 'use_user_spending_ratio_last24h': True, 'use_transaction_hour': True, 'use_transaction_hour_sin': False, 'use_transaction_hour_cos': False, 'use_transaction_dayOfWeek': False, 'use_days_since_last_transaction': False, 'use_is_unusual_hour_for_user': True, 'use_time_diff': True, 'use_user_avg_transaction_interval': True, 'use_zscore_amount_per_user': True, 'use_burst_small_txn_count_last_min': True, 'use_user_transaction_amount_std': True, 'use_amount_7d_avg': True, 'use_user_total_spend_todate': False, 'use_merchant_risk': False, 'use_merchant': False, 'use_merchant_avg_fraud_rate': True, 'use_user_merchant_transaction_count': True, 'use_num_distinct_merchants_24h': False, 'use_is_location_anomalous': False, 'use_is_location_mismatch': True, 'max_depth': 3, 'learning_rate': 0.02724883247358441, 'subsample': 0.7558434280465423, 'colsample_bytree': 0.8791225999337868, 'gamma': 0.18293879426959594, 'reg_alpha': 0.37470358155128736}. Best is trial 0 with value: 0.43151969981238275.
[2025-07-04T06:42:46.839+0000] {logging_mixin.py:190} WARNING - Best trial: 0. Best value: 0.43152:  20%|##        | 4/20 [00:57<02:09,  8.09s/it]
[2025-07-04T06:42:46.844+0000] {logging_mixin.py:190} WARNING - Best trial: 0. Best value: 0.43152:  20%|##        | 4/20 [00:57<02:09,  8.09s/it]
[2025-07-04T06:42:46.844+0000] {logging_mixin.py:190} WARNING - Best trial: 0. Best value: 0.43152:  25%|##5       | 5/20 [00:57<03:00, 12.05s/it]
[2025-07-04T06:42:46.859+0000] {warnings.py:112} WARNING - /home/***/.local/lib/python3.12/site-packages/joblib/parallel.py:1379: UserWarning: Loky-backed parallel loops cannot be called in a multiprocessing, setting n_jobs=1
  n_jobs = self._backend.configure(

[2025-07-04T06:42:54.012+0000] {logging_mixin.py:190} WARNING -                                                                                   
[2025-07-04T06:42:54.013+0000] {logging_mixin.py:190} WARNING - 
[2025-07-04T06:42:54.014+0000] {logging_mixin.py:190} INFO - [I 2025-07-04 06:42:54,012] Trial 5 finished with value: 0.2768511080514328 and parameters: {'use_amount': False, 'use_is_night': False, 'use_is_weekend': True, 'use_transaction_day': False, 'use_amount_spent_last24h': True, 'use_prev_amount': True, 'use_user_activity_24h': True, 'use_user_transactions_per_minute': True, 'use_is_high_velocity': True, 'use_txn_count_last_5min': True, 'use_amount_to_avg_ratio': True, 'use_amount_to_avg_ratio_7d': True, 'use_amount_vs_median': False, 'use_amount_change_ratio': False, 'use_user_spending_ratio_last24h': True, 'use_transaction_hour': True, 'use_transaction_hour_sin': False, 'use_transaction_hour_cos': False, 'use_transaction_dayOfWeek': True, 'use_days_since_last_transaction': False, 'use_is_unusual_hour_for_user': False, 'use_time_diff': True, 'use_user_avg_transaction_interval': False, 'use_zscore_amount_per_user': False, 'use_burst_small_txn_count_last_min': True, 'use_user_transaction_amount_std': True, 'use_amount_7d_avg': False, 'use_user_total_spend_todate': False, 'use_merchant_risk': False, 'use_merchant': False, 'use_merchant_avg_fraud_rate': True, 'use_user_merchant_transaction_count': True, 'use_num_distinct_merchants_24h': False, 'use_is_location_anomalous': False, 'use_is_location_mismatch': True, 'max_depth': 5, 'learning_rate': 0.011203113893220207, 'subsample': 0.8413767432226935, 'colsample_bytree': 0.6363899190833515, 'gamma': 0.0669403957370725, 'reg_alpha': 0.09442790829597852}. Best is trial 0 with value: 0.43151969981238275.
[2025-07-04T06:42:54.014+0000] {logging_mixin.py:190} WARNING - Best trial: 0. Best value: 0.43152:  25%|##5       | 5/20 [01:04<03:00, 12.05s/it]
[2025-07-04T06:42:54.019+0000] {logging_mixin.py:190} WARNING - Best trial: 0. Best value: 0.43152:  25%|##5       | 5/20 [01:04<03:00, 12.05s/it]
[2025-07-04T06:42:54.020+0000] {logging_mixin.py:190} WARNING - Best trial: 0. Best value: 0.43152:  30%|###       | 6/20 [01:04<02:25, 10.39s/it]
[2025-07-04T06:42:54.035+0000] {warnings.py:112} WARNING - /home/***/.local/lib/python3.12/site-packages/joblib/parallel.py:1379: UserWarning: Loky-backed parallel loops cannot be called in a multiprocessing, setting n_jobs=1
  n_jobs = self._backend.configure(

[2025-07-04T06:43:00.837+0000] {logging_mixin.py:190} WARNING -                                                                                   
[2025-07-04T06:43:00.837+0000] {logging_mixin.py:190} WARNING - 
[2025-07-04T06:43:00.838+0000] {logging_mixin.py:190} INFO - [I 2025-07-04 06:43:00,836] Trial 6 finished with value: 0.4118946144610807 and parameters: {'use_amount': True, 'use_is_night': False, 'use_is_weekend': True, 'use_transaction_day': True, 'use_amount_spent_last24h': True, 'use_prev_amount': True, 'use_user_activity_24h': True, 'use_user_transactions_per_minute': False, 'use_is_high_velocity': False, 'use_txn_count_last_5min': True, 'use_amount_to_avg_ratio': False, 'use_amount_to_avg_ratio_7d': False, 'use_amount_vs_median': False, 'use_amount_change_ratio': False, 'use_user_spending_ratio_last24h': False, 'use_transaction_hour': False, 'use_transaction_hour_sin': False, 'use_transaction_hour_cos': True, 'use_transaction_dayOfWeek': True, 'use_days_since_last_transaction': True, 'use_is_unusual_hour_for_user': False, 'use_time_diff': True, 'use_user_avg_transaction_interval': True, 'use_zscore_amount_per_user': False, 'use_burst_small_txn_count_last_min': False, 'use_user_transaction_amount_std': False, 'use_amount_7d_avg': True, 'use_user_total_spend_todate': False, 'use_merchant_risk': True, 'use_merchant': True, 'use_merchant_avg_fraud_rate': False, 'use_user_merchant_transaction_count': False, 'use_num_distinct_merchants_24h': True, 'use_is_location_anomalous': True, 'use_is_location_mismatch': True, 'max_depth': 5, 'learning_rate': 0.03887619397111987, 'subsample': 0.681351723998291, 'colsample_bytree': 0.9438705354221877, 'gamma': 0.22640799643878023, 'reg_alpha': 0.0941076897673267}. Best is trial 0 with value: 0.43151969981238275.
[2025-07-04T06:43:00.838+0000] {logging_mixin.py:190} WARNING - Best trial: 0. Best value: 0.43152:  30%|###       | 6/20 [01:11<02:25, 10.39s/it]
[2025-07-04T06:43:00.842+0000] {logging_mixin.py:190} WARNING - Best trial: 0. Best value: 0.43152:  30%|###       | 6/20 [01:11<02:25, 10.39s/it]
[2025-07-04T06:43:00.843+0000] {logging_mixin.py:190} WARNING - Best trial: 0. Best value: 0.43152:  35%|###5      | 7/20 [01:11<01:59,  9.23s/it]
[2025-07-04T06:43:00.857+0000] {warnings.py:112} WARNING - /home/***/.local/lib/python3.12/site-packages/joblib/parallel.py:1379: UserWarning: Loky-backed parallel loops cannot be called in a multiprocessing, setting n_jobs=1
  n_jobs = self._backend.configure(

[2025-07-04T06:43:22.008+0000] {logging_mixin.py:190} WARNING -                                                                                   
[2025-07-04T06:43:22.009+0000] {logging_mixin.py:190} WARNING - 
[2025-07-04T06:43:22.009+0000] {logging_mixin.py:190} INFO - [I 2025-07-04 06:43:22,008] Trial 7 finished with value: 0.2420121785746493 and parameters: {'use_amount': True, 'use_is_night': True, 'use_is_weekend': True, 'use_transaction_day': False, 'use_amount_spent_last24h': True, 'use_prev_amount': False, 'use_user_activity_24h': True, 'use_user_transactions_per_minute': True, 'use_is_high_velocity': True, 'use_txn_count_last_5min': False, 'use_amount_to_avg_ratio': False, 'use_amount_to_avg_ratio_7d': False, 'use_amount_vs_median': True, 'use_amount_change_ratio': True, 'use_user_spending_ratio_last24h': False, 'use_transaction_hour': True, 'use_transaction_hour_sin': False, 'use_transaction_hour_cos': True, 'use_transaction_dayOfWeek': True, 'use_days_since_last_transaction': True, 'use_is_unusual_hour_for_user': False, 'use_time_diff': False, 'use_user_avg_transaction_interval': True, 'use_zscore_amount_per_user': True, 'use_burst_small_txn_count_last_min': True, 'use_user_transaction_amount_std': False, 'use_amount_7d_avg': True, 'use_user_total_spend_todate': True, 'use_merchant_risk': True, 'use_merchant': False, 'use_merchant_avg_fraud_rate': False, 'use_user_merchant_transaction_count': True, 'use_num_distinct_merchants_24h': True, 'use_is_location_anomalous': True, 'use_is_location_mismatch': True, 'max_depth': 3, 'learning_rate': 0.014029702235938026, 'subsample': 0.9753425703401618, 'colsample_bytree': 0.95651591349099, 'gamma': 0.0016436202495509254, 'reg_alpha': 0.04290217606757929}. Best is trial 0 with value: 0.43151969981238275.
[2025-07-04T06:43:22.010+0000] {logging_mixin.py:190} WARNING - Best trial: 0. Best value: 0.43152:  35%|###5      | 7/20 [01:32<01:59,  9.23s/it]
[2025-07-04T06:43:22.014+0000] {logging_mixin.py:190} WARNING - Best trial: 0. Best value: 0.43152:  35%|###5      | 7/20 [01:32<01:59,  9.23s/it]
[2025-07-04T06:43:22.014+0000] {logging_mixin.py:190} WARNING - Best trial: 0. Best value: 0.43152:  40%|####      | 8/20 [01:32<02:36, 13.03s/it]
[2025-07-04T06:43:22.027+0000] {warnings.py:112} WARNING - /home/***/.local/lib/python3.12/site-packages/joblib/parallel.py:1379: UserWarning: Loky-backed parallel loops cannot be called in a multiprocessing, setting n_jobs=1
  n_jobs = self._backend.configure(

[2025-07-04T06:43:28.565+0000] {logging_mixin.py:190} WARNING -                                                                                   
[2025-07-04T06:43:28.566+0000] {logging_mixin.py:190} WARNING - 
[2025-07-04T06:43:28.566+0000] {logging_mixin.py:190} INFO - [I 2025-07-04 06:43:28,564] Trial 8 finished with value: 0.2688947469969368 and parameters: {'use_amount': True, 'use_is_night': True, 'use_is_weekend': True, 'use_transaction_day': True, 'use_amount_spent_last24h': True, 'use_prev_amount': True, 'use_user_activity_24h': False, 'use_user_transactions_per_minute': False, 'use_is_high_velocity': False, 'use_txn_count_last_5min': False, 'use_amount_to_avg_ratio': True, 'use_amount_to_avg_ratio_7d': True, 'use_amount_vs_median': True, 'use_amount_change_ratio': False, 'use_user_spending_ratio_last24h': False, 'use_transaction_hour': True, 'use_transaction_hour_sin': False, 'use_transaction_hour_cos': False, 'use_transaction_dayOfWeek': False, 'use_days_since_last_transaction': False, 'use_is_unusual_hour_for_user': False, 'use_time_diff': True, 'use_user_avg_transaction_interval': True, 'use_zscore_amount_per_user': True, 'use_burst_small_txn_count_last_min': False, 'use_user_transaction_amount_std': True, 'use_amount_7d_avg': True, 'use_user_total_spend_todate': False, 'use_merchant_risk': True, 'use_merchant': True, 'use_merchant_avg_fraud_rate': False, 'use_user_merchant_transaction_count': True, 'use_num_distinct_merchants_24h': True, 'use_is_location_anomalous': True, 'use_is_location_mismatch': False, 'max_depth': 4, 'learning_rate': 0.015843953648713566, 'subsample': 0.7351919368254477, 'colsample_bytree': 0.8111842332739166, 'gamma': 0.2274346848039681, 'reg_alpha': 0.31055484683812085}. Best is trial 0 with value: 0.43151969981238275.
[2025-07-04T06:43:28.567+0000] {logging_mixin.py:190} WARNING - Best trial: 0. Best value: 0.43152:  40%|####      | 8/20 [01:39<02:36, 13.03s/it]
[2025-07-04T06:43:28.571+0000] {logging_mixin.py:190} WARNING - Best trial: 0. Best value: 0.43152:  40%|####      | 8/20 [01:39<02:36, 13.03s/it]
[2025-07-04T06:43:28.571+0000] {logging_mixin.py:190} WARNING - Best trial: 0. Best value: 0.43152:  45%|####5     | 9/20 [01:39<02:01, 11.01s/it]
[2025-07-04T06:43:28.583+0000] {warnings.py:112} WARNING - /home/***/.local/lib/python3.12/site-packages/joblib/parallel.py:1379: UserWarning: Loky-backed parallel loops cannot be called in a multiprocessing, setting n_jobs=1
  n_jobs = self._backend.configure(

[2025-07-04T06:43:36.170+0000] {logging_mixin.py:190} WARNING -                                                                                   
[2025-07-04T06:43:36.170+0000] {logging_mixin.py:190} WARNING - 
