[2025-07-04T06:43:36.171+0000] {logging_mixin.py:190} INFO - [I 2025-07-04 06:43:36,169] Trial 9 finished with value: 0.4281369712611586 and parameters: {'use_amount': True, 'use_is_night': False, 'use_is_weekend': True, 'use_transaction_day': False, 'use_amount_spent_last24h': True, 'use_prev_amount': False, 'use_user_activity_24h': True, 'use_user_transactions_per_minute': False, 'use_is_high_velocity': False, 'use_txn_count_last_5min': False, 'use_amount_to_avg_ratio': True, 'use_amount_to_avg_ratio_7d': False, 'use_amount_vs_median': False, 'use_amount_change_ratio': False, 'use_user_spending_ratio_last24h': False, 'use_transaction_hour': True, 'use_transaction_hour_sin': True, 'use_transaction_hour_cos': True, 'use_transaction_dayOfWeek': True, 'use_days_since_last_transaction': False, 'use_is_unusual_hour_for_user': False, 'use_time_diff': False, 'use_user_avg_transaction_interval': False, 'use_zscore_amount_per_user': False, 'use_burst_small_txn_count_last_min': True, 'use_user_transaction_amount_std': True, 'use_amount_7d_avg': True, 'use_user_total_spend_todate': False, 'use_merchant_risk': False, 'use_merchant': False, 'use_merchant_avg_fraud_rate': True, 'use_user_merchant_transaction_count': True, 'use_num_distinct_merchants_24h': True, 'use_is_location_anomalous': False, 'use_is_location_mismatch': False, 'max_depth': 7, 'learning_rate': 0.03375304905113712, 'subsample': 0.7331745394610704, 'colsample_bytree': 0.8500909686730992, 'gamma': 0.16110891493626334, 'reg_alpha': 0.41462781808356125}. Best is trial 0 with value: 0.43151969981238275.
[2025-07-04T06:43:36.171+0000] {logging_mixin.py:190} WARNING - Best trial: 0. Best value: 0.43152:  45%|####5     | 9/20 [01:46<02:01, 11.01s/it]
[2025-07-04T06:43:36.176+0000] {logging_mixin.py:190} WARNING - Best trial: 0. Best value: 0.43152:  45%|####5     | 9/20 [01:46<02:01, 11.01s/it]
[2025-07-04T06:43:36.177+0000] {logging_mixin.py:190} WARNING - Best trial: 0. Best value: 0.43152:  50%|#####     | 10/20 [01:46<01:39,  9.96s/it]
[2025-07-04T06:43:36.250+0000] {warnings.py:112} WARNING - /home/***/.local/lib/python3.12/site-packages/joblib/parallel.py:1379: UserWarning: Loky-backed parallel loops cannot be called in a multiprocessing, setting n_jobs=1
  n_jobs = self._backend.configure(

[2025-07-04T06:43:54.759+0000] {logging_mixin.py:190} WARNING -                                                                                    
[2025-07-04T06:43:54.760+0000] {logging_mixin.py:190} WARNING - 
[2025-07-04T06:43:54.760+0000] {logging_mixin.py:190} INFO - [I 2025-07-04 06:43:54,759] Trial 10 finished with value: 0.4501840017713034 and parameters: {'use_amount': True, 'use_is_night': True, 'use_is_weekend': False, 'use_transaction_day': False, 'use_amount_spent_last24h': False, 'use_prev_amount': False, 'use_user_activity_24h': False, 'use_user_transactions_per_minute': True, 'use_is_high_velocity': True, 'use_txn_count_last_5min': False, 'use_amount_to_avg_ratio': False, 'use_amount_to_avg_ratio_7d': True, 'use_amount_vs_median': True, 'use_amount_change_ratio': True, 'use_user_spending_ratio_last24h': True, 'use_transaction_hour': False, 'use_transaction_hour_sin': True, 'use_transaction_hour_cos': True, 'use_transaction_dayOfWeek': False, 'use_days_since_last_transaction': True, 'use_is_unusual_hour_for_user': True, 'use_time_diff': False, 'use_user_avg_transaction_interval': True, 'use_zscore_amount_per_user': False, 'use_burst_small_txn_count_last_min': False, 'use_user_transaction_amount_std': False, 'use_amount_7d_avg': False, 'use_user_total_spend_todate': True, 'use_merchant_risk': True, 'use_merchant': True, 'use_merchant_avg_fraud_rate': True, 'use_user_merchant_transaction_count': False, 'use_num_distinct_merchants_24h': False, 'use_is_location_anomalous': False, 'use_is_location_mismatch': False, 'max_depth': 7, 'learning_rate': 0.07160833656649873, 'subsample': 0.6208643622997836, 'colsample_bytree': 0.7191335625029535, 'gamma': 0.2932274802825354, 'reg_alpha': 0.29928945680189334}. Best is trial 10 with value: 0.4501840017713034.
[2025-07-04T06:43:54.761+0000] {logging_mixin.py:190} WARNING - Best trial: 0. Best value: 0.43152:  50%|#####     | 10/20 [02:05<01:39,  9.96s/it]
[2025-07-04T06:43:54.765+0000] {logging_mixin.py:190} WARNING - Best trial: 10. Best value: 0.450184:  50%|#####     | 10/20 [02:05<01:39,  9.96s/it]
[2025-07-04T06:43:54.765+0000] {logging_mixin.py:190} WARNING - Best trial: 10. Best value: 0.450184:  55%|#####5    | 11/20 [02:05<01:53, 12.60s/it]
[2025-07-04T06:43:54.823+0000] {warnings.py:112} WARNING - /home/***/.local/lib/python3.12/site-packages/joblib/parallel.py:1379: UserWarning: Loky-backed parallel loops cannot be called in a multiprocessing, setting n_jobs=1
  n_jobs = self._backend.configure(

[2025-07-04T06:44:01.796+0000] {logging_mixin.py:190} WARNING -                                                                                      
[2025-07-04T06:44:01.796+0000] {logging_mixin.py:190} WARNING - 
[2025-07-04T06:44:01.797+0000] {logging_mixin.py:190} INFO - [I 2025-07-04 06:44:01,795] Trial 11 finished with value: 0.44503725788375514 and parameters: {'use_amount': True, 'use_is_night': True, 'use_is_weekend': False, 'use_transaction_day': False, 'use_amount_spent_last24h': False, 'use_prev_amount': False, 'use_user_activity_24h': False, 'use_user_transactions_per_minute': True, 'use_is_high_velocity': True, 'use_txn_count_last_5min': False, 'use_amount_to_avg_ratio': False, 'use_amount_to_avg_ratio_7d': True, 'use_amount_vs_median': True, 'use_amount_change_ratio': True, 'use_user_spending_ratio_last24h': True, 'use_transaction_hour': False, 'use_transaction_hour_sin': True, 'use_transaction_hour_cos': True, 'use_transaction_dayOfWeek': False, 'use_days_since_last_transaction': True, 'use_is_unusual_hour_for_user': True, 'use_time_diff': False, 'use_user_avg_transaction_interval': True, 'use_zscore_amount_per_user': False, 'use_burst_small_txn_count_last_min': False, 'use_user_transaction_amount_std': False, 'use_amount_7d_avg': False, 'use_user_total_spend_todate': True, 'use_merchant_risk': True, 'use_merchant': True, 'use_merchant_avg_fraud_rate': True, 'use_user_merchant_transaction_count': False, 'use_num_distinct_merchants_24h': False, 'use_is_location_anomalous': False, 'use_is_location_mismatch': False, 'max_depth': 7, 'learning_rate': 0.08440723258703571, 'subsample': 0.6002219954633166, 'colsample_bytree': 0.7173967853476968, 'gamma': 0.29391755413805176, 'reg_alpha': 0.30850794557016814}. Best is trial 10 with value: 0.4501840017713034.
[2025-07-04T06:44:01.797+0000] {logging_mixin.py:190} WARNING - Best trial: 10. Best value: 0.450184:  55%|#####5    | 11/20 [02:12<01:53, 12.60s/it]
[2025-07-04T06:44:01.802+0000] {logging_mixin.py:190} WARNING - Best trial: 10. Best value: 0.450184:  55%|#####5    | 11/20 [02:12<01:53, 12.60s/it]
[2025-07-04T06:44:01.802+0000] {logging_mixin.py:190} WARNING - Best trial: 10. Best value: 0.450184:  60%|######    | 12/20 [02:12<01:27, 10.91s/it]
[2025-07-04T06:44:01.859+0000] {warnings.py:112} WARNING - /home/***/.local/lib/python3.12/site-packages/joblib/parallel.py:1379: UserWarning: Loky-backed parallel loops cannot be called in a multiprocessing, setting n_jobs=1
  n_jobs = self._backend.configure(

[2025-07-04T06:44:09.626+0000] {logging_mixin.py:190} WARNING -                                                                                      
[2025-07-04T06:44:09.626+0000] {logging_mixin.py:190} WARNING - 
[2025-07-04T06:44:09.627+0000] {logging_mixin.py:190} INFO - [I 2025-07-04 06:44:09,625] Trial 12 finished with value: 0.4459768229800319 and parameters: {'use_amount': True, 'use_is_night': True, 'use_is_weekend': False, 'use_transaction_day': False, 'use_amount_spent_last24h': False, 'use_prev_amount': False, 'use_user_activity_24h': False, 'use_user_transactions_per_minute': True, 'use_is_high_velocity': True, 'use_txn_count_last_5min': False, 'use_amount_to_avg_ratio': False, 'use_amount_to_avg_ratio_7d': True, 'use_amount_vs_median': True, 'use_amount_change_ratio': True, 'use_user_spending_ratio_last24h': True, 'use_transaction_hour': False, 'use_transaction_hour_sin': True, 'use_transaction_hour_cos': True, 'use_transaction_dayOfWeek': False, 'use_days_since_last_transaction': True, 'use_is_unusual_hour_for_user': True, 'use_time_diff': False, 'use_user_avg_transaction_interval': True, 'use_zscore_amount_per_user': False, 'use_burst_small_txn_count_last_min': False, 'use_user_transaction_amount_std': False, 'use_amount_7d_avg': False, 'use_user_total_spend_todate': True, 'use_merchant_risk': True, 'use_merchant': True, 'use_merchant_avg_fraud_rate': True, 'use_user_merchant_transaction_count': False, 'use_num_distinct_merchants_24h': False, 'use_is_location_anomalous': False, 'use_is_location_mismatch': False, 'max_depth': 7, 'learning_rate': 0.09113722898346634, 'subsample': 0.6042775699578798, 'colsample_bytree': 0.7271222902430773, 'gamma': 0.24754549029997336, 'reg_alpha': 0.2705949459009299}. Best is trial 10 with value: 0.4501840017713034.
[2025-07-04T06:44:09.627+0000] {logging_mixin.py:190} WARNING - Best trial: 10. Best value: 0.450184:  60%|######    | 12/20 [02:20<01:27, 10.91s/it]
[2025-07-04T06:44:09.632+0000] {logging_mixin.py:190} WARNING - Best trial: 10. Best value: 0.450184:  60%|######    | 12/20 [02:20<01:27, 10.91s/it]
[2025-07-04T06:44:09.632+0000] {logging_mixin.py:190} WARNING - Best trial: 10. Best value: 0.450184:  65%|######5   | 13/20 [02:20<01:09,  9.97s/it]
[2025-07-04T06:44:09.688+0000] {warnings.py:112} WARNING - /home/***/.local/lib/python3.12/site-packages/joblib/parallel.py:1379: UserWarning: Loky-backed parallel loops cannot be called in a multiprocessing, setting n_jobs=1
  n_jobs = self._backend.configure(

[2025-07-04T06:44:17.375+0000] {logging_mixin.py:190} WARNING -                                                                                      
[2025-07-04T06:44:17.376+0000] {logging_mixin.py:190} WARNING - 
[2025-07-04T06:44:17.376+0000] {logging_mixin.py:190} INFO - [I 2025-07-04 06:44:17,375] Trial 13 finished with value: 0.44503725788375514 and parameters: {'use_amount': True, 'use_is_night': True, 'use_is_weekend': False, 'use_transaction_day': False, 'use_amount_spent_last24h': False, 'use_prev_amount': False, 'use_user_activity_24h': False, 'use_user_transactions_per_minute': True, 'use_is_high_velocity': True, 'use_txn_count_last_5min': False, 'use_amount_to_avg_ratio': False, 'use_amount_to_avg_ratio_7d': True, 'use_amount_vs_median': True, 'use_amount_change_ratio': True, 'use_user_spending_ratio_last24h': True, 'use_transaction_hour': False, 'use_transaction_hour_sin': True, 'use_transaction_hour_cos': True, 'use_transaction_dayOfWeek': False, 'use_days_since_last_transaction': True, 'use_is_unusual_hour_for_user': True, 'use_time_diff': False, 'use_user_avg_transaction_interval': True, 'use_zscore_amount_per_user': False, 'use_burst_small_txn_count_last_min': False, 'use_user_transaction_amount_std': False, 'use_amount_7d_avg': False, 'use_user_total_spend_todate': True, 'use_merchant_risk': True, 'use_merchant': True, 'use_merchant_avg_fraud_rate': True, 'use_user_merchant_transaction_count': False, 'use_num_distinct_merchants_24h': False, 'use_is_location_anomalous': False, 'use_is_location_mismatch': False, 'max_depth': 7, 'learning_rate': 0.0958052388076772, 'subsample': 0.6454868658662822, 'colsample_bytree': 0.7321284793459554, 'gamma': 0.23162861860605585, 'reg_alpha': 0.2413738195866823}. Best is trial 10 with value: 0.4501840017713034.
[2025-07-04T06:44:17.377+0000] {logging_mixin.py:190} WARNING - Best trial: 10. Best value: 0.450184:  65%|######5   | 13/20 [02:27<01:09,  9.97s/it]
[2025-07-04T06:44:17.381+0000] {logging_mixin.py:190} WARNING - Best trial: 10. Best value: 0.450184:  65%|######5   | 13/20 [02:27<01:09,  9.97s/it]
[2025-07-04T06:44:17.381+0000] {logging_mixin.py:190} WARNING - Best trial: 10. Best value: 0.450184:  70%|#######   | 14/20 [02:27<00:55,  9.30s/it]
[2025-07-04T06:44:17.444+0000] {warnings.py:112} WARNING - /home/***/.local/lib/python3.12/site-packages/joblib/parallel.py:1379: UserWarning: Loky-backed parallel loops cannot be called in a multiprocessing, setting n_jobs=1
  n_jobs = self._backend.configure(

[2025-07-04T06:44:32.744+0000] {logging_mixin.py:190} WARNING -                                                                                      
[2025-07-04T06:44:32.744+0000] {logging_mixin.py:190} WARNING - 
[2025-07-04T06:44:32.745+0000] {logging_mixin.py:190} INFO - [I 2025-07-04 06:44:32,743] Trial 14 finished with value: 0.44738213522863246 and parameters: {'use_amount': True, 'use_is_night': True, 'use_is_weekend': False, 'use_transaction_day': False, 'use_amount_spent_last24h': False, 'use_prev_amount': False, 'use_user_activity_24h': False, 'use_user_transactions_per_minute': True, 'use_is_high_velocity': True, 'use_txn_count_last_5min': False, 'use_amount_to_avg_ratio': False, 'use_amount_to_avg_ratio_7d': True, 'use_amount_vs_median': True, 'use_amount_change_ratio': True, 'use_user_spending_ratio_last24h': True, 'use_transaction_hour': False, 'use_transaction_hour_sin': True, 'use_transaction_hour_cos': True, 'use_transaction_dayOfWeek': False, 'use_days_since_last_transaction': True, 'use_is_unusual_hour_for_user': True, 'use_time_diff': False, 'use_user_avg_transaction_interval': True, 'use_zscore_amount_per_user': False, 'use_burst_small_txn_count_last_min': False, 'use_user_transaction_amount_std': False, 'use_amount_7d_avg': False, 'use_user_total_spend_todate': True, 'use_merchant_risk': True, 'use_merchant': True, 'use_merchant_avg_fraud_rate': True, 'use_user_merchant_transaction_count': False, 'use_num_distinct_merchants_24h': False, 'use_is_location_anomalous': False, 'use_is_location_mismatch': False, 'max_depth': 6, 'learning_rate': 0.0652719772949852, 'subsample': 0.8286201726672507, 'colsample_bytree': 0.7597474132056503, 'gamma': 0.2552688212995172, 'reg_alpha': 0.17019370610602008}. Best is trial 10 with value: 0.4501840017713034.
[2025-07-04T06:44:32.745+0000] {logging_mixin.py:190} WARNING - Best trial: 10. Best value: 0.450184:  70%|#######   | 14/20 [02:43<00:55,  9.30s/it]
[2025-07-04T06:44:32.751+0000] {logging_mixin.py:190} WARNING - Best trial: 10. Best value: 0.450184:  70%|#######   | 14/20 [02:43<00:55,  9.30s/it]
[2025-07-04T06:44:32.751+0000] {logging_mixin.py:190} WARNING - Best trial: 10. Best value: 0.450184:  75%|#######5  | 15/20 [02:43<00:55, 11.13s/it]
[2025-07-04T06:44:32.809+0000] {warnings.py:112} WARNING - /home/***/.local/lib/python3.12/site-packages/joblib/parallel.py:1379: UserWarning: Loky-backed parallel loops cannot be called in a multiprocessing, setting n_jobs=1
  n_jobs = self._backend.configure(

[2025-07-04T06:44:38.701+0000] {logging_mixin.py:190} WARNING -                                                                                      
[2025-07-04T06:44:38.702+0000] {logging_mixin.py:190} WARNING - 
[2025-07-04T06:44:38.702+0000] {logging_mixin.py:190} INFO - [I 2025-07-04 06:44:38,701] Trial 15 finished with value: 0.44649917594779315 and parameters: {'use_amount': True, 'use_is_night': True, 'use_is_weekend': False, 'use_transaction_day': False, 'use_amount_spent_last24h': False, 'use_prev_amount': False, 'use_user_activity_24h': False, 'use_user_transactions_per_minute': True, 'use_is_high_velocity': True, 'use_txn_count_last_5min': False, 'use_amount_to_avg_ratio': False, 'use_amount_to_avg_ratio_7d': True, 'use_amount_vs_median': True, 'use_amount_change_ratio': True, 'use_user_spending_ratio_last24h': True, 'use_transaction_hour': False, 'use_transaction_hour_sin': True, 'use_transaction_hour_cos': True, 'use_transaction_dayOfWeek': False, 'use_days_since_last_transaction': True, 'use_is_unusual_hour_for_user': True, 'use_time_diff': False, 'use_user_avg_transaction_interval': True, 'use_zscore_amount_per_user': False, 'use_burst_small_txn_count_last_min': False, 'use_user_transaction_amount_std': False, 'use_amount_7d_avg': False, 'use_user_total_spend_todate': True, 'use_merchant_risk': True, 'use_merchant': True, 'use_merchant_avg_fraud_rate': True, 'use_user_merchant_transaction_count': False, 'use_num_distinct_merchants_24h': False, 'use_is_location_anomalous': False, 'use_is_location_mismatch': False, 'max_depth': 6, 'learning_rate': 0.060198003105357285, 'subsample': 0.8623147247522892, 'colsample_bytree': 0.7715800129753855, 'gamma': 0.18570468310038202, 'reg_alpha': 0.15945321070747337}. Best is trial 10 with value: 0.4501840017713034.
[2025-07-04T06:44:38.703+0000] {logging_mixin.py:190} WARNING - Best trial: 10. Best value: 0.450184:  75%|#######5  | 15/20 [02:49<00:55, 11.13s/it]
[2025-07-04T06:44:38.707+0000] {logging_mixin.py:190} WARNING - Best trial: 10. Best value: 0.450184:  75%|#######5  | 15/20 [02:49<00:55, 11.13s/it]
[2025-07-04T06:44:38.707+0000] {logging_mixin.py:190} WARNING - Best trial: 10. Best value: 0.450184:  80%|########  | 16/20 [02:49<00:38,  9.57s/it]
[2025-07-04T06:44:38.765+0000] {warnings.py:112} WARNING - /home/***/.local/lib/python3.12/site-packages/joblib/parallel.py:1379: UserWarning: Loky-backed parallel loops cannot be called in a multiprocessing, setting n_jobs=1
  n_jobs = self._backend.configure(

[2025-07-04T06:44:44.377+0000] {logging_mixin.py:190} WARNING -                                                                                      
[2025-07-04T06:44:44.377+0000] {logging_mixin.py:190} WARNING - 
[2025-07-04T06:44:44.378+0000] {logging_mixin.py:190} INFO - [I 2025-07-04 06:44:44,376] Trial 16 finished with value: 0.4468461482918093 and parameters: {'use_amount': True, 'use_is_night': True, 'use_is_weekend': False, 'use_transaction_day': False, 'use_amount_spent_last24h': False, 'use_prev_amount': False, 'use_user_activity_24h': False, 'use_user_transactions_per_minute': True, 'use_is_high_velocity': True, 'use_txn_count_last_5min': False, 'use_amount_to_avg_ratio': False, 'use_amount_to_avg_ratio_7d': True, 'use_amount_vs_median': True, 'use_amount_change_ratio': True, 'use_user_spending_ratio_last24h': True, 'use_transaction_hour': False, 'use_transaction_hour_sin': True, 'use_transaction_hour_cos': True, 'use_transaction_dayOfWeek': False, 'use_days_since_last_transaction': True, 'use_is_unusual_hour_for_user': True, 'use_time_diff': False, 'use_user_avg_transaction_interval': True, 'use_zscore_amount_per_user': False, 'use_burst_small_txn_count_last_min': False, 'use_user_transaction_amount_std': False, 'use_amount_7d_avg': False, 'use_user_total_spend_todate': True, 'use_merchant_risk': True, 'use_merchant': True, 'use_merchant_avg_fraud_rate': True, 'use_user_merchant_transaction_count': False, 'use_num_distinct_merchants_24h': False, 'use_is_location_anomalous': False, 'use_is_location_mismatch': False, 'max_depth': 6, 'learning_rate': 0.05726491546342998, 'subsample': 0.8978524568758096, 'colsample_bytree': 0.670518828544947, 'gamma': 0.25293000811144517, 'reg_alpha': 0.16769193776431984}. Best is trial 10 with value: 0.4501840017713034.
[2025-07-04T06:44:44.378+0000] {logging_mixin.py:190} WARNING - Best trial: 10. Best value: 0.450184:  80%|########  | 16/20 [02:54<00:38,  9.57s/it]
[2025-07-04T06:44:44.383+0000] {logging_mixin.py:190} WARNING - Best trial: 10. Best value: 0.450184:  80%|########  | 16/20 [02:54<00:38,  9.57s/it]
[2025-07-04T06:44:44.383+0000] {logging_mixin.py:190} WARNING - Best trial: 10. Best value: 0.450184:  85%|########5 | 17/20 [02:54<00:25,  8.40s/it]
[2025-07-04T06:44:44.439+0000] {warnings.py:112} WARNING - /home/***/.local/lib/python3.12/site-packages/joblib/parallel.py:1379: UserWarning: Loky-backed parallel loops cannot be called in a multiprocessing, setting n_jobs=1
  n_jobs = self._backend.configure(

[2025-07-04T06:44:50.347+0000] {logging_mixin.py:190} WARNING -                                                                                      
[2025-07-04T06:44:50.348+0000] {logging_mixin.py:190} WARNING - 
