[2025-07-04T02:41:22.392+0000] {logging_mixin.py:190} INFO - [I 2025-07-04 02:41:22,388] Trial 10 finished with value: 0.37374128986132565 and parameters: {'use_amount': False, 'use_is_night': True, 'use_is_weekend': True, 'use_transaction_day': True, 'use_amount_spent_last24h': False, 'use_prev_amount': False, 'use_user_activity_24h': False, 'use_txn_per_min': False, 'use_is_high_velocity': False, 'use_txn_count_5min': False, 'use_amt_to_avg_ratio': True, 'use_amt_to_avg_ratio_7d': False, 'use_amt_vs_median': False, 'use_amt_change_ratio': False, 'use_spend_ratio_24h': True, 'use_txn_hour': False, 'use_txn_hour_sin': False, 'use_txn_hour_cos': True, 'use_day_of_week': False, 'use_days_since_last': False, 'use_unusual_hour_flag': False, 'use_time_diff': True, 'use_avg_txn_interval': True, 'use_zscore_amt': True, 'use_burst_small_txn': False, 'use_txn_amt_std': False, 'use_amt_7d_avg': True, 'use_total_spend': True, 'use_merchant_risk': True, 'use_merchant': True, 'use_merchant_avg_fraud': True, 'use_merchant_txn_cnt': True, 'use_merchant_dist_24h': True, 'use_loc_anomalous': False, 'use_loc_mismatch': True, 'max_depth': 6, 'learning_rate': 0.01374429252580058, 'subsample': 0.7855951350880045, 'colsample_bytree': 0.9309491248895785, 'gamma': 0.08602182732363868, 'reg_alpha': 0.16191591234250052}. Best is trial 3 with value: 0.44870004477193515.
[2025-07-04T02:41:22.394+0000] {logging_mixin.py:190} WARNING - Best trial: 3. Best value: 0.4487:  50%|#####     | 10/20 [02:15<02:12, 13.24s/it]
[2025-07-04T02:41:22.403+0000] {logging_mixin.py:190} WARNING - Best trial: 3. Best value: 0.4487:  50%|#####     | 10/20 [02:15<02:12, 13.24s/it]
[2025-07-04T02:41:22.404+0000] {logging_mixin.py:190} WARNING - Best trial: 3. Best value: 0.4487:  55%|#####5    | 11/20 [02:15<01:48, 12.09s/it]
[2025-07-04T02:41:22.506+0000] {warnings.py:112} WARNING - /home/***/.local/lib/python3.12/site-packages/joblib/parallel.py:1379: UserWarning: Loky-backed parallel loops cannot be called in a multiprocessing, setting n_jobs=1
  n_jobs = self._backend.configure(

[2025-07-04T02:41:39.083+0000] {logging_mixin.py:190} WARNING -                                                                                   
[2025-07-04T02:41:39.084+0000] {logging_mixin.py:190} WARNING - 
[2025-07-04T02:41:39.084+0000] {logging_mixin.py:190} INFO - [I 2025-07-04 02:41:39,082] Trial 11 finished with value: 0.4521451343868253 and parameters: {'use_amount': True, 'use_is_night': True, 'use_is_weekend': True, 'use_transaction_day': True, 'use_amount_spent_last24h': False, 'use_prev_amount': False, 'use_user_activity_24h': False, 'use_txn_per_min': True, 'use_is_high_velocity': False, 'use_txn_count_5min': True, 'use_amt_to_avg_ratio': False, 'use_amt_to_avg_ratio_7d': True, 'use_amt_vs_median': False, 'use_amt_change_ratio': True, 'use_spend_ratio_24h': True, 'use_txn_hour': False, 'use_txn_hour_sin': False, 'use_txn_hour_cos': True, 'use_day_of_week': True, 'use_days_since_last': False, 'use_unusual_hour_flag': False, 'use_time_diff': False, 'use_avg_txn_interval': False, 'use_zscore_amt': True, 'use_burst_small_txn': True, 'use_txn_amt_std': True, 'use_amt_7d_avg': False, 'use_total_spend': True, 'use_merchant_risk': True, 'use_merchant': True, 'use_merchant_avg_fraud': False, 'use_merchant_txn_cnt': True, 'use_merchant_dist_24h': True, 'use_loc_anomalous': True, 'use_loc_mismatch': True, 'max_depth': 6, 'learning_rate': 0.08080884052606901, 'subsample': 0.8146620269707887, 'colsample_bytree': 0.6002187025406969, 'gamma': 0.007566731748756841, 'reg_alpha': 0.49601743569551887}. Best is trial 11 with value: 0.4521451343868253.
[2025-07-04T02:41:39.085+0000] {logging_mixin.py:190} WARNING - Best trial: 3. Best value: 0.4487:  55%|#####5    | 11/20 [02:32<01:48, 12.09s/it]
[2025-07-04T02:41:39.090+0000] {logging_mixin.py:190} WARNING - Best trial: 11. Best value: 0.452145:  55%|#####5    | 11/20 [02:32<01:48, 12.09s/it]
[2025-07-04T02:41:39.091+0000] {logging_mixin.py:190} WARNING - Best trial: 11. Best value: 0.452145:  60%|######    | 12/20 [02:32<01:47, 13.49s/it]
[2025-07-04T02:41:39.169+0000] {warnings.py:112} WARNING - /home/***/.local/lib/python3.12/site-packages/joblib/parallel.py:1379: UserWarning: Loky-backed parallel loops cannot be called in a multiprocessing, setting n_jobs=1
  n_jobs = self._backend.configure(

[2025-07-04T02:41:55.263+0000] {logging_mixin.py:190} WARNING -                                                                                      
[2025-07-04T02:41:55.264+0000] {logging_mixin.py:190} WARNING - 
[2025-07-04T02:41:55.265+0000] {logging_mixin.py:190} INFO - [I 2025-07-04 02:41:55,263] Trial 12 finished with value: 0.45005677750269824 and parameters: {'use_amount': True, 'use_is_night': True, 'use_is_weekend': True, 'use_transaction_day': True, 'use_amount_spent_last24h': False, 'use_prev_amount': False, 'use_user_activity_24h': False, 'use_txn_per_min': True, 'use_is_high_velocity': False, 'use_txn_count_5min': True, 'use_amt_to_avg_ratio': False, 'use_amt_to_avg_ratio_7d': True, 'use_amt_vs_median': False, 'use_amt_change_ratio': True, 'use_spend_ratio_24h': True, 'use_txn_hour': False, 'use_txn_hour_sin': False, 'use_txn_hour_cos': True, 'use_day_of_week': True, 'use_days_since_last': False, 'use_unusual_hour_flag': False, 'use_time_diff': True, 'use_avg_txn_interval': False, 'use_zscore_amt': True, 'use_burst_small_txn': True, 'use_txn_amt_std': False, 'use_amt_7d_avg': False, 'use_total_spend': True, 'use_merchant_risk': True, 'use_merchant': True, 'use_merchant_avg_fraud': False, 'use_merchant_txn_cnt': True, 'use_merchant_dist_24h': True, 'use_loc_anomalous': True, 'use_loc_mismatch': True, 'max_depth': 6, 'learning_rate': 0.09721125435553828, 'subsample': 0.8016339436737112, 'colsample_bytree': 0.7194519656382561, 'gamma': 0.008779675338262074, 'reg_alpha': 0.4855948279869851}. Best is trial 11 with value: 0.4521451343868253.
[2025-07-04T02:41:55.266+0000] {logging_mixin.py:190} WARNING - Best trial: 11. Best value: 0.452145:  60%|######    | 12/20 [02:48<01:47, 13.49s/it]
[2025-07-04T02:41:55.273+0000] {logging_mixin.py:190} WARNING - Best trial: 11. Best value: 0.452145:  60%|######    | 12/20 [02:48<01:47, 13.49s/it]
[2025-07-04T02:41:55.274+0000] {logging_mixin.py:190} WARNING - Best trial: 11. Best value: 0.452145:  65%|######5   | 13/20 [02:48<01:40, 14.31s/it]
[2025-07-04T02:41:55.358+0000] {warnings.py:112} WARNING - /home/***/.local/lib/python3.12/site-packages/joblib/parallel.py:1379: UserWarning: Loky-backed parallel loops cannot be called in a multiprocessing, setting n_jobs=1
  n_jobs = self._backend.configure(

[2025-07-04T02:42:12.899+0000] {logging_mixin.py:190} WARNING -                                                                                      
[2025-07-04T02:42:12.900+0000] {logging_mixin.py:190} WARNING - 
[2025-07-04T02:42:12.900+0000] {logging_mixin.py:190} INFO - [I 2025-07-04 02:42:12,898] Trial 13 finished with value: 0.4534727942359947 and parameters: {'use_amount': True, 'use_is_night': True, 'use_is_weekend': True, 'use_transaction_day': True, 'use_amount_spent_last24h': False, 'use_prev_amount': False, 'use_user_activity_24h': False, 'use_txn_per_min': True, 'use_is_high_velocity': False, 'use_txn_count_5min': True, 'use_amt_to_avg_ratio': False, 'use_amt_to_avg_ratio_7d': True, 'use_amt_vs_median': False, 'use_amt_change_ratio': True, 'use_spend_ratio_24h': True, 'use_txn_hour': False, 'use_txn_hour_sin': False, 'use_txn_hour_cos': True, 'use_day_of_week': True, 'use_days_since_last': False, 'use_unusual_hour_flag': False, 'use_time_diff': False, 'use_avg_txn_interval': False, 'use_zscore_amt': True, 'use_burst_small_txn': True, 'use_txn_amt_std': True, 'use_amt_7d_avg': False, 'use_total_spend': True, 'use_merchant_risk': True, 'use_merchant': True, 'use_merchant_avg_fraud': False, 'use_merchant_txn_cnt': True, 'use_merchant_dist_24h': True, 'use_loc_anomalous': True, 'use_loc_mismatch': True, 'max_depth': 6, 'learning_rate': 0.09873942371054158, 'subsample': 0.8120122251501166, 'colsample_bytree': 0.7116789138539873, 'gamma': 0.002745247625892168, 'reg_alpha': 0.47194310636451564}. Best is trial 13 with value: 0.4534727942359947.
[2025-07-04T02:42:12.901+0000] {logging_mixin.py:190} WARNING - Best trial: 11. Best value: 0.452145:  65%|######5   | 13/20 [03:05<01:40, 14.31s/it]
[2025-07-04T02:42:12.907+0000] {logging_mixin.py:190} WARNING - Best trial: 13. Best value: 0.453473:  65%|######5   | 13/20 [03:05<01:40, 14.31s/it]
[2025-07-04T02:42:12.908+0000] {logging_mixin.py:190} WARNING - Best trial: 13. Best value: 0.453473:  70%|#######   | 14/20 [03:05<01:31, 15.31s/it]
[2025-07-04T02:42:12.987+0000] {warnings.py:112} WARNING - /home/***/.local/lib/python3.12/site-packages/joblib/parallel.py:1379: UserWarning: Loky-backed parallel loops cannot be called in a multiprocessing, setting n_jobs=1
  n_jobs = self._backend.configure(

[2025-07-04T02:42:27.683+0000] {logging_mixin.py:190} WARNING -                                                                                      
[2025-07-04T02:42:27.684+0000] {logging_mixin.py:190} WARNING - 
[2025-07-04T02:42:27.685+0000] {logging_mixin.py:190} INFO - [I 2025-07-04 02:42:27,683] Trial 14 finished with value: 0.451316378977078 and parameters: {'use_amount': False, 'use_is_night': True, 'use_is_weekend': True, 'use_transaction_day': True, 'use_amount_spent_last24h': False, 'use_prev_amount': False, 'use_user_activity_24h': False, 'use_txn_per_min': True, 'use_is_high_velocity': False, 'use_txn_count_5min': False, 'use_amt_to_avg_ratio': False, 'use_amt_to_avg_ratio_7d': True, 'use_amt_vs_median': False, 'use_amt_change_ratio': True, 'use_spend_ratio_24h': True, 'use_txn_hour': False, 'use_txn_hour_sin': False, 'use_txn_hour_cos': True, 'use_day_of_week': True, 'use_days_since_last': False, 'use_unusual_hour_flag': False, 'use_time_diff': False, 'use_avg_txn_interval': False, 'use_zscore_amt': True, 'use_burst_small_txn': True, 'use_txn_amt_std': True, 'use_amt_7d_avg': False, 'use_total_spend': True, 'use_merchant_risk': True, 'use_merchant': True, 'use_merchant_avg_fraud': False, 'use_merchant_txn_cnt': True, 'use_merchant_dist_24h': True, 'use_loc_anomalous': True, 'use_loc_mismatch': True, 'max_depth': 6, 'learning_rate': 0.09523007561076315, 'subsample': 0.8093366941934536, 'colsample_bytree': 0.6118827258032233, 'gamma': 0.07722740518483798, 'reg_alpha': 0.3505758606879914}. Best is trial 13 with value: 0.4534727942359947.
[2025-07-04T02:42:27.685+0000] {logging_mixin.py:190} WARNING - Best trial: 13. Best value: 0.453473:  70%|#######   | 14/20 [03:20<01:31, 15.31s/it]
[2025-07-04T02:42:27.691+0000] {logging_mixin.py:190} WARNING - Best trial: 13. Best value: 0.453473:  70%|#######   | 14/20 [03:20<01:31, 15.31s/it]
[2025-07-04T02:42:27.692+0000] {logging_mixin.py:190} WARNING - Best trial: 13. Best value: 0.453473:  75%|#######5  | 15/20 [03:20<01:15, 15.15s/it]
[2025-07-04T02:42:27.771+0000] {warnings.py:112} WARNING - /home/***/.local/lib/python3.12/site-packages/joblib/parallel.py:1379: UserWarning: Loky-backed parallel loops cannot be called in a multiprocessing, setting n_jobs=1
  n_jobs = self._backend.configure(

[2025-07-04T02:42:41.956+0000] {logging_mixin.py:190} WARNING -                                                                                      
[2025-07-04T02:42:41.957+0000] {logging_mixin.py:190} WARNING - 
[2025-07-04T02:42:41.957+0000] {logging_mixin.py:190} INFO - [I 2025-07-04 02:42:41,956] Trial 15 finished with value: 0.4431286985016441 and parameters: {'use_amount': True, 'use_is_night': True, 'use_is_weekend': True, 'use_transaction_day': True, 'use_amount_spent_last24h': False, 'use_prev_amount': False, 'use_user_activity_24h': False, 'use_txn_per_min': True, 'use_is_high_velocity': False, 'use_txn_count_5min': True, 'use_amt_to_avg_ratio': False, 'use_amt_to_avg_ratio_7d': True, 'use_amt_vs_median': False, 'use_amt_change_ratio': True, 'use_spend_ratio_24h': True, 'use_txn_hour': False, 'use_txn_hour_sin': False, 'use_txn_hour_cos': True, 'use_day_of_week': True, 'use_days_since_last': False, 'use_unusual_hour_flag': False, 'use_time_diff': False, 'use_avg_txn_interval': False, 'use_zscore_amt': True, 'use_burst_small_txn': True, 'use_txn_amt_std': True, 'use_amt_7d_avg': False, 'use_total_spend': True, 'use_merchant_risk': True, 'use_merchant': True, 'use_merchant_avg_fraud': False, 'use_merchant_txn_cnt': True, 'use_merchant_dist_24h': True, 'use_loc_anomalous': True, 'use_loc_mismatch': True, 'max_depth': 4, 'learning_rate': 0.05848050483940597, 'subsample': 0.845323764402709, 'colsample_bytree': 0.6801368316189209, 'gamma': 0.07018847003608232, 'reg_alpha': 0.4973998524106749}. Best is trial 13 with value: 0.4534727942359947.
[2025-07-04T02:42:41.958+0000] {logging_mixin.py:190} WARNING - Best trial: 13. Best value: 0.453473:  75%|#######5  | 15/20 [03:34<01:15, 15.15s/it]
[2025-07-04T02:42:41.963+0000] {logging_mixin.py:190} WARNING - Best trial: 13. Best value: 0.453473:  75%|#######5  | 15/20 [03:34<01:15, 15.15s/it]
[2025-07-04T02:42:41.964+0000] {logging_mixin.py:190} WARNING - Best trial: 13. Best value: 0.453473:  80%|########  | 16/20 [03:34<00:59, 14.89s/it]
[2025-07-04T02:42:42.043+0000] {warnings.py:112} WARNING - /home/***/.local/lib/python3.12/site-packages/joblib/parallel.py:1379: UserWarning: Loky-backed parallel loops cannot be called in a multiprocessing, setting n_jobs=1
  n_jobs = self._backend.configure(

[2025-07-04T02:42:49.572+0000] {logging_mixin.py:190} WARNING -                                                                                      
[2025-07-04T02:42:49.573+0000] {logging_mixin.py:190} WARNING - 
[2025-07-04T02:42:49.573+0000] {logging_mixin.py:190} INFO - [I 2025-07-04 02:42:49,571] Trial 16 finished with value: 0.45135617228225317 and parameters: {'use_amount': True, 'use_is_night': True, 'use_is_weekend': True, 'use_transaction_day': True, 'use_amount_spent_last24h': False, 'use_prev_amount': False, 'use_user_activity_24h': False, 'use_txn_per_min': True, 'use_is_high_velocity': False, 'use_txn_count_5min': True, 'use_amt_to_avg_ratio': False, 'use_amt_to_avg_ratio_7d': True, 'use_amt_vs_median': False, 'use_amt_change_ratio': True, 'use_spend_ratio_24h': True, 'use_txn_hour': False, 'use_txn_hour_sin': False, 'use_txn_hour_cos': True, 'use_day_of_week': True, 'use_days_since_last': False, 'use_unusual_hour_flag': False, 'use_time_diff': False, 'use_avg_txn_interval': False, 'use_zscore_amt': True, 'use_burst_small_txn': True, 'use_txn_amt_std': True, 'use_amt_7d_avg': False, 'use_total_spend': True, 'use_merchant_risk': True, 'use_merchant': True, 'use_merchant_avg_fraud': False, 'use_merchant_txn_cnt': True, 'use_merchant_dist_24h': True, 'use_loc_anomalous': True, 'use_loc_mismatch': True, 'max_depth': 6, 'learning_rate': 0.0525778055135351, 'subsample': 0.7341707056062701, 'colsample_bytree': 0.6001602453893606, 'gamma': 0.005438746707495203, 'reg_alpha': 0.3614535465734303}. Best is trial 13 with value: 0.4534727942359947.
[2025-07-04T02:42:49.574+0000] {logging_mixin.py:190} WARNING - Best trial: 13. Best value: 0.453473:  80%|########  | 16/20 [03:42<00:59, 14.89s/it]
[2025-07-04T02:42:49.579+0000] {logging_mixin.py:190} WARNING - Best trial: 13. Best value: 0.453473:  80%|########  | 16/20 [03:42<00:59, 14.89s/it]
[2025-07-04T02:42:49.580+0000] {logging_mixin.py:190} WARNING - Best trial: 13. Best value: 0.453473:  85%|########5 | 17/20 [03:42<00:38, 12.70s/it]
[2025-07-04T02:42:49.659+0000] {warnings.py:112} WARNING - /home/***/.local/lib/python3.12/site-packages/joblib/parallel.py:1379: UserWarning: Loky-backed parallel loops cannot be called in a multiprocessing, setting n_jobs=1
  n_jobs = self._backend.configure(

[2025-07-04T02:42:56.099+0000] {logging_mixin.py:190} WARNING -                                                                                      
[2025-07-04T02:42:56.100+0000] {logging_mixin.py:190} WARNING - 
[2025-07-04T02:42:56.100+0000] {logging_mixin.py:190} INFO - [I 2025-07-04 02:42:56,099] Trial 17 finished with value: 0.44517564829074024 and parameters: {'use_amount': True, 'use_is_night': True, 'use_is_weekend': True, 'use_transaction_day': True, 'use_amount_spent_last24h': False, 'use_prev_amount': False, 'use_user_activity_24h': False, 'use_txn_per_min': True, 'use_is_high_velocity': False, 'use_txn_count_5min': True, 'use_amt_to_avg_ratio': False, 'use_amt_to_avg_ratio_7d': True, 'use_amt_vs_median': False, 'use_amt_change_ratio': True, 'use_spend_ratio_24h': True, 'use_txn_hour': False, 'use_txn_hour_sin': False, 'use_txn_hour_cos': True, 'use_day_of_week': True, 'use_days_since_last': False, 'use_unusual_hour_flag': False, 'use_time_diff': False, 'use_avg_txn_interval': False, 'use_zscore_amt': True, 'use_burst_small_txn': True, 'use_txn_amt_std': True, 'use_amt_7d_avg': False, 'use_total_spend': True, 'use_merchant_risk': True, 'use_merchant': True, 'use_merchant_avg_fraud': False, 'use_merchant_txn_cnt': True, 'use_merchant_dist_24h': True, 'use_loc_anomalous': True, 'use_loc_mismatch': True, 'max_depth': 4, 'learning_rate': 0.07708779235088158, 'subsample': 0.9641453371697388, 'colsample_bytree': 0.7645608759558437, 'gamma': 0.12840529432762765, 'reg_alpha': 0.4018159786955403}. Best is trial 13 with value: 0.4534727942359947.
[2025-07-04T02:42:56.101+0000] {logging_mixin.py:190} WARNING - Best trial: 13. Best value: 0.453473:  85%|########5 | 17/20 [03:49<00:38, 12.70s/it]
[2025-07-04T02:42:56.106+0000] {logging_mixin.py:190} WARNING - Best trial: 13. Best value: 0.453473:  85%|########5 | 17/20 [03:49<00:38, 12.70s/it]
[2025-07-04T02:42:56.107+0000] {logging_mixin.py:190} WARNING - Best trial: 13. Best value: 0.453473:  90%|######### | 18/20 [03:49<00:21, 10.85s/it]
[2025-07-04T02:42:56.190+0000] {warnings.py:112} WARNING - /home/***/.local/lib/python3.12/site-packages/joblib/parallel.py:1379: UserWarning: Loky-backed parallel loops cannot be called in a multiprocessing, setting n_jobs=1
  n_jobs = self._backend.configure(

[2025-07-04T02:43:15.614+0000] {logging_mixin.py:190} WARNING -                                                                                      
[2025-07-04T02:43:15.614+0000] {logging_mixin.py:190} WARNING - 
[2025-07-04T02:43:15.615+0000] {logging_mixin.py:190} INFO - [I 2025-07-04 02:43:15,613] Trial 18 finished with value: 0.44576630871820777 and parameters: {'use_amount': False, 'use_is_night': True, 'use_is_weekend': True, 'use_transaction_day': True, 'use_amount_spent_last24h': False, 'use_prev_amount': False, 'use_user_activity_24h': False, 'use_txn_per_min': True, 'use_is_high_velocity': False, 'use_txn_count_5min': False, 'use_amt_to_avg_ratio': False, 'use_amt_to_avg_ratio_7d': True, 'use_amt_vs_median': False, 'use_amt_change_ratio': True, 'use_spend_ratio_24h': False, 'use_txn_hour': False, 'use_txn_hour_sin': False, 'use_txn_hour_cos': True, 'use_day_of_week': True, 'use_days_since_last': True, 'use_unusual_hour_flag': False, 'use_time_diff': False, 'use_avg_txn_interval': False, 'use_zscore_amt': True, 'use_burst_small_txn': True, 'use_txn_amt_std': True, 'use_amt_7d_avg': True, 'use_total_spend': False, 'use_merchant_risk': False, 'use_merchant': True, 'use_merchant_avg_fraud': False, 'use_merchant_txn_cnt': False, 'use_merchant_dist_24h': False, 'use_loc_anomalous': True, 'use_loc_mismatch': True, 'max_depth': 6, 'learning_rate': 0.08204125356141599, 'subsample': 0.7683091290017549, 'colsample_bytree': 0.677313272805188, 'gamma': 0.19144473776865856, 'reg_alpha': 0.16870399780357703}. Best is trial 13 with value: 0.4534727942359947.
[2025-07-04T02:43:15.616+0000] {logging_mixin.py:190} WARNING - Best trial: 13. Best value: 0.453473:  90%|######### | 18/20 [04:08<00:21, 10.85s/it]
[2025-07-04T02:43:15.621+0000] {logging_mixin.py:190} WARNING - Best trial: 13. Best value: 0.453473:  90%|######### | 18/20 [04:08<00:21, 10.85s/it]
[2025-07-04T02:43:15.622+0000] {logging_mixin.py:190} WARNING - Best trial: 13. Best value: 0.453473:  95%|#########5| 19/20 [04:08<00:13, 13.45s/it]
[2025-07-04T02:43:15.711+0000] {warnings.py:112} WARNING - /home/***/.local/lib/python3.12/site-packages/joblib/parallel.py:1379: UserWarning: Loky-backed parallel loops cannot be called in a multiprocessing, setting n_jobs=1
  n_jobs = self._backend.configure(

[2025-07-04T02:43:22.075+0000] {logging_mixin.py:190} WARNING -                                                                                      
[2025-07-04T02:43:22.075+0000] {logging_mixin.py:190} WARNING - 
