[2025-07-04T02:43:22.076+0000] {logging_mixin.py:190} INFO - [I 2025-07-04 02:43:22,074] Trial 19 finished with value: 0.44106718933907874 and parameters: {'use_amount': True, 'use_is_night': True, 'use_is_weekend': True, 'use_transaction_day': True, 'use_amount_spent_last24h': False, 'use_prev_amount': False, 'use_user_activity_24h': False, 'use_txn_per_min': True, 'use_is_high_velocity': False, 'use_txn_count_5min': True, 'use_amt_to_avg_ratio': False, 'use_amt_to_avg_ratio_7d': True, 'use_amt_vs_median': False, 'use_amt_change_ratio': True, 'use_spend_ratio_24h': True, 'use_txn_hour': False, 'use_txn_hour_sin': False, 'use_txn_hour_cos': True, 'use_day_of_week': True, 'use_days_since_last': False, 'use_unusual_hour_flag': False, 'use_time_diff': False, 'use_avg_txn_interval': False, 'use_zscore_amt': True, 'use_burst_small_txn': True, 'use_txn_amt_std': True, 'use_amt_7d_avg': False, 'use_total_spend': True, 'use_merchant_risk': True, 'use_merchant': True, 'use_merchant_avg_fraud': False, 'use_merchant_txn_cnt': True, 'use_merchant_dist_24h': True, 'use_loc_anomalous': True, 'use_loc_mismatch': True, 'max_depth': 4, 'learning_rate': 0.05135052613110007, 'subsample': 0.8396257641941525, 'colsample_bytree': 0.6839963317969874, 'gamma': 0.057929633707154655, 'reg_alpha': 0.463742484930012}. Best is trial 13 with value: 0.4534727942359947.
[2025-07-04T02:43:22.077+0000] {logging_mixin.py:190} WARNING - Best trial: 13. Best value: 0.453473:  95%|#########5| 19/20 [04:15<00:13, 13.45s/it]
[2025-07-04T02:43:22.082+0000] {logging_mixin.py:190} WARNING - Best trial: 13. Best value: 0.453473:  95%|#########5| 19/20 [04:15<00:13, 13.45s/it]
[2025-07-04T02:43:22.083+0000] {logging_mixin.py:190} WARNING - Best trial: 13. Best value: 0.453473: 100%|##########| 20/20 [04:15<00:00, 11.35s/it]
[2025-07-04T02:43:22.084+0000] {logging_mixin.py:190} WARNING - Best trial: 13. Best value: 0.453473: 100%|##########| 20/20 [04:15<00:00, 12.75s/it]
[2025-07-04T02:43:22.087+0000] {fraud_detection_training.py:594} INFO - Best hyperparameters using Optuna: {'use_amount': True, 'use_is_night': True, 'use_is_weekend': True, 'use_transaction_day': True, 'use_amount_spent_last24h': False, 'use_prev_amount': False, 'use_user_activity_24h': False, 'use_txn_per_min': True, 'use_is_high_velocity': False, 'use_txn_count_5min': True, 'use_amt_to_avg_ratio': False, 'use_amt_to_avg_ratio_7d': True, 'use_amt_vs_median': False, 'use_amt_change_ratio': True, 'use_spend_ratio_24h': True, 'use_txn_hour': False, 'use_txn_hour_sin': False, 'use_txn_hour_cos': True, 'use_day_of_week': True, 'use_days_since_last': False, 'use_unusual_hour_flag': False, 'use_time_diff': False, 'use_avg_txn_interval': False, 'use_zscore_amt': True, 'use_burst_small_txn': True, 'use_txn_amt_std': True, 'use_amt_7d_avg': False, 'use_total_spend': True, 'use_merchant_risk': True, 'use_merchant': True, 'use_merchant_avg_fraud': False, 'use_merchant_txn_cnt': True, 'use_merchant_dist_24h': True, 'use_loc_anomalous': True, 'use_loc_mismatch': True, 'max_depth': 6, 'learning_rate': 0.09873942371054158, 'subsample': 0.8120122251501166, 'colsample_bytree': 0.7116789138539873, 'gamma': 0.002745247625892168, 'reg_alpha': 0.47194310636451564}
[2025-07-04T02:43:22.330+0000] {logging_mixin.py:190} INFO - 🏃 View run victorious-ram-15 at: http://mlflow-server:5500/#/experiments/1/runs/d3224c25f2e34f49a4b1296ac7485667
[2025-07-04T02:43:22.331+0000] {logging_mixin.py:190} INFO - 🧪 View experiment at: http://mlflow-server:5500/#/experiments/1
[2025-07-04T02:43:22.388+0000] {fraud_detection_training.py:747} ERROR - Training failed: "['txn_per_min', 'txn_count_5min', 'amt_to_avg_ratio_7d', 'amt_change_ratio', 'spend_ratio_24h', 'txn_hour_cos', 'day_of_week', 'zscore_amt', 'burst_small_txn', 'txn_amt_std', 'total_spend', 'merchant_txn_cnt', 'merchant_dist_24h', 'loc_anomalous', 'loc_mismatch'] not in index"
Traceback (most recent call last):
  File "/opt/airflow/dags/fraud_detection_training.py", line 628, in train_model
    X_train_selected = X_train[best_features]
                       ~~~~~~~^^^^^^^^^^^^^^^
  File "/home/airflow/.local/lib/python3.12/site-packages/pandas/core/frame.py", line 3899, in __getitem__
    indexer = self.columns._get_indexer_strict(key, "columns")[1]
              ^^^^^^^^^^^^^^^^^^^^^^^^^^^^^^^^^^^^^^^^^^^^^^^^
  File "/home/airflow/.local/lib/python3.12/site-packages/pandas/core/indexes/base.py", line 6115, in _get_indexer_strict
    self._raise_if_missing(keyarr, indexer, axis_name)
  File "/home/airflow/.local/lib/python3.12/site-packages/pandas/core/indexes/base.py", line 6179, in _raise_if_missing
    raise KeyError(f"{not_found} not in index")
KeyError: "['txn_per_min', 'txn_count_5min', 'amt_to_avg_ratio_7d', 'amt_change_ratio', 'spend_ratio_24h', 'txn_hour_cos', 'day_of_week', 'zscore_amt', 'burst_small_txn', 'txn_amt_std', 'total_spend', 'merchant_txn_cnt', 'merchant_dist_24h', 'loc_anomalous', 'loc_mismatch'] not in index"
[2025-07-04T02:43:22.408+0000] {fraud_detection_training_dag.py:37} ERROR - Training failed: "['txn_per_min', 'txn_count_5min', 'amt_to_avg_ratio_7d', 'amt_change_ratio', 'spend_ratio_24h', 'txn_hour_cos', 'day_of_week', 'zscore_amt', 'burst_small_txn', 'txn_amt_std', 'total_spend', 'merchant_txn_cnt', 'merchant_dist_24h', 'loc_anomalous', 'loc_mismatch'] not in index"
Traceback (most recent call last):
  File "/opt/airflow/dags/fraud_detection_training_dag.py", line 32, in train_model
    model, precision = trainer.train_model()
                       ^^^^^^^^^^^^^^^^^^^^^
  File "/opt/airflow/dags/fraud_detection_training.py", line 628, in train_model
    X_train_selected = X_train[best_features]
                       ~~~~~~~^^^^^^^^^^^^^^^
  File "/home/airflow/.local/lib/python3.12/site-packages/pandas/core/frame.py", line 3899, in __getitem__
    indexer = self.columns._get_indexer_strict(key, "columns")[1]
              ^^^^^^^^^^^^^^^^^^^^^^^^^^^^^^^^^^^^^^^^^^^^^^^^
  File "/home/airflow/.local/lib/python3.12/site-packages/pandas/core/indexes/base.py", line 6115, in _get_indexer_strict
    self._raise_if_missing(keyarr, indexer, axis_name)
  File "/home/airflow/.local/lib/python3.12/site-packages/pandas/core/indexes/base.py", line 6179, in _raise_if_missing
    raise KeyError(f"{not_found} not in index")
KeyError: "['txn_per_min', 'txn_count_5min', 'amt_to_avg_ratio_7d', 'amt_change_ratio', 'spend_ratio_24h', 'txn_hour_cos', 'day_of_week', 'zscore_amt', 'burst_small_txn', 'txn_amt_std', 'total_spend', 'merchant_txn_cnt', 'merchant_dist_24h', 'loc_anomalous', 'loc_mismatch'] not in index"
[2025-07-04T02:43:22.445+0000] {taskinstance.py:3313} ERROR - Task failed with exception
Traceback (most recent call last):
  File "/opt/airflow/dags/fraud_detection_training_dag.py", line 32, in train_model
    model, precision = trainer.train_model()
                       ^^^^^^^^^^^^^^^^^^^^^
  File "/opt/airflow/dags/fraud_detection_training.py", line 628, in train_model
    X_train_selected = X_train[best_features]
                       ~~~~~~~^^^^^^^^^^^^^^^
  File "/home/airflow/.local/lib/python3.12/site-packages/pandas/core/frame.py", line 3899, in __getitem__
    indexer = self.columns._get_indexer_strict(key, "columns")[1]
              ^^^^^^^^^^^^^^^^^^^^^^^^^^^^^^^^^^^^^^^^^^^^^^^^
  File "/home/airflow/.local/lib/python3.12/site-packages/pandas/core/indexes/base.py", line 6115, in _get_indexer_strict
    self._raise_if_missing(keyarr, indexer, axis_name)
  File "/home/airflow/.local/lib/python3.12/site-packages/pandas/core/indexes/base.py", line 6179, in _raise_if_missing
    raise KeyError(f"{not_found} not in index")
KeyError: "['txn_per_min', 'txn_count_5min', 'amt_to_avg_ratio_7d', 'amt_change_ratio', 'spend_ratio_24h', 'txn_hour_cos', 'day_of_week', 'zscore_amt', 'burst_small_txn', 'txn_amt_std', 'total_spend', 'merchant_txn_cnt', 'merchant_dist_24h', 'loc_anomalous', 'loc_mismatch'] not in index"

During handling of the above exception, another exception occurred:

Traceback (most recent call last):
  File "/home/airflow/.local/lib/python3.12/site-packages/airflow/models/taskinstance.py", line 763, in _execute_task
    result = _execute_callable(context=context, **execute_callable_kwargs)
             ^^^^^^^^^^^^^^^^^^^^^^^^^^^^^^^^^^^^^^^^^^^^^^^^^^^^^^^^^^^^^
  File "/home/airflow/.local/lib/python3.12/site-packages/airflow/models/taskinstance.py", line 734, in _execute_callable
    return ExecutionCallableRunner(
           ^^^^^^^^^^^^^^^^^^^^^^^^
  File "/home/airflow/.local/lib/python3.12/site-packages/airflow/utils/operator_helpers.py", line 252, in run
    return self.func(*args, **kwargs)
           ^^^^^^^^^^^^^^^^^^^^^^^^^^
  File "/home/airflow/.local/lib/python3.12/site-packages/airflow/models/baseoperator.py", line 424, in wrapper
    return func(self, *args, **kwargs)
           ^^^^^^^^^^^^^^^^^^^^^^^^^^^
  File "/home/airflow/.local/lib/python3.12/site-packages/airflow/operators/python.py", line 238, in execute
    return_value = self.execute_callable()
                   ^^^^^^^^^^^^^^^^^^^^^^^
  File "/home/airflow/.local/lib/python3.12/site-packages/airflow/operators/python.py", line 256, in execute_callable
    return runner.run(*self.op_args, **self.op_kwargs)
           ^^^^^^^^^^^^^^^^^^^^^^^^^^^^^^^^^^^^^^^^^^^
  File "/home/airflow/.local/lib/python3.12/site-packages/airflow/utils/operator_helpers.py", line 252, in run
    return self.func(*args, **kwargs)
           ^^^^^^^^^^^^^^^^^^^^^^^^^^
  File "/opt/airflow/dags/fraud_detection_training_dag.py", line 38, in train_model
    raise AirflowException(f'Model training failed: {str(e)}')
airflow.exceptions.AirflowException: Model training failed: "['txn_per_min', 'txn_count_5min', 'amt_to_avg_ratio_7d', 'amt_change_ratio', 'spend_ratio_24h', 'txn_hour_cos', 'day_of_week', 'zscore_amt', 'burst_small_txn', 'txn_amt_std', 'total_spend', 'merchant_txn_cnt', 'merchant_dist_24h', 'loc_anomalous', 'loc_mismatch'] not in index"
[2025-07-04T02:43:22.463+0000] {taskinstance.py:1226} INFO - Marking task as FAILED. dag_id=fraud_detection_training, task_id=execute_training, run_id=manual__2025-07-04T02:27:00.326795+00:00, execution_date=20250704T022700, start_date=20250704T022709, end_date=20250704T024322
[2025-07-04T02:43:22.512+0000] {taskinstance.py:341} INFO - ::group::Post task execution logs
[2025-07-04T02:43:22.513+0000] {standard_task_runner.py:124} ERROR - Failed to execute job 10 for task execute_training (Model training failed: "['txn_per_min', 'txn_count_5min', 'amt_to_avg_ratio_7d', 'amt_change_ratio', 'spend_ratio_24h', 'txn_hour_cos', 'day_of_week', 'zscore_amt', 'burst_small_txn', 'txn_amt_std', 'total_spend', 'merchant_txn_cnt', 'merchant_dist_24h', 'loc_anomalous', 'loc_mismatch'] not in index"; 897)
Traceback (most recent call last):
  File "/opt/airflow/dags/fraud_detection_training_dag.py", line 32, in train_model
    model, precision = trainer.train_model()
                       ^^^^^^^^^^^^^^^^^^^^^
  File "/opt/airflow/dags/fraud_detection_training.py", line 628, in train_model
    X_train_selected = X_train[best_features]
                       ~~~~~~~^^^^^^^^^^^^^^^
  File "/home/airflow/.local/lib/python3.12/site-packages/pandas/core/frame.py", line 3899, in __getitem__
    indexer = self.columns._get_indexer_strict(key, "columns")[1]
              ^^^^^^^^^^^^^^^^^^^^^^^^^^^^^^^^^^^^^^^^^^^^^^^^
  File "/home/airflow/.local/lib/python3.12/site-packages/pandas/core/indexes/base.py", line 6115, in _get_indexer_strict
    self._raise_if_missing(keyarr, indexer, axis_name)
  File "/home/airflow/.local/lib/python3.12/site-packages/pandas/core/indexes/base.py", line 6179, in _raise_if_missing
    raise KeyError(f"{not_found} not in index")
KeyError: "['txn_per_min', 'txn_count_5min', 'amt_to_avg_ratio_7d', 'amt_change_ratio', 'spend_ratio_24h', 'txn_hour_cos', 'day_of_week', 'zscore_amt', 'burst_small_txn', 'txn_amt_std', 'total_spend', 'merchant_txn_cnt', 'merchant_dist_24h', 'loc_anomalous', 'loc_mismatch'] not in index"

During handling of the above exception, another exception occurred:

Traceback (most recent call last):
  File "/home/airflow/.local/lib/python3.12/site-packages/airflow/task/task_runner/standard_task_runner.py", line 117, in _start_by_fork
    ret = args.func(args, dag=self.dag)
          ^^^^^^^^^^^^^^^^^^^^^^^^^^^^^
  File "/home/airflow/.local/lib/python3.12/site-packages/airflow/cli/cli_config.py", line 49, in command
    return func(*args, **kwargs)
           ^^^^^^^^^^^^^^^^^^^^^
  File "/home/airflow/.local/lib/python3.12/site-packages/airflow/utils/cli.py", line 116, in wrapper
    return f(*args, **kwargs)
           ^^^^^^^^^^^^^^^^^^
  File "/home/airflow/.local/lib/python3.12/site-packages/airflow/cli/commands/task_command.py", line 483, in task_run
    task_return_code = _run_task_by_selected_method(args, _dag, ti)
                       ^^^^^^^^^^^^^^^^^^^^^^^^^^^^^^^^^^^^^^^^^^^^
  File "/home/airflow/.local/lib/python3.12/site-packages/airflow/cli/commands/task_command.py", line 256, in _run_task_by_selected_method
    return _run_raw_task(args, ti)
           ^^^^^^^^^^^^^^^^^^^^^^^
  File "/home/airflow/.local/lib/python3.12/site-packages/airflow/cli/commands/task_command.py", line 341, in _run_raw_task
    return ti._run_raw_task(
           ^^^^^^^^^^^^^^^^^
  File "/home/airflow/.local/lib/python3.12/site-packages/airflow/utils/session.py", line 97, in wrapper
    return func(*args, session=session, **kwargs)
           ^^^^^^^^^^^^^^^^^^^^^^^^^^^^^^^^^^^^^^
  File "/home/airflow/.local/lib/python3.12/site-packages/airflow/models/taskinstance.py", line 3006, in _run_raw_task
    return _run_raw_task(
           ^^^^^^^^^^^^^^
  File "/home/airflow/.local/lib/python3.12/site-packages/airflow/models/taskinstance.py", line 274, in _run_raw_task
    TaskInstance._execute_task_with_callbacks(
  File "/home/airflow/.local/lib/python3.12/site-packages/airflow/models/taskinstance.py", line 3161, in _execute_task_with_callbacks
    result = self._execute_task(context, task_orig)
             ^^^^^^^^^^^^^^^^^^^^^^^^^^^^^^^^^^^^^^
  File "/home/airflow/.local/lib/python3.12/site-packages/airflow/models/taskinstance.py", line 3185, in _execute_task
    return _execute_task(self, context, task_orig)
           ^^^^^^^^^^^^^^^^^^^^^^^^^^^^^^^^^^^^^^^
  File "/home/airflow/.local/lib/python3.12/site-packages/airflow/models/taskinstance.py", line 763, in _execute_task
    result = _execute_callable(context=context, **execute_callable_kwargs)
             ^^^^^^^^^^^^^^^^^^^^^^^^^^^^^^^^^^^^^^^^^^^^^^^^^^^^^^^^^^^^^
  File "/home/airflow/.local/lib/python3.12/site-packages/airflow/models/taskinstance.py", line 734, in _execute_callable
    return ExecutionCallableRunner(
           ^^^^^^^^^^^^^^^^^^^^^^^^
  File "/home/airflow/.local/lib/python3.12/site-packages/airflow/utils/operator_helpers.py", line 252, in run
    return self.func(*args, **kwargs)
           ^^^^^^^^^^^^^^^^^^^^^^^^^^
  File "/home/airflow/.local/lib/python3.12/site-packages/airflow/models/baseoperator.py", line 424, in wrapper
    return func(self, *args, **kwargs)
           ^^^^^^^^^^^^^^^^^^^^^^^^^^^
  File "/home/airflow/.local/lib/python3.12/site-packages/airflow/operators/python.py", line 238, in execute
    return_value = self.execute_callable()
                   ^^^^^^^^^^^^^^^^^^^^^^^
  File "/home/airflow/.local/lib/python3.12/site-packages/airflow/operators/python.py", line 256, in execute_callable
    return runner.run(*self.op_args, **self.op_kwargs)
           ^^^^^^^^^^^^^^^^^^^^^^^^^^^^^^^^^^^^^^^^^^^
  File "/home/airflow/.local/lib/python3.12/site-packages/airflow/utils/operator_helpers.py", line 252, in run
    return self.func(*args, **kwargs)
           ^^^^^^^^^^^^^^^^^^^^^^^^^^
  File "/opt/airflow/dags/fraud_detection_training_dag.py", line 38, in train_model
    raise AirflowException(f'Model training failed: {str(e)}')
airflow.exceptions.AirflowException: Model training failed: "['txn_per_min', 'txn_count_5min', 'amt_to_avg_ratio_7d', 'amt_change_ratio', 'spend_ratio_24h', 'txn_hour_cos', 'day_of_week', 'zscore_amt', 'burst_small_txn', 'txn_amt_std', 'total_spend', 'merchant_txn_cnt', 'merchant_dist_24h', 'loc_anomalous', 'loc_mismatch'] not in index"
[2025-07-04T02:43:22.632+0000] {local_task_job_runner.py:266} INFO - Task exited with return code 1
[2025-07-04T02:43:23.020+0000] {taskinstance.py:3901} INFO - 1 downstream tasks scheduled from follow-on schedule check
[2025-07-04T02:43:23.024+0000] {local_task_job_runner.py:245} INFO - ::endgroup::
