[2025-07-04T02:39:29.695+0000] {logging_mixin.py:190} INFO - [I 2025-07-04 02:39:29,693] Trial 1 finished with value: 0.30914011800240665 and parameters: {'use_amount': True, 'use_is_night': False, 'use_is_weekend': False, 'use_transaction_day': False, 'use_amount_spent_last24h': True, 'use_prev_amount': True, 'use_user_activity_24h': False, 'use_txn_per_min': False, 'use_is_high_velocity': True, 'use_txn_count_5min': True, 'use_amt_to_avg_ratio': False, 'use_amt_to_avg_ratio_7d': True, 'use_amt_vs_median': True, 'use_amt_change_ratio': False, 'use_spend_ratio_24h': False, 'use_txn_hour': True, 'use_txn_hour_sin': True, 'use_txn_hour_cos': False, 'use_day_of_week': True, 'use_days_since_last': False, 'use_unusual_hour_flag': False, 'use_time_diff': True, 'use_avg_txn_interval': True, 'use_zscore_amt': True, 'use_burst_small_txn': True, 'use_txn_amt_std': False, 'use_amt_7d_avg': False, 'use_total_spend': False, 'use_merchant_risk': False, 'use_merchant': False, 'use_merchant_avg_fraud': True, 'use_merchant_txn_cnt': True, 'use_merchant_dist_24h': False, 'use_loc_anomalous': True, 'use_loc_mismatch': False, 'max_depth': 3, 'learning_rate': 0.02460103751321016, 'subsample': 0.8909642509260448, 'colsample_bytree': 0.8802573057514873, 'gamma': 0.16465721247718285, 'reg_alpha': 0.24375038867956833}. Best is trial 0 with value: 0.34495331424387504.
[2025-07-04T02:39:29.695+0000] {logging_mixin.py:190} WARNING - Best trial: 0. Best value: 0.344953:   5%|5         | 1/20 [00:22<02:47,  8.84s/it]
[2025-07-04T02:39:29.701+0000] {logging_mixin.py:190} WARNING - Best trial: 0. Best value: 0.344953:   5%|5         | 1/20 [00:22<02:47,  8.84s/it]
[2025-07-04T02:39:29.702+0000] {logging_mixin.py:190} WARNING - Best trial: 0. Best value: 0.344953:  10%|#         | 2/20 [00:22<03:31, 11.78s/it]
[2025-07-04T02:39:29.722+0000] {warnings.py:112} WARNING - /home/***/.local/lib/python3.12/site-packages/joblib/parallel.py:1379: UserWarning: Loky-backed parallel loops cannot be called in a multiprocessing, setting n_jobs=1
  n_jobs = self._backend.configure(

[2025-07-04T02:39:47.910+0000] {logging_mixin.py:190} WARNING -                                                                                    
[2025-07-04T02:39:47.911+0000] {logging_mixin.py:190} WARNING - 
[2025-07-04T02:39:47.911+0000] {logging_mixin.py:190} INFO - [I 2025-07-04 02:39:47,909] Trial 2 finished with value: 0.40714416164559414 and parameters: {'use_amount': False, 'use_is_night': True, 'use_is_weekend': True, 'use_transaction_day': False, 'use_amount_spent_last24h': True, 'use_prev_amount': False, 'use_user_activity_24h': True, 'use_txn_per_min': False, 'use_is_high_velocity': False, 'use_txn_count_5min': True, 'use_amt_to_avg_ratio': True, 'use_amt_to_avg_ratio_7d': False, 'use_amt_vs_median': True, 'use_amt_change_ratio': False, 'use_spend_ratio_24h': True, 'use_txn_hour': True, 'use_txn_hour_sin': False, 'use_txn_hour_cos': False, 'use_day_of_week': False, 'use_days_since_last': False, 'use_unusual_hour_flag': True, 'use_time_diff': True, 'use_avg_txn_interval': True, 'use_zscore_amt': False, 'use_burst_small_txn': True, 'use_txn_amt_std': False, 'use_amt_7d_avg': False, 'use_total_spend': True, 'use_merchant_risk': True, 'use_merchant': False, 'use_merchant_avg_fraud': True, 'use_merchant_txn_cnt': False, 'use_merchant_dist_24h': True, 'use_loc_anomalous': False, 'use_loc_mismatch': False, 'max_depth': 7, 'learning_rate': 0.02383708030345073, 'subsample': 0.8749615542489411, 'colsample_bytree': 0.8115099225357767, 'gamma': 0.23336560119167424, 'reg_alpha': 0.07524482046581116}. Best is trial 2 with value: 0.40714416164559414.
[2025-07-04T02:39:47.912+0000] {logging_mixin.py:190} WARNING - Best trial: 0. Best value: 0.344953:  10%|#         | 2/20 [00:40<03:31, 11.78s/it]
[2025-07-04T02:39:47.917+0000] {logging_mixin.py:190} WARNING - Best trial: 2. Best value: 0.407144:  10%|#         | 2/20 [00:40<03:31, 11.78s/it]
[2025-07-04T02:39:47.918+0000] {logging_mixin.py:190} WARNING - Best trial: 2. Best value: 0.407144:  15%|#5        | 3/20 [00:40<04:10, 14.72s/it]
[2025-07-04T02:39:47.935+0000] {warnings.py:112} WARNING - /home/***/.local/lib/python3.12/site-packages/joblib/parallel.py:1379: UserWarning: Loky-backed parallel loops cannot be called in a multiprocessing, setting n_jobs=1
  n_jobs = self._backend.configure(

[2025-07-04T02:39:57.962+0000] {logging_mixin.py:190} WARNING -                                                                                    
[2025-07-04T02:39:57.962+0000] {logging_mixin.py:190} WARNING - 
[2025-07-04T02:39:57.963+0000] {logging_mixin.py:190} INFO - [I 2025-07-04 02:39:57,961] Trial 3 finished with value: 0.44870004477193515 and parameters: {'use_amount': True, 'use_is_night': True, 'use_is_weekend': True, 'use_transaction_day': True, 'use_amount_spent_last24h': False, 'use_prev_amount': False, 'use_user_activity_24h': False, 'use_txn_per_min': False, 'use_is_high_velocity': True, 'use_txn_count_5min': True, 'use_amt_to_avg_ratio': True, 'use_amt_to_avg_ratio_7d': False, 'use_amt_vs_median': False, 'use_amt_change_ratio': False, 'use_spend_ratio_24h': True, 'use_txn_hour': False, 'use_txn_hour_sin': False, 'use_txn_hour_cos': True, 'use_day_of_week': False, 'use_days_since_last': False, 'use_unusual_hour_flag': False, 'use_time_diff': True, 'use_avg_txn_interval': True, 'use_zscore_amt': True, 'use_burst_small_txn': False, 'use_txn_amt_std': False, 'use_amt_7d_avg': False, 'use_total_spend': True, 'use_merchant_risk': True, 'use_merchant': True, 'use_merchant_avg_fraud': True, 'use_merchant_txn_cnt': True, 'use_merchant_dist_24h': True, 'use_loc_anomalous': False, 'use_loc_mismatch': True, 'max_depth': 7, 'learning_rate': 0.03715087928175519, 'subsample': 0.6916082288612588, 'colsample_bytree': 0.8394546465140922, 'gamma': 0.0392303127164235, 'reg_alpha': 0.4258428072415334}. Best is trial 3 with value: 0.44870004477193515.
[2025-07-04T02:39:57.964+0000] {logging_mixin.py:190} WARNING - Best trial: 2. Best value: 0.407144:  15%|#5        | 3/20 [00:50<04:10, 14.72s/it]
[2025-07-04T02:39:57.971+0000] {logging_mixin.py:190} WARNING - Best trial: 3. Best value: 0.4487:  15%|#5        | 3/20 [00:50<04:10, 14.72s/it]  
[2025-07-04T02:39:57.971+0000] {logging_mixin.py:190} WARNING - Best trial: 3. Best value: 0.4487:  20%|##        | 4/20 [00:50<03:26, 12.88s/it]
[2025-07-04T02:39:57.993+0000] {warnings.py:112} WARNING - /home/***/.local/lib/python3.12/site-packages/joblib/parallel.py:1379: UserWarning: Loky-backed parallel loops cannot be called in a multiprocessing, setting n_jobs=1
  n_jobs = self._backend.configure(

[2025-07-04T02:40:09.054+0000] {logging_mixin.py:190} WARNING -                                                                                  
[2025-07-04T02:40:09.055+0000] {logging_mixin.py:190} WARNING - 
[2025-07-04T02:40:09.056+0000] {logging_mixin.py:190} INFO - [I 2025-07-04 02:40:09,054] Trial 4 finished with value: 0.3846893918285496 and parameters: {'use_amount': True, 'use_is_night': True, 'use_is_weekend': False, 'use_transaction_day': True, 'use_amount_spent_last24h': False, 'use_prev_amount': True, 'use_user_activity_24h': True, 'use_txn_per_min': True, 'use_is_high_velocity': True, 'use_txn_count_5min': True, 'use_amt_to_avg_ratio': True, 'use_amt_to_avg_ratio_7d': False, 'use_amt_vs_median': True, 'use_amt_change_ratio': True, 'use_spend_ratio_24h': True, 'use_txn_hour': True, 'use_txn_hour_sin': True, 'use_txn_hour_cos': False, 'use_day_of_week': True, 'use_days_since_last': True, 'use_unusual_hour_flag': True, 'use_time_diff': True, 'use_avg_txn_interval': True, 'use_zscore_amt': False, 'use_burst_small_txn': False, 'use_txn_amt_std': True, 'use_amt_7d_avg': True, 'use_total_spend': False, 'use_merchant_risk': False, 'use_merchant': False, 'use_merchant_avg_fraud': True, 'use_merchant_txn_cnt': True, 'use_merchant_dist_24h': False, 'use_loc_anomalous': True, 'use_loc_mismatch': True, 'max_depth': 3, 'learning_rate': 0.04479169733841537, 'subsample': 0.7332614373813492, 'colsample_bytree': 0.8342209427417133, 'gamma': 0.14898486622799098, 'reg_alpha': 0.4261601979118264}. Best is trial 3 with value: 0.44870004477193515.
[2025-07-04T02:40:09.056+0000] {logging_mixin.py:190} WARNING - Best trial: 3. Best value: 0.4487:  20%|##        | 4/20 [01:02<03:26, 12.88s/it]
[2025-07-04T02:40:09.062+0000] {logging_mixin.py:190} WARNING - Best trial: 3. Best value: 0.4487:  20%|##        | 4/20 [01:02<03:26, 12.88s/it]
[2025-07-04T02:40:09.063+0000] {logging_mixin.py:190} WARNING - Best trial: 3. Best value: 0.4487:  25%|##5       | 5/20 [01:02<03:03, 12.23s/it]
[2025-07-04T02:40:09.078+0000] {warnings.py:112} WARNING - /home/***/.local/lib/python3.12/site-packages/joblib/parallel.py:1379: UserWarning: Loky-backed parallel loops cannot be called in a multiprocessing, setting n_jobs=1
  n_jobs = self._backend.configure(

[2025-07-04T02:40:22.576+0000] {logging_mixin.py:190} WARNING -                                                                                  
[2025-07-04T02:40:22.577+0000] {logging_mixin.py:190} WARNING - 
[2025-07-04T02:40:22.578+0000] {logging_mixin.py:190} INFO - [I 2025-07-04 02:40:22,576] Trial 5 finished with value: 0.4085425615847213 and parameters: {'use_amount': True, 'use_is_night': False, 'use_is_weekend': False, 'use_transaction_day': False, 'use_amount_spent_last24h': True, 'use_prev_amount': False, 'use_user_activity_24h': True, 'use_txn_per_min': False, 'use_is_high_velocity': True, 'use_txn_count_5min': False, 'use_amt_to_avg_ratio': True, 'use_amt_to_avg_ratio_7d': False, 'use_amt_vs_median': False, 'use_amt_change_ratio': False, 'use_spend_ratio_24h': False, 'use_txn_hour': True, 'use_txn_hour_sin': True, 'use_txn_hour_cos': True, 'use_day_of_week': False, 'use_days_since_last': False, 'use_unusual_hour_flag': True, 'use_time_diff': False, 'use_avg_txn_interval': True, 'use_zscore_amt': False, 'use_burst_small_txn': False, 'use_txn_amt_std': False, 'use_amt_7d_avg': True, 'use_total_spend': False, 'use_merchant_risk': True, 'use_merchant': False, 'use_merchant_avg_fraud': True, 'use_merchant_txn_cnt': True, 'use_merchant_dist_24h': True, 'use_loc_anomalous': False, 'use_loc_mismatch': False, 'max_depth': 5, 'learning_rate': 0.03699659643140584, 'subsample': 0.683340136606832, 'colsample_bytree': 0.8256910448893146, 'gamma': 0.28145851827155594, 'reg_alpha': 0.2670689449836517}. Best is trial 3 with value: 0.44870004477193515.
[2025-07-04T02:40:22.578+0000] {logging_mixin.py:190} WARNING - Best trial: 3. Best value: 0.4487:  25%|##5       | 5/20 [01:15<03:03, 12.23s/it]
[2025-07-04T02:40:22.584+0000] {logging_mixin.py:190} WARNING - Best trial: 3. Best value: 0.4487:  25%|##5       | 5/20 [01:15<03:03, 12.23s/it]
[2025-07-04T02:40:22.584+0000] {logging_mixin.py:190} WARNING - Best trial: 3. Best value: 0.4487:  30%|###       | 6/20 [01:15<02:57, 12.67s/it]
[2025-07-04T02:40:22.602+0000] {warnings.py:112} WARNING - /home/***/.local/lib/python3.12/site-packages/joblib/parallel.py:1379: UserWarning: Loky-backed parallel loops cannot be called in a multiprocessing, setting n_jobs=1
  n_jobs = self._backend.configure(

[2025-07-04T02:40:29.549+0000] {logging_mixin.py:190} WARNING -                                                                                  
[2025-07-04T02:40:29.550+0000] {logging_mixin.py:190} WARNING - 
[2025-07-04T02:40:29.551+0000] {logging_mixin.py:190} INFO - [I 2025-07-04 02:40:29,549] Trial 6 finished with value: 0.174997861823071 and parameters: {'use_amount': True, 'use_is_night': True, 'use_is_weekend': False, 'use_transaction_day': True, 'use_amount_spent_last24h': False, 'use_prev_amount': False, 'use_user_activity_24h': True, 'use_txn_per_min': True, 'use_is_high_velocity': True, 'use_txn_count_5min': True, 'use_amt_to_avg_ratio': True, 'use_amt_to_avg_ratio_7d': True, 'use_amt_vs_median': True, 'use_amt_change_ratio': True, 'use_spend_ratio_24h': True, 'use_txn_hour': False, 'use_txn_hour_sin': False, 'use_txn_hour_cos': False, 'use_day_of_week': True, 'use_days_since_last': True, 'use_unusual_hour_flag': False, 'use_time_diff': False, 'use_avg_txn_interval': False, 'use_zscore_amt': True, 'use_burst_small_txn': True, 'use_txn_amt_std': True, 'use_amt_7d_avg': True, 'use_total_spend': False, 'use_merchant_risk': False, 'use_merchant': True, 'use_merchant_avg_fraud': False, 'use_merchant_txn_cnt': True, 'use_merchant_dist_24h': False, 'use_loc_anomalous': False, 'use_loc_mismatch': False, 'max_depth': 3, 'learning_rate': 0.018768211141373673, 'subsample': 0.6024510606044216, 'colsample_bytree': 0.729219007101772, 'gamma': 0.27216407650684593, 'reg_alpha': 0.25783410835666754}. Best is trial 3 with value: 0.44870004477193515.
[2025-07-04T02:40:29.551+0000] {logging_mixin.py:190} WARNING - Best trial: 3. Best value: 0.4487:  30%|###       | 6/20 [01:22<02:57, 12.67s/it]
[2025-07-04T02:40:29.556+0000] {logging_mixin.py:190} WARNING - Best trial: 3. Best value: 0.4487:  30%|###       | 6/20 [01:22<02:57, 12.67s/it]
[2025-07-04T02:40:29.557+0000] {logging_mixin.py:190} WARNING - Best trial: 3. Best value: 0.4487:  35%|###5      | 7/20 [01:22<02:20, 10.81s/it]
[2025-07-04T02:40:29.573+0000] {warnings.py:112} WARNING - /home/***/.local/lib/python3.12/site-packages/joblib/parallel.py:1379: UserWarning: Loky-backed parallel loops cannot be called in a multiprocessing, setting n_jobs=1
  n_jobs = self._backend.configure(

[2025-07-04T02:40:42.484+0000] {logging_mixin.py:190} WARNING -                                                                                  
[2025-07-04T02:40:42.484+0000] {logging_mixin.py:190} WARNING - 
[2025-07-04T02:40:42.485+0000] {logging_mixin.py:190} INFO - [I 2025-07-04 02:40:42,483] Trial 7 finished with value: 0.41840831661731465 and parameters: {'use_amount': True, 'use_is_night': False, 'use_is_weekend': False, 'use_transaction_day': True, 'use_amount_spent_last24h': True, 'use_prev_amount': True, 'use_user_activity_24h': True, 'use_txn_per_min': False, 'use_is_high_velocity': True, 'use_txn_count_5min': True, 'use_amt_to_avg_ratio': False, 'use_amt_to_avg_ratio_7d': False, 'use_amt_vs_median': True, 'use_amt_change_ratio': True, 'use_spend_ratio_24h': False, 'use_txn_hour': False, 'use_txn_hour_sin': True, 'use_txn_hour_cos': True, 'use_day_of_week': False, 'use_days_since_last': True, 'use_unusual_hour_flag': True, 'use_time_diff': False, 'use_avg_txn_interval': True, 'use_zscore_amt': False, 'use_burst_small_txn': False, 'use_txn_amt_std': True, 'use_amt_7d_avg': False, 'use_total_spend': True, 'use_merchant_risk': False, 'use_merchant': False, 'use_merchant_avg_fraud': False, 'use_merchant_txn_cnt': False, 'use_merchant_dist_24h': True, 'use_loc_anomalous': True, 'use_loc_mismatch': True, 'max_depth': 3, 'learning_rate': 0.06746850432195912, 'subsample': 0.6619190659142792, 'colsample_bytree': 0.637213259236509, 'gamma': 0.035521273116935155, 'reg_alpha': 0.32353246146258585}. Best is trial 3 with value: 0.44870004477193515.
[2025-07-04T02:40:42.486+0000] {logging_mixin.py:190} WARNING - Best trial: 3. Best value: 0.4487:  35%|###5      | 7/20 [01:35<02:20, 10.81s/it]
[2025-07-04T02:40:42.491+0000] {logging_mixin.py:190} WARNING - Best trial: 3. Best value: 0.4487:  35%|###5      | 7/20 [01:35<02:20, 10.81s/it]
[2025-07-04T02:40:42.492+0000] {logging_mixin.py:190} WARNING - Best trial: 3. Best value: 0.4487:  40%|####      | 8/20 [01:35<02:17, 11.48s/it]
[2025-07-04T02:40:42.508+0000] {warnings.py:112} WARNING - /home/***/.local/lib/python3.12/site-packages/joblib/parallel.py:1379: UserWarning: Loky-backed parallel loops cannot be called in a multiprocessing, setting n_jobs=1
  n_jobs = self._backend.configure(

[2025-07-04T02:40:59.856+0000] {logging_mixin.py:190} WARNING -                                                                                  
[2025-07-04T02:40:59.856+0000] {logging_mixin.py:190} WARNING - 
[2025-07-04T02:40:59.857+0000] {logging_mixin.py:190} INFO - [I 2025-07-04 02:40:59,855] Trial 8 finished with value: 0.44758048695397484 and parameters: {'use_amount': True, 'use_is_night': True, 'use_is_weekend': True, 'use_transaction_day': False, 'use_amount_spent_last24h': False, 'use_prev_amount': True, 'use_user_activity_24h': False, 'use_txn_per_min': True, 'use_is_high_velocity': False, 'use_txn_count_5min': True, 'use_amt_to_avg_ratio': False, 'use_amt_to_avg_ratio_7d': True, 'use_amt_vs_median': False, 'use_amt_change_ratio': True, 'use_spend_ratio_24h': True, 'use_txn_hour': False, 'use_txn_hour_sin': False, 'use_txn_hour_cos': False, 'use_day_of_week': True, 'use_days_since_last': False, 'use_unusual_hour_flag': True, 'use_time_diff': False, 'use_avg_txn_interval': False, 'use_zscore_amt': True, 'use_burst_small_txn': True, 'use_txn_amt_std': True, 'use_amt_7d_avg': False, 'use_total_spend': True, 'use_merchant_risk': True, 'use_merchant': False, 'use_merchant_avg_fraud': False, 'use_merchant_txn_cnt': True, 'use_merchant_dist_24h': True, 'use_loc_anomalous': True, 'use_loc_mismatch': True, 'max_depth': 5, 'learning_rate': 0.06809897401649055, 'subsample': 0.8959181909245428, 'colsample_bytree': 0.646501410060343, 'gamma': 0.029717735910117546, 'reg_alpha': 0.48750273385818105}. Best is trial 3 with value: 0.44870004477193515.
[2025-07-04T02:40:59.858+0000] {logging_mixin.py:190} WARNING - Best trial: 3. Best value: 0.4487:  40%|####      | 8/20 [01:52<02:17, 11.48s/it]
[2025-07-04T02:40:59.863+0000] {logging_mixin.py:190} WARNING - Best trial: 3. Best value: 0.4487:  40%|####      | 8/20 [01:52<02:17, 11.48s/it]
[2025-07-04T02:40:59.864+0000] {logging_mixin.py:190} WARNING - Best trial: 3. Best value: 0.4487:  45%|####5     | 9/20 [01:52<02:26, 13.33s/it]
[2025-07-04T02:40:59.880+0000] {warnings.py:112} WARNING - /home/***/.local/lib/python3.12/site-packages/joblib/parallel.py:1379: UserWarning: Loky-backed parallel loops cannot be called in a multiprocessing, setting n_jobs=1
  n_jobs = self._backend.configure(

[2025-07-04T02:41:12.898+0000] {logging_mixin.py:190} WARNING -                                                                                  
[2025-07-04T02:41:12.899+0000] {logging_mixin.py:190} WARNING - 
[2025-07-04T02:41:12.900+0000] {logging_mixin.py:190} INFO - [I 2025-07-04 02:41:12,898] Trial 9 finished with value: 0.3995184230734488 and parameters: {'use_amount': False, 'use_is_night': False, 'use_is_weekend': False, 'use_transaction_day': False, 'use_amount_spent_last24h': False, 'use_prev_amount': True, 'use_user_activity_24h': True, 'use_txn_per_min': True, 'use_is_high_velocity': True, 'use_txn_count_5min': True, 'use_amt_to_avg_ratio': False, 'use_amt_to_avg_ratio_7d': True, 'use_amt_vs_median': True, 'use_amt_change_ratio': False, 'use_spend_ratio_24h': False, 'use_txn_hour': False, 'use_txn_hour_sin': True, 'use_txn_hour_cos': False, 'use_day_of_week': False, 'use_days_since_last': False, 'use_unusual_hour_flag': False, 'use_time_diff': True, 'use_avg_txn_interval': False, 'use_zscore_amt': False, 'use_burst_small_txn': False, 'use_txn_amt_std': True, 'use_amt_7d_avg': False, 'use_total_spend': True, 'use_merchant_risk': True, 'use_merchant': True, 'use_merchant_avg_fraud': False, 'use_merchant_txn_cnt': False, 'use_merchant_dist_24h': True, 'use_loc_anomalous': False, 'use_loc_mismatch': True, 'max_depth': 7, 'learning_rate': 0.01006541556216373, 'subsample': 0.922765996182385, 'colsample_bytree': 0.7359939258839308, 'gamma': 0.11283393817088672, 'reg_alpha': 0.42262565232794486}. Best is trial 3 with value: 0.44870004477193515.
[2025-07-04T02:41:12.901+0000] {logging_mixin.py:190} WARNING - Best trial: 3. Best value: 0.4487:  45%|####5     | 9/20 [02:05<02:26, 13.33s/it]
[2025-07-04T02:41:12.908+0000] {logging_mixin.py:190} WARNING - Best trial: 3. Best value: 0.4487:  45%|####5     | 9/20 [02:05<02:26, 13.33s/it]
[2025-07-04T02:41:12.909+0000] {logging_mixin.py:190} WARNING - Best trial: 3. Best value: 0.4487:  50%|#####     | 10/20 [02:05<02:12, 13.24s/it]
[2025-07-04T02:41:13.011+0000] {warnings.py:112} WARNING - /home/***/.local/lib/python3.12/site-packages/joblib/parallel.py:1379: UserWarning: Loky-backed parallel loops cannot be called in a multiprocessing, setting n_jobs=1
  n_jobs = self._backend.configure(

[2025-07-04T02:41:22.388+0000] {logging_mixin.py:190} WARNING -                                                                                   
[2025-07-04T02:41:22.391+0000] {logging_mixin.py:190} WARNING - 
