[2025-07-04T02:27:09.770+0000] {local_task_job_runner.py:123} INFO - ::group::Pre task execution logs
[2025-07-04T02:27:09.845+0000] {taskinstance.py:2614} INFO - Dependencies all met for dep_context=non-requeueable deps ti=<TaskInstance: fraud_detection_training.execute_training manual__2025-07-04T02:27:00.326795+00:00 [queued]>
[2025-07-04T02:27:09.872+0000] {taskinstance.py:2614} INFO - Dependencies all met for dep_context=requeueable deps ti=<TaskInstance: fraud_detection_training.execute_training manual__2025-07-04T02:27:00.326795+00:00 [queued]>
[2025-07-04T02:27:09.874+0000] {taskinstance.py:2867} INFO - Starting attempt 1 of 1
[2025-07-04T02:27:09.898+0000] {taskinstance.py:2890} INFO - Executing <Task(PythonOperator): execute_training> on 2025-07-04 02:27:00.326795+00:00
[2025-07-04T02:27:09.914+0000] {standard_task_runner.py:104} INFO - Running: ['***', 'tasks', 'run', 'fraud_detection_training', 'execute_training', 'manual__2025-07-04T02:27:00.326795+00:00', '--job-id', '10', '--raw', '--subdir', 'DAGS_FOLDER/fraud_detection_training_dag.py', '--cfg-path', '/tmp/tmprnf8mshk']
[2025-07-04T02:27:09.911+0000] {warnings.py:112} WARNING - /home/***/.local/lib/python3.12/site-packages/***/task/task_runner/standard_task_runner.py:70: DeprecationWarning: This process (pid=896) is multi-threaded, use of fork() may lead to deadlocks in the child.
  pid = os.fork()

[2025-07-04T02:27:09.919+0000] {standard_task_runner.py:105} INFO - Job 10: Subtask execute_training
[2025-07-04T02:27:09.920+0000] {standard_task_runner.py:72} INFO - Started process 897 to run task
[2025-07-04T02:27:09.993+0000] {task_command.py:467} INFO - Running <TaskInstance: fraud_detection_training.execute_training manual__2025-07-04T02:27:00.326795+00:00 [running]> on host 8862b69bc4b5
[2025-07-04T02:27:10.166+0000] {taskinstance.py:3134} INFO - Exporting env vars: AIRFLOW_CTX_DAG_OWNER='Jasjot Parmar' AIRFLOW_CTX_DAG_ID='fraud_detection_training' AIRFLOW_CTX_TASK_ID='execute_training' AIRFLOW_CTX_EXECUTION_DATE='2025-07-04T02:27:00.326795+00:00' AIRFLOW_CTX_TRY_NUMBER='1' AIRFLOW_CTX_DAG_RUN_ID='manual__2025-07-04T02:27:00.326795+00:00'
[2025-07-04T02:27:10.169+0000] {taskinstance.py:732} INFO - ::endgroup::
[2025-07-04T02:27:10.221+0000] {fraud_detection_training_dag.py:23} INFO - Initializing fraud detection training...
[2025-07-04T02:27:22.422+0000] {fraud_detection_training_dag.py:26} INFO - Imported FraudDetectionTraining successfully.
[2025-07-04T02:27:22.440+0000] {fraud_detection_training.py:75} INFO - Configuration loaded successfully
[2025-07-04T02:27:23.155+0000] {fraud_detection_training.py:106} INFO - Minio connection verified. Buckets: ['mlflow']
[2025-07-04T02:27:23.470+0000] {fraud_detection_training_dag.py:29} INFO - Trainer initialized successfully.
[2025-07-04T02:27:23.471+0000] {fraud_detection_training.py:429} INFO - Starting model training process...
[2025-07-04T02:27:23.471+0000] {fraud_detection_training.py:122} INFO - Connecting to Kafka Topic: transactions
[2025-07-04T02:27:23.548+0000] {conn.py:396} INFO - <BrokerConnection client_id=kafka-python-2.2.15, node_id=bootstrap-0 host=pkc-ld537.ca-central-1.aws.confluent.cloud:9092 <connecting> [IPv4 ('15.157.158.196', 9092)]>: connecting to pkc-ld537.ca-central-1.aws.confluent.cloud:9092 [('15.157.158.196', 9092) IPv4]
[2025-07-04T02:27:23.620+0000] {conn.py:497} INFO - <BrokerConnection client_id=kafka-python-2.2.15, node_id=bootstrap-0 host=pkc-ld537.ca-central-1.aws.confluent.cloud:9092 <handshake> [IPv4 ('15.157.158.196', 9092)]>: Loading system default SSL CAs from ('/usr/lib/ssl/cert.pem', '/usr/lib/ssl/certs', 'SSL_CERT_FILE', '/usr/lib/ssl/cert.pem', 'SSL_CERT_DIR', '/usr/lib/ssl/certs')
[2025-07-04T02:27:23.882+0000] {conn.py:618} INFO - <BrokerConnection client_id=kafka-python-2.2.15, node_id=bootstrap-0 host=pkc-ld537.ca-central-1.aws.confluent.cloud:9092 <checking_api_versions_recv> [IPv4 ('15.157.158.196', 9092)]>: Broker version identified as 2.6
[2025-07-04T02:27:24.128+0000] {conn.py:822} INFO - <BrokerConnection client_id=kafka-python-2.2.15, node_id=bootstrap-0 host=pkc-ld537.ca-central-1.aws.confluent.cloud:9092 <authenticating> [IPv4 ('15.157.158.196', 9092)]>: Authenticated as VAWD3ORVNJTGIOBA via SASL / Plain
[2025-07-04T02:27:24.129+0000] {conn.py:467} INFO - <BrokerConnection client_id=kafka-python-2.2.15, node_id=bootstrap-0 host=pkc-ld537.ca-central-1.aws.confluent.cloud:9092 <connected> [IPv4 ('15.157.158.196', 9092)]>: Connection complete.
[2025-07-04T02:27:24.131+0000] {consumer.py:120} WARNING - group_id is None: disabling auto-commit.
[2025-07-04T02:27:24.131+0000] {subscription_state.py:181} INFO - Updating subscribed topics to: ('transactions',)
[2025-07-04T02:27:24.205+0000] {subscription_state.py:254} INFO - Updated partition assignment: [('transactions', 0), ('transactions', 1), ('transactions', 2), ('transactions', 3), ('transactions', 4), ('transactions', 5)]
[2025-07-04T02:27:24.256+0000] {conn.py:396} INFO - <BrokerConnection client_id=kafka-python-2.2.15, node_id=1 host=b1-pkc-ld537.ca-central-1.aws.confluent.cloud:9092 <connecting> [IPv4 ('35.182.170.137', 9092)]>: connecting to b1-pkc-ld537.ca-central-1.aws.confluent.cloud:9092 [('35.182.170.137', 9092) IPv4]
[2025-07-04T02:27:24.315+0000] {conn.py:396} INFO - <BrokerConnection client_id=kafka-python-2.2.15, node_id=2 host=b2-pkc-ld537.ca-central-1.aws.confluent.cloud:9092 <connecting> [IPv4 ('15.157.158.196', 9092)]>: connecting to b2-pkc-ld537.ca-central-1.aws.confluent.cloud:9092 [('15.157.158.196', 9092) IPv4]
[2025-07-04T02:27:24.382+0000] {conn.py:396} INFO - <BrokerConnection client_id=kafka-python-2.2.15, node_id=3 host=b3-pkc-ld537.ca-central-1.aws.confluent.cloud:9092 <connecting> [IPv4 ('15.223.160.19', 9092)]>: connecting to b3-pkc-ld537.ca-central-1.aws.confluent.cloud:9092 [('15.223.160.19', 9092) IPv4]
[2025-07-04T02:27:24.410+0000] {conn.py:396} INFO - <BrokerConnection client_id=kafka-python-2.2.15, node_id=5 host=b5-pkc-ld537.ca-central-1.aws.confluent.cloud:9092 <connecting> [IPv4 ('15.157.158.196', 9092)]>: connecting to b5-pkc-ld537.ca-central-1.aws.confluent.cloud:9092 [('15.157.158.196', 9092) IPv4]
[2025-07-04T02:27:24.441+0000] {conn.py:396} INFO - <BrokerConnection client_id=kafka-python-2.2.15, node_id=6 host=b6-pkc-ld537.ca-central-1.aws.confluent.cloud:9092 <connecting> [IPv4 ('15.223.160.19', 9092)]>: connecting to b6-pkc-ld537.ca-central-1.aws.confluent.cloud:9092 [('15.223.160.19', 9092) IPv4]
[2025-07-04T02:27:24.471+0000] {conn.py:396} INFO - <BrokerConnection client_id=kafka-python-2.2.15, node_id=7 host=b7-pkc-ld537.ca-central-1.aws.confluent.cloud:9092 <connecting> [IPv4 ('35.182.170.137', 9092)]>: connecting to b7-pkc-ld537.ca-central-1.aws.confluent.cloud:9092 [('35.182.170.137', 9092) IPv4]
[2025-07-04T02:27:24.473+0000] {conn.py:497} INFO - <BrokerConnection client_id=kafka-python-2.2.15, node_id=1 host=b1-pkc-ld537.ca-central-1.aws.confluent.cloud:9092 <handshake> [IPv4 ('35.182.170.137', 9092)]>: Loading system default SSL CAs from ('/usr/lib/ssl/cert.pem', '/usr/lib/ssl/certs', 'SSL_CERT_FILE', '/usr/lib/ssl/cert.pem', 'SSL_CERT_DIR', '/usr/lib/ssl/certs')
[2025-07-04T02:27:24.500+0000] {conn.py:497} INFO - <BrokerConnection client_id=kafka-python-2.2.15, node_id=2 host=b2-pkc-ld537.ca-central-1.aws.confluent.cloud:9092 <handshake> [IPv4 ('15.157.158.196', 9092)]>: Loading system default SSL CAs from ('/usr/lib/ssl/cert.pem', '/usr/lib/ssl/certs', 'SSL_CERT_FILE', '/usr/lib/ssl/cert.pem', 'SSL_CERT_DIR', '/usr/lib/ssl/certs')
[2025-07-04T02:27:24.530+0000] {conn.py:497} INFO - <BrokerConnection client_id=kafka-python-2.2.15, node_id=3 host=b3-pkc-ld537.ca-central-1.aws.confluent.cloud:9092 <handshake> [IPv4 ('15.223.160.19', 9092)]>: Loading system default SSL CAs from ('/usr/lib/ssl/cert.pem', '/usr/lib/ssl/certs', 'SSL_CERT_FILE', '/usr/lib/ssl/cert.pem', 'SSL_CERT_DIR', '/usr/lib/ssl/certs')
[2025-07-04T02:27:24.559+0000] {conn.py:497} INFO - <BrokerConnection client_id=kafka-python-2.2.15, node_id=5 host=b5-pkc-ld537.ca-central-1.aws.confluent.cloud:9092 <handshake> [IPv4 ('15.157.158.196', 9092)]>: Loading system default SSL CAs from ('/usr/lib/ssl/cert.pem', '/usr/lib/ssl/certs', 'SSL_CERT_FILE', '/usr/lib/ssl/cert.pem', 'SSL_CERT_DIR', '/usr/lib/ssl/certs')
[2025-07-04T02:27:24.591+0000] {conn.py:497} INFO - <BrokerConnection client_id=kafka-python-2.2.15, node_id=6 host=b6-pkc-ld537.ca-central-1.aws.confluent.cloud:9092 <handshake> [IPv4 ('15.223.160.19', 9092)]>: Loading system default SSL CAs from ('/usr/lib/ssl/cert.pem', '/usr/lib/ssl/certs', 'SSL_CERT_FILE', '/usr/lib/ssl/cert.pem', 'SSL_CERT_DIR', '/usr/lib/ssl/certs')
[2025-07-04T02:27:24.619+0000] {conn.py:497} INFO - <BrokerConnection client_id=kafka-python-2.2.15, node_id=7 host=b7-pkc-ld537.ca-central-1.aws.confluent.cloud:9092 <handshake> [IPv4 ('35.182.170.137', 9092)]>: Loading system default SSL CAs from ('/usr/lib/ssl/cert.pem', '/usr/lib/ssl/certs', 'SSL_CERT_FILE', '/usr/lib/ssl/cert.pem', 'SSL_CERT_DIR', '/usr/lib/ssl/certs')
[2025-07-04T02:27:24.969+0000] {conn.py:822} INFO - <BrokerConnection client_id=kafka-python-2.2.15, node_id=1 host=b1-pkc-ld537.ca-central-1.aws.confluent.cloud:9092 <authenticating> [IPv4 ('35.182.170.137', 9092)]>: Authenticated as VAWD3ORVNJTGIOBA via SASL / Plain
[2025-07-04T02:27:24.970+0000] {conn.py:467} INFO - <BrokerConnection client_id=kafka-python-2.2.15, node_id=1 host=b1-pkc-ld537.ca-central-1.aws.confluent.cloud:9092 <connected> [IPv4 ('35.182.170.137', 9092)]>: Connection complete.
[2025-07-04T02:27:24.971+0000] {conn.py:945} INFO - <BrokerConnection client_id=kafka-python-2.2.15, node_id=bootstrap-0 host=pkc-ld537.ca-central-1.aws.confluent.cloud:9092 <connected> [IPv4 ('15.157.158.196', 9092)]>: Closing connection. 
[2025-07-04T02:27:25.166+0000] {conn.py:822} INFO - <BrokerConnection client_id=kafka-python-2.2.15, node_id=2 host=b2-pkc-ld537.ca-central-1.aws.confluent.cloud:9092 <authenticating> [IPv4 ('15.157.158.196', 9092)]>: Authenticated as VAWD3ORVNJTGIOBA via SASL / Plain
[2025-07-04T02:27:25.168+0000] {conn.py:467} INFO - <BrokerConnection client_id=kafka-python-2.2.15, node_id=2 host=b2-pkc-ld537.ca-central-1.aws.confluent.cloud:9092 <connected> [IPv4 ('15.157.158.196', 9092)]>: Connection complete.
[2025-07-04T02:27:25.359+0000] {conn.py:822} INFO - <BrokerConnection client_id=kafka-python-2.2.15, node_id=3 host=b3-pkc-ld537.ca-central-1.aws.confluent.cloud:9092 <authenticating> [IPv4 ('15.223.160.19', 9092)]>: Authenticated as VAWD3ORVNJTGIOBA via SASL / Plain
[2025-07-04T02:27:25.361+0000] {conn.py:467} INFO - <BrokerConnection client_id=kafka-python-2.2.15, node_id=3 host=b3-pkc-ld537.ca-central-1.aws.confluent.cloud:9092 <connected> [IPv4 ('15.223.160.19', 9092)]>: Connection complete.
[2025-07-04T02:27:25.542+0000] {conn.py:822} INFO - <BrokerConnection client_id=kafka-python-2.2.15, node_id=5 host=b5-pkc-ld537.ca-central-1.aws.confluent.cloud:9092 <authenticating> [IPv4 ('15.157.158.196', 9092)]>: Authenticated as VAWD3ORVNJTGIOBA via SASL / Plain
[2025-07-04T02:27:25.543+0000] {conn.py:467} INFO - <BrokerConnection client_id=kafka-python-2.2.15, node_id=5 host=b5-pkc-ld537.ca-central-1.aws.confluent.cloud:9092 <connected> [IPv4 ('15.157.158.196', 9092)]>: Connection complete.
[2025-07-04T02:27:25.713+0000] {conn.py:822} INFO - <BrokerConnection client_id=kafka-python-2.2.15, node_id=6 host=b6-pkc-ld537.ca-central-1.aws.confluent.cloud:9092 <authenticating> [IPv4 ('15.223.160.19', 9092)]>: Authenticated as VAWD3ORVNJTGIOBA via SASL / Plain
[2025-07-04T02:27:25.714+0000] {conn.py:467} INFO - <BrokerConnection client_id=kafka-python-2.2.15, node_id=6 host=b6-pkc-ld537.ca-central-1.aws.confluent.cloud:9092 <connected> [IPv4 ('15.223.160.19', 9092)]>: Connection complete.
[2025-07-04T02:27:25.884+0000] {conn.py:822} INFO - <BrokerConnection client_id=kafka-python-2.2.15, node_id=7 host=b7-pkc-ld537.ca-central-1.aws.confluent.cloud:9092 <authenticating> [IPv4 ('35.182.170.137', 9092)]>: Authenticated as VAWD3ORVNJTGIOBA via SASL / Plain
[2025-07-04T02:27:25.885+0000] {conn.py:467} INFO - <BrokerConnection client_id=kafka-python-2.2.15, node_id=7 host=b7-pkc-ld537.ca-central-1.aws.confluent.cloud:9092 <connected> [IPv4 ('35.182.170.137', 9092)]>: Connection complete.
[2025-07-04T02:27:25.886+0000] {fetcher.py:418} INFO - Resetting offset for partition ('transactions', 1) to offset 35606.
[2025-07-04T02:27:25.889+0000] {fetcher.py:418} INFO - Resetting offset for partition ('transactions', 5) to offset 35540.
[2025-07-04T02:27:25.890+0000] {fetcher.py:418} INFO - Resetting offset for partition ('transactions', 3) to offset 35323.
[2025-07-04T02:27:25.890+0000] {fetcher.py:418} INFO - Resetting offset for partition ('transactions', 2) to offset 35856.
[2025-07-04T02:27:25.891+0000] {fetcher.py:418} INFO - Resetting offset for partition ('transactions', 0) to offset 35634.
[2025-07-04T02:27:25.956+0000] {fetcher.py:418} INFO - Resetting offset for partition ('transactions', 4) to offset 35328.
[2025-07-04T02:37:43.222+0000] {conn.py:945} INFO - <BrokerConnection client_id=kafka-python-2.2.15, node_id=1 host=b1-pkc-ld537.ca-central-1.aws.confluent.cloud:9092 <connected> [IPv4 ('35.182.170.137', 9092)]>: Closing connection. 
[2025-07-04T02:37:43.270+0000] {fetcher.py:786} INFO - Fetch to node 1 failed: Cancelled: <BrokerConnection client_id=kafka-python-2.2.15, node_id=1 host=b1-pkc-ld537.ca-central-1.aws.confluent.cloud:9092 <connected> [IPv4 ('35.182.170.137', 9092)]>
[2025-07-04T02:37:43.274+0000] {conn.py:945} INFO - <BrokerConnection client_id=kafka-python-2.2.15, node_id=2 host=b2-pkc-ld537.ca-central-1.aws.confluent.cloud:9092 <connected> [IPv4 ('15.157.158.196', 9092)]>: Closing connection. 
[2025-07-04T02:37:43.280+0000] {fetcher.py:786} INFO - Fetch to node 2 failed: Cancelled: <BrokerConnection client_id=kafka-python-2.2.15, node_id=2 host=b2-pkc-ld537.ca-central-1.aws.confluent.cloud:9092 <connected> [IPv4 ('15.157.158.196', 9092)]>
[2025-07-04T02:37:43.282+0000] {conn.py:945} INFO - <BrokerConnection client_id=kafka-python-2.2.15, node_id=3 host=b3-pkc-ld537.ca-central-1.aws.confluent.cloud:9092 <connected> [IPv4 ('15.223.160.19', 9092)]>: Closing connection. 
[2025-07-04T02:37:43.287+0000] {fetcher.py:786} INFO - Fetch to node 3 failed: Cancelled: <BrokerConnection client_id=kafka-python-2.2.15, node_id=3 host=b3-pkc-ld537.ca-central-1.aws.confluent.cloud:9092 <connected> [IPv4 ('15.223.160.19', 9092)]>
[2025-07-04T02:37:43.289+0000] {conn.py:945} INFO - <BrokerConnection client_id=kafka-python-2.2.15, node_id=5 host=b5-pkc-ld537.ca-central-1.aws.confluent.cloud:9092 <connected> [IPv4 ('15.157.158.196', 9092)]>: Closing connection. 
[2025-07-04T02:37:43.292+0000] {fetcher.py:786} INFO - Fetch to node 5 failed: Cancelled: <BrokerConnection client_id=kafka-python-2.2.15, node_id=5 host=b5-pkc-ld537.ca-central-1.aws.confluent.cloud:9092 <connected> [IPv4 ('15.157.158.196', 9092)]>
[2025-07-04T02:37:43.294+0000] {conn.py:945} INFO - <BrokerConnection client_id=kafka-python-2.2.15, node_id=6 host=b6-pkc-ld537.ca-central-1.aws.confluent.cloud:9092 <connected> [IPv4 ('15.223.160.19', 9092)]>: Closing connection. 
[2025-07-04T02:37:43.297+0000] {fetcher.py:786} INFO - Fetch to node 6 failed: Cancelled: <BrokerConnection client_id=kafka-python-2.2.15, node_id=6 host=b6-pkc-ld537.ca-central-1.aws.confluent.cloud:9092 <connected> [IPv4 ('15.223.160.19', 9092)]>
[2025-07-04T02:37:43.298+0000] {conn.py:945} INFO - <BrokerConnection client_id=kafka-python-2.2.15, node_id=7 host=b7-pkc-ld537.ca-central-1.aws.confluent.cloud:9092 <connected> [IPv4 ('35.182.170.137', 9092)]>: Closing connection. 
[2025-07-04T02:37:43.300+0000] {fetcher.py:786} INFO - Fetch to node 7 failed: Cancelled: <BrokerConnection client_id=kafka-python-2.2.15, node_id=7 host=b7-pkc-ld537.ca-central-1.aws.confluent.cloud:9092 <connected> [IPv4 ('35.182.170.137', 9092)]>
[2025-07-04T02:37:44.886+0000] {fraud_detection_training.py:155} INFO - Kafka data read successfully with fraud rate: 0.44
[2025-07-04T02:38:54.283+0000] {logging_mixin.py:190} INFO - 0 rows have NaNs
[2025-07-04T02:38:54.311+0000] {logging_mixin.py:190} INFO - Empty DataFrame
Columns: [amount, is_night, is_weekend, transaction_day, user_activity_24h, amount_to_avg_ratio, merchant_risk, merchant, transaction_hour, transaction_hour_sin, transaction_hour_cos, transaction_dayOfWeek, user_transactions_per_minute, is_high_velocity, days_since_last_transaction, is_unusual_hour_for_user, time_diff, user_avg_transaction_interval, zscore_amount_per_user, burst_small_txn_count_last_min, txn_count_last_5min, user_transaction_amount_std, amount_7d_avg, amount_to_avg_ratio_7d, amount_vs_median, user_total_spend_todate, amount_spent_last24h, user_spending_ratio_last24h, prev_amount, amount_change_ratio, user_merchant_transaction_count, num_distinct_merchants_24h, merchant_avg_fraud_rate, is_location_anomalous, is_location_mismatch]
Index: []
[2025-07-04T02:38:54.326+0000] {fraud_detection_training.py:449} INFO - Columns with NaNs: []
[2025-07-04T02:39:07.025+0000] {logging_mixin.py:190} WARNING - [I 2025-07-04 02:39:07,025] A new study created in memory with name: no-name-374264c5-d10d-4f43-a161-5076a0e582d3
[2025-07-04T02:39:07.027+0000] {fraud_detection_training.py:591} INFO - Starting Optuna hyperparameter optimization...
[2025-07-04T02:39:07.032+0000] {logging_mixin.py:190} WARNING -   0%|          | 0/20 [00:00<?, ?it/s]
[2025-07-04T02:39:07.069+0000] {warnings.py:112} WARNING - /home/***/.local/lib/python3.12/site-packages/joblib/parallel.py:1379: UserWarning: Loky-backed parallel loops cannot be called in a multiprocessing, setting n_jobs=1
  n_jobs = self._backend.configure(

[2025-07-04T02:39:15.863+0000] {logging_mixin.py:190} WARNING -                                       
[2025-07-04T02:39:15.865+0000] {logging_mixin.py:190} WARNING - 
[2025-07-04T02:39:15.865+0000] {logging_mixin.py:190} INFO - [I 2025-07-04 02:39:15,863] Trial 0 finished with value: 0.34495331424387504 and parameters: {'use_amount': True, 'use_is_night': False, 'use_is_weekend': False, 'use_transaction_day': False, 'use_amount_spent_last24h': True, 'use_prev_amount': True, 'use_user_activity_24h': True, 'use_txn_per_min': True, 'use_is_high_velocity': True, 'use_txn_count_5min': False, 'use_amt_to_avg_ratio': True, 'use_amt_to_avg_ratio_7d': True, 'use_amt_vs_median': True, 'use_amt_change_ratio': False, 'use_spend_ratio_24h': True, 'use_txn_hour': True, 'use_txn_hour_sin': False, 'use_txn_hour_cos': False, 'use_day_of_week': False, 'use_days_since_last': True, 'use_unusual_hour_flag': True, 'use_time_diff': False, 'use_avg_txn_interval': False, 'use_zscore_amt': True, 'use_burst_small_txn': False, 'use_txn_amt_std': False, 'use_amt_7d_avg': False, 'use_total_spend': True, 'use_merchant_risk': True, 'use_merchant': True, 'use_merchant_avg_fraud': True, 'use_merchant_txn_cnt': False, 'use_merchant_dist_24h': False, 'use_loc_anomalous': False, 'use_loc_mismatch': False, 'max_depth': 5, 'learning_rate': 0.025381232452508642, 'subsample': 0.9933168591466606, 'colsample_bytree': 0.9993766997307858, 'gamma': 0.23112025297979027, 'reg_alpha': 0.04933875462678389}. Best is trial 0 with value: 0.34495331424387504.
[2025-07-04T02:39:15.866+0000] {logging_mixin.py:190} WARNING -   0%|          | 0/20 [00:08<?, ?it/s]
[2025-07-04T02:39:15.871+0000] {logging_mixin.py:190} WARNING - Best trial: 0. Best value: 0.344953:   0%|          | 0/20 [00:08<?, ?it/s]
[2025-07-04T02:39:15.871+0000] {logging_mixin.py:190} WARNING - Best trial: 0. Best value: 0.344953:   5%|5         | 1/20 [00:08<02:47,  8.84s/it]
[2025-07-04T02:39:16.046+0000] {warnings.py:112} WARNING - /home/***/.local/lib/python3.12/site-packages/joblib/parallel.py:1379: UserWarning: Loky-backed parallel loops cannot be called in a multiprocessing, setting n_jobs=1
  n_jobs = self._backend.configure(

[2025-07-04T02:39:29.693+0000] {logging_mixin.py:190} WARNING -                                                                                    
[2025-07-04T02:39:29.694+0000] {logging_mixin.py:190} WARNING - 
