[2025-07-04T05:16:29.531+0000] {logging_mixin.py:190} INFO - [I 2025-07-04 05:16:29,530] Trial 9 finished with value: 0.43541764133894745 and parameters: {'use_amount': True, 'use_is_night': False, 'use_is_weekend': True, 'use_transaction_day': True, 'use_amount_spent_last24h': True, 'use_prev_amount': False, 'use_user_activity_24h': True, 'use_user_transactions_per_minute': True, 'use_is_high_velocity': False, 'use_txn_count_last_5min': False, 'use_amount_to_avg_ratio': True, 'use_amount_to_avg_ratio_7d': False, 'use_amount_vs_median': True, 'use_amount_change_ratio': False, 'use_user_spending_ratio_last24h': False, 'use_transaction_hour': True, 'use_transaction_hour_sin': False, 'use_transaction_hour_cos': True, 'use_transaction_dayOfWeek': False, 'use_days_since_last_transaction': True, 'use_is_unusual_hour_for_user': True, 'use_time_diff': True, 'use_user_avg_transaction_interval': True, 'use_zscore_amount_per_user': False, 'use_burst_small_txn_count_last_min': True, 'use_user_transaction_amount_std': True, 'use_amount_7d_avg': True, 'use_user_total_spend_todate': False, 'use_merchant_risk': False, 'use_merchant': True, 'use_merchant_avg_fraud_rate': True, 'use_user_merchant_transaction_count': True, 'use_num_distinct_merchants_24h': False, 'use_is_location_anomalous': True, 'use_is_location_mismatch': True, 'max_depth': 5, 'learning_rate': 0.06405490730416548, 'subsample': 0.8695932603464266, 'colsample_bytree': 0.8954379331130481, 'gamma': 0.254307528611866, 'reg_alpha': 0.158736000488918}. Best is trial 4 with value: 0.44394963299159546.
[2025-07-04T05:16:29.532+0000] {logging_mixin.py:190} WARNING - Best trial: 4. Best value: 0.44395:  45%|####5     | 9/20 [02:15<02:45, 15.05s/it]
[2025-07-04T05:16:29.536+0000] {logging_mixin.py:190} WARNING - Best trial: 4. Best value: 0.44395:  45%|####5     | 9/20 [02:15<02:45, 15.05s/it]
[2025-07-04T05:16:29.536+0000] {logging_mixin.py:190} WARNING - Best trial: 4. Best value: 0.44395:  50%|#####     | 10/20 [02:15<02:05, 12.55s/it]
[2025-07-04T05:16:29.600+0000] {warnings.py:112} WARNING - /home/***/.local/lib/python3.12/site-packages/joblib/parallel.py:1379: UserWarning: Loky-backed parallel loops cannot be called in a multiprocessing, setting n_jobs=1
  n_jobs = self._backend.configure(

[2025-07-04T05:16:35.943+0000] {logging_mixin.py:190} WARNING -                                                                                    
[2025-07-04T05:16:35.944+0000] {logging_mixin.py:190} WARNING - 
[2025-07-04T05:16:35.945+0000] {logging_mixin.py:190} INFO - [I 2025-07-04 05:16:35,943] Trial 10 finished with value: 0.44823124376227086 and parameters: {'use_amount': True, 'use_is_night': True, 'use_is_weekend': False, 'use_transaction_day': True, 'use_amount_spent_last24h': False, 'use_prev_amount': True, 'use_user_activity_24h': True, 'use_user_transactions_per_minute': True, 'use_is_high_velocity': False, 'use_txn_count_last_5min': True, 'use_amount_to_avg_ratio': True, 'use_amount_to_avg_ratio_7d': True, 'use_amount_vs_median': False, 'use_amount_change_ratio': True, 'use_user_spending_ratio_last24h': True, 'use_transaction_hour': False, 'use_transaction_hour_sin': False, 'use_transaction_hour_cos': True, 'use_transaction_dayOfWeek': True, 'use_days_since_last_transaction': False, 'use_is_unusual_hour_for_user': False, 'use_time_diff': False, 'use_user_avg_transaction_interval': True, 'use_zscore_amount_per_user': False, 'use_burst_small_txn_count_last_min': False, 'use_user_transaction_amount_std': False, 'use_amount_7d_avg': False, 'use_user_total_spend_todate': True, 'use_merchant_risk': True, 'use_merchant': True, 'use_merchant_avg_fraud_rate': False, 'use_user_merchant_transaction_count': False, 'use_num_distinct_merchants_24h': False, 'use_is_location_anomalous': False, 'use_is_location_mismatch': False, 'max_depth': 6, 'learning_rate': 0.08224120703945462, 'subsample': 0.7305775461254905, 'colsample_bytree': 0.6002258250457492, 'gamma': 0.08832323074103096, 'reg_alpha': 0.018930524367206325}. Best is trial 10 with value: 0.44823124376227086.
[2025-07-04T05:16:35.945+0000] {logging_mixin.py:190} WARNING - Best trial: 4. Best value: 0.44395:  50%|#####     | 10/20 [02:22<02:05, 12.55s/it]
[2025-07-04T05:16:35.950+0000] {logging_mixin.py:190} WARNING - Best trial: 10. Best value: 0.448231:  50%|#####     | 10/20 [02:22<02:05, 12.55s/it]
[2025-07-04T05:16:35.950+0000] {logging_mixin.py:190} WARNING - Best trial: 10. Best value: 0.448231:  55%|#####5    | 11/20 [02:22<01:36, 10.67s/it]
[2025-07-04T05:16:36.027+0000] {warnings.py:112} WARNING - /home/***/.local/lib/python3.12/site-packages/joblib/parallel.py:1379: UserWarning: Loky-backed parallel loops cannot be called in a multiprocessing, setting n_jobs=1
  n_jobs = self._backend.configure(

[2025-07-04T05:16:56.347+0000] {logging_mixin.py:190} WARNING -                                                                                      
[2025-07-04T05:16:56.348+0000] {logging_mixin.py:190} WARNING - 
[2025-07-04T05:16:56.349+0000] {logging_mixin.py:190} INFO - [I 2025-07-04 05:16:56,347] Trial 11 finished with value: 0.45007002277076363 and parameters: {'use_amount': True, 'use_is_night': True, 'use_is_weekend': False, 'use_transaction_day': True, 'use_amount_spent_last24h': False, 'use_prev_amount': True, 'use_user_activity_24h': True, 'use_user_transactions_per_minute': True, 'use_is_high_velocity': False, 'use_txn_count_last_5min': True, 'use_amount_to_avg_ratio': True, 'use_amount_to_avg_ratio_7d': True, 'use_amount_vs_median': False, 'use_amount_change_ratio': True, 'use_user_spending_ratio_last24h': True, 'use_transaction_hour': False, 'use_transaction_hour_sin': False, 'use_transaction_hour_cos': True, 'use_transaction_dayOfWeek': True, 'use_days_since_last_transaction': False, 'use_is_unusual_hour_for_user': False, 'use_time_diff': False, 'use_user_avg_transaction_interval': True, 'use_zscore_amount_per_user': False, 'use_burst_small_txn_count_last_min': False, 'use_user_transaction_amount_std': False, 'use_amount_7d_avg': False, 'use_user_total_spend_todate': True, 'use_merchant_risk': True, 'use_merchant': True, 'use_merchant_avg_fraud_rate': False, 'use_user_merchant_transaction_count': False, 'use_num_distinct_merchants_24h': False, 'use_is_location_anomalous': False, 'use_is_location_mismatch': False, 'max_depth': 6, 'learning_rate': 0.09712024619418343, 'subsample': 0.7265321036150827, 'colsample_bytree': 0.6116211189183398, 'gamma': 0.09361845672822852, 'reg_alpha': 0.016194076862808215}. Best is trial 11 with value: 0.45007002277076363.
[2025-07-04T05:16:56.349+0000] {logging_mixin.py:190} WARNING - Best trial: 10. Best value: 0.448231:  55%|#####5    | 11/20 [02:42<01:36, 10.67s/it]
[2025-07-04T05:16:56.354+0000] {logging_mixin.py:190} WARNING - Best trial: 11. Best value: 0.45007:  55%|#####5    | 11/20 [02:42<01:36, 10.67s/it] 
[2025-07-04T05:16:56.354+0000] {logging_mixin.py:190} WARNING - Best trial: 11. Best value: 0.45007:  60%|######    | 12/20 [02:42<01:49, 13.63s/it]
[2025-07-04T05:16:56.438+0000] {warnings.py:112} WARNING - /home/***/.local/lib/python3.12/site-packages/joblib/parallel.py:1379: UserWarning: Loky-backed parallel loops cannot be called in a multiprocessing, setting n_jobs=1
  n_jobs = self._backend.configure(

[2025-07-04T05:17:03.864+0000] {logging_mixin.py:190} WARNING -                                                                                     
[2025-07-04T05:17:03.865+0000] {logging_mixin.py:190} WARNING - 
[2025-07-04T05:17:03.865+0000] {logging_mixin.py:190} INFO - [I 2025-07-04 05:17:03,864] Trial 12 finished with value: 0.4491384954248095 and parameters: {'use_amount': True, 'use_is_night': True, 'use_is_weekend': False, 'use_transaction_day': True, 'use_amount_spent_last24h': False, 'use_prev_amount': True, 'use_user_activity_24h': True, 'use_user_transactions_per_minute': True, 'use_is_high_velocity': False, 'use_txn_count_last_5min': True, 'use_amount_to_avg_ratio': True, 'use_amount_to_avg_ratio_7d': True, 'use_amount_vs_median': False, 'use_amount_change_ratio': True, 'use_user_spending_ratio_last24h': True, 'use_transaction_hour': False, 'use_transaction_hour_sin': False, 'use_transaction_hour_cos': True, 'use_transaction_dayOfWeek': True, 'use_days_since_last_transaction': False, 'use_is_unusual_hour_for_user': False, 'use_time_diff': False, 'use_user_avg_transaction_interval': True, 'use_zscore_amount_per_user': False, 'use_burst_small_txn_count_last_min': False, 'use_user_transaction_amount_std': False, 'use_amount_7d_avg': False, 'use_user_total_spend_todate': True, 'use_merchant_risk': True, 'use_merchant': True, 'use_merchant_avg_fraud_rate': False, 'use_user_merchant_transaction_count': False, 'use_num_distinct_merchants_24h': False, 'use_is_location_anomalous': False, 'use_is_location_mismatch': False, 'max_depth': 6, 'learning_rate': 0.09818751549560326, 'subsample': 0.7096268844247406, 'colsample_bytree': 0.6051321541538615, 'gamma': 0.08614990220646988, 'reg_alpha': 0.004134555211739711}. Best is trial 11 with value: 0.45007002277076363.
[2025-07-04T05:17:03.866+0000] {logging_mixin.py:190} WARNING - Best trial: 11. Best value: 0.45007:  60%|######    | 12/20 [02:49<01:49, 13.63s/it]
[2025-07-04T05:17:03.871+0000] {logging_mixin.py:190} WARNING - Best trial: 11. Best value: 0.45007:  60%|######    | 12/20 [02:49<01:49, 13.63s/it]
[2025-07-04T05:17:03.872+0000] {logging_mixin.py:190} WARNING - Best trial: 11. Best value: 0.45007:  65%|######5   | 13/20 [02:49<01:22, 11.78s/it]
[2025-07-04T05:17:03.964+0000] {warnings.py:112} WARNING - /home/***/.local/lib/python3.12/site-packages/joblib/parallel.py:1379: UserWarning: Loky-backed parallel loops cannot be called in a multiprocessing, setting n_jobs=1
  n_jobs = self._backend.configure(

[2025-07-04T05:17:10.466+0000] {logging_mixin.py:190} WARNING -                                                                                     
[2025-07-04T05:17:10.467+0000] {logging_mixin.py:190} WARNING - 
[2025-07-04T05:17:10.467+0000] {logging_mixin.py:190} INFO - [I 2025-07-04 05:17:10,465] Trial 13 finished with value: 0.44098364870423695 and parameters: {'use_amount': True, 'use_is_night': True, 'use_is_weekend': False, 'use_transaction_day': True, 'use_amount_spent_last24h': False, 'use_prev_amount': True, 'use_user_activity_24h': True, 'use_user_transactions_per_minute': True, 'use_is_high_velocity': False, 'use_txn_count_last_5min': True, 'use_amount_to_avg_ratio': True, 'use_amount_to_avg_ratio_7d': True, 'use_amount_vs_median': False, 'use_amount_change_ratio': True, 'use_user_spending_ratio_last24h': True, 'use_transaction_hour': False, 'use_transaction_hour_sin': False, 'use_transaction_hour_cos': True, 'use_transaction_dayOfWeek': True, 'use_days_since_last_transaction': False, 'use_is_unusual_hour_for_user': False, 'use_time_diff': False, 'use_user_avg_transaction_interval': True, 'use_zscore_amount_per_user': False, 'use_burst_small_txn_count_last_min': False, 'use_user_transaction_amount_std': False, 'use_amount_7d_avg': False, 'use_user_total_spend_todate': True, 'use_merchant_risk': True, 'use_merchant': True, 'use_merchant_avg_fraud_rate': False, 'use_user_merchant_transaction_count': False, 'use_num_distinct_merchants_24h': False, 'use_is_location_anomalous': False, 'use_is_location_mismatch': False, 'max_depth': 6, 'learning_rate': 0.03698107461412699, 'subsample': 0.6127125626005008, 'colsample_bytree': 0.9943240714468666, 'gamma': 0.09948953387895595, 'reg_alpha': 0.0004287409500709598}. Best is trial 11 with value: 0.45007002277076363.
[2025-07-04T05:17:10.468+0000] {logging_mixin.py:190} WARNING - Best trial: 11. Best value: 0.45007:  65%|######5   | 13/20 [02:56<01:22, 11.78s/it]
[2025-07-04T05:17:10.472+0000] {logging_mixin.py:190} WARNING - Best trial: 11. Best value: 0.45007:  65%|######5   | 13/20 [02:56<01:22, 11.78s/it]
[2025-07-04T05:17:10.473+0000] {logging_mixin.py:190} WARNING - Best trial: 11. Best value: 0.45007:  70%|#######   | 14/20 [02:56<01:01, 10.22s/it]
[2025-07-04T05:17:10.550+0000] {warnings.py:112} WARNING - /home/***/.local/lib/python3.12/site-packages/joblib/parallel.py:1379: UserWarning: Loky-backed parallel loops cannot be called in a multiprocessing, setting n_jobs=1
  n_jobs = self._backend.configure(

[2025-07-04T05:17:28.487+0000] {logging_mixin.py:190} WARNING -                                                                                     
[2025-07-04T05:17:28.488+0000] {logging_mixin.py:190} WARNING - 
[2025-07-04T05:17:28.488+0000] {logging_mixin.py:190} INFO - [I 2025-07-04 05:17:28,486] Trial 14 finished with value: 0.45007002277076363 and parameters: {'use_amount': True, 'use_is_night': True, 'use_is_weekend': False, 'use_transaction_day': True, 'use_amount_spent_last24h': False, 'use_prev_amount': True, 'use_user_activity_24h': True, 'use_user_transactions_per_minute': True, 'use_is_high_velocity': False, 'use_txn_count_last_5min': True, 'use_amount_to_avg_ratio': True, 'use_amount_to_avg_ratio_7d': True, 'use_amount_vs_median': False, 'use_amount_change_ratio': True, 'use_user_spending_ratio_last24h': True, 'use_transaction_hour': False, 'use_transaction_hour_sin': False, 'use_transaction_hour_cos': True, 'use_transaction_dayOfWeek': True, 'use_days_since_last_transaction': False, 'use_is_unusual_hour_for_user': False, 'use_time_diff': False, 'use_user_avg_transaction_interval': True, 'use_zscore_amount_per_user': False, 'use_burst_small_txn_count_last_min': False, 'use_user_transaction_amount_std': False, 'use_amount_7d_avg': False, 'use_user_total_spend_todate': True, 'use_merchant_risk': True, 'use_merchant': True, 'use_merchant_avg_fraud_rate': False, 'use_user_merchant_transaction_count': False, 'use_num_distinct_merchants_24h': False, 'use_is_location_anomalous': False, 'use_is_location_mismatch': False, 'max_depth': 7, 'learning_rate': 0.08920748855794922, 'subsample': 0.7008236530010494, 'colsample_bytree': 0.701183946697666, 'gamma': 0.0881948781478214, 'reg_alpha': 0.030121974233881355}. Best is trial 11 with value: 0.45007002277076363.
[2025-07-04T05:17:28.489+0000] {logging_mixin.py:190} WARNING - Best trial: 11. Best value: 0.45007:  70%|#######   | 14/20 [03:14<01:01, 10.22s/it]
[2025-07-04T05:17:28.494+0000] {logging_mixin.py:190} WARNING - Best trial: 11. Best value: 0.45007:  70%|#######   | 14/20 [03:14<01:01, 10.22s/it]
[2025-07-04T05:17:28.495+0000] {logging_mixin.py:190} WARNING - Best trial: 11. Best value: 0.45007:  75%|#######5  | 15/20 [03:14<01:02, 12.57s/it]
[2025-07-04T05:17:28.580+0000] {warnings.py:112} WARNING - /home/***/.local/lib/python3.12/site-packages/joblib/parallel.py:1379: UserWarning: Loky-backed parallel loops cannot be called in a multiprocessing, setting n_jobs=1
  n_jobs = self._backend.configure(

[2025-07-04T05:17:36.306+0000] {logging_mixin.py:190} WARNING -                                                                                     
[2025-07-04T05:17:36.307+0000] {logging_mixin.py:190} WARNING - 
[2025-07-04T05:17:36.308+0000] {logging_mixin.py:190} INFO - [I 2025-07-04 05:17:36,306] Trial 15 finished with value: 0.4450499485930058 and parameters: {'use_amount': True, 'use_is_night': True, 'use_is_weekend': False, 'use_transaction_day': True, 'use_amount_spent_last24h': False, 'use_prev_amount': True, 'use_user_activity_24h': True, 'use_user_transactions_per_minute': True, 'use_is_high_velocity': False, 'use_txn_count_last_5min': True, 'use_amount_to_avg_ratio': True, 'use_amount_to_avg_ratio_7d': True, 'use_amount_vs_median': False, 'use_amount_change_ratio': True, 'use_user_spending_ratio_last24h': True, 'use_transaction_hour': False, 'use_transaction_hour_sin': False, 'use_transaction_hour_cos': True, 'use_transaction_dayOfWeek': True, 'use_days_since_last_transaction': False, 'use_is_unusual_hour_for_user': False, 'use_time_diff': False, 'use_user_avg_transaction_interval': True, 'use_zscore_amount_per_user': False, 'use_burst_small_txn_count_last_min': False, 'use_user_transaction_amount_std': False, 'use_amount_7d_avg': False, 'use_user_total_spend_todate': True, 'use_merchant_risk': True, 'use_merchant': True, 'use_merchant_avg_fraud_rate': False, 'use_user_merchant_transaction_count': False, 'use_num_distinct_merchants_24h': False, 'use_is_location_anomalous': False, 'use_is_location_mismatch': False, 'max_depth': 7, 'learning_rate': 0.03922550112977596, 'subsample': 0.6894991672054432, 'colsample_bytree': 0.7073140690183891, 'gamma': 0.1178867230592903, 'reg_alpha': 0.06608672552017292}. Best is trial 11 with value: 0.45007002277076363.
[2025-07-04T05:17:36.309+0000] {logging_mixin.py:190} WARNING - Best trial: 11. Best value: 0.45007:  75%|#######5  | 15/20 [03:22<01:02, 12.57s/it]
[2025-07-04T05:17:36.313+0000] {logging_mixin.py:190} WARNING - Best trial: 11. Best value: 0.45007:  75%|#######5  | 15/20 [03:22<01:02, 12.57s/it]
[2025-07-04T05:17:36.313+0000] {logging_mixin.py:190} WARNING - Best trial: 11. Best value: 0.45007:  80%|########  | 16/20 [03:22<00:44, 11.14s/it]
[2025-07-04T05:17:36.372+0000] {warnings.py:112} WARNING - /home/***/.local/lib/python3.12/site-packages/joblib/parallel.py:1379: UserWarning: Loky-backed parallel loops cannot be called in a multiprocessing, setting n_jobs=1
  n_jobs = self._backend.configure(

[2025-07-04T05:17:47.456+0000] {logging_mixin.py:190} WARNING -                                                                                     
[2025-07-04T05:17:47.457+0000] {logging_mixin.py:190} WARNING - 
[2025-07-04T05:17:47.457+0000] {logging_mixin.py:190} INFO - [I 2025-07-04 05:17:47,456] Trial 16 finished with value: 0.4501243970318291 and parameters: {'use_amount': True, 'use_is_night': True, 'use_is_weekend': False, 'use_transaction_day': True, 'use_amount_spent_last24h': False, 'use_prev_amount': True, 'use_user_activity_24h': True, 'use_user_transactions_per_minute': True, 'use_is_high_velocity': False, 'use_txn_count_last_5min': True, 'use_amount_to_avg_ratio': True, 'use_amount_to_avg_ratio_7d': True, 'use_amount_vs_median': False, 'use_amount_change_ratio': True, 'use_user_spending_ratio_last24h': True, 'use_transaction_hour': False, 'use_transaction_hour_sin': False, 'use_transaction_hour_cos': True, 'use_transaction_dayOfWeek': True, 'use_days_since_last_transaction': False, 'use_is_unusual_hour_for_user': False, 'use_time_diff': False, 'use_user_avg_transaction_interval': True, 'use_zscore_amount_per_user': False, 'use_burst_small_txn_count_last_min': False, 'use_user_transaction_amount_std': False, 'use_amount_7d_avg': False, 'use_user_total_spend_todate': True, 'use_merchant_risk': True, 'use_merchant': True, 'use_merchant_avg_fraud_rate': False, 'use_user_merchant_transaction_count': False, 'use_num_distinct_merchants_24h': False, 'use_is_location_anomalous': False, 'use_is_location_mismatch': False, 'max_depth': 7, 'learning_rate': 0.09733647021300647, 'subsample': 0.7869825428406511, 'colsample_bytree': 0.7084255988568502, 'gamma': 0.20124438357503693, 'reg_alpha': 0.2264440407284864}. Best is trial 16 with value: 0.4501243970318291.
[2025-07-04T05:17:47.458+0000] {logging_mixin.py:190} WARNING - Best trial: 11. Best value: 0.45007:  80%|########  | 16/20 [03:33<00:44, 11.14s/it]
[2025-07-04T05:17:47.462+0000] {logging_mixin.py:190} WARNING - Best trial: 16. Best value: 0.450124:  80%|########  | 16/20 [03:33<00:44, 11.14s/it]
[2025-07-04T05:17:47.463+0000] {logging_mixin.py:190} WARNING - Best trial: 16. Best value: 0.450124:  85%|########5 | 17/20 [03:33<00:33, 11.14s/it]
[2025-07-04T05:17:47.522+0000] {warnings.py:112} WARNING - /home/***/.local/lib/python3.12/site-packages/joblib/parallel.py:1379: UserWarning: Loky-backed parallel loops cannot be called in a multiprocessing, setting n_jobs=1
  n_jobs = self._backend.configure(

[2025-07-04T05:18:00.144+0000] {logging_mixin.py:190} WARNING -                                                                                      
[2025-07-04T05:18:00.144+0000] {logging_mixin.py:190} WARNING - 
