[2025-07-04T05:18:00.145+0000] {logging_mixin.py:190} INFO - [I 2025-07-04 05:18:00,143] Trial 17 finished with value: 0.4390820251035305 and parameters: {'use_amount': True, 'use_is_night': True, 'use_is_weekend': False, 'use_transaction_day': True, 'use_amount_spent_last24h': False, 'use_prev_amount': True, 'use_user_activity_24h': True, 'use_user_transactions_per_minute': True, 'use_is_high_velocity': False, 'use_txn_count_last_5min': True, 'use_amount_to_avg_ratio': True, 'use_amount_to_avg_ratio_7d': True, 'use_amount_vs_median': False, 'use_amount_change_ratio': True, 'use_user_spending_ratio_last24h': True, 'use_transaction_hour': False, 'use_transaction_hour_sin': False, 'use_transaction_hour_cos': True, 'use_transaction_dayOfWeek': True, 'use_days_since_last_transaction': False, 'use_is_unusual_hour_for_user': False, 'use_time_diff': False, 'use_user_avg_transaction_interval': True, 'use_zscore_amount_per_user': False, 'use_burst_small_txn_count_last_min': False, 'use_user_transaction_amount_std': False, 'use_amount_7d_avg': False, 'use_user_total_spend_todate': True, 'use_merchant_risk': True, 'use_merchant': True, 'use_merchant_avg_fraud_rate': False, 'use_user_merchant_transaction_count': False, 'use_num_distinct_merchants_24h': False, 'use_is_location_anomalous': False, 'use_is_location_mismatch': False, 'max_depth': 4, 'learning_rate': 0.06667935502391213, 'subsample': 0.8824046425461195, 'colsample_bytree': 0.7489386903667302, 'gamma': 0.20704553233147743, 'reg_alpha': 0.2550418680740979}. Best is trial 16 with value: 0.4501243970318291.
[2025-07-04T05:18:00.146+0000] {logging_mixin.py:190} WARNING - Best trial: 16. Best value: 0.450124:  85%|########5 | 17/20 [03:46<00:33, 11.14s/it]
[2025-07-04T05:18:00.150+0000] {logging_mixin.py:190} WARNING - Best trial: 16. Best value: 0.450124:  85%|########5 | 17/20 [03:46<00:33, 11.14s/it]
[2025-07-04T05:18:00.151+0000] {logging_mixin.py:190} WARNING - Best trial: 16. Best value: 0.450124:  90%|######### | 18/20 [03:46<00:23, 11.61s/it]
[2025-07-04T05:18:00.225+0000] {warnings.py:112} WARNING - /home/***/.local/lib/python3.12/site-packages/joblib/parallel.py:1379: UserWarning: Loky-backed parallel loops cannot be called in a multiprocessing, setting n_jobs=1
  n_jobs = self._backend.configure(

[2025-07-04T05:18:12.810+0000] {logging_mixin.py:190} WARNING -                                                                                      
[2025-07-04T05:18:12.810+0000] {logging_mixin.py:190} WARNING - 
[2025-07-04T05:18:12.811+0000] {logging_mixin.py:190} INFO - [I 2025-07-04 05:18:12,809] Trial 18 finished with value: 0.42670345771494395 and parameters: {'use_amount': True, 'use_is_night': True, 'use_is_weekend': False, 'use_transaction_day': True, 'use_amount_spent_last24h': False, 'use_prev_amount': True, 'use_user_activity_24h': False, 'use_user_transactions_per_minute': True, 'use_is_high_velocity': True, 'use_txn_count_last_5min': True, 'use_amount_to_avg_ratio': True, 'use_amount_to_avg_ratio_7d': True, 'use_amount_vs_median': True, 'use_amount_change_ratio': True, 'use_user_spending_ratio_last24h': True, 'use_transaction_hour': False, 'use_transaction_hour_sin': False, 'use_transaction_hour_cos': True, 'use_transaction_dayOfWeek': True, 'use_days_since_last_transaction': False, 'use_is_unusual_hour_for_user': False, 'use_time_diff': False, 'use_user_avg_transaction_interval': True, 'use_zscore_amount_per_user': True, 'use_burst_small_txn_count_last_min': False, 'use_user_transaction_amount_std': True, 'use_amount_7d_avg': True, 'use_user_total_spend_todate': False, 'use_merchant_risk': True, 'use_merchant': False, 'use_merchant_avg_fraud_rate': False, 'use_user_merchant_transaction_count': False, 'use_num_distinct_merchants_24h': False, 'use_is_location_anomalous': False, 'use_is_location_mismatch': False, 'max_depth': 7, 'learning_rate': 0.027964579684296997, 'subsample': 0.7819347915551268, 'colsample_bytree': 0.6784894155344497, 'gamma': 0.2984077925742197, 'reg_alpha': 0.21869607220388518}. Best is trial 16 with value: 0.4501243970318291.
[2025-07-04T05:18:12.812+0000] {logging_mixin.py:190} WARNING - Best trial: 16. Best value: 0.450124:  90%|######### | 18/20 [03:58<00:23, 11.61s/it]
[2025-07-04T05:18:12.816+0000] {logging_mixin.py:190} WARNING - Best trial: 16. Best value: 0.450124:  90%|######### | 18/20 [03:58<00:23, 11.61s/it]
[2025-07-04T05:18:12.817+0000] {logging_mixin.py:190} WARNING - Best trial: 16. Best value: 0.450124:  95%|#########5| 19/20 [03:58<00:11, 11.92s/it]
[2025-07-04T05:18:12.885+0000] {warnings.py:112} WARNING - /home/***/.local/lib/python3.12/site-packages/joblib/parallel.py:1379: UserWarning: Loky-backed parallel loops cannot be called in a multiprocessing, setting n_jobs=1
  n_jobs = self._backend.configure(

[2025-07-04T05:18:18.027+0000] {logging_mixin.py:190} WARNING -                                                                                      
[2025-07-04T05:18:18.028+0000] {logging_mixin.py:190} WARNING - 
