[2025-07-04T05:14:44.376+0000] {logging_mixin.py:190} INFO - [I 2025-07-04 05:14:44,374] Trial 1 finished with value: 0.3575767743360297 and parameters: {'use_amount': True, 'use_is_night': True, 'use_is_weekend': True, 'use_transaction_day': False, 'use_amount_spent_last24h': True, 'use_prev_amount': False, 'use_user_activity_24h': False, 'use_user_transactions_per_minute': True, 'use_is_high_velocity': True, 'use_txn_count_last_5min': True, 'use_amount_to_avg_ratio': True, 'use_amount_to_avg_ratio_7d': True, 'use_amount_vs_median': False, 'use_amount_change_ratio': False, 'use_user_spending_ratio_last24h': True, 'use_transaction_hour': False, 'use_transaction_hour_sin': True, 'use_transaction_hour_cos': True, 'use_transaction_dayOfWeek': False, 'use_days_since_last_transaction': False, 'use_is_unusual_hour_for_user': True, 'use_time_diff': True, 'use_user_avg_transaction_interval': True, 'use_zscore_amount_per_user': False, 'use_burst_small_txn_count_last_min': True, 'use_user_transaction_amount_std': False, 'use_amount_7d_avg': False, 'use_user_total_spend_todate': True, 'use_merchant_risk': True, 'use_merchant': False, 'use_merchant_avg_fraud_rate': False, 'use_user_merchant_transaction_count': True, 'use_num_distinct_merchants_24h': True, 'use_is_location_anomalous': False, 'use_is_location_mismatch': False, 'max_depth': 6, 'learning_rate': 0.01721344561123004, 'subsample': 0.8305544121266358, 'colsample_bytree': 0.6678075798415303, 'gamma': 0.1409595728381283, 'reg_alpha': 0.10028246579848427}. Best is trial 1 with value: 0.3575767743360297.
[2025-07-04T05:14:44.377+0000] {logging_mixin.py:190} WARNING - Best trial: 0. Best value: 0.220161:   5%|5         | 1/20 [00:30<05:26, 17.17s/it]
[2025-07-04T05:14:44.381+0000] {logging_mixin.py:190} WARNING - Best trial: 1. Best value: 0.357577:   5%|5         | 1/20 [00:30<05:26, 17.17s/it]
[2025-07-04T05:14:44.381+0000] {logging_mixin.py:190} WARNING - Best trial: 1. Best value: 0.357577:  10%|#         | 2/20 [00:30<04:28, 14.91s/it]
[2025-07-04T05:14:44.412+0000] {warnings.py:112} WARNING - /home/***/.local/lib/python3.12/site-packages/joblib/parallel.py:1379: UserWarning: Loky-backed parallel loops cannot be called in a multiprocessing, setting n_jobs=1
  n_jobs = self._backend.configure(

[2025-07-04T05:14:59.923+0000] {logging_mixin.py:190} WARNING -                                                                                    
[2025-07-04T05:14:59.924+0000] {logging_mixin.py:190} WARNING - 
[2025-07-04T05:14:59.924+0000] {logging_mixin.py:190} INFO - [I 2025-07-04 05:14:59,923] Trial 2 finished with value: 0.3948113320329462 and parameters: {'use_amount': False, 'use_is_night': True, 'use_is_weekend': True, 'use_transaction_day': False, 'use_amount_spent_last24h': True, 'use_prev_amount': False, 'use_user_activity_24h': False, 'use_user_transactions_per_minute': True, 'use_is_high_velocity': True, 'use_txn_count_last_5min': True, 'use_amount_to_avg_ratio': True, 'use_amount_to_avg_ratio_7d': False, 'use_amount_vs_median': True, 'use_amount_change_ratio': False, 'use_user_spending_ratio_last24h': False, 'use_transaction_hour': True, 'use_transaction_hour_sin': True, 'use_transaction_hour_cos': False, 'use_transaction_dayOfWeek': False, 'use_days_since_last_transaction': True, 'use_is_unusual_hour_for_user': False, 'use_time_diff': False, 'use_user_avg_transaction_interval': False, 'use_zscore_amount_per_user': False, 'use_burst_small_txn_count_last_min': True, 'use_user_transaction_amount_std': True, 'use_amount_7d_avg': True, 'use_user_total_spend_todate': False, 'use_merchant_risk': True, 'use_merchant': False, 'use_merchant_avg_fraud_rate': True, 'use_user_merchant_transaction_count': True, 'use_num_distinct_merchants_24h': True, 'use_is_location_anomalous': True, 'use_is_location_mismatch': False, 'max_depth': 7, 'learning_rate': 0.015459934467552925, 'subsample': 0.6498735930800464, 'colsample_bytree': 0.8180957288846223, 'gamma': 0.0167841922548289, 'reg_alpha': 0.35576223038779425}. Best is trial 2 with value: 0.3948113320329462.
[2025-07-04T05:14:59.925+0000] {logging_mixin.py:190} WARNING - Best trial: 1. Best value: 0.357577:  10%|#         | 2/20 [00:46<04:28, 14.91s/it]
[2025-07-04T05:14:59.929+0000] {logging_mixin.py:190} WARNING - Best trial: 2. Best value: 0.394811:  10%|#         | 2/20 [00:46<04:28, 14.91s/it]
[2025-07-04T05:14:59.929+0000] {logging_mixin.py:190} WARNING - Best trial: 2. Best value: 0.394811:  15%|#5        | 3/20 [00:46<04:18, 15.20s/it]
[2025-07-04T05:14:59.944+0000] {warnings.py:112} WARNING - /home/***/.local/lib/python3.12/site-packages/joblib/parallel.py:1379: UserWarning: Loky-backed parallel loops cannot be called in a multiprocessing, setting n_jobs=1
  n_jobs = self._backend.configure(

[2025-07-04T05:15:15.546+0000] {logging_mixin.py:190} WARNING -                                                                                    
[2025-07-04T05:15:15.547+0000] {logging_mixin.py:190} WARNING - 
[2025-07-04T05:15:15.548+0000] {logging_mixin.py:190} INFO - [I 2025-07-04 05:15:15,546] Trial 3 finished with value: 0.3673055708486117 and parameters: {'use_amount': False, 'use_is_night': True, 'use_is_weekend': True, 'use_transaction_day': False, 'use_amount_spent_last24h': False, 'use_prev_amount': False, 'use_user_activity_24h': False, 'use_user_transactions_per_minute': False, 'use_is_high_velocity': True, 'use_txn_count_last_5min': False, 'use_amount_to_avg_ratio': False, 'use_amount_to_avg_ratio_7d': True, 'use_amount_vs_median': False, 'use_amount_change_ratio': True, 'use_user_spending_ratio_last24h': True, 'use_transaction_hour': True, 'use_transaction_hour_sin': True, 'use_transaction_hour_cos': True, 'use_transaction_dayOfWeek': False, 'use_days_since_last_transaction': True, 'use_is_unusual_hour_for_user': False, 'use_time_diff': True, 'use_user_avg_transaction_interval': False, 'use_zscore_amount_per_user': True, 'use_burst_small_txn_count_last_min': False, 'use_user_transaction_amount_std': True, 'use_amount_7d_avg': False, 'use_user_total_spend_todate': True, 'use_merchant_risk': False, 'use_merchant': True, 'use_merchant_avg_fraud_rate': True, 'use_user_merchant_transaction_count': False, 'use_num_distinct_merchants_24h': False, 'use_is_location_anomalous': True, 'use_is_location_mismatch': False, 'max_depth': 5, 'learning_rate': 0.023519435443024154, 'subsample': 0.9588967121101257, 'colsample_bytree': 0.762482432392282, 'gamma': 0.19761451614463937, 'reg_alpha': 0.24344489876987135}. Best is trial 2 with value: 0.3948113320329462.
[2025-07-04T05:15:15.548+0000] {logging_mixin.py:190} WARNING - Best trial: 2. Best value: 0.394811:  15%|#5        | 3/20 [01:01<04:18, 15.20s/it]
[2025-07-04T05:15:15.552+0000] {logging_mixin.py:190} WARNING - Best trial: 2. Best value: 0.394811:  15%|#5        | 3/20 [01:01<04:18, 15.20s/it]
[2025-07-04T05:15:15.552+0000] {logging_mixin.py:190} WARNING - Best trial: 2. Best value: 0.394811:  20%|##        | 4/20 [01:01<04:05, 15.37s/it]
[2025-07-04T05:15:15.565+0000] {warnings.py:112} WARNING - /home/***/.local/lib/python3.12/site-packages/joblib/parallel.py:1379: UserWarning: Loky-backed parallel loops cannot be called in a multiprocessing, setting n_jobs=1
  n_jobs = self._backend.configure(

[2025-07-04T05:15:23.057+0000] {logging_mixin.py:190} WARNING -                                                                                    
[2025-07-04T05:15:23.058+0000] {logging_mixin.py:190} WARNING - 
[2025-07-04T05:15:23.058+0000] {logging_mixin.py:190} INFO - [I 2025-07-04 05:15:23,057] Trial 4 finished with value: 0.44394963299159546 and parameters: {'use_amount': True, 'use_is_night': True, 'use_is_weekend': False, 'use_transaction_day': True, 'use_amount_spent_last24h': False, 'use_prev_amount': True, 'use_user_activity_24h': True, 'use_user_transactions_per_minute': True, 'use_is_high_velocity': False, 'use_txn_count_last_5min': True, 'use_amount_to_avg_ratio': True, 'use_amount_to_avg_ratio_7d': True, 'use_amount_vs_median': False, 'use_amount_change_ratio': True, 'use_user_spending_ratio_last24h': True, 'use_transaction_hour': True, 'use_transaction_hour_sin': False, 'use_transaction_hour_cos': True, 'use_transaction_dayOfWeek': True, 'use_days_since_last_transaction': False, 'use_is_unusual_hour_for_user': False, 'use_time_diff': True, 'use_user_avg_transaction_interval': True, 'use_zscore_amount_per_user': False, 'use_burst_small_txn_count_last_min': True, 'use_user_transaction_amount_std': False, 'use_amount_7d_avg': False, 'use_user_total_spend_todate': True, 'use_merchant_risk': True, 'use_merchant': True, 'use_merchant_avg_fraud_rate': False, 'use_user_merchant_transaction_count': True, 'use_num_distinct_merchants_24h': False, 'use_is_location_anomalous': False, 'use_is_location_mismatch': False, 'max_depth': 6, 'learning_rate': 0.07813208283509238, 'subsample': 0.7649619782742203, 'colsample_bytree': 0.6194534121204267, 'gamma': 0.03518435740094129, 'reg_alpha': 0.1431721969615372}. Best is trial 4 with value: 0.44394963299159546.
[2025-07-04T05:15:23.059+0000] {logging_mixin.py:190} WARNING - Best trial: 2. Best value: 0.394811:  20%|##        | 4/20 [01:09<04:05, 15.37s/it]
[2025-07-04T05:15:23.063+0000] {logging_mixin.py:190} WARNING - Best trial: 4. Best value: 0.44395:  20%|##        | 4/20 [01:09<04:05, 15.37s/it] 
[2025-07-04T05:15:23.064+0000] {logging_mixin.py:190} WARNING - Best trial: 4. Best value: 0.44395:  25%|##5       | 5/20 [01:09<03:08, 12.53s/it]
[2025-07-04T05:15:23.080+0000] {warnings.py:112} WARNING - /home/***/.local/lib/python3.12/site-packages/joblib/parallel.py:1379: UserWarning: Loky-backed parallel loops cannot be called in a multiprocessing, setting n_jobs=1
  n_jobs = self._backend.configure(

[2025-07-04T05:15:40.562+0000] {logging_mixin.py:190} WARNING -                                                                                   
[2025-07-04T05:15:40.563+0000] {logging_mixin.py:190} WARNING - 
[2025-07-04T05:15:40.563+0000] {logging_mixin.py:190} INFO - [I 2025-07-04 05:15:40,562] Trial 5 finished with value: 0.39419619012921475 and parameters: {'use_amount': False, 'use_is_night': True, 'use_is_weekend': True, 'use_transaction_day': True, 'use_amount_spent_last24h': True, 'use_prev_amount': True, 'use_user_activity_24h': True, 'use_user_transactions_per_minute': False, 'use_is_high_velocity': False, 'use_txn_count_last_5min': True, 'use_amount_to_avg_ratio': False, 'use_amount_to_avg_ratio_7d': True, 'use_amount_vs_median': True, 'use_amount_change_ratio': True, 'use_user_spending_ratio_last24h': False, 'use_transaction_hour': True, 'use_transaction_hour_sin': True, 'use_transaction_hour_cos': True, 'use_transaction_dayOfWeek': False, 'use_days_since_last_transaction': True, 'use_is_unusual_hour_for_user': False, 'use_time_diff': True, 'use_user_avg_transaction_interval': False, 'use_zscore_amount_per_user': False, 'use_burst_small_txn_count_last_min': True, 'use_user_transaction_amount_std': False, 'use_amount_7d_avg': False, 'use_user_total_spend_todate': True, 'use_merchant_risk': False, 'use_merchant': True, 'use_merchant_avg_fraud_rate': True, 'use_user_merchant_transaction_count': False, 'use_num_distinct_merchants_24h': True, 'use_is_location_anomalous': True, 'use_is_location_mismatch': True, 'max_depth': 3, 'learning_rate': 0.05733811788812746, 'subsample': 0.9784276166360749, 'colsample_bytree': 0.7640754033971723, 'gamma': 0.26363918766810174, 'reg_alpha': 0.49621740391972136}. Best is trial 4 with value: 0.44394963299159546.
[2025-07-04T05:15:40.564+0000] {logging_mixin.py:190} WARNING - Best trial: 4. Best value: 0.44395:  25%|##5       | 5/20 [01:26<03:08, 12.53s/it]
[2025-07-04T05:15:40.569+0000] {logging_mixin.py:190} WARNING - Best trial: 4. Best value: 0.44395:  25%|##5       | 5/20 [01:26<03:08, 12.53s/it]
[2025-07-04T05:15:40.569+0000] {logging_mixin.py:190} WARNING - Best trial: 4. Best value: 0.44395:  30%|###       | 6/20 [01:26<03:19, 14.22s/it]
[2025-07-04T05:15:40.586+0000] {warnings.py:112} WARNING - /home/***/.local/lib/python3.12/site-packages/joblib/parallel.py:1379: UserWarning: Loky-backed parallel loops cannot be called in a multiprocessing, setting n_jobs=1
  n_jobs = self._backend.configure(

[2025-07-04T05:15:52.265+0000] {logging_mixin.py:190} WARNING -                                                                                   
[2025-07-04T05:15:52.265+0000] {logging_mixin.py:190} WARNING - 
[2025-07-04T05:15:52.266+0000] {logging_mixin.py:190} INFO - [I 2025-07-04 05:15:52,264] Trial 6 finished with value: 0.427902986554013 and parameters: {'use_amount': False, 'use_is_night': False, 'use_is_weekend': False, 'use_transaction_day': False, 'use_amount_spent_last24h': False, 'use_prev_amount': False, 'use_user_activity_24h': False, 'use_user_transactions_per_minute': True, 'use_is_high_velocity': False, 'use_txn_count_last_5min': False, 'use_amount_to_avg_ratio': False, 'use_amount_to_avg_ratio_7d': False, 'use_amount_vs_median': False, 'use_amount_change_ratio': False, 'use_user_spending_ratio_last24h': False, 'use_transaction_hour': True, 'use_transaction_hour_sin': True, 'use_transaction_hour_cos': False, 'use_transaction_dayOfWeek': True, 'use_days_since_last_transaction': False, 'use_is_unusual_hour_for_user': True, 'use_time_diff': True, 'use_user_avg_transaction_interval': False, 'use_zscore_amount_per_user': True, 'use_burst_small_txn_count_last_min': True, 'use_user_transaction_amount_std': False, 'use_amount_7d_avg': True, 'use_user_total_spend_todate': False, 'use_merchant_risk': False, 'use_merchant': False, 'use_merchant_avg_fraud_rate': False, 'use_user_merchant_transaction_count': False, 'use_num_distinct_merchants_24h': False, 'use_is_location_anomalous': True, 'use_is_location_mismatch': True, 'max_depth': 5, 'learning_rate': 0.04804057276265732, 'subsample': 0.9364019433407789, 'colsample_bytree': 0.8313227976492832, 'gamma': 0.02911996934659391, 'reg_alpha': 0.1249621335067248}. Best is trial 4 with value: 0.44394963299159546.
[2025-07-04T05:15:52.267+0000] {logging_mixin.py:190} WARNING - Best trial: 4. Best value: 0.44395:  30%|###       | 6/20 [01:38<03:19, 14.22s/it]
[2025-07-04T05:15:52.272+0000] {logging_mixin.py:190} WARNING - Best trial: 4. Best value: 0.44395:  30%|###       | 6/20 [01:38<03:19, 14.22s/it]
[2025-07-04T05:15:52.272+0000] {logging_mixin.py:190} WARNING - Best trial: 4. Best value: 0.44395:  35%|###5      | 7/20 [01:38<02:54, 13.40s/it]
[2025-07-04T05:15:52.289+0000] {warnings.py:112} WARNING - /home/***/.local/lib/python3.12/site-packages/joblib/parallel.py:1379: UserWarning: Loky-backed parallel loops cannot be called in a multiprocessing, setting n_jobs=1
  n_jobs = self._backend.configure(

[2025-07-04T05:15:59.754+0000] {logging_mixin.py:190} WARNING -                                                                                   
[2025-07-04T05:15:59.755+0000] {logging_mixin.py:190} WARNING - 
[2025-07-04T05:15:59.755+0000] {logging_mixin.py:190} INFO - [I 2025-07-04 05:15:59,754] Trial 7 finished with value: 0.3832605534405234 and parameters: {'use_amount': False, 'use_is_night': False, 'use_is_weekend': False, 'use_transaction_day': False, 'use_amount_spent_last24h': False, 'use_prev_amount': False, 'use_user_activity_24h': True, 'use_user_transactions_per_minute': False, 'use_is_high_velocity': False, 'use_txn_count_last_5min': True, 'use_amount_to_avg_ratio': False, 'use_amount_to_avg_ratio_7d': False, 'use_amount_vs_median': False, 'use_amount_change_ratio': False, 'use_user_spending_ratio_last24h': False, 'use_transaction_hour': True, 'use_transaction_hour_sin': True, 'use_transaction_hour_cos': False, 'use_transaction_dayOfWeek': True, 'use_days_since_last_transaction': True, 'use_is_unusual_hour_for_user': True, 'use_time_diff': True, 'use_user_avg_transaction_interval': True, 'use_zscore_amount_per_user': True, 'use_burst_small_txn_count_last_min': False, 'use_user_transaction_amount_std': False, 'use_amount_7d_avg': False, 'use_user_total_spend_todate': False, 'use_merchant_risk': True, 'use_merchant': True, 'use_merchant_avg_fraud_rate': False, 'use_user_merchant_transaction_count': True, 'use_num_distinct_merchants_24h': True, 'use_is_location_anomalous': False, 'use_is_location_mismatch': True, 'max_depth': 4, 'learning_rate': 0.018984208126718916, 'subsample': 0.7371510847953978, 'colsample_bytree': 0.8534834979361424, 'gamma': 0.036610965982597006, 'reg_alpha': 0.33858353479812325}. Best is trial 4 with value: 0.44394963299159546.
[2025-07-04T05:15:59.756+0000] {logging_mixin.py:190} WARNING - Best trial: 4. Best value: 0.44395:  35%|###5      | 7/20 [01:45<02:54, 13.40s/it]
[2025-07-04T05:15:59.761+0000] {logging_mixin.py:190} WARNING - Best trial: 4. Best value: 0.44395:  35%|###5      | 7/20 [01:45<02:54, 13.40s/it]
[2025-07-04T05:15:59.762+0000] {logging_mixin.py:190} WARNING - Best trial: 4. Best value: 0.44395:  40%|####      | 8/20 [01:45<02:18, 11.52s/it]
[2025-07-04T05:15:59.778+0000] {warnings.py:112} WARNING - /home/***/.local/lib/python3.12/site-packages/joblib/parallel.py:1379: UserWarning: Loky-backed parallel loops cannot be called in a multiprocessing, setting n_jobs=1
  n_jobs = self._backend.configure(

[2025-07-04T05:16:22.571+0000] {logging_mixin.py:190} WARNING -                                                                                   
[2025-07-04T05:16:22.572+0000] {logging_mixin.py:190} WARNING - 
[2025-07-04T05:16:22.573+0000] {logging_mixin.py:190} INFO - [I 2025-07-04 05:16:22,571] Trial 8 finished with value: 0.3695399743346206 and parameters: {'use_amount': False, 'use_is_night': False, 'use_is_weekend': True, 'use_transaction_day': False, 'use_amount_spent_last24h': True, 'use_prev_amount': False, 'use_user_activity_24h': True, 'use_user_transactions_per_minute': False, 'use_is_high_velocity': False, 'use_txn_count_last_5min': False, 'use_amount_to_avg_ratio': False, 'use_amount_to_avg_ratio_7d': False, 'use_amount_vs_median': False, 'use_amount_change_ratio': False, 'use_user_spending_ratio_last24h': False, 'use_transaction_hour': True, 'use_transaction_hour_sin': True, 'use_transaction_hour_cos': False, 'use_transaction_dayOfWeek': True, 'use_days_since_last_transaction': True, 'use_is_unusual_hour_for_user': True, 'use_time_diff': True, 'use_user_avg_transaction_interval': False, 'use_zscore_amount_per_user': False, 'use_burst_small_txn_count_last_min': True, 'use_user_transaction_amount_std': True, 'use_amount_7d_avg': True, 'use_user_total_spend_todate': True, 'use_merchant_risk': False, 'use_merchant': False, 'use_merchant_avg_fraud_rate': False, 'use_user_merchant_transaction_count': True, 'use_num_distinct_merchants_24h': True, 'use_is_location_anomalous': False, 'use_is_location_mismatch': False, 'max_depth': 7, 'learning_rate': 0.01070986850155395, 'subsample': 0.8134641115066829, 'colsample_bytree': 0.6645986938226146, 'gamma': 0.1666221626050408, 'reg_alpha': 0.12823821420505066}. Best is trial 4 with value: 0.44394963299159546.
[2025-07-04T05:16:22.573+0000] {logging_mixin.py:190} WARNING - Best trial: 4. Best value: 0.44395:  40%|####      | 8/20 [02:08<02:18, 11.52s/it]
[2025-07-04T05:16:22.578+0000] {logging_mixin.py:190} WARNING - Best trial: 4. Best value: 0.44395:  40%|####      | 8/20 [02:08<02:18, 11.52s/it]
[2025-07-04T05:16:22.578+0000] {logging_mixin.py:190} WARNING - Best trial: 4. Best value: 0.44395:  45%|####5     | 9/20 [02:08<02:45, 15.05s/it]
[2025-07-04T05:16:22.593+0000] {warnings.py:112} WARNING - /home/***/.local/lib/python3.12/site-packages/joblib/parallel.py:1379: UserWarning: Loky-backed parallel loops cannot be called in a multiprocessing, setting n_jobs=1
  n_jobs = self._backend.configure(

[2025-07-04T05:16:29.530+0000] {logging_mixin.py:190} WARNING -                                                                                   
[2025-07-04T05:16:29.531+0000] {logging_mixin.py:190} WARNING - 
