[2025-07-08T04:40:37.812+0000] {logging_mixin.py:190} INFO - [I 2025-07-08 04:40:37,810] Trial 2 finished with value: 0.18176038929720972 and parameters: {'use_amount': True, 'use_is_night': False, 'use_is_weekend': True, 'use_transaction_day': False, 'use_user_activity_24h': False, 'use_amount_to_avg_ratio': True, 'use_merchant_risk': True, 'use_merchant': True, 'max_depth': 5, 'learning_rate': 0.05338909941396487, 'subsample': 0.6963147852183806, 'colsample_bytree': 0.7010996702603558, 'gamma': 0.123358317365493, 'reg_alpha': 0.38085232550238923}. Best is trial 2 with value: 0.18176038929720972.
[2025-07-08T04:40:37.812+0000] {logging_mixin.py:190} WARNING - Best trial: 1. Best value: 0.124856:  10%|#         | 2/20 [00:52<06:09, 20.51s/it]
[2025-07-08T04:40:37.814+0000] {logging_mixin.py:190} WARNING - Best trial: 2. Best value: 0.18176:  10%|#         | 2/20 [00:52<06:09, 20.51s/it] 
[2025-07-08T04:40:37.815+0000] {logging_mixin.py:190} WARNING - Best trial: 2. Best value: 0.18176:  15%|#5        | 3/20 [00:52<04:56, 17.44s/it]
[2025-07-08T04:40:37.833+0000] {warnings.py:112} WARNING - /home/***/.local/lib/python3.12/site-packages/joblib/parallel.py:1379: UserWarning: Loky-backed parallel loops cannot be called in a multiprocessing, setting n_jobs=1
  n_jobs = self._backend.configure(

[2025-07-08T04:40:47.332+0000] {logging_mixin.py:190} WARNING -                                                                                   
[2025-07-08T04:40:47.333+0000] {logging_mixin.py:190} WARNING - 
[2025-07-08T04:40:47.333+0000] {logging_mixin.py:190} INFO - [I 2025-07-08 04:40:47,331] Trial 3 finished with value: 0.12375887123800176 and parameters: {'use_amount': False, 'use_is_night': False, 'use_is_weekend': False, 'use_transaction_day': False, 'use_user_activity_24h': True, 'use_amount_to_avg_ratio': True, 'use_merchant_risk': False, 'use_merchant': False, 'max_depth': 5, 'learning_rate': 0.028872226237744745, 'subsample': 0.8346911119139558, 'colsample_bytree': 0.8248545485910439, 'gamma': 0.16660884432703002, 'reg_alpha': 0.20396469722059912}. Best is trial 2 with value: 0.18176038929720972.
[2025-07-08T04:40:47.334+0000] {logging_mixin.py:190} WARNING - Best trial: 2. Best value: 0.18176:  15%|#5        | 3/20 [01:01<04:56, 17.44s/it]
[2025-07-08T04:40:47.335+0000] {logging_mixin.py:190} WARNING - Best trial: 2. Best value: 0.18176:  15%|#5        | 3/20 [01:01<04:56, 17.44s/it]
[2025-07-08T04:40:47.336+0000] {logging_mixin.py:190} WARNING - Best trial: 2. Best value: 0.18176:  20%|##        | 4/20 [01:01<03:49, 14.31s/it]
[2025-07-08T04:40:47.356+0000] {warnings.py:112} WARNING - /home/***/.local/lib/python3.12/site-packages/joblib/parallel.py:1379: UserWarning: Loky-backed parallel loops cannot be called in a multiprocessing, setting n_jobs=1
  n_jobs = self._backend.configure(

[2025-07-08T04:41:06.916+0000] {logging_mixin.py:190} WARNING -                                                                                   
[2025-07-08T04:41:06.917+0000] {logging_mixin.py:190} WARNING - 
[2025-07-08T04:41:06.917+0000] {logging_mixin.py:190} INFO - [I 2025-07-08 04:41:06,915] Trial 4 finished with value: 0.11443805752827847 and parameters: {'use_amount': False, 'use_is_night': True, 'use_is_weekend': False, 'use_transaction_day': True, 'use_user_activity_24h': True, 'use_amount_to_avg_ratio': True, 'use_merchant_risk': False, 'use_merchant': False, 'max_depth': 5, 'learning_rate': 0.022614778074384327, 'subsample': 0.9556670355471166, 'colsample_bytree': 0.7644293155084311, 'gamma': 0.10221651856983814, 'reg_alpha': 0.15696348849149222}. Best is trial 2 with value: 0.18176038929720972.
[2025-07-08T04:41:06.918+0000] {logging_mixin.py:190} WARNING - Best trial: 2. Best value: 0.18176:  20%|##        | 4/20 [01:21<03:49, 14.31s/it]
[2025-07-08T04:41:06.921+0000] {logging_mixin.py:190} WARNING - Best trial: 2. Best value: 0.18176:  20%|##        | 4/20 [01:21<03:49, 14.31s/it]
[2025-07-08T04:41:06.922+0000] {logging_mixin.py:190} WARNING - Best trial: 2. Best value: 0.18176:  25%|##5       | 5/20 [01:21<04:03, 16.22s/it]
[2025-07-08T04:41:06.945+0000] {warnings.py:112} WARNING - /home/***/.local/lib/python3.12/site-packages/joblib/parallel.py:1379: UserWarning: Loky-backed parallel loops cannot be called in a multiprocessing, setting n_jobs=1
  n_jobs = self._backend.configure(

[2025-07-08T04:41:16.766+0000] {logging_mixin.py:190} WARNING -                                                                                   
[2025-07-08T04:41:16.767+0000] {logging_mixin.py:190} WARNING - 
[2025-07-08T04:41:16.767+0000] {logging_mixin.py:190} INFO - [I 2025-07-08 04:41:16,765] Trial 5 finished with value: 0.14091819795334057 and parameters: {'use_amount': True, 'use_is_night': True, 'use_is_weekend': True, 'use_transaction_day': False, 'use_user_activity_24h': False, 'use_amount_to_avg_ratio': True, 'use_merchant_risk': True, 'use_merchant': True, 'max_depth': 3, 'learning_rate': 0.06974500357397467, 'subsample': 0.6063197888708094, 'colsample_bytree': 0.9048464172373, 'gamma': 0.07612606856221718, 'reg_alpha': 0.36191805110546804}. Best is trial 2 with value: 0.18176038929720972.
[2025-07-08T04:41:16.768+0000] {logging_mixin.py:190} WARNING - Best trial: 2. Best value: 0.18176:  25%|##5       | 5/20 [01:31<04:03, 16.22s/it]
[2025-07-08T04:41:16.770+0000] {logging_mixin.py:190} WARNING - Best trial: 2. Best value: 0.18176:  25%|##5       | 5/20 [01:31<04:03, 16.22s/it]
[2025-07-08T04:41:16.771+0000] {logging_mixin.py:190} WARNING - Best trial: 2. Best value: 0.18176:  30%|###       | 6/20 [01:31<03:16, 14.05s/it]
[2025-07-08T04:41:16.796+0000] {warnings.py:112} WARNING - /home/***/.local/lib/python3.12/site-packages/joblib/parallel.py:1379: UserWarning: Loky-backed parallel loops cannot be called in a multiprocessing, setting n_jobs=1
  n_jobs = self._backend.configure(

[2025-07-08T04:41:35.813+0000] {logging_mixin.py:190} WARNING -                                                                                   
[2025-07-08T04:41:35.813+0000] {logging_mixin.py:190} WARNING - 
[2025-07-08T04:41:35.814+0000] {logging_mixin.py:190} INFO - [I 2025-07-08 04:41:35,812] Trial 6 finished with value: 0.29850102488929037 and parameters: {'use_amount': True, 'use_is_night': False, 'use_is_weekend': True, 'use_transaction_day': False, 'use_user_activity_24h': False, 'use_amount_to_avg_ratio': False, 'use_merchant_risk': True, 'use_merchant': False, 'max_depth': 7, 'learning_rate': 0.07197570410537057, 'subsample': 0.7938604330276751, 'colsample_bytree': 0.9148309946427131, 'gamma': 0.24271645701241493, 'reg_alpha': 0.08396453250661728}. Best is trial 6 with value: 0.29850102488929037.
[2025-07-08T04:41:35.814+0000] {logging_mixin.py:190} WARNING - Best trial: 2. Best value: 0.18176:  30%|###       | 6/20 [01:50<03:16, 14.05s/it]
[2025-07-08T04:41:35.816+0000] {logging_mixin.py:190} WARNING - Best trial: 6. Best value: 0.298501:  30%|###       | 6/20 [01:50<03:16, 14.05s/it]
[2025-07-08T04:41:35.817+0000] {logging_mixin.py:190} WARNING - Best trial: 6. Best value: 0.298501:  35%|###5      | 7/20 [01:50<03:23, 15.68s/it]
[2025-07-08T04:41:35.840+0000] {warnings.py:112} WARNING - /home/***/.local/lib/python3.12/site-packages/joblib/parallel.py:1379: UserWarning: Loky-backed parallel loops cannot be called in a multiprocessing, setting n_jobs=1
  n_jobs = self._backend.configure(

[2025-07-08T04:41:48.771+0000] {logging_mixin.py:190} WARNING -                                                                                    
[2025-07-08T04:41:48.772+0000] {logging_mixin.py:190} WARNING - 
[2025-07-08T04:41:48.773+0000] {logging_mixin.py:190} INFO - [I 2025-07-08 04:41:48,771] Trial 7 finished with value: 0.11167546498177355 and parameters: {'use_amount': False, 'use_is_night': True, 'use_is_weekend': True, 'use_transaction_day': False, 'use_user_activity_24h': True, 'use_amount_to_avg_ratio': True, 'use_merchant_risk': False, 'use_merchant': False, 'max_depth': 7, 'learning_rate': 0.011518636057375234, 'subsample': 0.9054908814583521, 'colsample_bytree': 0.7144067628839259, 'gamma': 0.14398802264236107, 'reg_alpha': 0.07712073472093883}. Best is trial 6 with value: 0.29850102488929037.
[2025-07-08T04:41:48.773+0000] {logging_mixin.py:190} WARNING - Best trial: 6. Best value: 0.298501:  35%|###5      | 7/20 [02:03<03:23, 15.68s/it]
[2025-07-08T04:41:48.775+0000] {logging_mixin.py:190} WARNING - Best trial: 6. Best value: 0.298501:  35%|###5      | 7/20 [02:03<03:23, 15.68s/it]
[2025-07-08T04:41:48.775+0000] {logging_mixin.py:190} WARNING - Best trial: 6. Best value: 0.298501:  40%|####      | 8/20 [02:03<02:57, 14.82s/it]
[2025-07-08T04:41:48.792+0000] {warnings.py:112} WARNING - /home/***/.local/lib/python3.12/site-packages/joblib/parallel.py:1379: UserWarning: Loky-backed parallel loops cannot be called in a multiprocessing, setting n_jobs=1
  n_jobs = self._backend.configure(

[2025-07-08T04:41:58.204+0000] {logging_mixin.py:190} WARNING -                                                                                    
[2025-07-08T04:41:58.204+0000] {logging_mixin.py:190} WARNING - 
[2025-07-08T04:41:58.205+0000] {logging_mixin.py:190} INFO - [I 2025-07-08 04:41:58,203] Trial 8 finished with value: 0.11750475003675949 and parameters: {'use_amount': False, 'use_is_night': False, 'use_is_weekend': True, 'use_transaction_day': False, 'use_user_activity_24h': False, 'use_amount_to_avg_ratio': False, 'use_merchant_risk': False, 'use_merchant': False, 'max_depth': 4, 'learning_rate': 0.03505436762410836, 'subsample': 0.713154405852986, 'colsample_bytree': 0.6761106800737321, 'gamma': 0.06395648599368138, 'reg_alpha': 0.004780971661126399}. Best is trial 6 with value: 0.29850102488929037.
[2025-07-08T04:41:58.206+0000] {logging_mixin.py:190} WARNING - Best trial: 6. Best value: 0.298501:  40%|####      | 8/20 [02:12<02:57, 14.82s/it]
[2025-07-08T04:41:58.207+0000] {logging_mixin.py:190} WARNING - Best trial: 6. Best value: 0.298501:  40%|####      | 8/20 [02:12<02:57, 14.82s/it]
[2025-07-08T04:41:58.207+0000] {logging_mixin.py:190} WARNING - Best trial: 6. Best value: 0.298501:  45%|####5     | 9/20 [02:12<02:24, 13.13s/it]
[2025-07-08T04:41:58.224+0000] {warnings.py:112} WARNING - /home/***/.local/lib/python3.12/site-packages/joblib/parallel.py:1379: UserWarning: Loky-backed parallel loops cannot be called in a multiprocessing, setting n_jobs=1
  n_jobs = self._backend.configure(

[2025-07-08T04:42:17.228+0000] {logging_mixin.py:190} WARNING -                                                                                    
[2025-07-08T04:42:17.229+0000] {logging_mixin.py:190} WARNING - 
[2025-07-08T04:42:17.229+0000] {logging_mixin.py:190} INFO - [I 2025-07-08 04:42:17,227] Trial 9 finished with value: 0.10788453761695638 and parameters: {'use_amount': False, 'use_is_night': False, 'use_is_weekend': True, 'use_transaction_day': False, 'use_user_activity_24h': False, 'use_amount_to_avg_ratio': False, 'use_merchant_risk': False, 'use_merchant': True, 'max_depth': 6, 'learning_rate': 0.012390756373038703, 'subsample': 0.8569662080000888, 'colsample_bytree': 0.9776949863622894, 'gamma': 0.16363081844302593, 'reg_alpha': 0.3011508683034473}. Best is trial 6 with value: 0.29850102488929037.
[2025-07-08T04:42:17.229+0000] {logging_mixin.py:190} WARNING - Best trial: 6. Best value: 0.298501:  45%|####5     | 9/20 [02:31<02:24, 13.13s/it]
[2025-07-08T04:42:17.231+0000] {logging_mixin.py:190} WARNING - Best trial: 6. Best value: 0.298501:  45%|####5     | 9/20 [02:31<02:24, 13.13s/it]
[2025-07-08T04:42:17.231+0000] {logging_mixin.py:190} WARNING - Best trial: 6. Best value: 0.298501:  50%|#####     | 10/20 [02:31<02:29, 14.95s/it]
[2025-07-08T04:42:17.280+0000] {warnings.py:112} WARNING - /home/***/.local/lib/python3.12/site-packages/joblib/parallel.py:1379: UserWarning: Loky-backed parallel loops cannot be called in a multiprocessing, setting n_jobs=1
  n_jobs = self._backend.configure(

[2025-07-08T04:42:41.642+0000] {logging_mixin.py:190} WARNING -                                                                                     
[2025-07-08T04:42:41.643+0000] {logging_mixin.py:190} WARNING - 
[2025-07-08T04:42:41.643+0000] {logging_mixin.py:190} INFO - [I 2025-07-08 04:42:41,642] Trial 10 finished with value: 0.34518995811371384 and parameters: {'use_amount': True, 'use_is_night': False, 'use_is_weekend': False, 'use_transaction_day': True, 'use_user_activity_24h': False, 'use_amount_to_avg_ratio': False, 'use_merchant_risk': True, 'use_merchant': False, 'max_depth': 7, 'learning_rate': 0.08591326438207943, 'subsample': 0.7763033811562441, 'colsample_bytree': 0.9971381339799399, 'gamma': 0.2984865649663181, 'reg_alpha': 0.11381869872016327}. Best is trial 10 with value: 0.34518995811371384.
[2025-07-08T04:42:41.644+0000] {logging_mixin.py:190} WARNING - Best trial: 6. Best value: 0.298501:  50%|#####     | 10/20 [02:56<02:29, 14.95s/it]
[2025-07-08T04:42:41.646+0000] {logging_mixin.py:190} WARNING - Best trial: 10. Best value: 0.34519:  50%|#####     | 10/20 [02:56<02:29, 14.95s/it]
[2025-07-08T04:42:41.646+0000] {logging_mixin.py:190} WARNING - Best trial: 10. Best value: 0.34519:  55%|#####5    | 11/20 [02:56<02:40, 17.85s/it]
[2025-07-08T04:42:41.700+0000] {warnings.py:112} WARNING - /home/***/.local/lib/python3.12/site-packages/joblib/parallel.py:1379: UserWarning: Loky-backed parallel loops cannot be called in a multiprocessing, setting n_jobs=1
  n_jobs = self._backend.configure(

[2025-07-08T04:42:53.490+0000] {logging_mixin.py:190} WARNING -                                                                                     
[2025-07-08T04:42:53.491+0000] {logging_mixin.py:190} WARNING - 
[2025-07-08T04:42:53.491+0000] {logging_mixin.py:190} INFO - [I 2025-07-08 04:42:53,490] Trial 11 finished with value: 0.35670688533166744 and parameters: {'use_amount': True, 'use_is_night': False, 'use_is_weekend': False, 'use_transaction_day': True, 'use_user_activity_24h': False, 'use_amount_to_avg_ratio': False, 'use_merchant_risk': True, 'use_merchant': False, 'max_depth': 7, 'learning_rate': 0.09630444835683578, 'subsample': 0.7743311771863716, 'colsample_bytree': 0.9821694712210064, 'gamma': 0.28546692892352316, 'reg_alpha': 0.11724279678986912}. Best is trial 11 with value: 0.35670688533166744.
[2025-07-08T04:42:53.492+0000] {logging_mixin.py:190} WARNING - Best trial: 10. Best value: 0.34519:  55%|#####5    | 11/20 [03:08<02:40, 17.85s/it]
[2025-07-08T04:42:53.493+0000] {logging_mixin.py:190} WARNING - Best trial: 11. Best value: 0.356707:  55%|#####5    | 11/20 [03:08<02:40, 17.85s/it]
[2025-07-08T04:42:53.494+0000] {logging_mixin.py:190} WARNING - Best trial: 11. Best value: 0.356707:  60%|######    | 12/20 [03:08<02:08, 16.02s/it]
[2025-07-08T04:42:53.535+0000] {warnings.py:112} WARNING - /home/***/.local/lib/python3.12/site-packages/joblib/parallel.py:1379: UserWarning: Loky-backed parallel loops cannot be called in a multiprocessing, setting n_jobs=1
  n_jobs = self._backend.configure(

[2025-07-08T04:43:03.688+0000] {logging_mixin.py:190} WARNING -                                                                                      
[2025-07-08T04:43:03.689+0000] {logging_mixin.py:190} WARNING - 
[2025-07-08T04:43:03.689+0000] {logging_mixin.py:190} INFO - [I 2025-07-08 04:43:03,688] Trial 12 finished with value: 0.34031903470606983 and parameters: {'use_amount': True, 'use_is_night': False, 'use_is_weekend': False, 'use_transaction_day': True, 'use_user_activity_24h': False, 'use_amount_to_avg_ratio': False, 'use_merchant_risk': True, 'use_merchant': False, 'max_depth': 6, 'learning_rate': 0.0993909172429162, 'subsample': 0.7779279297702048, 'colsample_bytree': 0.9839828667957431, 'gamma': 0.2979014595124883, 'reg_alpha': 0.14335923150026328}. Best is trial 11 with value: 0.35670688533166744.
[2025-07-08T04:43:03.690+0000] {logging_mixin.py:190} WARNING - Best trial: 11. Best value: 0.356707:  60%|######    | 12/20 [03:18<02:08, 16.02s/it]
[2025-07-08T04:43:03.691+0000] {logging_mixin.py:190} WARNING - Best trial: 11. Best value: 0.356707:  60%|######    | 12/20 [03:18<02:08, 16.02s/it]
[2025-07-08T04:43:03.692+0000] {logging_mixin.py:190} WARNING - Best trial: 11. Best value: 0.356707:  65%|######5   | 13/20 [03:18<01:39, 14.26s/it]
[2025-07-08T04:43:03.734+0000] {warnings.py:112} WARNING - /home/***/.local/lib/python3.12/site-packages/joblib/parallel.py:1379: UserWarning: Loky-backed parallel loops cannot be called in a multiprocessing, setting n_jobs=1
  n_jobs = self._backend.configure(

[2025-07-08T04:43:22.268+0000] {logging_mixin.py:190} WARNING -                                                                                      
[2025-07-08T04:43:22.268+0000] {logging_mixin.py:190} WARNING - 
[2025-07-08T04:43:22.269+0000] {logging_mixin.py:190} INFO - [I 2025-07-08 04:43:22,267] Trial 13 finished with value: 0.35372234026721033 and parameters: {'use_amount': True, 'use_is_night': False, 'use_is_weekend': False, 'use_transaction_day': True, 'use_user_activity_24h': False, 'use_amount_to_avg_ratio': False, 'use_merchant_risk': True, 'use_merchant': False, 'max_depth': 7, 'learning_rate': 0.09394565153053831, 'subsample': 0.748698514867802, 'colsample_bytree': 0.9875990664502742, 'gamma': 0.22897809463130703, 'reg_alpha': 0.0038399375902243293}. Best is trial 11 with value: 0.35670688533166744.
[2025-07-08T04:43:22.269+0000] {logging_mixin.py:190} WARNING - Best trial: 11. Best value: 0.356707:  65%|######5   | 13/20 [03:36<01:39, 14.26s/it]
[2025-07-08T04:43:22.271+0000] {logging_mixin.py:190} WARNING - Best trial: 11. Best value: 0.356707:  65%|######5   | 13/20 [03:36<01:39, 14.26s/it]
[2025-07-08T04:43:22.271+0000] {logging_mixin.py:190} WARNING - Best trial: 11. Best value: 0.356707:  70%|#######   | 14/20 [03:36<01:33, 15.56s/it]
[2025-07-08T04:43:22.314+0000] {warnings.py:112} WARNING - /home/***/.local/lib/python3.12/site-packages/joblib/parallel.py:1379: UserWarning: Loky-backed parallel loops cannot be called in a multiprocessing, setting n_jobs=1
  n_jobs = self._backend.configure(

[2025-07-08T04:43:33.236+0000] {logging_mixin.py:190} WARNING -                                                                                      
[2025-07-08T04:43:33.236+0000] {logging_mixin.py:190} WARNING - 
[2025-07-08T04:43:33.237+0000] {logging_mixin.py:190} INFO - [I 2025-07-08 04:43:33,235] Trial 14 finished with value: 0.24712883459545898 and parameters: {'use_amount': True, 'use_is_night': False, 'use_is_weekend': False, 'use_transaction_day': True, 'use_user_activity_24h': False, 'use_amount_to_avg_ratio': False, 'use_merchant_risk': True, 'use_merchant': False, 'max_depth': 6, 'learning_rate': 0.044284274520110425, 'subsample': 0.6434406076177508, 'colsample_bytree': 0.9302311001841536, 'gamma': 0.22141369374949263, 'reg_alpha': 0.013363391300002206}. Best is trial 11 with value: 0.35670688533166744.
[2025-07-08T04:43:33.237+0000] {logging_mixin.py:190} WARNING - Best trial: 11. Best value: 0.356707:  70%|#######   | 14/20 [03:47<01:33, 15.56s/it]
[2025-07-08T04:43:33.239+0000] {logging_mixin.py:190} WARNING - Best trial: 11. Best value: 0.356707:  70%|#######   | 14/20 [03:47<01:33, 15.56s/it]
[2025-07-08T04:43:33.239+0000] {logging_mixin.py:190} WARNING - Best trial: 11. Best value: 0.356707:  75%|#######5  | 15/20 [03:47<01:10, 14.18s/it]
[2025-07-08T04:43:33.282+0000] {warnings.py:112} WARNING - /home/***/.local/lib/python3.12/site-packages/joblib/parallel.py:1379: UserWarning: Loky-backed parallel loops cannot be called in a multiprocessing, setting n_jobs=1
  n_jobs = self._backend.configure(

[2025-07-08T04:43:53.632+0000] {logging_mixin.py:190} WARNING -                                                                                      
[2025-07-08T04:43:53.633+0000] {logging_mixin.py:190} WARNING - 
[2025-07-08T04:43:53.634+0000] {logging_mixin.py:190} INFO - [I 2025-07-08 04:43:53,632] Trial 15 finished with value: 0.13656349479471744 and parameters: {'use_amount': True, 'use_is_night': False, 'use_is_weekend': False, 'use_transaction_day': True, 'use_user_activity_24h': False, 'use_amount_to_avg_ratio': False, 'use_merchant_risk': True, 'use_merchant': False, 'max_depth': 7, 'learning_rate': 0.018774511369856143, 'subsample': 0.7434658617751231, 'colsample_bytree': 0.8343936777277681, 'gamma': 0.0024115483670620885, 'reg_alpha': 0.05226673766975996}. Best is trial 11 with value: 0.35670688533166744.
[2025-07-08T04:43:53.634+0000] {logging_mixin.py:190} WARNING - Best trial: 11. Best value: 0.356707:  75%|#######5  | 15/20 [04:08<01:10, 14.18s/it]
[2025-07-08T04:43:53.636+0000] {logging_mixin.py:190} WARNING - Best trial: 11. Best value: 0.356707:  75%|#######5  | 15/20 [04:08<01:10, 14.18s/it]
[2025-07-08T04:43:53.636+0000] {logging_mixin.py:190} WARNING - Best trial: 11. Best value: 0.356707:  80%|########  | 16/20 [04:08<01:04, 16.05s/it]
[2025-07-08T04:43:53.684+0000] {warnings.py:112} WARNING - /home/***/.local/lib/python3.12/site-packages/joblib/parallel.py:1379: UserWarning: Loky-backed parallel loops cannot be called in a multiprocessing, setting n_jobs=1
  n_jobs = self._backend.configure(

[2025-07-08T04:44:04.700+0000] {logging_mixin.py:190} WARNING -                                                                                      
[2025-07-08T04:44:04.700+0000] {logging_mixin.py:190} WARNING - 
