[2025-07-08T04:44:04.701+0000] {logging_mixin.py:190} INFO - [I 2025-07-08 04:44:04,699] Trial 16 finished with value: 0.3402323901767399 and parameters: {'use_amount': True, 'use_is_night': False, 'use_is_weekend': False, 'use_transaction_day': True, 'use_user_activity_24h': False, 'use_amount_to_avg_ratio': False, 'use_merchant_risk': True, 'use_merchant': False, 'max_depth': 6, 'learning_rate': 0.09781593449482723, 'subsample': 0.6677338829278018, 'colsample_bytree': 0.946754050139168, 'gamma': 0.20414751909791806, 'reg_alpha': 0.21319989362414632}. Best is trial 11 with value: 0.35670688533166744.
[2025-07-08T04:44:04.701+0000] {logging_mixin.py:190} WARNING - Best trial: 11. Best value: 0.356707:  80%|########  | 16/20 [04:19<01:04, 16.05s/it]
[2025-07-08T04:44:04.703+0000] {logging_mixin.py:190} WARNING - Best trial: 11. Best value: 0.356707:  80%|########  | 16/20 [04:19<01:04, 16.05s/it]
[2025-07-08T04:44:04.704+0000] {logging_mixin.py:190} WARNING - Best trial: 11. Best value: 0.356707:  85%|########5 | 17/20 [04:19<00:43, 14.55s/it]
[2025-07-08T04:44:04.768+0000] {warnings.py:112} WARNING - /home/***/.local/lib/python3.12/site-packages/joblib/parallel.py:1379: UserWarning: Loky-backed parallel loops cannot be called in a multiprocessing, setting n_jobs=1
  n_jobs = self._backend.configure(

[2025-07-08T04:44:27.295+0000] {logging_mixin.py:190} WARNING -                                                                                      
[2025-07-08T04:44:27.296+0000] {logging_mixin.py:190} WARNING - 
[2025-07-08T04:44:27.297+0000] {logging_mixin.py:190} INFO - [I 2025-07-08 04:44:27,294] Trial 17 finished with value: 0.3007380141555707 and parameters: {'use_amount': True, 'use_is_night': False, 'use_is_weekend': False, 'use_transaction_day': True, 'use_user_activity_24h': False, 'use_amount_to_avg_ratio': False, 'use_merchant_risk': True, 'use_merchant': False, 'max_depth': 7, 'learning_rate': 0.04520943028715155, 'subsample': 0.8658909820476501, 'colsample_bytree': 0.8833917372769926, 'gamma': 0.2516330158677899, 'reg_alpha': 0.17981906101900125}. Best is trial 11 with value: 0.35670688533166744.
[2025-07-08T04:44:27.297+0000] {logging_mixin.py:190} WARNING - Best trial: 11. Best value: 0.356707:  85%|########5 | 17/20 [04:41<00:43, 14.55s/it]
[2025-07-08T04:44:27.300+0000] {logging_mixin.py:190} WARNING - Best trial: 11. Best value: 0.356707:  85%|########5 | 17/20 [04:41<00:43, 14.55s/it]
[2025-07-08T04:44:27.300+0000] {logging_mixin.py:190} WARNING - Best trial: 11. Best value: 0.356707:  90%|######### | 18/20 [04:41<00:33, 16.97s/it]
[2025-07-08T04:44:27.363+0000] {warnings.py:112} WARNING - /home/***/.local/lib/python3.12/site-packages/joblib/parallel.py:1379: UserWarning: Loky-backed parallel loops cannot be called in a multiprocessing, setting n_jobs=1
  n_jobs = self._backend.configure(

[2025-07-08T04:44:41.027+0000] {logging_mixin.py:190} WARNING -                                                                                      
[2025-07-08T04:44:41.028+0000] {logging_mixin.py:190} WARNING - 
[2025-07-08T04:44:41.028+0000] {logging_mixin.py:190} INFO - [I 2025-07-08 04:44:41,026] Trial 18 finished with value: 0.33007862959094897 and parameters: {'use_amount': True, 'use_is_night': True, 'use_is_weekend': False, 'use_transaction_day': True, 'use_user_activity_24h': False, 'use_amount_to_avg_ratio': False, 'use_merchant_risk': True, 'use_merchant': False, 'max_depth': 6, 'learning_rate': 0.07559120993060162, 'subsample': 0.8227551718922652, 'colsample_bytree': 0.7664312703795844, 'gamma': 0.19667675993100592, 'reg_alpha': 0.2490772358750624}. Best is trial 11 with value: 0.35670688533166744.
[2025-07-08T04:44:41.028+0000] {logging_mixin.py:190} WARNING - Best trial: 11. Best value: 0.356707:  90%|######### | 18/20 [04:55<00:33, 16.97s/it]
[2025-07-08T04:44:41.030+0000] {logging_mixin.py:190} WARNING - Best trial: 11. Best value: 0.356707:  90%|######### | 18/20 [04:55<00:33, 16.97s/it]
[2025-07-08T04:44:41.031+0000] {logging_mixin.py:190} WARNING - Best trial: 11. Best value: 0.356707:  95%|#########5| 19/20 [04:55<00:15, 16.00s/it]
[2025-07-08T04:44:41.093+0000] {warnings.py:112} WARNING - /home/***/.local/lib/python3.12/site-packages/joblib/parallel.py:1379: UserWarning: Loky-backed parallel loops cannot be called in a multiprocessing, setting n_jobs=1
  n_jobs = self._backend.configure(

[2025-07-08T04:44:59.900+0000] {logging_mixin.py:190} WARNING -                                                                                      
[2025-07-08T04:44:59.901+0000] {logging_mixin.py:190} WARNING - 
[2025-07-08T04:44:59.901+0000] {logging_mixin.py:190} INFO - [I 2025-07-08 04:44:59,899] Trial 19 finished with value: 0.18695736031786628 and parameters: {'use_amount': True, 'use_is_night': False, 'use_is_weekend': False, 'use_transaction_day': True, 'use_user_activity_24h': False, 'use_amount_to_avg_ratio': False, 'use_merchant_risk': True, 'use_merchant': False, 'max_depth': 4, 'learning_rate': 0.05951551197945365, 'subsample': 0.7528929579016069, 'colsample_bytree': 0.9561330162214696, 'gamma': 0.2677509298148476, 'reg_alpha': 0.49467888703072166}. Best is trial 11 with value: 0.35670688533166744.
[2025-07-08T04:44:59.902+0000] {logging_mixin.py:190} WARNING - Best trial: 11. Best value: 0.356707:  95%|#########5| 19/20 [05:14<00:15, 16.00s/it]
[2025-07-08T04:44:59.903+0000] {logging_mixin.py:190} WARNING - Best trial: 11. Best value: 0.356707:  95%|#########5| 19/20 [05:14<00:15, 16.00s/it]
[2025-07-08T04:44:59.904+0000] {logging_mixin.py:190} WARNING - Best trial: 11. Best value: 0.356707: 100%|##########| 20/20 [05:14<00:00, 16.86s/it]
[2025-07-08T04:44:59.904+0000] {logging_mixin.py:190} WARNING - Best trial: 11. Best value: 0.356707: 100%|##########| 20/20 [05:14<00:00, 15.72s/it]
[2025-07-08T04:44:59.905+0000] {fraud_detection_training.py:522} INFO - Best hyperparameters using Optuna: {'use_amount': True, 'use_is_night': False, 'use_is_weekend': False, 'use_transaction_day': True, 'use_user_activity_24h': False, 'use_amount_to_avg_ratio': False, 'use_merchant_risk': True, 'use_merchant': False, 'max_depth': 7, 'learning_rate': 0.09630444835683578, 'subsample': 0.7743311771863716, 'colsample_bytree': 0.9821694712210064, 'gamma': 0.28546692892352316, 'reg_alpha': 0.11724279678986912}
[2025-07-08T04:45:01.266+0000] {warnings.py:112} WARNING - /home/***/.local/lib/python3.12/site-packages/xgboost/training.py:183: UserWarning: [04:45:01] WARNING: /workspace/src/learner.cc:738: 
Parameters: { "use_amount", "use_amount_to_avg_ratio", "use_is_night", "use_is_weekend", "use_merchant", "use_merchant_risk", "use_transaction_day", "use_user_activity_24h" } are not used.

  bst.update(dtrain, iteration=i, fobj=obj)

[2025-07-08T04:45:02.991+0000] {credentials.py:1147} INFO - Found credentials in environment variables.
[2025-07-08T04:45:04.300+0000] {fraud_detection_training.py:587} INFO - Optimal threhsold determined: 0.7856
[2025-07-08T04:45:10.117+0000] {warnings.py:112} WARNING - /home/***/.local/lib/python3.12/site-packages/mlflow/types/utils.py:452: UserWarning: Hint: Inferred schema contains integer column(s). Integer columns in Python cannot represent missing values. If your input data contains missing values at inference time, it will be encoded as floats and will cause a schema enforcement error. The best way to avoid this problem is to infer the model schema based on a realistic data sample (training dataset) that includes missing values. Alternatively, you can declare integer columns as doubles (float64) whenever these columns may have missing values. See `Handling Integers With Missing Values <https://www.mlflow.org/docs/latest/models.html#handling-integers-with-missing-values>`_ for more details.
  warnings.warn(

[2025-07-08T04:45:10.127+0000] {logging_mixin.py:190} WARNING - 2025/07/08 04:45:10 WARNING mlflow.models.model: `artifact_path` is deprecated. Please use `name` instead.
[2025-07-08T04:45:20.737+0000] {logging_mixin.py:190} WARNING - Registered model 'fraud_detection_model' already exists. Creating a new version of this model...
[2025-07-08T04:45:20.852+0000] {logging_mixin.py:190} WARNING - 2025/07/08 04:45:20 INFO mlflow.store.model_registry.abstract_store: Waiting up to 300 seconds for model version to finish creation. Model name: fraud_detection_model, version 8
[2025-07-08T04:45:20.852+0000] {logging_mixin.py:190} WARNING - Created version '8' of model 'fraud_detection_model'.
[2025-07-08T04:45:21.133+0000] {fraud_detection_training.py:670} INFO - Training successfully completed with metrics: {'auc_pr': 0.4431530611727353, 'precision': 0.9789473684210527, 'recall': 0.43457943925233644, 'f1': 0.6019417475728155, 'threshold': 0.785560667514801}
[2025-07-08T04:45:21.164+0000] {logging_mixin.py:190} INFO - 🏃 View run indecisive-bat-591 at: http://mlflow-server:5500/#/experiments/1/runs/baf496ec05b04de3958859e1f82cbf42
[2025-07-08T04:45:21.164+0000] {logging_mixin.py:190} INFO - 🧪 View experiment at: http://mlflow-server:5500/#/experiments/1
[2025-07-08T04:45:21.345+0000] {python.py:240} INFO - Done. Returned value was: {'status': 'success', 'precision': {'auc_pr': 0.4431530611727353, 'precision': 0.9789473684210527, 'recall': 0.43457943925233644, 'f1': 0.6019417475728155, 'threshold': 0.785560667514801}}
[2025-07-08T04:45:21.395+0000] {taskinstance.py:341} INFO - ::group::Post task execution logs
[2025-07-08T04:45:21.396+0000] {taskinstance.py:353} INFO - Marking task as SUCCESS. dag_id=fraud_detection_training, task_id=execute_training, run_id=scheduled__2025-07-07T03:00:00+00:00, execution_date=20250707T030000, start_date=20250708T042745, end_date=20250708T044521
[2025-07-08T04:45:21.565+0000] {local_task_job_runner.py:266} INFO - Task exited with return code 0
[2025-07-08T04:45:21.839+0000] {taskinstance.py:3901} INFO - 1 downstream tasks scheduled from follow-on schedule check
[2025-07-08T04:45:21.844+0000] {local_task_job_runner.py:245} INFO - ::endgroup::
