[2025-07-07T03:00:07.151+0000] {local_task_job_runner.py:123} INFO - ::group::Pre task execution logs
[2025-07-07T03:00:07.207+0000] {taskinstance.py:2614} INFO - Dependencies all met for dep_context=non-requeueable deps ti=<TaskInstance: fraud_detection_training.execute_training scheduled__2025-07-06T03:00:00+00:00 [queued]>
[2025-07-07T03:00:07.227+0000] {taskinstance.py:2614} INFO - Dependencies all met for dep_context=requeueable deps ti=<TaskInstance: fraud_detection_training.execute_training scheduled__2025-07-06T03:00:00+00:00 [queued]>
[2025-07-07T03:00:07.228+0000] {taskinstance.py:2867} INFO - Starting attempt 1 of 1
[2025-07-07T03:00:07.252+0000] {taskinstance.py:2890} INFO - Executing <Task(PythonOperator): execute_training> on 2025-07-06 03:00:00+00:00
[2025-07-07T03:00:07.265+0000] {warnings.py:112} WARNING - /home/***/.local/lib/python3.12/site-packages/***/task/task_runner/standard_task_runner.py:70: DeprecationWarning: This process (pid=2810) is multi-threaded, use of fork() may lead to deadlocks in the child.
  pid = os.fork()

[2025-07-07T03:00:07.270+0000] {standard_task_runner.py:72} INFO - Started process 2811 to run task
[2025-07-07T03:00:07.267+0000] {standard_task_runner.py:104} INFO - Running: ['***', 'tasks', 'run', 'fraud_detection_training', 'execute_training', 'scheduled__2025-07-06T03:00:00+00:00', '--job-id', '38', '--raw', '--subdir', 'DAGS_FOLDER/fraud_detection_training_dag.py', '--cfg-path', '/tmp/tmpagp8qhn4']
[2025-07-07T03:00:07.283+0000] {standard_task_runner.py:105} INFO - Job 38: Subtask execute_training
[2025-07-07T03:00:07.361+0000] {task_command.py:467} INFO - Running <TaskInstance: fraud_detection_training.execute_training scheduled__2025-07-06T03:00:00+00:00 [running]> on host 7a027e09132a
[2025-07-07T03:00:07.506+0000] {taskinstance.py:3134} INFO - Exporting env vars: AIRFLOW_CTX_DAG_OWNER='Jasjot Parmar' AIRFLOW_CTX_DAG_ID='fraud_detection_training' AIRFLOW_CTX_TASK_ID='execute_training' AIRFLOW_CTX_EXECUTION_DATE='2025-07-06T03:00:00+00:00' AIRFLOW_CTX_TRY_NUMBER='1' AIRFLOW_CTX_DAG_RUN_ID='scheduled__2025-07-06T03:00:00+00:00'
[2025-07-07T03:00:07.508+0000] {taskinstance.py:732} INFO - ::endgroup::
[2025-07-07T03:00:07.554+0000] {fraud_detection_training_dag.py:23} INFO - Initializing fraud detection training...
[2025-07-07T03:00:16.846+0000] {fraud_detection_training_dag.py:26} INFO - Imported FraudDetectionTraining successfully.
[2025-07-07T03:00:16.870+0000] {fraud_detection_training.py:75} INFO - Configuration loaded successfully
[2025-07-07T03:00:17.520+0000] {fraud_detection_training.py:106} INFO - Minio connection verified. Buckets: ['mlflow']
[2025-07-07T03:00:17.711+0000] {fraud_detection_training_dag.py:29} INFO - Trainer initialized successfully.
[2025-07-07T03:00:17.712+0000] {fraud_detection_training.py:423} INFO - Starting model training process...
[2025-07-07T03:00:17.713+0000] {fraud_detection_training.py:122} INFO - Connecting to Kafka Topic: transactions
[2025-07-07T03:00:17.786+0000] {conn.py:396} INFO - <BrokerConnection client_id=kafka-python-2.2.15, node_id=bootstrap-0 host=pkc-ld537.ca-central-1.aws.confluent.cloud:9092 <connecting> [IPv4 ('15.157.158.196', 9092)]>: connecting to pkc-ld537.ca-central-1.aws.confluent.cloud:9092 [('15.157.158.196', 9092) IPv4]
[2025-07-07T03:00:17.850+0000] {conn.py:497} INFO - <BrokerConnection client_id=kafka-python-2.2.15, node_id=bootstrap-0 host=pkc-ld537.ca-central-1.aws.confluent.cloud:9092 <handshake> [IPv4 ('15.157.158.196', 9092)]>: Loading system default SSL CAs from ('/usr/lib/ssl/cert.pem', '/usr/lib/ssl/certs', 'SSL_CERT_FILE', '/usr/lib/ssl/cert.pem', 'SSL_CERT_DIR', '/usr/lib/ssl/certs')
[2025-07-07T03:00:18.093+0000] {conn.py:618} INFO - <BrokerConnection client_id=kafka-python-2.2.15, node_id=bootstrap-0 host=pkc-ld537.ca-central-1.aws.confluent.cloud:9092 <checking_api_versions_recv> [IPv4 ('15.157.158.196', 9092)]>: Broker version identified as 2.6
[2025-07-07T03:00:18.319+0000] {conn.py:822} INFO - <BrokerConnection client_id=kafka-python-2.2.15, node_id=bootstrap-0 host=pkc-ld537.ca-central-1.aws.confluent.cloud:9092 <authenticating> [IPv4 ('15.157.158.196', 9092)]>: Authenticated as VAWD3ORVNJTGIOBA via SASL / Plain
[2025-07-07T03:00:18.320+0000] {conn.py:467} INFO - <BrokerConnection client_id=kafka-python-2.2.15, node_id=bootstrap-0 host=pkc-ld537.ca-central-1.aws.confluent.cloud:9092 <connected> [IPv4 ('15.157.158.196', 9092)]>: Connection complete.
[2025-07-07T03:00:18.322+0000] {consumer.py:120} WARNING - group_id is None: disabling auto-commit.
[2025-07-07T03:00:18.323+0000] {subscription_state.py:181} INFO - Updating subscribed topics to: ('transactions',)
[2025-07-07T03:00:18.388+0000] {subscription_state.py:254} INFO - Updated partition assignment: [('transactions', 0), ('transactions', 1), ('transactions', 2), ('transactions', 3), ('transactions', 4), ('transactions', 5)]
[2025-07-07T03:00:18.427+0000] {conn.py:396} INFO - <BrokerConnection client_id=kafka-python-2.2.15, node_id=1 host=b1-pkc-ld537.ca-central-1.aws.confluent.cloud:9092 <connecting> [IPv4 ('35.182.170.137', 9092)]>: connecting to b1-pkc-ld537.ca-central-1.aws.confluent.cloud:9092 [('35.182.170.137', 9092) IPv4]
[2025-07-07T03:00:18.463+0000] {conn.py:396} INFO - <BrokerConnection client_id=kafka-python-2.2.15, node_id=2 host=b2-pkc-ld537.ca-central-1.aws.confluent.cloud:9092 <connecting> [IPv4 ('15.157.158.196', 9092)]>: connecting to b2-pkc-ld537.ca-central-1.aws.confluent.cloud:9092 [('15.157.158.196', 9092) IPv4]
[2025-07-07T03:00:18.498+0000] {conn.py:396} INFO - <BrokerConnection client_id=kafka-python-2.2.15, node_id=3 host=b3-pkc-ld537.ca-central-1.aws.confluent.cloud:9092 <connecting> [IPv4 ('15.223.160.19', 9092)]>: connecting to b3-pkc-ld537.ca-central-1.aws.confluent.cloud:9092 [('15.223.160.19', 9092) IPv4]
[2025-07-07T03:00:18.526+0000] {conn.py:396} INFO - <BrokerConnection client_id=kafka-python-2.2.15, node_id=5 host=b5-pkc-ld537.ca-central-1.aws.confluent.cloud:9092 <connecting> [IPv4 ('15.157.158.196', 9092)]>: connecting to b5-pkc-ld537.ca-central-1.aws.confluent.cloud:9092 [('15.157.158.196', 9092) IPv4]
[2025-07-07T03:00:18.551+0000] {conn.py:396} INFO - <BrokerConnection client_id=kafka-python-2.2.15, node_id=6 host=b6-pkc-ld537.ca-central-1.aws.confluent.cloud:9092 <connecting> [IPv4 ('15.223.160.19', 9092)]>: connecting to b6-pkc-ld537.ca-central-1.aws.confluent.cloud:9092 [('15.223.160.19', 9092) IPv4]
[2025-07-07T03:00:18.580+0000] {conn.py:396} INFO - <BrokerConnection client_id=kafka-python-2.2.15, node_id=7 host=b7-pkc-ld537.ca-central-1.aws.confluent.cloud:9092 <connecting> [IPv4 ('35.182.170.137', 9092)]>: connecting to b7-pkc-ld537.ca-central-1.aws.confluent.cloud:9092 [('35.182.170.137', 9092) IPv4]
[2025-07-07T03:00:18.582+0000] {conn.py:497} INFO - <BrokerConnection client_id=kafka-python-2.2.15, node_id=1 host=b1-pkc-ld537.ca-central-1.aws.confluent.cloud:9092 <handshake> [IPv4 ('35.182.170.137', 9092)]>: Loading system default SSL CAs from ('/usr/lib/ssl/cert.pem', '/usr/lib/ssl/certs', 'SSL_CERT_FILE', '/usr/lib/ssl/cert.pem', 'SSL_CERT_DIR', '/usr/lib/ssl/certs')
[2025-07-07T03:00:18.605+0000] {conn.py:497} INFO - <BrokerConnection client_id=kafka-python-2.2.15, node_id=2 host=b2-pkc-ld537.ca-central-1.aws.confluent.cloud:9092 <handshake> [IPv4 ('15.157.158.196', 9092)]>: Loading system default SSL CAs from ('/usr/lib/ssl/cert.pem', '/usr/lib/ssl/certs', 'SSL_CERT_FILE', '/usr/lib/ssl/cert.pem', 'SSL_CERT_DIR', '/usr/lib/ssl/certs')
[2025-07-07T03:00:18.630+0000] {conn.py:497} INFO - <BrokerConnection client_id=kafka-python-2.2.15, node_id=3 host=b3-pkc-ld537.ca-central-1.aws.confluent.cloud:9092 <handshake> [IPv4 ('15.223.160.19', 9092)]>: Loading system default SSL CAs from ('/usr/lib/ssl/cert.pem', '/usr/lib/ssl/certs', 'SSL_CERT_FILE', '/usr/lib/ssl/cert.pem', 'SSL_CERT_DIR', '/usr/lib/ssl/certs')
[2025-07-07T03:00:18.660+0000] {conn.py:497} INFO - <BrokerConnection client_id=kafka-python-2.2.15, node_id=5 host=b5-pkc-ld537.ca-central-1.aws.confluent.cloud:9092 <handshake> [IPv4 ('15.157.158.196', 9092)]>: Loading system default SSL CAs from ('/usr/lib/ssl/cert.pem', '/usr/lib/ssl/certs', 'SSL_CERT_FILE', '/usr/lib/ssl/cert.pem', 'SSL_CERT_DIR', '/usr/lib/ssl/certs')
[2025-07-07T03:00:18.685+0000] {conn.py:497} INFO - <BrokerConnection client_id=kafka-python-2.2.15, node_id=6 host=b6-pkc-ld537.ca-central-1.aws.confluent.cloud:9092 <handshake> [IPv4 ('15.223.160.19', 9092)]>: Loading system default SSL CAs from ('/usr/lib/ssl/cert.pem', '/usr/lib/ssl/certs', 'SSL_CERT_FILE', '/usr/lib/ssl/cert.pem', 'SSL_CERT_DIR', '/usr/lib/ssl/certs')
[2025-07-07T03:00:18.712+0000] {conn.py:497} INFO - <BrokerConnection client_id=kafka-python-2.2.15, node_id=7 host=b7-pkc-ld537.ca-central-1.aws.confluent.cloud:9092 <handshake> [IPv4 ('35.182.170.137', 9092)]>: Loading system default SSL CAs from ('/usr/lib/ssl/cert.pem', '/usr/lib/ssl/certs', 'SSL_CERT_FILE', '/usr/lib/ssl/cert.pem', 'SSL_CERT_DIR', '/usr/lib/ssl/certs')
[2025-07-07T03:00:19.132+0000] {conn.py:822} INFO - <BrokerConnection client_id=kafka-python-2.2.15, node_id=2 host=b2-pkc-ld537.ca-central-1.aws.confluent.cloud:9092 <authenticating> [IPv4 ('15.157.158.196', 9092)]>: Authenticated as VAWD3ORVNJTGIOBA via SASL / Plain
[2025-07-07T03:00:19.133+0000] {conn.py:467} INFO - <BrokerConnection client_id=kafka-python-2.2.15, node_id=2 host=b2-pkc-ld537.ca-central-1.aws.confluent.cloud:9092 <connected> [IPv4 ('15.157.158.196', 9092)]>: Connection complete.
[2025-07-07T03:00:19.134+0000] {conn.py:945} INFO - <BrokerConnection client_id=kafka-python-2.2.15, node_id=bootstrap-0 host=pkc-ld537.ca-central-1.aws.confluent.cloud:9092 <connected> [IPv4 ('15.157.158.196', 9092)]>: Closing connection. 
[2025-07-07T03:00:19.301+0000] {conn.py:822} INFO - <BrokerConnection client_id=kafka-python-2.2.15, node_id=1 host=b1-pkc-ld537.ca-central-1.aws.confluent.cloud:9092 <authenticating> [IPv4 ('35.182.170.137', 9092)]>: Authenticated as VAWD3ORVNJTGIOBA via SASL / Plain
[2025-07-07T03:00:19.302+0000] {conn.py:467} INFO - <BrokerConnection client_id=kafka-python-2.2.15, node_id=1 host=b1-pkc-ld537.ca-central-1.aws.confluent.cloud:9092 <connected> [IPv4 ('35.182.170.137', 9092)]>: Connection complete.
[2025-07-07T03:00:19.468+0000] {conn.py:822} INFO - <BrokerConnection client_id=kafka-python-2.2.15, node_id=5 host=b5-pkc-ld537.ca-central-1.aws.confluent.cloud:9092 <authenticating> [IPv4 ('15.157.158.196', 9092)]>: Authenticated as VAWD3ORVNJTGIOBA via SASL / Plain
[2025-07-07T03:00:19.469+0000] {conn.py:467} INFO - <BrokerConnection client_id=kafka-python-2.2.15, node_id=5 host=b5-pkc-ld537.ca-central-1.aws.confluent.cloud:9092 <connected> [IPv4 ('15.157.158.196', 9092)]>: Connection complete.
[2025-07-07T03:00:19.636+0000] {conn.py:822} INFO - <BrokerConnection client_id=kafka-python-2.2.15, node_id=3 host=b3-pkc-ld537.ca-central-1.aws.confluent.cloud:9092 <authenticating> [IPv4 ('15.223.160.19', 9092)]>: Authenticated as VAWD3ORVNJTGIOBA via SASL / Plain
[2025-07-07T03:00:19.637+0000] {conn.py:467} INFO - <BrokerConnection client_id=kafka-python-2.2.15, node_id=3 host=b3-pkc-ld537.ca-central-1.aws.confluent.cloud:9092 <connected> [IPv4 ('15.223.160.19', 9092)]>: Connection complete.
[2025-07-07T03:00:19.800+0000] {conn.py:822} INFO - <BrokerConnection client_id=kafka-python-2.2.15, node_id=6 host=b6-pkc-ld537.ca-central-1.aws.confluent.cloud:9092 <authenticating> [IPv4 ('15.223.160.19', 9092)]>: Authenticated as VAWD3ORVNJTGIOBA via SASL / Plain
[2025-07-07T03:00:19.801+0000] {conn.py:467} INFO - <BrokerConnection client_id=kafka-python-2.2.15, node_id=6 host=b6-pkc-ld537.ca-central-1.aws.confluent.cloud:9092 <connected> [IPv4 ('15.223.160.19', 9092)]>: Connection complete.
[2025-07-07T03:00:19.967+0000] {conn.py:822} INFO - <BrokerConnection client_id=kafka-python-2.2.15, node_id=7 host=b7-pkc-ld537.ca-central-1.aws.confluent.cloud:9092 <authenticating> [IPv4 ('35.182.170.137', 9092)]>: Authenticated as VAWD3ORVNJTGIOBA via SASL / Plain
[2025-07-07T03:00:19.968+0000] {conn.py:467} INFO - <BrokerConnection client_id=kafka-python-2.2.15, node_id=7 host=b7-pkc-ld537.ca-central-1.aws.confluent.cloud:9092 <connected> [IPv4 ('35.182.170.137', 9092)]>: Connection complete.
[2025-07-07T03:00:19.969+0000] {fetcher.py:418} INFO - Resetting offset for partition ('transactions', 5) to offset 37400.
[2025-07-07T03:00:19.969+0000] {fetcher.py:418} INFO - Resetting offset for partition ('transactions', 1) to offset 37515.
[2025-07-07T03:00:19.972+0000] {fetcher.py:418} INFO - Resetting offset for partition ('transactions', 2) to offset 37774.
[2025-07-07T03:00:19.973+0000] {fetcher.py:418} INFO - Resetting offset for partition ('transactions', 3) to offset 37244.
[2025-07-07T03:00:19.973+0000] {fetcher.py:418} INFO - Resetting offset for partition ('transactions', 0) to offset 37509.
[2025-07-07T03:00:20.088+0000] {fetcher.py:418} INFO - Resetting offset for partition ('transactions', 4) to offset 37225.
[2025-07-07T03:10:30.263+0000] {conn.py:945} INFO - <BrokerConnection client_id=kafka-python-2.2.15, node_id=1 host=b1-pkc-ld537.ca-central-1.aws.confluent.cloud:9092 <connected> [IPv4 ('35.182.170.137', 9092)]>: Closing connection. 
[2025-07-07T03:10:30.267+0000] {fetcher.py:786} INFO - Fetch to node 1 failed: Cancelled: <BrokerConnection client_id=kafka-python-2.2.15, node_id=1 host=b1-pkc-ld537.ca-central-1.aws.confluent.cloud:9092 <connected> [IPv4 ('35.182.170.137', 9092)]>
[2025-07-07T03:10:30.268+0000] {conn.py:945} INFO - <BrokerConnection client_id=kafka-python-2.2.15, node_id=2 host=b2-pkc-ld537.ca-central-1.aws.confluent.cloud:9092 <connected> [IPv4 ('15.157.158.196', 9092)]>: Closing connection. 
[2025-07-07T03:10:30.270+0000] {fetcher.py:786} INFO - Fetch to node 2 failed: Cancelled: <BrokerConnection client_id=kafka-python-2.2.15, node_id=2 host=b2-pkc-ld537.ca-central-1.aws.confluent.cloud:9092 <connected> [IPv4 ('15.157.158.196', 9092)]>
[2025-07-07T03:10:30.271+0000] {conn.py:945} INFO - <BrokerConnection client_id=kafka-python-2.2.15, node_id=3 host=b3-pkc-ld537.ca-central-1.aws.confluent.cloud:9092 <connected> [IPv4 ('15.223.160.19', 9092)]>: Closing connection. 
[2025-07-07T03:10:30.272+0000] {fetcher.py:786} INFO - Fetch to node 3 failed: Cancelled: <BrokerConnection client_id=kafka-python-2.2.15, node_id=3 host=b3-pkc-ld537.ca-central-1.aws.confluent.cloud:9092 <connected> [IPv4 ('15.223.160.19', 9092)]>
[2025-07-07T03:10:30.274+0000] {conn.py:945} INFO - <BrokerConnection client_id=kafka-python-2.2.15, node_id=5 host=b5-pkc-ld537.ca-central-1.aws.confluent.cloud:9092 <connected> [IPv4 ('15.157.158.196', 9092)]>: Closing connection. 
[2025-07-07T03:10:30.276+0000] {fetcher.py:786} INFO - Fetch to node 5 failed: Cancelled: <BrokerConnection client_id=kafka-python-2.2.15, node_id=5 host=b5-pkc-ld537.ca-central-1.aws.confluent.cloud:9092 <connected> [IPv4 ('15.157.158.196', 9092)]>
[2025-07-07T03:10:30.277+0000] {conn.py:945} INFO - <BrokerConnection client_id=kafka-python-2.2.15, node_id=6 host=b6-pkc-ld537.ca-central-1.aws.confluent.cloud:9092 <connected> [IPv4 ('15.223.160.19', 9092)]>: Closing connection. 
[2025-07-07T03:10:30.278+0000] {fetcher.py:786} INFO - Fetch to node 6 failed: Cancelled: <BrokerConnection client_id=kafka-python-2.2.15, node_id=6 host=b6-pkc-ld537.ca-central-1.aws.confluent.cloud:9092 <connected> [IPv4 ('15.223.160.19', 9092)]>
[2025-07-07T03:10:30.279+0000] {conn.py:945} INFO - <BrokerConnection client_id=kafka-python-2.2.15, node_id=7 host=b7-pkc-ld537.ca-central-1.aws.confluent.cloud:9092 <connected> [IPv4 ('35.182.170.137', 9092)]>: Closing connection. 
[2025-07-07T03:10:30.281+0000] {fetcher.py:786} INFO - Fetch to node 7 failed: Cancelled: <BrokerConnection client_id=kafka-python-2.2.15, node_id=7 host=b7-pkc-ld537.ca-central-1.aws.confluent.cloud:9092 <connected> [IPv4 ('35.182.170.137', 9092)]>
[2025-07-07T03:10:30.838+0000] {fraud_detection_training.py:155} INFO - Kafka data read successfully with fraud rate: 0.42
[2025-07-07T03:11:33.266+0000] {logging_mixin.py:190} INFO - 0 rows have NaNs
[2025-07-07T03:11:33.283+0000] {logging_mixin.py:190} INFO - Empty DataFrame
Columns: [amount, is_night, is_weekend, transaction_day, user_activity_24h, amount_to_avg_ratio, merchant_risk, merchant, transaction_hour, transaction_hour_sin, transaction_hour_cos, transaction_dayOfWeek, user_transactions_per_minute, is_high_velocity, days_since_last_transaction, is_unusual_hour_for_user, time_diff, user_avg_transaction_interval, zscore_amount_per_user, burst_small_txn_count_last_min, txn_count_last_5min, user_transaction_amount_std, amount_7d_avg, amount_to_avg_ratio_7d, amount_vs_median, user_total_spend_todate, amount_spent_last24h, user_spending_ratio_last24h, prev_amount, amount_change_ratio, user_merchant_transaction_count, num_distinct_merchants_24h, is_location_anomalous, is_location_mismatch]
Index: []
[2025-07-07T03:11:33.297+0000] {fraud_detection_training.py:443} INFO - Columns with NaNs: []
[2025-07-07T03:11:33.638+0000] {logging_mixin.py:190} WARNING - [I 2025-07-07 03:11:33,637] A new study created in memory with name: no-name-1fa1bd28-5aea-442a-8fa0-e25428b08ac8
[2025-07-07T03:11:33.639+0000] {fraud_detection_training.py:584} INFO - Starting Optuna hyperparameter optimization...
[2025-07-07T03:11:33.641+0000] {logging_mixin.py:190} WARNING -   0%|          | 0/20 [00:00<?, ?it/s]
[2025-07-07T03:11:33.660+0000] {warnings.py:112} WARNING - /home/***/.local/lib/python3.12/site-packages/joblib/parallel.py:1379: UserWarning: Loky-backed parallel loops cannot be called in a multiprocessing, setting n_jobs=1
  n_jobs = self._backend.configure(

[2025-07-07T03:11:40.290+0000] {logging_mixin.py:190} WARNING -                                       
[2025-07-07T03:11:40.291+0000] {logging_mixin.py:190} WARNING - 
[2025-07-07T03:11:40.292+0000] {logging_mixin.py:190} INFO - [I 2025-07-07 03:11:40,290] Trial 0 finished with value: 0.4057486482107185 and parameters: {'use_amount': False, 'use_is_night': False, 'use_is_weekend': True, 'use_transaction_day': True, 'use_amount_spent_last24h': False, 'use_prev_amount': False, 'use_user_activity_24h': True, 'use_user_transactions_per_minute': True, 'use_is_high_velocity': False, 'use_txn_count_last_5min': False, 'use_amount_to_avg_ratio': True, 'use_amount_to_avg_ratio_7d': True, 'use_amount_vs_median': False, 'use_amount_change_ratio': True, 'use_user_spending_ratio_last24h': False, 'use_transaction_hour': True, 'use_transaction_hour_sin': False, 'use_transaction_hour_cos': True, 'use_transaction_dayOfWeek': True, 'use_days_since_last_transaction': True, 'use_is_unusual_hour_for_user': True, 'use_time_diff': False, 'use_user_avg_transaction_interval': False, 'use_zscore_amount_per_user': True, 'use_burst_small_txn_count_last_min': False, 'use_user_transaction_amount_std': True, 'use_amount_7d_avg': False, 'use_user_total_spend_todate': False, 'use_merchant_risk': False, 'use_merchant': True, 'use_user_merchant_transaction_count': False, 'use_num_distinct_merchants_24h': False, 'use_is_location_anomalous': False, 'use_is_location_mismatch': True, 'max_depth': 7, 'learning_rate': 0.011021547056417324, 'subsample': 0.7479597940161067, 'colsample_bytree': 0.8894639908350659, 'gamma': 0.27340564783804105, 'reg_alpha': 0.4726368720642472}. Best is trial 0 with value: 0.4057486482107185.
[2025-07-07T03:11:40.292+0000] {logging_mixin.py:190} WARNING -   0%|          | 0/20 [00:06<?, ?it/s]
[2025-07-07T03:11:40.297+0000] {logging_mixin.py:190} WARNING - Best trial: 0. Best value: 0.405749:   0%|          | 0/20 [00:06<?, ?it/s]
[2025-07-07T03:11:40.298+0000] {logging_mixin.py:190} WARNING - Best trial: 0. Best value: 0.405749:   5%|5         | 1/20 [00:06<02:06,  6.66s/it]
[2025-07-07T03:11:40.313+0000] {warnings.py:112} WARNING - /home/***/.local/lib/python3.12/site-packages/joblib/parallel.py:1379: UserWarning: Loky-backed parallel loops cannot be called in a multiprocessing, setting n_jobs=1
  n_jobs = self._backend.configure(

[2025-07-07T03:11:45.492+0000] {logging_mixin.py:190} WARNING -                                                                                    
[2025-07-07T03:11:45.493+0000] {logging_mixin.py:190} WARNING - 
