[2025-07-07T03:11:45.494+0000] {logging_mixin.py:190} INFO - [I 2025-07-07 03:11:45,492] Trial 1 finished with value: 0.38138008686274594 and parameters: {'use_amount': True, 'use_is_night': False, 'use_is_weekend': False, 'use_transaction_day': False, 'use_amount_spent_last24h': False, 'use_prev_amount': False, 'use_user_activity_24h': True, 'use_user_transactions_per_minute': False, 'use_is_high_velocity': True, 'use_txn_count_last_5min': False, 'use_amount_to_avg_ratio': False, 'use_amount_to_avg_ratio_7d': True, 'use_amount_vs_median': True, 'use_amount_change_ratio': True, 'use_user_spending_ratio_last24h': True, 'use_transaction_hour': True, 'use_transaction_hour_sin': False, 'use_transaction_hour_cos': False, 'use_transaction_dayOfWeek': False, 'use_days_since_last_transaction': False, 'use_is_unusual_hour_for_user': True, 'use_time_diff': True, 'use_user_avg_transaction_interval': True, 'use_zscore_amount_per_user': True, 'use_burst_small_txn_count_last_min': True, 'use_user_transaction_amount_std': True, 'use_amount_7d_avg': False, 'use_user_total_spend_todate': True, 'use_merchant_risk': False, 'use_merchant': False, 'use_user_merchant_transaction_count': False, 'use_num_distinct_merchants_24h': True, 'use_is_location_anomalous': True, 'use_is_location_mismatch': True, 'max_depth': 3, 'learning_rate': 0.038319213532970804, 'subsample': 0.7056359575801737, 'colsample_bytree': 0.830913854832077, 'gamma': 0.2611747063165586, 'reg_alpha': 0.23980715925175294}. Best is trial 0 with value: 0.4057486482107185.
[2025-07-07T03:11:45.494+0000] {logging_mixin.py:190} WARNING - Best trial: 0. Best value: 0.405749:   5%|5         | 1/20 [00:11<02:06,  6.66s/it]
[2025-07-07T03:11:45.499+0000] {logging_mixin.py:190} WARNING - Best trial: 0. Best value: 0.405749:   5%|5         | 1/20 [00:11<02:06,  6.66s/it]
[2025-07-07T03:11:45.500+0000] {logging_mixin.py:190} WARNING - Best trial: 0. Best value: 0.405749:  10%|#         | 2/20 [00:11<01:44,  5.80s/it]
[2025-07-07T03:11:45.513+0000] {warnings.py:112} WARNING - /home/***/.local/lib/python3.12/site-packages/joblib/parallel.py:1379: UserWarning: Loky-backed parallel loops cannot be called in a multiprocessing, setting n_jobs=1
  n_jobs = self._backend.configure(

[2025-07-07T03:12:00.429+0000] {logging_mixin.py:190} WARNING -                                                                                    
[2025-07-07T03:12:00.429+0000] {logging_mixin.py:190} WARNING - 
[2025-07-07T03:12:00.430+0000] {logging_mixin.py:190} INFO - [I 2025-07-07 03:12:00,428] Trial 2 finished with value: 0.4569006786629495 and parameters: {'use_amount': True, 'use_is_night': True, 'use_is_weekend': True, 'use_transaction_day': False, 'use_amount_spent_last24h': True, 'use_prev_amount': False, 'use_user_activity_24h': False, 'use_user_transactions_per_minute': True, 'use_is_high_velocity': True, 'use_txn_count_last_5min': False, 'use_amount_to_avg_ratio': False, 'use_amount_to_avg_ratio_7d': True, 'use_amount_vs_median': False, 'use_amount_change_ratio': True, 'use_user_spending_ratio_last24h': False, 'use_transaction_hour': True, 'use_transaction_hour_sin': True, 'use_transaction_hour_cos': True, 'use_transaction_dayOfWeek': True, 'use_days_since_last_transaction': True, 'use_is_unusual_hour_for_user': True, 'use_time_diff': False, 'use_user_avg_transaction_interval': False, 'use_zscore_amount_per_user': False, 'use_burst_small_txn_count_last_min': True, 'use_user_transaction_amount_std': True, 'use_amount_7d_avg': False, 'use_user_total_spend_todate': True, 'use_merchant_risk': False, 'use_merchant': True, 'use_user_merchant_transaction_count': True, 'use_num_distinct_merchants_24h': False, 'use_is_location_anomalous': True, 'use_is_location_mismatch': False, 'max_depth': 5, 'learning_rate': 0.0856784973572814, 'subsample': 0.6715388518145586, 'colsample_bytree': 0.742288502179076, 'gamma': 0.16444139276397146, 'reg_alpha': 0.13266577376384348}. Best is trial 2 with value: 0.4569006786629495.
[2025-07-07T03:12:00.431+0000] {logging_mixin.py:190} WARNING - Best trial: 0. Best value: 0.405749:  10%|#         | 2/20 [00:26<01:44,  5.80s/it]
[2025-07-07T03:12:00.435+0000] {logging_mixin.py:190} WARNING - Best trial: 2. Best value: 0.456901:  10%|#         | 2/20 [00:26<01:44,  5.80s/it]
[2025-07-07T03:12:00.435+0000] {logging_mixin.py:190} WARNING - Best trial: 2. Best value: 0.456901:  15%|#5        | 3/20 [00:26<02:49,  9.97s/it]
[2025-07-07T03:12:00.449+0000] {warnings.py:112} WARNING - /home/***/.local/lib/python3.12/site-packages/joblib/parallel.py:1379: UserWarning: Loky-backed parallel loops cannot be called in a multiprocessing, setting n_jobs=1
  n_jobs = self._backend.configure(

[2025-07-07T03:12:04.907+0000] {logging_mixin.py:190} WARNING -                                                                                    
[2025-07-07T03:12:04.908+0000] {logging_mixin.py:190} WARNING - 
[2025-07-07T03:12:04.908+0000] {logging_mixin.py:190} INFO - [I 2025-07-07 03:12:04,907] Trial 3 finished with value: 0.4190439765257928 and parameters: {'use_amount': False, 'use_is_night': False, 'use_is_weekend': False, 'use_transaction_day': False, 'use_amount_spent_last24h': False, 'use_prev_amount': True, 'use_user_activity_24h': False, 'use_user_transactions_per_minute': False, 'use_is_high_velocity': True, 'use_txn_count_last_5min': False, 'use_amount_to_avg_ratio': False, 'use_amount_to_avg_ratio_7d': True, 'use_amount_vs_median': True, 'use_amount_change_ratio': False, 'use_user_spending_ratio_last24h': False, 'use_transaction_hour': False, 'use_transaction_hour_sin': False, 'use_transaction_hour_cos': True, 'use_transaction_dayOfWeek': False, 'use_days_since_last_transaction': False, 'use_is_unusual_hour_for_user': False, 'use_time_diff': False, 'use_user_avg_transaction_interval': True, 'use_zscore_amount_per_user': False, 'use_burst_small_txn_count_last_min': True, 'use_user_transaction_amount_std': False, 'use_amount_7d_avg': True, 'use_user_total_spend_todate': True, 'use_merchant_risk': True, 'use_merchant': True, 'use_user_merchant_transaction_count': False, 'use_num_distinct_merchants_24h': True, 'use_is_location_anomalous': False, 'use_is_location_mismatch': False, 'max_depth': 3, 'learning_rate': 0.0642086470433762, 'subsample': 0.9009167137251854, 'colsample_bytree': 0.6428609090959191, 'gamma': 0.1915754848199853, 'reg_alpha': 0.2740605566717319}. Best is trial 2 with value: 0.4569006786629495.
[2025-07-07T03:12:04.909+0000] {logging_mixin.py:190} WARNING - Best trial: 2. Best value: 0.456901:  15%|#5        | 3/20 [00:31<02:49,  9.97s/it]
[2025-07-07T03:12:04.913+0000] {logging_mixin.py:190} WARNING - Best trial: 2. Best value: 0.456901:  15%|#5        | 3/20 [00:31<02:49,  9.97s/it]
[2025-07-07T03:12:04.914+0000] {logging_mixin.py:190} WARNING - Best trial: 2. Best value: 0.456901:  20%|##        | 4/20 [00:31<02:04,  7.80s/it]
[2025-07-07T03:12:04.929+0000] {warnings.py:112} WARNING - /home/***/.local/lib/python3.12/site-packages/joblib/parallel.py:1379: UserWarning: Loky-backed parallel loops cannot be called in a multiprocessing, setting n_jobs=1
  n_jobs = self._backend.configure(

[2025-07-07T03:12:12.007+0000] {logging_mixin.py:190} WARNING -                                                                                    
[2025-07-07T03:12:12.008+0000] {logging_mixin.py:190} WARNING - 
[2025-07-07T03:12:12.008+0000] {logging_mixin.py:190} INFO - [I 2025-07-07 03:12:12,006] Trial 4 finished with value: 0.3364261046578936 and parameters: {'use_amount': True, 'use_is_night': True, 'use_is_weekend': False, 'use_transaction_day': False, 'use_amount_spent_last24h': True, 'use_prev_amount': False, 'use_user_activity_24h': False, 'use_user_transactions_per_minute': False, 'use_is_high_velocity': True, 'use_txn_count_last_5min': False, 'use_amount_to_avg_ratio': False, 'use_amount_to_avg_ratio_7d': False, 'use_amount_vs_median': False, 'use_amount_change_ratio': True, 'use_user_spending_ratio_last24h': True, 'use_transaction_hour': False, 'use_transaction_hour_sin': True, 'use_transaction_hour_cos': False, 'use_transaction_dayOfWeek': False, 'use_days_since_last_transaction': True, 'use_is_unusual_hour_for_user': False, 'use_time_diff': True, 'use_user_avg_transaction_interval': False, 'use_zscore_amount_per_user': True, 'use_burst_small_txn_count_last_min': True, 'use_user_transaction_amount_std': True, 'use_amount_7d_avg': False, 'use_user_total_spend_todate': False, 'use_merchant_risk': False, 'use_merchant': True, 'use_user_merchant_transaction_count': True, 'use_num_distinct_merchants_24h': True, 'use_is_location_anomalous': True, 'use_is_location_mismatch': False, 'max_depth': 6, 'learning_rate': 0.015325143653314357, 'subsample': 0.9157380142321856, 'colsample_bytree': 0.9834619076022428, 'gamma': 0.03841662290451487, 'reg_alpha': 0.29198255029713294}. Best is trial 2 with value: 0.4569006786629495.
[2025-07-07T03:12:12.009+0000] {logging_mixin.py:190} WARNING - Best trial: 2. Best value: 0.456901:  20%|##        | 4/20 [00:38<02:04,  7.80s/it]
[2025-07-07T03:12:12.014+0000] {logging_mixin.py:190} WARNING - Best trial: 2. Best value: 0.456901:  20%|##        | 4/20 [00:38<02:04,  7.80s/it]
[2025-07-07T03:12:12.014+0000] {logging_mixin.py:190} WARNING - Best trial: 2. Best value: 0.456901:  25%|##5       | 5/20 [00:38<01:53,  7.55s/it]
[2025-07-07T03:12:12.030+0000] {warnings.py:112} WARNING - /home/***/.local/lib/python3.12/site-packages/joblib/parallel.py:1379: UserWarning: Loky-backed parallel loops cannot be called in a multiprocessing, setting n_jobs=1
  n_jobs = self._backend.configure(

[2025-07-07T03:12:17.676+0000] {logging_mixin.py:190} WARNING -                                                                                    
[2025-07-07T03:12:17.676+0000] {logging_mixin.py:190} WARNING - 
[2025-07-07T03:12:17.677+0000] {logging_mixin.py:190} INFO - [I 2025-07-07 03:12:17,675] Trial 5 finished with value: 0.4491545905502737 and parameters: {'use_amount': True, 'use_is_night': True, 'use_is_weekend': True, 'use_transaction_day': True, 'use_amount_spent_last24h': False, 'use_prev_amount': True, 'use_user_activity_24h': False, 'use_user_transactions_per_minute': False, 'use_is_high_velocity': True, 'use_txn_count_last_5min': True, 'use_amount_to_avg_ratio': False, 'use_amount_to_avg_ratio_7d': False, 'use_amount_vs_median': False, 'use_amount_change_ratio': True, 'use_user_spending_ratio_last24h': True, 'use_transaction_hour': False, 'use_transaction_hour_sin': False, 'use_transaction_hour_cos': True, 'use_transaction_dayOfWeek': False, 'use_days_since_last_transaction': True, 'use_is_unusual_hour_for_user': True, 'use_time_diff': True, 'use_user_avg_transaction_interval': True, 'use_zscore_amount_per_user': False, 'use_burst_small_txn_count_last_min': False, 'use_user_transaction_amount_std': True, 'use_amount_7d_avg': True, 'use_user_total_spend_todate': True, 'use_merchant_risk': False, 'use_merchant': True, 'use_user_merchant_transaction_count': True, 'use_num_distinct_merchants_24h': False, 'use_is_location_anomalous': True, 'use_is_location_mismatch': False, 'max_depth': 4, 'learning_rate': 0.08991098730364774, 'subsample': 0.6461081361252907, 'colsample_bytree': 0.6796305012030285, 'gamma': 0.2810979554609602, 'reg_alpha': 0.03640978588006921}. Best is trial 2 with value: 0.4569006786629495.
[2025-07-07T03:12:17.678+0000] {logging_mixin.py:190} WARNING - Best trial: 2. Best value: 0.456901:  25%|##5       | 5/20 [00:44<01:53,  7.55s/it]
[2025-07-07T03:12:17.682+0000] {logging_mixin.py:190} WARNING - Best trial: 2. Best value: 0.456901:  25%|##5       | 5/20 [00:44<01:53,  7.55s/it]
[2025-07-07T03:12:17.683+0000] {logging_mixin.py:190} WARNING - Best trial: 2. Best value: 0.456901:  30%|###       | 6/20 [00:44<01:36,  6.91s/it]
[2025-07-07T03:12:17.698+0000] {warnings.py:112} WARNING - /home/***/.local/lib/python3.12/site-packages/joblib/parallel.py:1379: UserWarning: Loky-backed parallel loops cannot be called in a multiprocessing, setting n_jobs=1
  n_jobs = self._backend.configure(

[2025-07-07T03:12:35.065+0000] {logging_mixin.py:190} WARNING -                                                                                    
[2025-07-07T03:12:35.066+0000] {logging_mixin.py:190} WARNING - 
[2025-07-07T03:12:35.067+0000] {logging_mixin.py:190} INFO - [I 2025-07-07 03:12:35,065] Trial 6 finished with value: 0.44227697535752425 and parameters: {'use_amount': False, 'use_is_night': True, 'use_is_weekend': True, 'use_transaction_day': True, 'use_amount_spent_last24h': False, 'use_prev_amount': False, 'use_user_activity_24h': False, 'use_user_transactions_per_minute': False, 'use_is_high_velocity': True, 'use_txn_count_last_5min': True, 'use_amount_to_avg_ratio': True, 'use_amount_to_avg_ratio_7d': True, 'use_amount_vs_median': True, 'use_amount_change_ratio': False, 'use_user_spending_ratio_last24h': False, 'use_transaction_hour': False, 'use_transaction_hour_sin': True, 'use_transaction_hour_cos': True, 'use_transaction_dayOfWeek': True, 'use_days_since_last_transaction': False, 'use_is_unusual_hour_for_user': False, 'use_time_diff': False, 'use_user_avg_transaction_interval': False, 'use_zscore_amount_per_user': False, 'use_burst_small_txn_count_last_min': False, 'use_user_transaction_amount_std': True, 'use_amount_7d_avg': True, 'use_user_total_spend_todate': False, 'use_merchant_risk': True, 'use_merchant': True, 'use_user_merchant_transaction_count': True, 'use_num_distinct_merchants_24h': True, 'use_is_location_anomalous': True, 'use_is_location_mismatch': True, 'max_depth': 7, 'learning_rate': 0.014531138098754743, 'subsample': 0.634478008306853, 'colsample_bytree': 0.8176963435295288, 'gamma': 0.13081865260062098, 'reg_alpha': 0.05111272158121605}. Best is trial 2 with value: 0.4569006786629495.
[2025-07-07T03:12:35.067+0000] {logging_mixin.py:190} WARNING - Best trial: 2. Best value: 0.456901:  30%|###       | 6/20 [01:01<01:36,  6.91s/it]
[2025-07-07T03:12:35.072+0000] {logging_mixin.py:190} WARNING - Best trial: 2. Best value: 0.456901:  30%|###       | 6/20 [01:01<01:36,  6.91s/it]
[2025-07-07T03:12:35.073+0000] {logging_mixin.py:190} WARNING - Best trial: 2. Best value: 0.456901:  35%|###5      | 7/20 [01:01<02:14, 10.34s/it]
[2025-07-07T03:12:35.088+0000] {warnings.py:112} WARNING - /home/***/.local/lib/python3.12/site-packages/joblib/parallel.py:1379: UserWarning: Loky-backed parallel loops cannot be called in a multiprocessing, setting n_jobs=1
  n_jobs = self._backend.configure(

[2025-07-07T03:12:41.095+0000] {logging_mixin.py:190} WARNING -                                                                                    
[2025-07-07T03:12:41.096+0000] {logging_mixin.py:190} WARNING - 
[2025-07-07T03:12:41.097+0000] {logging_mixin.py:190} INFO - [I 2025-07-07 03:12:41,095] Trial 7 finished with value: 0.42560575466935896 and parameters: {'use_amount': False, 'use_is_night': False, 'use_is_weekend': False, 'use_transaction_day': True, 'use_amount_spent_last24h': True, 'use_prev_amount': False, 'use_user_activity_24h': False, 'use_user_transactions_per_minute': False, 'use_is_high_velocity': True, 'use_txn_count_last_5min': False, 'use_amount_to_avg_ratio': False, 'use_amount_to_avg_ratio_7d': False, 'use_amount_vs_median': False, 'use_amount_change_ratio': False, 'use_user_spending_ratio_last24h': True, 'use_transaction_hour': True, 'use_transaction_hour_sin': True, 'use_transaction_hour_cos': True, 'use_transaction_dayOfWeek': True, 'use_days_since_last_transaction': True, 'use_is_unusual_hour_for_user': True, 'use_time_diff': False, 'use_user_avg_transaction_interval': True, 'use_zscore_amount_per_user': False, 'use_burst_small_txn_count_last_min': False, 'use_user_transaction_amount_std': True, 'use_amount_7d_avg': True, 'use_user_total_spend_todate': True, 'use_merchant_risk': True, 'use_merchant': True, 'use_user_merchant_transaction_count': True, 'use_num_distinct_merchants_24h': True, 'use_is_location_anomalous': False, 'use_is_location_mismatch': True, 'max_depth': 4, 'learning_rate': 0.04517104740211065, 'subsample': 0.9095783194579498, 'colsample_bytree': 0.7476624658178703, 'gamma': 0.2811188604608493, 'reg_alpha': 0.11394556780426907}. Best is trial 2 with value: 0.4569006786629495.
[2025-07-07T03:12:41.097+0000] {logging_mixin.py:190} WARNING - Best trial: 2. Best value: 0.456901:  35%|###5      | 7/20 [01:07<02:14, 10.34s/it]
[2025-07-07T03:12:41.102+0000] {logging_mixin.py:190} WARNING - Best trial: 2. Best value: 0.456901:  35%|###5      | 7/20 [01:07<02:14, 10.34s/it]
[2025-07-07T03:12:41.103+0000] {logging_mixin.py:190} WARNING - Best trial: 2. Best value: 0.456901:  40%|####      | 8/20 [01:07<01:47,  8.97s/it]
[2025-07-07T03:12:41.121+0000] {warnings.py:112} WARNING - /home/***/.local/lib/python3.12/site-packages/joblib/parallel.py:1379: UserWarning: Loky-backed parallel loops cannot be called in a multiprocessing, setting n_jobs=1
  n_jobs = self._backend.configure(

[2025-07-07T03:12:46.915+0000] {logging_mixin.py:190} WARNING -                                                                                    
[2025-07-07T03:12:46.916+0000] {logging_mixin.py:190} WARNING - 
[2025-07-07T03:12:46.917+0000] {logging_mixin.py:190} INFO - [I 2025-07-07 03:12:46,915] Trial 8 finished with value: 0.44984094194637203 and parameters: {'use_amount': False, 'use_is_night': False, 'use_is_weekend': True, 'use_transaction_day': True, 'use_amount_spent_last24h': False, 'use_prev_amount': True, 'use_user_activity_24h': True, 'use_user_transactions_per_minute': True, 'use_is_high_velocity': True, 'use_txn_count_last_5min': True, 'use_amount_to_avg_ratio': False, 'use_amount_to_avg_ratio_7d': False, 'use_amount_vs_median': True, 'use_amount_change_ratio': True, 'use_user_spending_ratio_last24h': False, 'use_transaction_hour': False, 'use_transaction_hour_sin': False, 'use_transaction_hour_cos': True, 'use_transaction_dayOfWeek': True, 'use_days_since_last_transaction': True, 'use_is_unusual_hour_for_user': True, 'use_time_diff': True, 'use_user_avg_transaction_interval': True, 'use_zscore_amount_per_user': True, 'use_burst_small_txn_count_last_min': False, 'use_user_transaction_amount_std': False, 'use_amount_7d_avg': False, 'use_user_total_spend_todate': False, 'use_merchant_risk': True, 'use_merchant': True, 'use_user_merchant_transaction_count': True, 'use_num_distinct_merchants_24h': True, 'use_is_location_anomalous': True, 'use_is_location_mismatch': False, 'max_depth': 4, 'learning_rate': 0.09242207541535444, 'subsample': 0.7736733020349427, 'colsample_bytree': 0.7897775625848814, 'gamma': 0.09626222236969333, 'reg_alpha': 0.11292965932481114}. Best is trial 2 with value: 0.4569006786629495.
[2025-07-07T03:12:46.917+0000] {logging_mixin.py:190} WARNING - Best trial: 2. Best value: 0.456901:  40%|####      | 8/20 [01:13<01:47,  8.97s/it]
[2025-07-07T03:12:46.922+0000] {logging_mixin.py:190} WARNING - Best trial: 2. Best value: 0.456901:  40%|####      | 8/20 [01:13<01:47,  8.97s/it]
[2025-07-07T03:12:46.923+0000] {logging_mixin.py:190} WARNING - Best trial: 2. Best value: 0.456901:  45%|####5     | 9/20 [01:13<01:27,  7.98s/it]
[2025-07-07T03:12:46.937+0000] {warnings.py:112} WARNING - /home/***/.local/lib/python3.12/site-packages/joblib/parallel.py:1379: UserWarning: Loky-backed parallel loops cannot be called in a multiprocessing, setting n_jobs=1
  n_jobs = self._backend.configure(

[2025-07-07T03:12:54.695+0000] {logging_mixin.py:190} WARNING -                                                                                    
[2025-07-07T03:12:54.696+0000] {logging_mixin.py:190} WARNING - 
