[2025-07-07T03:12:54.696+0000] {logging_mixin.py:190} INFO - [I 2025-07-07 03:12:54,694] Trial 9 finished with value: 0.3767882063965102 and parameters: {'use_amount': True, 'use_is_night': False, 'use_is_weekend': True, 'use_transaction_day': False, 'use_amount_spent_last24h': False, 'use_prev_amount': True, 'use_user_activity_24h': True, 'use_user_transactions_per_minute': True, 'use_is_high_velocity': False, 'use_txn_count_last_5min': True, 'use_amount_to_avg_ratio': False, 'use_amount_to_avg_ratio_7d': True, 'use_amount_vs_median': False, 'use_amount_change_ratio': False, 'use_user_spending_ratio_last24h': False, 'use_transaction_hour': True, 'use_transaction_hour_sin': True, 'use_transaction_hour_cos': True, 'use_transaction_dayOfWeek': False, 'use_days_since_last_transaction': False, 'use_is_unusual_hour_for_user': True, 'use_time_diff': True, 'use_user_avg_transaction_interval': True, 'use_zscore_amount_per_user': True, 'use_burst_small_txn_count_last_min': False, 'use_user_transaction_amount_std': True, 'use_amount_7d_avg': False, 'use_user_total_spend_todate': False, 'use_merchant_risk': False, 'use_merchant': False, 'use_user_merchant_transaction_count': False, 'use_num_distinct_merchants_24h': True, 'use_is_location_anomalous': False, 'use_is_location_mismatch': True, 'max_depth': 7, 'learning_rate': 0.01392948504923571, 'subsample': 0.6116957643546875, 'colsample_bytree': 0.9711532091516016, 'gamma': 0.19095961839995634, 'reg_alpha': 0.16991383278046768}. Best is trial 2 with value: 0.4569006786629495.
[2025-07-07T03:12:54.697+0000] {logging_mixin.py:190} WARNING - Best trial: 2. Best value: 0.456901:  45%|####5     | 9/20 [01:21<01:27,  7.98s/it]
[2025-07-07T03:12:54.702+0000] {logging_mixin.py:190} WARNING - Best trial: 2. Best value: 0.456901:  45%|####5     | 9/20 [01:21<01:27,  7.98s/it]
[2025-07-07T03:12:54.703+0000] {logging_mixin.py:190} WARNING - Best trial: 2. Best value: 0.456901:  50%|#####     | 10/20 [01:21<01:19,  7.92s/it]
[2025-07-07T03:12:54.780+0000] {warnings.py:112} WARNING - /home/***/.local/lib/python3.12/site-packages/joblib/parallel.py:1379: UserWarning: Loky-backed parallel loops cannot be called in a multiprocessing, setting n_jobs=1
  n_jobs = self._backend.configure(

[2025-07-07T03:13:09.962+0000] {logging_mixin.py:190} WARNING -                                                                                     
[2025-07-07T03:13:09.963+0000] {logging_mixin.py:190} WARNING - 
[2025-07-07T03:13:09.964+0000] {logging_mixin.py:190} INFO - [I 2025-07-07 03:13:09,962] Trial 10 finished with value: 0.43672511063815406 and parameters: {'use_amount': True, 'use_is_night': True, 'use_is_weekend': True, 'use_transaction_day': False, 'use_amount_spent_last24h': True, 'use_prev_amount': False, 'use_user_activity_24h': False, 'use_user_transactions_per_minute': True, 'use_is_high_velocity': False, 'use_txn_count_last_5min': False, 'use_amount_to_avg_ratio': True, 'use_amount_to_avg_ratio_7d': True, 'use_amount_vs_median': False, 'use_amount_change_ratio': True, 'use_user_spending_ratio_last24h': False, 'use_transaction_hour': True, 'use_transaction_hour_sin': True, 'use_transaction_hour_cos': False, 'use_transaction_dayOfWeek': True, 'use_days_since_last_transaction': True, 'use_is_unusual_hour_for_user': False, 'use_time_diff': False, 'use_user_avg_transaction_interval': False, 'use_zscore_amount_per_user': False, 'use_burst_small_txn_count_last_min': True, 'use_user_transaction_amount_std': False, 'use_amount_7d_avg': False, 'use_user_total_spend_todate': True, 'use_merchant_risk': False, 'use_merchant': False, 'use_user_merchant_transaction_count': True, 'use_num_distinct_merchants_24h': False, 'use_is_location_anomalous': True, 'use_is_location_mismatch': False, 'max_depth': 5, 'learning_rate': 0.025734466170765517, 'subsample': 0.9965487103032928, 'colsample_bytree': 0.6041249108615336, 'gamma': 0.0030730876156221665, 'reg_alpha': 0.4063208042318071}. Best is trial 2 with value: 0.4569006786629495.
[2025-07-07T03:13:09.964+0000] {logging_mixin.py:190} WARNING - Best trial: 2. Best value: 0.456901:  50%|#####     | 10/20 [01:36<01:19,  7.92s/it]
[2025-07-07T03:13:09.970+0000] {logging_mixin.py:190} WARNING - Best trial: 2. Best value: 0.456901:  50%|#####     | 10/20 [01:36<01:19,  7.92s/it]
[2025-07-07T03:13:09.971+0000] {logging_mixin.py:190} WARNING - Best trial: 2. Best value: 0.456901:  55%|#####5    | 11/20 [01:36<01:31, 10.17s/it]
[2025-07-07T03:13:10.043+0000] {warnings.py:112} WARNING - /home/***/.local/lib/python3.12/site-packages/joblib/parallel.py:1379: UserWarning: Loky-backed parallel loops cannot be called in a multiprocessing, setting n_jobs=1
  n_jobs = self._backend.configure(

[2025-07-07T03:13:16.422+0000] {logging_mixin.py:190} WARNING -                                                                                     
[2025-07-07T03:13:16.423+0000] {logging_mixin.py:190} WARNING - 
[2025-07-07T03:13:16.424+0000] {logging_mixin.py:190} INFO - [I 2025-07-07 03:13:16,422] Trial 11 finished with value: 0.4468737335913377 and parameters: {'use_amount': False, 'use_is_night': True, 'use_is_weekend': True, 'use_transaction_day': True, 'use_amount_spent_last24h': True, 'use_prev_amount': True, 'use_user_activity_24h': True, 'use_user_transactions_per_minute': True, 'use_is_high_velocity': True, 'use_txn_count_last_5min': True, 'use_amount_to_avg_ratio': False, 'use_amount_to_avg_ratio_7d': False, 'use_amount_vs_median': True, 'use_amount_change_ratio': True, 'use_user_spending_ratio_last24h': False, 'use_transaction_hour': False, 'use_transaction_hour_sin': False, 'use_transaction_hour_cos': True, 'use_transaction_dayOfWeek': True, 'use_days_since_last_transaction': True, 'use_is_unusual_hour_for_user': True, 'use_time_diff': True, 'use_user_avg_transaction_interval': False, 'use_zscore_amount_per_user': True, 'use_burst_small_txn_count_last_min': True, 'use_user_transaction_amount_std': False, 'use_amount_7d_avg': False, 'use_user_total_spend_todate': False, 'use_merchant_risk': True, 'use_merchant': True, 'use_user_merchant_transaction_count': True, 'use_num_distinct_merchants_24h': False, 'use_is_location_anomalous': True, 'use_is_location_mismatch': False, 'max_depth': 5, 'learning_rate': 0.08891599987585808, 'subsample': 0.79901503826383, 'colsample_bytree': 0.7235246633550916, 'gamma': 0.10207430862229167, 'reg_alpha': 0.1599387124936333}. Best is trial 2 with value: 0.4569006786629495.
[2025-07-07T03:13:16.424+0000] {logging_mixin.py:190} WARNING - Best trial: 2. Best value: 0.456901:  55%|#####5    | 11/20 [01:42<01:31, 10.17s/it]
[2025-07-07T03:13:16.429+0000] {logging_mixin.py:190} WARNING - Best trial: 2. Best value: 0.456901:  55%|#####5    | 11/20 [01:42<01:31, 10.17s/it]
[2025-07-07T03:13:16.430+0000] {logging_mixin.py:190} WARNING - Best trial: 2. Best value: 0.456901:  60%|######    | 12/20 [01:42<01:12,  9.04s/it]
[2025-07-07T03:13:16.497+0000] {warnings.py:112} WARNING - /home/***/.local/lib/python3.12/site-packages/joblib/parallel.py:1379: UserWarning: Loky-backed parallel loops cannot be called in a multiprocessing, setting n_jobs=1
  n_jobs = self._backend.configure(

[2025-07-07T03:13:22.061+0000] {logging_mixin.py:190} WARNING -                                                                                     
[2025-07-07T03:13:22.062+0000] {logging_mixin.py:190} WARNING - 
[2025-07-07T03:13:22.063+0000] {logging_mixin.py:190} INFO - [I 2025-07-07 03:13:22,061] Trial 12 finished with value: 0.43338224646506723 and parameters: {'use_amount': True, 'use_is_night': True, 'use_is_weekend': True, 'use_transaction_day': True, 'use_amount_spent_last24h': True, 'use_prev_amount': True, 'use_user_activity_24h': True, 'use_user_transactions_per_minute': True, 'use_is_high_velocity': True, 'use_txn_count_last_5min': True, 'use_amount_to_avg_ratio': False, 'use_amount_to_avg_ratio_7d': False, 'use_amount_vs_median': True, 'use_amount_change_ratio': True, 'use_user_spending_ratio_last24h': False, 'use_transaction_hour': True, 'use_transaction_hour_sin': True, 'use_transaction_hour_cos': True, 'use_transaction_dayOfWeek': True, 'use_days_since_last_transaction': True, 'use_is_unusual_hour_for_user': True, 'use_time_diff': True, 'use_user_avg_transaction_interval': True, 'use_zscore_amount_per_user': False, 'use_burst_small_txn_count_last_min': False, 'use_user_transaction_amount_std': False, 'use_amount_7d_avg': False, 'use_user_total_spend_todate': False, 'use_merchant_risk': True, 'use_merchant': True, 'use_user_merchant_transaction_count': True, 'use_num_distinct_merchants_24h': False, 'use_is_location_anomalous': True, 'use_is_location_mismatch': False, 'max_depth': 4, 'learning_rate': 0.059135711117061514, 'subsample': 0.7111962800043881, 'colsample_bytree': 0.7567169996327507, 'gamma': 0.07408231871602003, 'reg_alpha': 0.1031051718555239}. Best is trial 2 with value: 0.4569006786629495.
[2025-07-07T03:13:22.063+0000] {logging_mixin.py:190} WARNING - Best trial: 2. Best value: 0.456901:  60%|######    | 12/20 [01:48<01:12,  9.04s/it]
[2025-07-07T03:13:22.068+0000] {logging_mixin.py:190} WARNING - Best trial: 2. Best value: 0.456901:  60%|######    | 12/20 [01:48<01:12,  9.04s/it]
[2025-07-07T03:13:22.069+0000] {logging_mixin.py:190} WARNING - Best trial: 2. Best value: 0.456901:  65%|######5   | 13/20 [01:48<00:56,  8.01s/it]
[2025-07-07T03:13:22.137+0000] {warnings.py:112} WARNING - /home/***/.local/lib/python3.12/site-packages/joblib/parallel.py:1379: UserWarning: Loky-backed parallel loops cannot be called in a multiprocessing, setting n_jobs=1
  n_jobs = self._backend.configure(

[2025-07-07T03:13:29.543+0000] {logging_mixin.py:190} WARNING -                                                                                     
[2025-07-07T03:13:29.544+0000] {logging_mixin.py:190} WARNING - 
[2025-07-07T03:13:29.545+0000] {logging_mixin.py:190} INFO - [I 2025-07-07 03:13:29,543] Trial 13 finished with value: 0.4705952188950415 and parameters: {'use_amount': False, 'use_is_night': False, 'use_is_weekend': True, 'use_transaction_day': False, 'use_amount_spent_last24h': True, 'use_prev_amount': True, 'use_user_activity_24h': True, 'use_user_transactions_per_minute': True, 'use_is_high_velocity': True, 'use_txn_count_last_5min': True, 'use_amount_to_avg_ratio': False, 'use_amount_to_avg_ratio_7d': False, 'use_amount_vs_median': True, 'use_amount_change_ratio': True, 'use_user_spending_ratio_last24h': False, 'use_transaction_hour': False, 'use_transaction_hour_sin': False, 'use_transaction_hour_cos': True, 'use_transaction_dayOfWeek': True, 'use_days_since_last_transaction': True, 'use_is_unusual_hour_for_user': True, 'use_time_diff': False, 'use_user_avg_transaction_interval': False, 'use_zscore_amount_per_user': True, 'use_burst_small_txn_count_last_min': True, 'use_user_transaction_amount_std': False, 'use_amount_7d_avg': False, 'use_user_total_spend_todate': True, 'use_merchant_risk': True, 'use_merchant': True, 'use_user_merchant_transaction_count': True, 'use_num_distinct_merchants_24h': False, 'use_is_location_anomalous': True, 'use_is_location_mismatch': False, 'max_depth': 6, 'learning_rate': 0.0969917161184595, 'subsample': 0.8101952873242865, 'colsample_bytree': 0.8835249998112367, 'gamma': 0.17830311513426259, 'reg_alpha': 0.20644961875397344}. Best is trial 13 with value: 0.4705952188950415.
[2025-07-07T03:13:29.546+0000] {logging_mixin.py:190} WARNING - Best trial: 2. Best value: 0.456901:  65%|######5   | 13/20 [01:55<00:56,  8.01s/it]
[2025-07-07T03:13:29.550+0000] {logging_mixin.py:190} WARNING - Best trial: 13. Best value: 0.470595:  65%|######5   | 13/20 [01:55<00:56,  8.01s/it]
[2025-07-07T03:13:29.551+0000] {logging_mixin.py:190} WARNING - Best trial: 13. Best value: 0.470595:  70%|#######   | 14/20 [01:55<00:47,  7.85s/it]
[2025-07-07T03:13:29.628+0000] {warnings.py:112} WARNING - /home/***/.local/lib/python3.12/site-packages/joblib/parallel.py:1379: UserWarning: Loky-backed parallel loops cannot be called in a multiprocessing, setting n_jobs=1
  n_jobs = self._backend.configure(

[2025-07-07T03:13:44.851+0000] {logging_mixin.py:190} WARNING -                                                                                      
[2025-07-07T03:13:44.852+0000] {logging_mixin.py:190} WARNING - 
[2025-07-07T03:13:44.852+0000] {logging_mixin.py:190} INFO - [I 2025-07-07 03:13:44,850] Trial 14 finished with value: 0.4502919794684263 and parameters: {'use_amount': False, 'use_is_night': False, 'use_is_weekend': True, 'use_transaction_day': False, 'use_amount_spent_last24h': True, 'use_prev_amount': False, 'use_user_activity_24h': False, 'use_user_transactions_per_minute': True, 'use_is_high_velocity': False, 'use_txn_count_last_5min': True, 'use_amount_to_avg_ratio': True, 'use_amount_to_avg_ratio_7d': True, 'use_amount_vs_median': False, 'use_amount_change_ratio': True, 'use_user_spending_ratio_last24h': False, 'use_transaction_hour': False, 'use_transaction_hour_sin': False, 'use_transaction_hour_cos': False, 'use_transaction_dayOfWeek': True, 'use_days_since_last_transaction': True, 'use_is_unusual_hour_for_user': True, 'use_time_diff': False, 'use_user_avg_transaction_interval': False, 'use_zscore_amount_per_user': True, 'use_burst_small_txn_count_last_min': True, 'use_user_transaction_amount_std': False, 'use_amount_7d_avg': False, 'use_user_total_spend_todate': True, 'use_merchant_risk': False, 'use_merchant': False, 'use_user_merchant_transaction_count': True, 'use_num_distinct_merchants_24h': False, 'use_is_location_anomalous': True, 'use_is_location_mismatch': False, 'max_depth': 6, 'learning_rate': 0.061518634643727595, 'subsample': 0.8405467458285202, 'colsample_bytree': 0.8861086328191343, 'gamma': 0.1870505199345344, 'reg_alpha': 0.3537423407024375}. Best is trial 13 with value: 0.4705952188950415.
[2025-07-07T03:13:44.853+0000] {logging_mixin.py:190} WARNING - Best trial: 13. Best value: 0.470595:  70%|#######   | 14/20 [02:11<00:47,  7.85s/it]
[2025-07-07T03:13:44.858+0000] {logging_mixin.py:190} WARNING - Best trial: 13. Best value: 0.470595:  70%|#######   | 14/20 [02:11<00:47,  7.85s/it]
[2025-07-07T03:13:44.859+0000] {logging_mixin.py:190} WARNING - Best trial: 13. Best value: 0.470595:  75%|#######5  | 15/20 [02:11<00:50, 10.10s/it]
[2025-07-07T03:13:44.939+0000] {warnings.py:112} WARNING - /home/***/.local/lib/python3.12/site-packages/joblib/parallel.py:1379: UserWarning: Loky-backed parallel loops cannot be called in a multiprocessing, setting n_jobs=1
  n_jobs = self._backend.configure(

[2025-07-07T03:13:52.052+0000] {logging_mixin.py:190} WARNING -                                                                                      
[2025-07-07T03:13:52.053+0000] {logging_mixin.py:190} WARNING - 
[2025-07-07T03:13:52.053+0000] {logging_mixin.py:190} INFO - [I 2025-07-07 03:13:52,052] Trial 15 finished with value: 0.4317062125014665 and parameters: {'use_amount': True, 'use_is_night': True, 'use_is_weekend': True, 'use_transaction_day': False, 'use_amount_spent_last24h': True, 'use_prev_amount': True, 'use_user_activity_24h': True, 'use_user_transactions_per_minute': True, 'use_is_high_velocity': True, 'use_txn_count_last_5min': False, 'use_amount_to_avg_ratio': False, 'use_amount_to_avg_ratio_7d': False, 'use_amount_vs_median': True, 'use_amount_change_ratio': True, 'use_user_spending_ratio_last24h': False, 'use_transaction_hour': True, 'use_transaction_hour_sin': True, 'use_transaction_hour_cos': True, 'use_transaction_dayOfWeek': True, 'use_days_since_last_transaction': True, 'use_is_unusual_hour_for_user': True, 'use_time_diff': False, 'use_user_avg_transaction_interval': False, 'use_zscore_amount_per_user': False, 'use_burst_small_txn_count_last_min': True, 'use_user_transaction_amount_std': False, 'use_amount_7d_avg': False, 'use_user_total_spend_todate': True, 'use_merchant_risk': True, 'use_merchant': True, 'use_user_merchant_transaction_count': True, 'use_num_distinct_merchants_24h': False, 'use_is_location_anomalous': True, 'use_is_location_mismatch': False, 'max_depth': 6, 'learning_rate': 0.025248176796195728, 'subsample': 0.8455803128315436, 'colsample_bytree': 0.8925464221543497, 'gamma': 0.23105166509224423, 'reg_alpha': 0.1908084911030512}. Best is trial 13 with value: 0.4705952188950415.
[2025-07-07T03:13:52.054+0000] {logging_mixin.py:190} WARNING - Best trial: 13. Best value: 0.470595:  75%|#######5  | 15/20 [02:18<00:50, 10.10s/it]
[2025-07-07T03:13:52.058+0000] {logging_mixin.py:190} WARNING - Best trial: 13. Best value: 0.470595:  75%|#######5  | 15/20 [02:18<00:50, 10.10s/it]
[2025-07-07T03:13:52.059+0000] {logging_mixin.py:190} WARNING - Best trial: 13. Best value: 0.470595:  80%|########  | 16/20 [02:18<00:36,  9.23s/it]
[2025-07-07T03:13:52.138+0000] {warnings.py:112} WARNING - /home/***/.local/lib/python3.12/site-packages/joblib/parallel.py:1379: UserWarning: Loky-backed parallel loops cannot be called in a multiprocessing, setting n_jobs=1
  n_jobs = self._backend.configure(

[2025-07-07T03:14:00.203+0000] {logging_mixin.py:190} WARNING -                                                                                      
[2025-07-07T03:14:00.204+0000] {logging_mixin.py:190} WARNING - 
[2025-07-07T03:14:00.204+0000] {logging_mixin.py:190} INFO - [I 2025-07-07 03:14:00,203] Trial 16 finished with value: 0.46834261066531724 and parameters: {'use_amount': True, 'use_is_night': False, 'use_is_weekend': True, 'use_transaction_day': False, 'use_amount_spent_last24h': True, 'use_prev_amount': True, 'use_user_activity_24h': True, 'use_user_transactions_per_minute': True, 'use_is_high_velocity': True, 'use_txn_count_last_5min': True, 'use_amount_to_avg_ratio': False, 'use_amount_to_avg_ratio_7d': True, 'use_amount_vs_median': False, 'use_amount_change_ratio': True, 'use_user_spending_ratio_last24h': False, 'use_transaction_hour': False, 'use_transaction_hour_sin': True, 'use_transaction_hour_cos': True, 'use_transaction_dayOfWeek': True, 'use_days_since_last_transaction': True, 'use_is_unusual_hour_for_user': True, 'use_time_diff': False, 'use_user_avg_transaction_interval': False, 'use_zscore_amount_per_user': True, 'use_burst_small_txn_count_last_min': True, 'use_user_transaction_amount_std': True, 'use_amount_7d_avg': False, 'use_user_total_spend_todate': True, 'use_merchant_risk': True, 'use_merchant': True, 'use_user_merchant_transaction_count': True, 'use_num_distinct_merchants_24h': False, 'use_is_location_anomalous': True, 'use_is_location_mismatch': False, 'max_depth': 6, 'learning_rate': 0.09973873720771019, 'subsample': 0.693507839874057, 'colsample_bytree': 0.9335848130194004, 'gamma': 0.15107121398794554, 'reg_alpha': 0.0013685038270500605}. Best is trial 13 with value: 0.4705952188950415.
[2025-07-07T03:14:00.205+0000] {logging_mixin.py:190} WARNING - Best trial: 13. Best value: 0.470595:  80%|########  | 16/20 [02:26<00:36,  9.23s/it]
[2025-07-07T03:14:00.210+0000] {logging_mixin.py:190} WARNING - Best trial: 13. Best value: 0.470595:  80%|########  | 16/20 [02:26<00:36,  9.23s/it]
[2025-07-07T03:14:00.210+0000] {logging_mixin.py:190} WARNING - Best trial: 13. Best value: 0.470595:  85%|########5 | 17/20 [02:26<00:26,  8.90s/it]
[2025-07-07T03:14:00.300+0000] {warnings.py:112} WARNING - /home/***/.local/lib/python3.12/site-packages/joblib/parallel.py:1379: UserWarning: Loky-backed parallel loops cannot be called in a multiprocessing, setting n_jobs=1
  n_jobs = self._backend.configure(

[2025-07-07T03:14:06.815+0000] {logging_mixin.py:190} WARNING -                                                                                      
[2025-07-07T03:14:06.816+0000] {logging_mixin.py:190} WARNING - 
